#
# There is insufficient memory for the Java Runtime Environment to continue.
# Native memory allocation (malloc) failed to allocate 803392 bytes for Chunk::new
# Possible reasons:
#   The system is out of physical RAM or swap space
#   In 32 bit mode, the process size limit was hit
# Possible solutions:
#   Reduce memory load on the system
#   Increase physical memory or swap space
#   Check if swap backing store is full
#   Use 64 bit Java on a 64 bit OS
#   Decrease Java heap size (-Xmx/-Xms)
#   Decrease number of Java threads
#   Decrease Java thread stack sizes (-Xss)
#   Set larger code cache with -XX:ReservedCodeCacheSize=
# This output file may be truncated or incomplete.
#
#  Out of Memory Error (allocation.cpp:390), pid=5336, tid=0x0000000000000c08
#
# JRE version: OpenJDK Runtime Environment (8.0_152-b01) (build 1.8.0_152-release-915-b01)
# Java VM: OpenJDK 64-Bit Server VM (25.152-b01 mixed mode windows-amd64 compressed oops)
# Failed to write core dump. Minidumps are not enabled by default on client versions of Windows
#

---------------  T H R E A D  ---------------

Current thread (0x0000000056033800):  JavaThread "C2 CompilerThread0" daemon [_thread_in_native, id=3080, stack(0x0000000057470000,0x0000000057570000)]

Stack: [0x0000000057470000,0x0000000057570000]
[error occurred during error reporting (printing stack bounds), id 0xc0000005]

Native frames: (J=compiled Java code, j=interpreted, Vv=VM code, C=native code)


Current CompileTask:
C2: 102422 8141       4       com.sun.imageio.plugins.png.PNGImageWriter::encodePass (1063 bytes)


---------------  P R O C E S S  ---------------

Java Threads: ( => current thread )
  0x000000005b61f800 JavaThread "Java2D Disposer" daemon [_thread_blocked, id=3276, stack(0x00000000620e0000,0x00000000621e0000)]
  0x000000005b61e800 JavaThread "queued-resource-processor_2" daemon [_thread_blocked, id=7104, stack(0x0000000061fb0000,0x00000000620b0000)]
  0x000000005b61e000 JavaThread "queued-resource-processor_1" daemon [_thread_in_native, id=6556, stack(0x0000000061b10000,0x0000000061c10000)]
  0x000000005b61d000 JavaThread "Worker Daemon Execution Thread 7" [_thread_blocked, id=4980, stack(0x0000000061d80000,0x0000000061e80000)]
  0x000000005b61c800 JavaThread "Worker Daemon Execution Thread 6" [_thread_blocked, id=4040, stack(0x0000000061c70000,0x0000000061d70000)]
  0x000000005b61b800 JavaThread "Worker Daemon Execution Thread 5" [_thread_blocked, id=7060, stack(0x0000000060900000,0x0000000060a00000)]
  0x000000005b61b000 JavaThread "Worker Daemon Execution Thread 4" [_thread_blocked, id=6312, stack(0x0000000060730000,0x0000000060830000)]
  0x000000005b61a000 JavaThread "Worker Daemon Execution Thread 3" [_thread_blocked, id=4872, stack(0x0000000060f60000,0x0000000061060000)]
  0x000000005b619800 JavaThread "Worker Daemon Execution Thread 2" [_thread_blocked, id=5860, stack(0x0000000060db0000,0x0000000060eb0000)]
  0x000000005aa84000 JavaThread "Worker Daemon Execution" [_thread_blocked, id=5212, stack(0x0000000059750000,0x0000000059850000)]
  0x000000005aa87000 JavaThread "Task worker for ':'" [_thread_blocked, id=3788, stack(0x00000000603f0000,0x00000000604f0000)]
  0x000000005aa86800 JavaThread "Cache worker for task history cache (C:\Flappybird\.gradle\4.1\taskHistory)" [_thread_blocked, id=6032, stack(0x000000005f240000,0x000000005f340000)]
  0x000000005aa85800 JavaThread "Cache worker for file content cache (C:\Flappybird\.gradle\4.1\fileContent)" [_thread_blocked, id=6052, stack(0x000000005ecd0000,0x000000005edd0000)]
  0x000000005aa83800 JavaThread "Memory manager" [_thread_blocked, id=3508, stack(0x000000005e390000,0x000000005e490000)]
  0x000000005aa82800 JavaThread "build operations Thread 2" [_thread_blocked, id=6376, stack(0x000000005a120000,0x000000005a220000)]
  0x000000005aa82000 JavaThread "build operations" [_thread_blocked, id=5100, stack(0x000000005c280000,0x000000005c380000)]
  0x000000005aa81000 JavaThread "Cache worker for Artifact transforms cache (C:\Users\Public\.gradle\caches\transforms-1)" [_thread_blocked, id=6176, stack(0x000000005bb20000,0x000000005bc20000)]
  0x00000000593f3800 JavaThread "Cache worker for file hash cache (C:\Flappybird\.gradle\4.1\fileHashes)" [_thread_blocked, id=4976, stack(0x000000005ba10000,0x000000005bb10000)]
  0x0000000058eaf000 JavaThread "File lock request listener" [_thread_in_native, id=4660, stack(0x000000005a700000,0x000000005a800000)]
  0x0000000058cb3800 JavaThread "Cache worker for file hash cache (C:\Users\Public\.gradle\caches\4.1\fileHashes)" [_thread_blocked, id=1716, stack(0x000000005a5b0000,0x000000005a6b0000)]
  0x0000000058c9a000 JavaThread "Asynchronous log dispatcher for DefaultDaemonConnection: socket connection from /127.0.0.1:64884 to /127.0.0.1:64885" [_thread_blocked, id=5680, stack(0x000000005a220000,0x000000005a320000)]
  0x0000000058c0f800 JavaThread "Daemon worker" [_thread_blocked, id=6220, stack(0x00000000583f0000,0x00000000584f0000)]
  0x0000000058bff800 JavaThread "Cancel handler" [_thread_blocked, id=5144, stack(0x000000005a020000,0x000000005a120000)]
  0x00000000587f6000 JavaThread "Daemon periodic checks" [_thread_blocked, id=6336, stack(0x0000000059c80000,0x0000000059d80000)]
  0x00000000587f3000 JavaThread "Handler for socket connection from /127.0.0.1:64884 to /127.0.0.1:64885" [_thread_in_native, id=3164, stack(0x0000000059b00000,0x0000000059c00000)]
  0x00000000587f2000 JavaThread "Daemon" [_thread_blocked, id=4596, stack(0x0000000057250000,0x0000000057350000)]
  0x00000000587bf800 JavaThread "Incoming local TCP Connector on port 64884" [_thread_in_native, id=5244, stack(0x0000000059980000,0x0000000059a80000)]
  0x000000005609a800 JavaThread "Service Thread" daemon [_thread_blocked, id=6440, stack(0x0000000057ac0000,0x0000000057bc0000)]
  0x0000000056097000 JavaThread "C1 CompilerThread1" daemon [_thread_blocked, id=6568, stack(0x0000000057010000,0x0000000057110000)]
=>0x0000000056033800 JavaThread "C2 CompilerThread0" daemon [_thread_in_native, id=3080, stack(0x0000000057470000,0x0000000057570000)]
  0x0000000056032800 JavaThread "Attach Listener" daemon [_thread_blocked, id=6776, stack(0x0000000057360000,0x0000000057460000)]
  0x0000000056031800 JavaThread "Signal Dispatcher" daemon [_thread_blocked, id=6424, stack(0x0000000057120000,0x0000000057220000)]
  0x000000005601e000 JavaThread "Finalizer" daemon [_thread_blocked, id=5572, stack(0x0000000056eb0000,0x0000000056fb0000)]
  0x0000000055fd5000 JavaThread "Reference Handler" daemon [_thread_blocked, id=5164, stack(0x0000000056c90000,0x0000000056d90000)]
  0x000000000025e800 JavaThread "main" [_thread_blocked, id=4324, stack(0x00000000022c0000,0x00000000023c0000)]

Other Threads:
  0x0000000055fcd000 VMThread [stack: 0x0000000056ac0000,0x0000000056bc0000] [id=5052]
  0x0000000057570800 WatcherThread [stack: 0x0000000057970000,0x0000000057a70000] [id=6112]

VM state:not at safepoint (normal execution)

VM Mutex/Monitor currently owned by a thread: None

Heap:
 PSYoungGen      total 173568K, used 39940K [0x00000000e0000000, 0x00000000efd00000, 0x0000000100000000)
  eden space 151552K, 26% used [0x00000000e0000000,0x00000000e2701100,0x00000000e9400000)
  from space 22016K, 0% used [0x00000000e9400000,0x00000000e9400000,0x00000000ea980000)
  to   space 22016K, 0% used [0x00000000ee780000,0x00000000ee780000,0x00000000efd00000)
 ParOldGen       total 54272K, used 36749K [0x00000000a0000000, 0x00000000a3500000, 0x00000000e0000000)
  object space 54272K, 67% used [0x00000000a0000000,0x00000000a23e3488,0x00000000a3500000)
 Metaspace       used 59532K, capacity 61264K, committed 61528K, reserved 1101824K
  class space    used 7866K, capacity 8275K, committed 8320K, reserved 1048576K

Card table byte_map: [0x0000000011af0000,0x0000000011e00000] byte_map_base: 0x00000000115f0000

Marking Bits: (ParMarkBitMap*) 0x0000000061a43950
 Begin Bits: [0x00000000123a0000, 0x0000000013ba0000)
 End Bits:   [0x0000000013ba0000, 0x00000000153a0000)

Polling page: 0x0000000000230000

CodeCache: size=245760Kb used=22820Kb max_used=22824Kb free=222939Kb
 bounds [0x0000000002730000, 0x0000000003da0000, 0x0000000011730000]
 total_blobs=7924 nmethods=7023 adapters=814
 compilation: enabled

Compilation events (10 events):
Event: 101.600 Thread 0x0000000056033800 nmethod 8155 0x0000000003d8c510 code [0x0000000003d8c660, 0x0000000003d8ce58]
Event: 101.600 Thread 0x0000000056033800 8141       4       com.sun.imageio.plugins.png.PNGImageWriter::encodePass (1063 bytes)
Event: 101.605 Thread 0x0000000056097000 8164       3       javax.imageio.stream.ImageInputStreamImpl::checkClosed (18 bytes)
Event: 101.606 Thread 0x0000000056097000 nmethod 8164 0x0000000003d8c090 code [0x0000000003d8c200, 0x0000000003d8c448]
Event: 101.608 Thread 0x0000000056097000 8166       3       com.google.common.collect.AbstractMapBasedMultimap$AsMap::get (6 bytes)
Event: 101.609 Thread 0x0000000056097000 nmethod 8166 0x0000000003d8dcd0 code [0x0000000003d8de80, 0x0000000003d8e588]
Event: 101.609 Thread 0x0000000056097000 8167       3       com.google.common.collect.AbstractMapBasedMultimap$AsMap::get (30 bytes)
Event: 101.609 Thread 0x0000000056097000 nmethod 8167 0x0000000003d90950 code [0x0000000003d90b00, 0x0000000003d91128]
Event: 101.609 Thread 0x0000000056097000 8168   !   3       com.google.common.collect.Maps::safeGet (19 bytes)
Event: 101.610 Thread 0x0000000056097000 nmethod 8168 0x0000000003d8d5d0 code [0x0000000003d8d760, 0x0000000003d8daf8]

GC Heap History (10 events):
Event: 65.583 GC heap before
{Heap before GC invocations=12 (full 2):
 PSYoungGen      total 109056K, used 99328K [0x00000000e0000000, 0x00000000e9080000, 0x0000000100000000)
  eden space 99328K, 100% used [0x00000000e0000000,0x00000000e6100000,0x00000000e6100000)
  from space 9728K, 0% used [0x00000000e6100000,0x00000000e6100000,0x00000000e6a80000)
  to   space 11264K, 0% used [0x00000000e8580000,0x00000000e8580000,0x00000000e9080000)
 ParOldGen       total 54272K, used 15796K [0x00000000a0000000, 0x00000000a3500000, 0x00000000e0000000)
  object space 54272K, 29% used [0x00000000a0000000,0x00000000a0f6d008,0x00000000a3500000)
 Metaspace       used 41095K, capacity 41808K, committed 42072K, reserved 1085440K
  class space    used 5463K, capacity 5705K, committed 5760K, reserved 1048576K
Event: 65.620 GC heap after
Heap after GC invocations=12 (full 2):
 PSYoungGen      total 135168K, used 10925K [0x00000000e0000000, 0x00000000e9700000, 0x0000000100000000)
  eden space 123904K, 0% used [0x00000000e0000000,0x00000000e0000000,0x00000000e7900000)
  from space 11264K, 96% used [0x00000000e8580000,0x00000000e902b440,0x00000000e9080000)
  to   space 12800K, 0% used [0x00000000e7900000,0x00000000e7900000,0x00000000e8580000)
 ParOldGen       total 54272K, used 15804K [0x00000000a0000000, 0x00000000a3500000, 0x00000000e0000000)
  object space 54272K, 29% used [0x00000000a0000000,0x00000000a0f6f008,0x00000000a3500000)
 Metaspace       used 41095K, capacity 41808K, committed 42072K, reserved 1085440K
  class space    used 5463K, capacity 5705K, committed 5760K, reserved 1048576K
}
Event: 79.693 GC heap before
{Heap before GC invocations=13 (full 2):
 PSYoungGen      total 135168K, used 134829K [0x00000000e0000000, 0x00000000e9700000, 0x0000000100000000)
  eden space 123904K, 100% used [0x00000000e0000000,0x00000000e7900000,0x00000000e7900000)
  from space 11264K, 96% used [0x00000000e8580000,0x00000000e902b440,0x00000000e9080000)
  to   space 12800K, 0% used [0x00000000e7900000,0x00000000e7900000,0x00000000e8580000)
 ParOldGen       total 54272K, used 15804K [0x00000000a0000000, 0x00000000a3500000, 0x00000000e0000000)
  object space 54272K, 29% used [0x00000000a0000000,0x00000000a0f6f008,0x00000000a3500000)
 Metaspace       used 50309K, capacity 51688K, committed 51928K, reserved 1093632K
  class space    used 6769K, capacity 7159K, committed 7168K, reserved 1048576K
Event: 79.738 GC heap after
Heap after GC invocations=13 (full 2):
 PSYoungGen      total 136704K, used 12773K [0x00000000e0000000, 0x00000000eb900000, 0x0000000100000000)
  eden space 123904K, 0% used [0x00000000e0000000,0x00000000e0000000,0x00000000e7900000)
  from space 12800K, 99% used [0x00000000e7900000,0x00000000e85797d8,0x00000000e8580000)
  to   space 15872K, 0% used [0x00000000ea980000,0x00000000ea980000,0x00000000eb900000)
 ParOldGen       total 54272K, used 19754K [0x00000000a0000000, 0x00000000a3500000, 0x00000000e0000000)
  object space 54272K, 36% used [0x00000000a0000000,0x00000000a134a9c0,0x00000000a3500000)
 Metaspace       used 50309K, capacity 51688K, committed 51928K, reserved 1093632K
  class space    used 6769K, capacity 7159K, committed 7168K, reserved 1048576K
}
Event: 97.853 GC heap before
{Heap before GC invocations=14 (full 2):
 PSYoungGen      total 136704K, used 136677K [0x00000000e0000000, 0x00000000eb900000, 0x0000000100000000)
  eden space 123904K, 100% used [0x00000000e0000000,0x00000000e7900000,0x00000000e7900000)
  from space 12800K, 99% used [0x00000000e7900000,0x00000000e85797d8,0x00000000e8580000)
  to   space 15872K, 0% used [0x00000000ea980000,0x00000000ea980000,0x00000000eb900000)
 ParOldGen       total 54272K, used 19754K [0x00000000a0000000, 0x00000000a3500000, 0x00000000e0000000)
  object space 54272K, 36% used [0x00000000a0000000,0x00000000a134a9c0,0x00000000a3500000)
 Metaspace       used 56965K, capacity 58674K, committed 58968K, reserved 1099776K
  class space    used 7600K, capacity 8028K, committed 8064K, reserved 1048576K
Event: 97.930 GC heap after
Heap after GC invocations=14 (full 2):
 PSYoungGen      total 167424K, used 15852K [0x00000000e0000000, 0x00000000ec280000, 0x0000000100000000)
  eden space 151552K, 0% used [0x00000000e0000000,0x00000000e0000000,0x00000000e9400000)
  from space 15872K, 99% used [0x00000000ea980000,0x00000000eb8fb2a0,0x00000000eb900000)
  to   space 22016K, 0% used [0x00000000e9400000,0x00000000e9400000,0x00000000ea980000)
 ParOldGen       total 54272K, used 30152K [0x00000000a0000000, 0x00000000a3500000, 0x00000000e0000000)
  object space 54272K, 55% used [0x00000000a0000000,0x00000000a1d72088,0x00000000a3500000)
 Metaspace       used 56965K, capacity 58674K, committed 58968K, reserved 1099776K
  class space    used 7600K, capacity 8028K, committed 8064K, reserved 1048576K
}
Event: 98.659 GC heap before
{Heap before GC invocations=15 (full 2):
 PSYoungGen      total 167424K, used 27313K [0x00000000e0000000, 0x00000000ec280000, 0x0000000100000000)
  eden space 151552K, 7% used [0x00000000e0000000,0x00000000e0b311f8,0x00000000e9400000)
  from space 15872K, 99% used [0x00000000ea980000,0x00000000eb8fb2a0,0x00000000eb900000)
  to   space 22016K, 0% used [0x00000000e9400000,0x00000000e9400000,0x00000000ea980000)
 ParOldGen       total 54272K, used 30152K [0x00000000a0000000, 0x00000000a3500000, 0x00000000e0000000)
  object space 54272K, 55% used [0x00000000a0000000,0x00000000a1d72088,0x00000000a3500000)
 Metaspace       used 57168K, capacity 58866K, committed 58968K, reserved 1099776K
  class space    used 7618K, capacity 8028K, committed 8064K, reserved 1048576K
Event: 98.714 GC heap after
Heap after GC invocations=15 (full 2):
 PSYoungGen      total 173568K, used 1746K [0x00000000e0000000, 0x00000000efd00000, 0x0000000100000000)
  eden space 151552K, 0% used [0x00000000e0000000,0x00000000e0000000,0x00000000e9400000)
  from space 22016K, 7% used [0x00000000e9400000,0x00000000e95b4bd0,0x00000000ea980000)
  to   space 22016K, 0% used [0x00000000ee780000,0x00000000ee780000,0x00000000efd00000)
 ParOldGen       total 54272K, used 45885K [0x00000000a0000000, 0x00000000a3500000, 0x00000000e0000000)
  object space 54272K, 84% used [0x00000000a0000000,0x00000000a2ccf6e8,0x00000000a3500000)
 Metaspace       used 57168K, capacity 58866K, committed 58968K, reserved 1099776K
  class space    used 7618K, capacity 8028K, committed 8064K, reserved 1048576K
}
Event: 98.714 GC heap before
{Heap before GC invocations=16 (full 3):
 PSYoungGen      total 173568K, used 1746K [0x00000000e0000000, 0x00000000efd00000, 0x0000000100000000)
  eden space 151552K, 0% used [0x00000000e0000000,0x00000000e0000000,0x00000000e9400000)
  from space 22016K, 7% used [0x00000000e9400000,0x00000000e95b4bd0,0x00000000ea980000)
  to   space 22016K, 0% used [0x00000000ee780000,0x00000000ee780000,0x00000000efd00000)
 ParOldGen       total 54272K, used 45885K [0x00000000a0000000, 0x00000000a3500000, 0x00000000e0000000)
  object space 54272K, 84% used [0x00000000a0000000,0x00000000a2ccf6e8,0x00000000a3500000)
 Metaspace       used 57168K, capacity 58866K, committed 58968K, reserved 1099776K
  class space    used 7618K, capacity 8028K, committed 8064K, reserved 1048576K
Event: 99.173 GC heap after
Heap after GC invocations=16 (full 3):
 PSYoungGen      total 173568K, used 0K [0x00000000e0000000, 0x00000000efd00000, 0x0000000100000000)
  eden space 151552K, 0% used [0x00000000e0000000,0x00000000e0000000,0x00000000e9400000)
  from space 22016K, 0% used [0x00000000e9400000,0x00000000e9400000,0x00000000ea980000)
  to   space 22016K, 0% used [0x00000000ee780000,0x00000000ee780000,0x00000000efd00000)
 ParOldGen       total 54272K, used 36749K [0x00000000a0000000, 0x00000000a3500000, 0x00000000e0000000)
  object space 54272K, 67% used [0x00000000a0000000,0x00000000a23e3488,0x00000000a3500000)
 Metaspace       used 57168K, capacity 58866K, committed 58968K, reserved 1099776K
  class space    used 7618K, capacity 8028K, committed 8064K, reserved 1048576K
}

Deoptimization events (10 events):
Event: 99.576 Thread 0x000000005aa84000 Uncommon trap: reason=unstable_if action=reinterpret pc=0x0000000003b8ab50 method=com.android.utils.PositionXmlParser$DomBuilder.findOpeningTag(Lcom/android/utils/PositionXmlParser$Position;)Lcom/android/utils/PositionXmlParser$Position; @ 59
Event: 100.028 Thread 0x000000005aa84000 Uncommon trap: reason=unstable_if action=reinterpret pc=0x0000000003b44cd0 method=java.lang.CharacterDataLatin1.isJavaIdentifierPart(I)Z @ 11
Event: 100.028 Thread 0x000000005aa84000 Uncommon trap: reason=unstable_if action=reinterpret pc=0x00000000038d726c method=java.lang.CharacterDataLatin1.isJavaIdentifierPart(I)Z @ 11
Event: 100.284 Thread 0x000000005aa84000 Uncommon trap: reason=bimorphic action=maybe_recompile pc=0x000000000327a068 method=java.util.Arrays.binarySearch0([Ljava/lang/Object;IILjava/lang/Object;Ljava/util/Comparator;)I @ 48
Event: 100.284 Thread 0x000000005aa84000 Uncommon trap: reason=bimorphic action=maybe_recompile pc=0x000000000327a068 method=java.util.Arrays.binarySearch0([Ljava/lang/Object;IILjava/lang/Object;Ljava/util/Comparator;)I @ 48
Event: 100.284 Thread 0x000000005aa84000 Uncommon trap: reason=bimorphic action=maybe_recompile pc=0x000000000327a068 method=java.util.Arrays.binarySearch0([Ljava/lang/Object;IILjava/lang/Object;Ljava/util/Comparator;)I @ 48
Event: 100.284 Thread 0x000000005aa84000 Uncommon trap: reason=bimorphic action=maybe_recompile pc=0x000000000327a068 method=java.util.Arrays.binarySearch0([Ljava/lang/Object;IILjava/lang/Object;Ljava/util/Comparator;)I @ 48
Event: 101.452 Thread 0x000000005b61d000 Uncommon trap: reason=bimorphic action=maybe_recompile pc=0x00000000035c0c48 method=java.util.Hashtable.addEntry(ILjava/lang/Object;Ljava/lang/Object;I)V @ 38
Event: 101.519 Thread 0x000000005b619800 Uncommon trap: reason=unstable_if action=reinterpret pc=0x0000000003d166d8 method=sun.java2d.pisces.Renderer._endRendering(IIII)V @ 281
Event: 101.585 Thread 0x000000005b61b000 Uncommon trap: reason=bimorphic action=maybe_recompile pc=0x00000000035c0c48 method=java.util.Hashtable.addEntry(ILjava/lang/Object;Ljava/lang/Object;I)V @ 38

Classes redefined (0 events):
No events

Internal exceptions (10 events):
Event: 99.337 Thread 0x000000005aa87000 Exception <a 'java/lang/NoSuchMethodError': <clinit>> (0x00000000e02f12b8) thrown at [D:\src\AOSP-openjdk-cygwin\jdk8u\hotspot\src\share\vm\prims\jni.cpp, line 1613]
Event: 99.337 Thread 0x000000005aa87000 Exception <a 'java/lang/NoSuchMethodError': <clinit>> (0x00000000e02f9200) thrown at [D:\src\AOSP-openjdk-cygwin\jdk8u\hotspot\src\share\vm\prims\jni.cpp, line 1613]
Event: 99.337 Thread 0x000000005aa87000 Exception <a 'java/lang/NoSuchMethodError': <clinit>> (0x00000000e02fc470) thrown at [D:\src\AOSP-openjdk-cygwin\jdk8u\hotspot\src\share\vm\prims\jni.cpp, line 1613]
Event: 99.338 Thread 0x000000005aa87000 Exception <a 'java/lang/NoSuchMethodError': <clinit>> (0x00000000e0310820) thrown at [D:\src\AOSP-openjdk-cygwin\jdk8u\hotspot\src\share\vm\prims\jni.cpp, line 1613]
Event: 99.340 Thread 0x000000005aa87000 Exception <a 'java/lang/NoSuchMethodError': <clinit>> (0x00000000e032a458) thrown at [D:\src\AOSP-openjdk-cygwin\jdk8u\hotspot\src\share\vm\prims\jni.cpp, line 1613]
Event: 99.341 Thread 0x000000005aa87000 Exception <a 'java/lang/NoSuchMethodError': <clinit>> (0x00000000e032d2e8) thrown at [D:\src\AOSP-openjdk-cygwin\jdk8u\hotspot\src\share\vm\prims\jni.cpp, line 1613]
Event: 99.342 Thread 0x000000005aa87000 Exception <a 'java/lang/NoSuchMethodError': <clinit>> (0x00000000e033ab18) thrown at [D:\src\AOSP-openjdk-cygwin\jdk8u\hotspot\src\share\vm\prims\jni.cpp, line 1613]
Event: 99.820 Thread 0x000000005aa84000 Exception <a 'java/io/FileNotFoundException'> (0x00000000e11d6a80) thrown at [D:\src\AOSP-openjdk-cygwin\jdk8u\hotspot\src\share\vm\prims\jni.cpp, line 709]
Event: 100.026 Thread 0x000000005aa84000 Exception <a 'java/lang/ClassNotFoundException': sun/dc/DuctusRenderingEngine> (0x00000000e18e1b48) thrown at [D:\src\AOSP-openjdk-cygwin\jdk8u\hotspot\src\share\vm\classfile\systemDictionary.cpp, line 210]
Event: 100.087 Thread 0x000000005aa84000 Exception <a 'java/io/FileNotFoundException'> (0x00000000e18f60c0) thrown at [D:\src\AOSP-openjdk-cygwin\jdk8u\hotspot\src\share\vm\prims\jni.cpp, line 709]

Events (10 events):
Event: 101.582 Thread 0x000000005b61b000 DEOPT UNPACKING pc=0x00000000027771bf sp=0x000000006082dcb0 mode 0
Event: 101.585 Thread 0x000000005b61b000 Uncommon trap: trap_request=0xffffffc6 fr.pc=0x00000000035c0c48
Event: 101.585 Thread 0x000000005b61b000 DEOPT PACKING pc=0x00000000035c0c48 sp=0x000000006082e3f0
Event: 101.585 Thread 0x000000005b61b000 DEOPT UNPACKING pc=0x000000000277556a sp=0x000000006082e338 mode 2
Event: 101.586 Thread 0x000000005b61b000 DEOPT PACKING pc=0x0000000003d1ed5f sp=0x000000006082e340
Event: 101.586 Thread 0x000000005b61b000 DEOPT UNPACKING pc=0x00000000027771bf sp=0x000000006082e030 mode 0
Event: 101.586 Thread 0x000000005b61b000 DEOPT PACKING pc=0x0000000003d222cc sp=0x000000006082e3c0
Event: 101.586 Thread 0x000000005b61b000 DEOPT UNPACKING pc=0x00000000027771bf sp=0x000000006082e140 mode 0
Event: 101.586 Thread 0x000000005b61b000 DEOPT PACKING pc=0x0000000003d1ed5f sp=0x000000006082e310
Event: 101.586 Thread 0x000000005b61b000 DEOPT UNPACKING pc=0x00000000027771bf sp=0x000000006082e000 mode 0


Dynamic libraries:
0x000000013fb90000 - 0x000000013fbc1000 	C:\Program Files\Android\Android Studio\jre\bin\java.exe
0x0000000077840000 - 0x00000000779eb000 	C:\Windows\SYSTEM32\ntdll.dll
0x0000000077160000 - 0x000000007727f000 	C:\Windows\system32\kernel32.dll
0x000007fefdfd0000 - 0x000007fefe03b000 	C:\Windows\system32\KERNELBASE.dll
0x000007fefe5b0000 - 0x000007fefe68b000 	C:\Windows\system32\ADVAPI32.dll
0x000007feffab0000 - 0x000007feffb4f000 	C:\Windows\system32\msvcrt.dll
0x000007fefe910000 - 0x000007fefe92f000 	C:\Windows\SYSTEM32\sechost.dll
0x000007fefe090000 - 0x000007fefe1be000 	C:\Windows\system32\RPCRT4.dll
0x0000000077740000 - 0x000000007783a000 	C:\Windows\system32\USER32.dll
0x000007fefe930000 - 0x000007fefe997000 	C:\Windows\system32\GDI32.dll
0x000007fefe080000 - 0x000007fefe08e000 	C:\Windows\system32\LPK.dll
0x000007fefe690000 - 0x000007fefe75a000 	C:\Windows\system32\USP10.dll
0x000007fefcb80000 - 0x000007fefcd74000 	C:\Windows\WinSxS\amd64_microsoft.windows.common-controls_6595b64144ccf1df_6.0.7600.16385_none_fa645303170382f6\COMCTL32.dll
0x000007fefe3a0000 - 0x000007fefe411000 	C:\Windows\system32\SHLWAPI.dll
0x000007feff820000 - 0x000007feff84e000 	C:\Windows\system32\IMM32.DLL
0x000007fefe800000 - 0x000007fefe909000 	C:\Windows\system32\MSCTF.dll
0x000000005c3a0000 - 0x000000005c472000 	C:\Program Files\Android\Android Studio\jre\jre\bin\msvcr100.dll
0x0000000061280000 - 0x0000000061abe000 	C:\Program Files\Android\Android Studio\jre\jre\bin\server\jvm.dll
0x000007fefb690000 - 0x000007fefb699000 	C:\Windows\system32\WSOCK32.dll
0x000007fefe9a0000 - 0x000007fefe9ed000 	C:\Windows\system32\WS2_32.dll
0x000007fefe5a0000 - 0x000007fefe5a8000 	C:\Windows\system32\NSI.dll
0x000007fefa9f0000 - 0x000007fefaa2b000 	C:\Windows\system32\WINMM.dll
0x000007fefc900000 - 0x000007fefc90c000 	C:\Windows\system32\VERSION.dll
0x0000000077a00000 - 0x0000000077a07000 	C:\Windows\system32\PSAPI.DLL
0x000007fef5250000 - 0x000007fef525f000 	C:\Program Files\Android\Android Studio\jre\jre\bin\verify.dll
0x000007fef5140000 - 0x000007fef5169000 	C:\Program Files\Android\Android Studio\jre\jre\bin\java.dll
0x000007fef4b50000 - 0x000007fef4b66000 	C:\Program Files\Android\Android Studio\jre\jre\bin\zip.dll
0x000007fefea90000 - 0x000007feff816000 	C:\Windows\system32\SHELL32.dll
0x000007feff850000 - 0x000007feffa51000 	C:\Windows\system32\ole32.dll
0x000007fefdcb0000 - 0x000007fefdcbf000 	C:\Windows\system32\profapi.dll
0x000007fef4a70000 - 0x000007fef4a8a000 	C:\Program Files\Android\Android Studio\jre\jre\bin\net.dll
0x000007fefd1e0000 - 0x000007fefd234000 	C:\Windows\system32\mswsock.dll
0x000007fefd1d0000 - 0x000007fefd1d7000 	C:\Windows\System32\wship6.dll
0x000007fef1510000 - 0x000007fef1521000 	C:\Program Files\Android\Android Studio\jre\jre\bin\nio.dll
0x000007fef11b0000 - 0x000007fef11ce000 	C:\Users\Public\.gradle\native\25\windows-amd64\native-platform.dll
0x000007fef5240000 - 0x000007fef524d000 	C:\Program Files\Android\Android Studio\jre\jre\bin\management.dll
0x000007fefd240000 - 0x000007fefd257000 	C:\Windows\system32\CRYPTSP.dll
0x000007fefcf40000 - 0x000007fefcf87000 	C:\Windows\system32\rsaenh.dll
0x000007fefcad0000 - 0x000007fefcaee000 	C:\Windows\system32\USERENV.dll
0x000007fefdbe0000 - 0x000007fefdbef000 	C:\Windows\system32\CRYPTBASE.dll
0x000007fefb640000 - 0x000007fefb667000 	C:\Windows\system32\IPHLPAPI.DLL
0x000007fefb630000 - 0x000007fefb63b000 	C:\Windows\system32\WINNSI.DLL
0x000007fefb4c0000 - 0x000007fefb4d1000 	C:\Windows\system32\dhcpcsvc6.DLL
0x000007fefb4a0000 - 0x000007fefb4b8000 	C:\Windows\system32\dhcpcsvc.DLL
0x000007fef0c80000 - 0x000007fef0ca4000 	C:\Program Files\Android\Android Studio\jre\jre\bin\sunec.dll
0x000007fefc9d0000 - 0x000007fefc9d7000 	C:\Windows\System32\wshtcpip.dll
0x000007fefd060000 - 0x000007fefd0bb000 	C:\Windows\system32\DNSAPI.dll
0x000000006e2d0000 - 0x000000006e2fe000 	c:\Program Files\Common Files\Microsoft Shared\Windows Live\WLIDNSP.DLL
0x000007fef95f0000 - 0x000007fef95f8000 	C:\Windows\system32\rasadhlp.dll
0x000007fefb4f0000 - 0x000007fefb543000 	C:\Windows\System32\fwpuclnt.dll
0x000007fef11f0000 - 0x000007fef11fb000 	C:\Program Files\Android\Android Studio\jre\jre\bin\sunmscapi.dll
0x000007fefddc0000 - 0x000007fefdf26000 	C:\Windows\system32\CRYPT32.dll
0x000007fefdd50000 - 0x000007fefdd5f000 	C:\Windows\system32\MSASN1.dll
0x000007fee6af0000 - 0x000007fee6c85000 	C:\Program Files\Android\Android Studio\jre\jre\bin\awt.dll
0x000007fefe420000 - 0x000007fefe4f7000 	C:\Windows\system32\OLEAUT32.dll
0x000007fef6200000 - 0x000007fef62e2000 	C:\Windows\system32\d2d1.dll
0x000007fefc000000 - 0x000007fefc018000 	C:\Windows\system32\DWMAPI.DLL

VM Arguments:
jvm_args: -Xmx1536m -Dfile.encoding=windows-1251 -Duser.country=RU -Duser.language=ru -Duser.variant 
java_command: org.gradle.launcher.daemon.bootstrap.GradleDaemon 4.1
java_class_path (initial): C:\Users\Public\.gradle\wrapper\dists\gradle-4.1-all\bzyivzo6n839fup2jbap0tjew\gradle-4.1\lib\gradle-launcher-4.1.jar
Launcher Type: SUN_STANDARD

Environment Variables:
JAVA_HOME=C:\Program Files\Java\jdk1.7.0\bin
CLASSPATH=.;
PATH=C:\Program Files\Java\jdk-9.0.4\bin;C:\Program Files (x86)\PC Connectivity Solution\;C:\Perl64\site\bin;C:\Perl64\bin;C:\Program Files (x86)\NVIDIA Corporation\PhysX\Common;C:\Program Files (x86)\Caminova\Document Express DjVu Plug-in\;C:\Program Files (x86)\AMD APP\bin\x86_64;C:\Program Files (x86)\AMD APP\bin\x86;C:\Windows\system32;C:\Windows;C:\Windows\System32\Wbem;C:\Program Files (x86)\ATI Technologies\ATI.ACE\Core-Static;C:\Program Files (x86)\Common Files\Symbian\tools;C:\Program Files (x86)\CSL Arm Toolchain\bin;C:\Windows\system32\wbem;C:\Program Files (x86)\IVT Corporation\BlueSoleil\Mobile;C:\Program Files (x86)\Skype\Phone\;C:\Program Files\Java\jdk-9.0.4;C:\Program Files\Common Files\Microsoft Shared\Windows Live
USERNAME=Админ
OS=Windows_NT
PROCESSOR_IDENTIFIER=AMD64 Family 15 Model 67 Stepping 2, AuthenticAMD



---------------  S Y S T E M  ---------------

OS: Windows 7 , 64 bit Build 7600 (6.1.7600.16385)

CPU:total 2 (initial active 2) (2 cores per cpu, 1 threads per core) family 15 model 67 stepping 2, cmov, cx8, fxsr, mmx, sse, sse2, sse3, mmxext, 3dnowpref, tsc

Memory: 4k page, physical 4193592k(556220k free), swap 5459300k(5636k free)

vm_info: OpenJDK 64-Bit Server VM (25.152-b01) for windows-amd64 JRE (1.8.0_152-release-915-b01), built by "builder" with MS VC++ 10.0 (VS2010)

time: Fri Apr 27 18:38:38 2018
elapsed time: 102 seconds (0d 0h 1m 42s)

