#
# There is insufficient memory for the Java Runtime Environment to continue.
# Native memory allocation (malloc) failed to allocate 32744 bytes for ChunkPool::allocate
# Possible reasons:
#   The system is out of physical RAM or swap space
#   In 32 bit mode, the process size limit was hit
# Possible solutions:
#   Reduce memory load on the system
#   Increase physical memory or swap space
#   Check if swap backing store is full
#   Use 64 bit Java on a 64 bit OS
#   Decrease Java heap size (-Xmx/-Xms)
#   Decrease number of Java threads
#   Decrease Java thread stack sizes (-Xss)
#   Set larger code cache with -XX:ReservedCodeCacheSize=
# This output file may be truncated or incomplete.
#
#  Out of Memory Error (allocation.cpp:273), pid=3912, tid=0x0000000000001954
#
# JRE version: OpenJDK Runtime Environment (8.0_152-b01) (build 1.8.0_152-release-915-b01)
# Java VM: OpenJDK 64-Bit Server VM (25.152-b01 mixed mode windows-amd64 compressed oops)
# Failed to write core dump. Minidumps are not enabled by default on client versions of Windows
#

---------------  T H R E A D  ---------------

Current thread (0x0000000056103800):  JavaThread "C2 CompilerThread0" daemon [_thread_in_native, id=6484, stack(0x0000000056c40000,0x0000000056d40000)]

Stack: [0x0000000056c40000,0x0000000056d40000]
[error occurred during error reporting (printing stack bounds), id 0xc0000005]

Native frames: (J=compiled Java code, j=interpreted, Vv=VM code, C=native code)


Current CompileTask:
C2:   9371 1419       4      
[error occurred during error reporting (printing current compile task), id 0xe0000001]


---------------  P R O C E S S  ---------------

Java Threads: ( => current thread )
  0x0000000058775800 JavaThread "Cache worker for file hash cache (C:\Flappybird\.gradle\4.1\fileHashes)" [_thread_blocked, id=3992, stack(0x000000005a790000,0x000000005a890000)]
  0x0000000058841800 JavaThread "File lock request listener" [_thread_in_native, id=5800, stack(0x000000005a450000,0x000000005a550000)]
  0x0000000057dce000 JavaThread "Cache worker for file hash cache (C:\Users\Public\.gradle\caches\4.1\fileHashes)" [_thread_blocked, id=3120, stack(0x000000005a1a0000,0x000000005a2a0000)]
  0x0000000058009000 JavaThread "Stdin handler" [_thread_blocked, id=2556, stack(0x0000000059ea0000,0x0000000059fa0000)]
  0x0000000058703000 JavaThread "Asynchronous log dispatcher for DefaultDaemonConnection: socket connection from /127.0.0.1:53337 to /127.0.0.1:53338" [_thread_blocked, id=6376, stack(0x0000000059fc0000,0x000000005a0c0000)]
  0x0000000057fcd800 JavaThread "Daemon worker" [_thread_in_vm, id=7052, stack(0x00000000594e0000,0x00000000595e0000)]
  0x0000000057fc8000 JavaThread "Cancel handler" [_thread_blocked, id=5272, stack(0x0000000059d40000,0x0000000059e40000)]
  0x00000000586f2800 JavaThread "Handler for socket connection from /127.0.0.1:53337 to /127.0.0.1:53338" [_thread_in_native, id=2784, stack(0x00000000598e0000,0x00000000599e0000)]
  0x00000000586f2000 JavaThread "Daemon" [_thread_blocked, id=5320, stack(0x0000000059a00000,0x0000000059b00000)]
  0x00000000586b6000 JavaThread "Daemon periodic checks" [_thread_blocked, id=6372, stack(0x0000000057040000,0x0000000057140000)]
  0x0000000057cc2800 JavaThread "Incoming local TCP Connector on port 53337" [_thread_in_native, id=6684, stack(0x00000000597b0000,0x00000000598b0000)]
  0x00000000576c0800 JavaThread "Service Thread" daemon [_thread_blocked, id=6972, stack(0x0000000012270000,0x0000000012370000)]
  0x0000000056164000 JavaThread "C1 CompilerThread1" daemon [_thread_in_native, id=6604, stack(0x00000000575c0000,0x00000000576c0000)]
=>0x0000000056103800 JavaThread "C2 CompilerThread0" daemon [_thread_in_native, id=6484, stack(0x0000000056c40000,0x0000000056d40000)]
  0x0000000056102800 JavaThread "Attach Listener" daemon [_thread_blocked, id=6268, stack(0x0000000057360000,0x0000000057460000)]
  0x0000000056101800 JavaThread "Signal Dispatcher" daemon [_thread_blocked, id=6240, stack(0x0000000057150000,0x0000000057250000)]
  0x00000000560ee000 JavaThread "Finalizer" daemon [_thread_blocked, id=4544, stack(0x0000000056f40000,0x0000000057040000)]
  0x00000000560a5000 JavaThread "Reference Handler" daemon [_thread_blocked, id=5652, stack(0x0000000056d50000,0x0000000056e50000)]
  0x000000000226e800 JavaThread "main" [_thread_blocked, id=3204, stack(0x0000000002300000,0x0000000002400000)]

Other Threads:
  0x000000005609d000 VMThread [stack: 0x0000000056b00000,0x0000000056c00000] [id=6476]
  0x00000000576c4800 WatcherThread [stack: 0x00000000574b0000,0x00000000575b0000] [id=4980]

VM state:not at safepoint (normal execution)

VM Mutex/Monitor currently owned by a thread: None

Heap:
 PSYoungGen      total 35328K, used 2921K [0x00000000e0000000, 0x00000000e2500000, 0x0000000100000000)
  eden space 32768K, 1% used [0x00000000e0000000,0x00000000e005a438,0x00000000e2000000)
  from space 2560K, 100% used [0x00000000e2280000,0x00000000e2500000,0x00000000e2500000)
  to   space 2560K, 0% used [0x00000000e2000000,0x00000000e2000000,0x00000000e2280000)
 ParOldGen       total 44032K, used 8341K [0x00000000a0000000, 0x00000000a2b00000, 0x00000000e0000000)
  object space 44032K, 18% used [0x00000000a0000000,0x00000000a0825558,0x00000000a2b00000)
 Metaspace       used 15645K, capacity 15954K, committed 16256K, reserved 1062912K
  class space    used 2201K, capacity 2311K, committed 2432K, reserved 1048576K

Card table byte_map: [0x0000000011b70000,0x0000000011e80000] byte_map_base: 0x0000000011670000

Marking Bits: (ParMarkBitMap*) 0x000000005bf63950
 Begin Bits: [0x0000000012470000, 0x0000000013c70000)
 End Bits:   [0x0000000013c70000, 0x0000000015470000)

Polling page: 0x0000000000250000

CodeCache: size=245760Kb used=4372Kb max_used=4379Kb free=241388Kb
 bounds [0x00000000027b0000, 0x0000000002c00000, 0x00000000117b0000]
 total_blobs=1683 nmethods=1315 adapters=282
 compilation: enabled

Compilation events (10 events):
Event: 9.317 Thread 0x0000000056164000 nmethod 1440 0x0000000002a3ddd0 code [0x0000000002a3dfc0, 0x0000000002a3e7f8]
Event: 9.317 Thread 0x0000000056164000 1441       3       org.objectweb.asm.ByteVector::putShort (52 bytes)
Event: 9.318 Thread 0x0000000056164000 nmethod 1441 0x0000000002a3d890 code [0x0000000002a3da00, 0x0000000002a3dc48]
Event: 9.318 Thread 0x0000000056164000 1442       3       org.objectweb.asm.ByteVector::putByte (39 bytes)
Event: 9.318 Thread 0x0000000056164000 nmethod 1442 0x0000000002a3d3d0 code [0x0000000002a3d540, 0x0000000002a3d768]
Event: 9.318 Thread 0x0000000056164000 1443       3       org.objectweb.asm.Item::<init> (66 bytes)
Event: 9.319 Thread 0x0000000056164000 nmethod 1443 0x0000000002a3cf50 code [0x0000000002a3d0c0, 0x0000000002a3d2f0]
Event: 9.319 Thread 0x0000000056164000 1444       3       org.objectweb.asm.ClassWriter::put (152 bytes)
Event: 9.319 Thread 0x0000000056164000 nmethod 1444 0x0000000002a3c290 code [0x0000000002a3c460, 0x0000000002a3cb70]
Event: 9.320 Thread 0x0000000056164000 1445       3       org.objectweb.asm.Item::isEqualTo (354 bytes)

GC Heap History (8 events):
Event: 2.840 GC heap before
{Heap before GC invocations=1 (full 0):
 PSYoungGen      total 18944K, used 16384K [0x00000000e0000000, 0x00000000e1500000, 0x0000000100000000)
  eden space 16384K, 100% used [0x00000000e0000000,0x00000000e1000000,0x00000000e1000000)
  from space 2560K, 0% used [0x00000000e1280000,0x00000000e1280000,0x00000000e1500000)
  to   space 2560K, 0% used [0x00000000e1000000,0x00000000e1000000,0x00000000e1280000)
 ParOldGen       total 44032K, used 0K [0x00000000a0000000, 0x00000000a2b00000, 0x00000000e0000000)
  object space 44032K, 0% used [0x00000000a0000000,0x00000000a0000000,0x00000000a2b00000)
 Metaspace       used 6247K, capacity 6424K, committed 6528K, reserved 1056768K
  class space    used 770K, capacity 845K, committed 896K, reserved 1048576K
Event: 2.878 GC heap after
Heap after GC invocations=1 (full 0):
 PSYoungGen      total 18944K, used 2530K [0x00000000e0000000, 0x00000000e2500000, 0x0000000100000000)
  eden space 16384K, 0% used [0x00000000e0000000,0x00000000e0000000,0x00000000e1000000)
  from space 2560K, 98% used [0x00000000e1000000,0x00000000e1278818,0x00000000e1280000)
  to   space 2560K, 0% used [0x00000000e2280000,0x00000000e2280000,0x00000000e2500000)
 ParOldGen       total 44032K, used 558K [0x00000000a0000000, 0x00000000a2b00000, 0x00000000e0000000)
  object space 44032K, 1% used [0x00000000a0000000,0x00000000a008b8b8,0x00000000a2b00000)
 Metaspace       used 6247K, capacity 6424K, committed 6528K, reserved 1056768K
  class space    used 770K, capacity 845K, committed 896K, reserved 1048576K
}
Event: 4.387 GC heap before
{Heap before GC invocations=2 (full 0):
 PSYoungGen      total 18944K, used 18914K [0x00000000e0000000, 0x00000000e2500000, 0x0000000100000000)
  eden space 16384K, 100% used [0x00000000e0000000,0x00000000e1000000,0x00000000e1000000)
  from space 2560K, 98% used [0x00000000e1000000,0x00000000e1278818,0x00000000e1280000)
  to   space 2560K, 0% used [0x00000000e2280000,0x00000000e2280000,0x00000000e2500000)
 ParOldGen       total 44032K, used 558K [0x00000000a0000000, 0x00000000a2b00000, 0x00000000e0000000)
  object space 44032K, 1% used [0x00000000a0000000,0x00000000a008b8b8,0x00000000a2b00000)
 Metaspace       used 6908K, capacity 7128K, committed 7424K, reserved 1056768K
  class space    used 838K, capacity 909K, committed 1024K, reserved 1048576K
Event: 4.595 GC heap after
Heap after GC invocations=2 (full 0):
 PSYoungGen      total 35328K, used 2334K [0x00000000e0000000, 0x00000000e2500000, 0x0000000100000000)
  eden space 32768K, 0% used [0x00000000e0000000,0x00000000e0000000,0x00000000e2000000)
  from space 2560K, 91% used [0x00000000e2280000,0x00000000e24c7870,0x00000000e2500000)
  to   space 2560K, 0% used [0x00000000e2000000,0x00000000e2000000,0x00000000e2280000)
 ParOldGen       total 44032K, used 558K [0x00000000a0000000, 0x00000000a2b00000, 0x00000000e0000000)
  object space 44032K, 1% used [0x00000000a0000000,0x00000000a008b8b8,0x00000000a2b00000)
 Metaspace       used 6908K, capacity 7128K, committed 7424K, reserved 1056768K
  class space    used 838K, capacity 909K, committed 1024K, reserved 1048576K
}
Event: 8.241 GC heap before
{Heap before GC invocations=3 (full 0):
 PSYoungGen      total 35328K, used 35102K [0x00000000e0000000, 0x00000000e2500000, 0x0000000100000000)
  eden space 32768K, 100% used [0x00000000e0000000,0x00000000e2000000,0x00000000e2000000)
  from space 2560K, 91% used [0x00000000e2280000,0x00000000e24c7870,0x00000000e2500000)
  to   space 2560K, 0% used [0x00000000e2000000,0x00000000e2000000,0x00000000e2280000)
 ParOldGen       total 44032K, used 558K [0x00000000a0000000, 0x00000000a2b00000, 0x00000000e0000000)
  object space 44032K, 1% used [0x00000000a0000000,0x00000000a008b8b8,0x00000000a2b00000)
 Metaspace       used 12170K, capacity 12526K, committed 12800K, reserved 1060864K
  class space    used 1628K, capacity 1765K, committed 1792K, reserved 1048576K
Event: 8.259 GC heap after
Heap after GC invocations=3 (full 0):
 PSYoungGen      total 35328K, used 2544K [0x00000000e0000000, 0x00000000e2500000, 0x0000000100000000)
  eden space 32768K, 0% used [0x00000000e0000000,0x00000000e0000000,0x00000000e2000000)
  from space 2560K, 99% used [0x00000000e2000000,0x00000000e227c010,0x00000000e2280000)
  to   space 2560K, 0% used [0x00000000e2280000,0x00000000e2280000,0x00000000e2500000)
 ParOldGen       total 44032K, used 3902K [0x00000000a0000000, 0x00000000a2b00000, 0x00000000e0000000)
  object space 44032K, 8% used [0x00000000a0000000,0x00000000a03cf818,0x00000000a2b00000)
 Metaspace       used 12170K, capacity 12526K, committed 12800K, reserved 1060864K
  class space    used 1628K, capacity 1765K, committed 1792K, reserved 1048576K
}
Event: 9.273 GC heap before
{Heap before GC invocations=4 (full 0):
 PSYoungGen      total 35328K, used 35312K [0x00000000e0000000, 0x00000000e2500000, 0x0000000100000000)
  eden space 32768K, 100% used [0x00000000e0000000,0x00000000e2000000,0x00000000e2000000)
  from space 2560K, 99% used [0x00000000e2000000,0x00000000e227c010,0x00000000e2280000)
  to   space 2560K, 0% used [0x00000000e2280000,0x00000000e2280000,0x00000000e2500000)
 ParOldGen       total 44032K, used 3902K [0x00000000a0000000, 0x00000000a2b00000, 0x00000000e0000000)
  object space 44032K, 8% used [0x00000000a0000000,0x00000000a03cf818,0x00000000a2b00000)
 Metaspace       used 15598K, capacity 15954K, committed 16256K, reserved 1062912K
  class space    used 2196K, capacity 2311K, committed 2432K, reserved 1048576K
Event: 9.291 GC heap after
Heap after GC invocations=4 (full 0):
 PSYoungGen      total 35328K, used 2560K [0x00000000e0000000, 0x00000000e2500000, 0x0000000100000000)
  eden space 32768K, 0% used [0x00000000e0000000,0x00000000e0000000,0x00000000e2000000)
  from space 2560K, 100% used [0x00000000e2280000,0x00000000e2500000,0x00000000e2500000)
  to   space 2560K, 0% used [0x00000000e2000000,0x00000000e2000000,0x00000000e2280000)
 ParOldGen       total 44032K, used 8341K [0x00000000a0000000, 0x00000000a2b00000, 0x00000000e0000000)
  object space 44032K, 18% used [0x00000000a0000000,0x00000000a0825558,0x00000000a2b00000)
 Metaspace       used 15598K, capacity 15954K, committed 16256K, reserved 1062912K
  class space    used 2196K, capacity 2311K, committed 2432K, reserved 1048576K
}

Deoptimization events (10 events):
Event: 5.123 Thread 0x000000000226e800 Uncommon trap: reason=bimorphic action=maybe_recompile pc=0x0000000002a1d098 method=java.util.HashMap.putVal(ILjava/lang/Object;Ljava/lang/Object;ZZ)Ljava/lang/Object; @ 91
Event: 5.123 Thread 0x000000000226e800 Uncommon trap: reason=bimorphic action=maybe_recompile pc=0x0000000002a1d098 method=java.util.HashMap.putVal(ILjava/lang/Object;Ljava/lang/Object;ZZ)Ljava/lang/Object; @ 91
Event: 6.288 Thread 0x000000000226e800 Uncommon trap: reason=unstable_if action=reinterpret pc=0x0000000002a7c330 method=java.io.WinNTFileSystem.normalize(Ljava/lang/String;)Ljava/lang/String; @ 128
Event: 6.288 Thread 0x000000000226e800 Uncommon trap: reason=unstable_if action=reinterpret pc=0x0000000002a72f18 method=java.io.WinNTFileSystem.normalize(Ljava/lang/String;II)Ljava/lang/String; @ 90
Event: 8.123 Thread 0x0000000057fcd800 Uncommon trap: reason=bimorphic action=maybe_recompile pc=0x0000000002b75e90 method=java.util.HashMap.putVal(ILjava/lang/Object;Ljava/lang/Object;ZZ)Ljava/lang/Object; @ 253
Event: 8.123 Thread 0x0000000057fcd800 Uncommon trap: reason=bimorphic action=maybe_recompile pc=0x0000000002b75e90 method=java.util.HashMap.putVal(ILjava/lang/Object;Ljava/lang/Object;ZZ)Ljava/lang/Object; @ 253
Event: 8.677 Thread 0x0000000057fcd800 Uncommon trap: reason=class_check action=maybe_recompile pc=0x0000000002a0fbb8 method=java.util.regex.Matcher.match(II)Z @ 86
Event: 8.678 Thread 0x0000000057fcd800 Uncommon trap: reason=class_check action=maybe_recompile pc=0x0000000002a0fbb8 method=java.util.regex.Matcher.match(II)Z @ 86
Event: 8.984 Thread 0x0000000057fcd800 Uncommon trap: reason=bimorphic action=maybe_recompile pc=0x0000000002bdcd74 method=java.util.HashMap.putVal(ILjava/lang/Object;Ljava/lang/Object;ZZ)Ljava/lang/Object; @ 203
Event: 9.296 Thread 0x0000000057fcd800 Uncommon trap: reason=bimorphic action=maybe_recompile pc=0x0000000002bdcd74 method=java.util.HashMap.putVal(ILjava/lang/Object;Ljava/lang/Object;ZZ)Ljava/lang/Object; @ 203

Classes redefined (0 events):
No events

Internal exceptions (10 events):
Event: 7.889 Thread 0x00000000586f2800 Exception <a 'java/lang/NoSuchMethodError': <clinit>> (0x00000000e1a1a438) thrown at [D:\src\AOSP-openjdk-cygwin\jdk8u\hotspot\src\share\vm\prims\jni.cpp, line 1613]
Event: 7.900 Thread 0x00000000586f2800 Exception <a 'java/lang/NoSuchMethodError': <clinit>> (0x00000000e1a44770) thrown at [D:\src\AOSP-openjdk-cygwin\jdk8u\hotspot\src\share\vm\prims\jni.cpp, line 1613]
Event: 7.901 Thread 0x00000000586f2800 Exception <a 'java/lang/NoSuchMethodError': <clinit>> (0x00000000e1a4ddc8) thrown at [D:\src\AOSP-openjdk-cygwin\jdk8u\hotspot\src\share\vm\prims\jni.cpp, line 1613]
Event: 7.907 Thread 0x00000000586f2800 Exception <a 'java/lang/NoSuchMethodError': <clinit>> (0x00000000e1a58408) thrown at [D:\src\AOSP-openjdk-cygwin\jdk8u\hotspot\src\share\vm\prims\jni.cpp, line 1613]
Event: 7.938 Thread 0x00000000586f2800 Exception <a 'java/lang/NoSuchMethodError': <clinit>> (0x00000000e1ad2c20) thrown at [D:\src\AOSP-openjdk-cygwin\jdk8u\hotspot\src\share\vm\prims\jni.cpp, line 1613]
Event: 8.006 Thread 0x00000000586f2800 Exception <a 'java/lang/NoSuchMethodError': <clinit>> (0x00000000e1b060b8) thrown at [D:\src\AOSP-openjdk-cygwin\jdk8u\hotspot\src\share\vm\prims\jni.cpp, line 1613]
Event: 8.009 Thread 0x00000000586f2800 Exception <a 'java/lang/NoSuchMethodError': <clinit>> (0x00000000e1b15b30) thrown at [D:\src\AOSP-openjdk-cygwin\jdk8u\hotspot\src\share\vm\prims\jni.cpp, line 1613]
Event: 8.014 Thread 0x00000000586f2800 Exception <a 'java/lang/NoSuchMethodError': <clinit>> (0x00000000e1b39788) thrown at [D:\src\AOSP-openjdk-cygwin\jdk8u\hotspot\src\share\vm\prims\jni.cpp, line 1613]
Event: 8.098 Thread 0x0000000057fcd800 Exception <a 'java/lang/NoSuchMethodError': <clinit>> (0x00000000e1c22680) thrown at [D:\src\AOSP-openjdk-cygwin\jdk8u\hotspot\src\share\vm\prims\jni.cpp, line 1613]
Event: 8.102 Thread 0x0000000057fcd800 Exception <a 'java/lang/NoSuchMethodError': <clinit>> (0x00000000e1c2a908) thrown at [D:\src\AOSP-openjdk-cygwin\jdk8u\hotspot\src\share\vm\prims\jni.cpp, line 1613]

Events (10 events):
Event: 9.294 loading class org/gradle/configuration/ConfigurationTargetIdentifier done
Event: 9.296 Thread 0x0000000057fcd800 Uncommon trap: trap_request=0xffffffc6 fr.pc=0x0000000002bdcd74
Event: 9.296 Thread 0x0000000057fcd800 DEOPT PACKING pc=0x0000000002bdcd74 sp=0x00000000595dda80
Event: 9.296 Thread 0x0000000057fcd800 DEOPT UNPACKING pc=0x00000000027f556a sp=0x00000000595dda08 mode 2
Event: 9.304 loading class javax/annotation/Nullable
Event: 9.304 loading class javax/annotation/Nullable done
Event: 9.306 loading class javax/annotation/Nonnull
Event: 9.306 loading class javax/annotation/Nonnull done
Event: 9.313 loading class org/gradle/api/internal/AbstractClassGenerator$PropertyMetaData
Event: 9.313 loading class org/gradle/api/internal/AbstractClassGenerator$PropertyMetaData done


Dynamic libraries:
0x000000013f4c0000 - 0x000000013f4f1000 	C:\Program Files\Android\Android Studio\jre\bin\java.exe
0x0000000076dc0000 - 0x0000000076f6b000 	C:\Windows\SYSTEM32\ntdll.dll
0x000007fef1570000 - 0x000007fef15a4000 	C:\Program Files\AVAST Software\Avast\x64\aswhooka.dll
0x00000000766e0000 - 0x00000000767ff000 	C:\Windows\system32\kernel32.dll
0x000007fefd2e0000 - 0x000007fefd34b000 	C:\Windows\system32\KERNELBASE.dll
0x000007fefdb80000 - 0x000007fefdc5b000 	C:\Windows\system32\ADVAPI32.dll
0x000007fefd600000 - 0x000007fefd69f000 	C:\Windows\system32\msvcrt.dll
0x000007fefdaf0000 - 0x000007fefdb0f000 	C:\Windows\SYSTEM32\sechost.dll
0x000007fefd810000 - 0x000007fefd93e000 	C:\Windows\system32\RPCRT4.dll
0x0000000076800000 - 0x00000000768fa000 	C:\Windows\system32\USER32.dll
0x000007fefdb10000 - 0x000007fefdb77000 	C:\Windows\system32\GDI32.dll
0x000007fefdae0000 - 0x000007fefdaee000 	C:\Windows\system32\LPK.dll
0x000007fefdce0000 - 0x000007fefddaa000 	C:\Windows\system32\USP10.dll
0x000007fefcd80000 - 0x000007fefcf74000 	C:\Windows\WinSxS\amd64_microsoft.windows.common-controls_6595b64144ccf1df_6.0.7600.16385_none_fa645303170382f6\COMCTL32.dll
0x000007fefdc60000 - 0x000007fefdcd1000 	C:\Windows\system32\SHLWAPI.dll
0x000007fefeb40000 - 0x000007fefeb6e000 	C:\Windows\system32\IMM32.DLL
0x000007fefedb0000 - 0x000007fefeeb9000 	C:\Windows\system32\MSCTF.dll
0x0000000071dd0000 - 0x0000000071ea2000 	C:\Program Files\Android\Android Studio\jre\jre\bin\msvcr100.dll
0x000000005b7a0000 - 0x000000005bfde000 	C:\Program Files\Android\Android Studio\jre\jre\bin\server\jvm.dll
0x000007fefadd0000 - 0x000007fefadd9000 	C:\Windows\system32\WSOCK32.dll
0x000007fefd740000 - 0x000007fefd78d000 	C:\Windows\system32\WS2_32.dll
0x000007fefeb70000 - 0x000007fefeb78000 	C:\Windows\system32\NSI.dll
0x000007fef9ca0000 - 0x000007fef9cdb000 	C:\Windows\system32\WINMM.dll
0x000007fefbe60000 - 0x000007fefbe6c000 	C:\Windows\system32\VERSION.dll
0x0000000076f80000 - 0x0000000076f87000 	C:\Windows\system32\PSAPI.DLL
0x000007fef7d60000 - 0x000007fef7d6f000 	C:\Program Files\Android\Android Studio\jre\jre\bin\verify.dll
0x000007fef0050000 - 0x000007fef0079000 	C:\Program Files\Android\Android Studio\jre\jre\bin\java.dll
0x000007fef3770000 - 0x000007fef3786000 	C:\Program Files\Android\Android Studio\jre\jre\bin\zip.dll
0x000007fefddb0000 - 0x000007fefeb36000 	C:\Windows\system32\SHELL32.dll
0x000007fefeec0000 - 0x000007feff0c1000 	C:\Windows\system32\ole32.dll
0x000007fefd230000 - 0x000007fefd23f000 	C:\Windows\system32\profapi.dll
0x000007fef74c0000 - 0x000007fef74da000 	C:\Program Files\Android\Android Studio\jre\jre\bin\net.dll
0x000007fefc760000 - 0x000007fefc7b4000 	C:\Windows\system32\mswsock.dll
0x000007fefc750000 - 0x000007fefc757000 	C:\Windows\System32\wship6.dll
0x000007fef3750000 - 0x000007fef3761000 	C:\Program Files\Android\Android Studio\jre\jre\bin\nio.dll
0x000007feefee0000 - 0x000007feefefe000 	C:\Users\Public\.gradle\native\25\windows-amd64\native-platform.dll
0x000007fef7dd0000 - 0x000007fef7ddd000 	C:\Program Files\Android\Android Studio\jre\jre\bin\management.dll
0x000007fefc800000 - 0x000007fefc817000 	C:\Windows\system32\CRYPTSP.dll
0x000007fefc4c0000 - 0x000007fefc507000 	C:\Windows\system32\rsaenh.dll
0x000007fefcd10000 - 0x000007fefcd2e000 	C:\Windows\system32\USERENV.dll
0x000007fefd160000 - 0x000007fefd16f000 	C:\Windows\system32\CRYPTBASE.dll
0x000007fefabd0000 - 0x000007fefabf7000 	C:\Windows\system32\IPHLPAPI.DLL
0x000007fefabb0000 - 0x000007fefabbb000 	C:\Windows\system32\WINNSI.DLL
0x000007fefaa40000 - 0x000007fefaa51000 	C:\Windows\system32\dhcpcsvc6.DLL
0x000007fefaa20000 - 0x000007fefaa38000 	C:\Windows\system32\dhcpcsvc.DLL

VM Arguments:
jvm_args: -Xmx1536m -Dfile.encoding=windows-1251 -Duser.country=RU -Duser.language=ru -Duser.variant 
java_command: org.gradle.launcher.daemon.bootstrap.GradleDaemon 4.1
java_class_path (initial): C:\Users\Public\.gradle\wrapper\dists\gradle-4.1-all\bzyivzo6n839fup2jbap0tjew\gradle-4.1\lib\gradle-launcher-4.1.jar
Launcher Type: SUN_STANDARD

Environment Variables:
JAVA_HOME=C:\Program Files\Java\jdk1.7.0\bin
CLASSPATH=.;
PATH=C:\Program Files\Java\jdk-9.0.4\bin;C:\Program Files (x86)\PC Connectivity Solution\;C:\Perl64\site\bin;C:\Perl64\bin;C:\Program Files (x86)\NVIDIA Corporation\PhysX\Common;C:\Program Files (x86)\Caminova\Document Express DjVu Plug-in\;C:\Program Files (x86)\AMD APP\bin\x86_64;C:\Program Files (x86)\AMD APP\bin\x86;C:\Windows\system32;C:\Windows;C:\Windows\System32\Wbem;C:\Program Files (x86)\ATI Technologies\ATI.ACE\Core-Static;C:\Program Files (x86)\Common Files\Symbian\tools;C:\Program Files (x86)\CSL Arm Toolchain\bin;C:\Windows\system32\wbem;C:\Program Files (x86)\IVT Corporation\BlueSoleil\Mobile;C:\Program Files (x86)\Skype\Phone\;C:\Program Files\Java\jdk-9.0.4;C:\Program Files\Common Files\Microsoft Shared\Windows Live
USERNAME=Админ
OS=Windows_NT
PROCESSOR_IDENTIFIER=AMD64 Family 15 Model 67 Stepping 2, AuthenticAMD



---------------  S Y S T E M  ---------------

OS: Windows 7 , 64 bit Build 7600 (6.1.7600.16385)

CPU:total 2 (initial active 2) (2 cores per cpu, 1 threads per core) family 15 model 67 stepping 2, cmov, cx8, fxsr, mmx, sse, sse2, sse3, mmxext, 3dnowpref, tsc

Memory: 4k page, physical 4193592k(676132k free), swap 5388512k(4096k free)

vm_info: OpenJDK 64-Bit Server VM (25.152-b01) for windows-amd64 JRE (1.8.0_152-release-915-b01), built by "builder" with MS VC++ 10.0 (VS2010)

time: Tue May 01 19:26:54 2018
elapsed time: 9 seconds (0d 0h 0m 9s)

