#
# There is insufficient memory for the Java Runtime Environment to continue.
# Native memory allocation (malloc) failed to allocate 789536 bytes for Chunk::new
# Possible reasons:
#   The system is out of physical RAM or swap space
#   In 32 bit mode, the process size limit was hit
# Possible solutions:
#   Reduce memory load on the system
#   Increase physical memory or swap space
#   Check if swap backing store is full
#   Use 64 bit Java on a 64 bit OS
#   Decrease Java heap size (-Xmx/-Xms)
#   Decrease number of Java threads
#   Decrease Java thread stack sizes (-Xss)
#   Set larger code cache with -XX:ReservedCodeCacheSize=
# This output file may be truncated or incomplete.
#
#  Out of Memory Error (allocation.cpp:390), pid=4468, tid=0x0000000000001848
#
# JRE version: OpenJDK Runtime Environment (8.0_152-b01) (build 1.8.0_152-release-915-b01)
# Java VM: OpenJDK 64-Bit Server VM (25.152-b01 mixed mode windows-amd64 compressed oops)
# Failed to write core dump. Minidumps are not enabled by default on client versions of Windows
#

---------------  T H R E A D  ---------------

Current thread (0x00000000561f7000):  JavaThread "C2 CompilerThread0" daemon [_thread_in_native, id=6216, stack(0x0000000057240000,0x0000000057340000)]

Stack: [0x0000000057240000,0x0000000057340000]
[error occurred during error reporting (printing stack bounds), id 0xc0000005]

Native frames: (J=compiled Java code, j=interpreted, Vv=VM code, C=native code)


Current CompileTask:
C2:   4750 1318       4       java.net.URLClassLoader$1::run (5 bytes)


---------------  P R O C E S S  ---------------

Java Threads: ( => current thread )
  0x0000000058aeb000 JavaThread "File lock request listener" [_thread_in_native, id=2768, stack(0x000000005a6e0000,0x000000005a7e0000)]
  0x0000000058b2a800 JavaThread "Cache worker for file hash cache (C:\Users\Public\.gradle\caches\4.1\fileHashes)" [_thread_blocked, id=4432, stack(0x000000005a5a0000,0x000000005a6a0000)]
  0x000000005884c800 JavaThread "Stdin handler" [_thread_blocked, id=5284, stack(0x000000005a370000,0x000000005a470000)]
  0x000000005884b800 JavaThread "Asynchronous log dispatcher for DefaultDaemonConnection: socket connection from /127.0.0.1:53351 to /127.0.0.1:53352" [_thread_blocked, id=4888, stack(0x0000000059c90000,0x0000000059d90000)]
  0x0000000058837000 JavaThread "Daemon worker" [_thread_in_Java, id=6468, stack(0x0000000058230000,0x0000000058330000)]
  0x000000005880e800 JavaThread "Cancel handler" [_thread_blocked, id=6096, stack(0x000000005a1b0000,0x000000005a2b0000)]
  0x0000000058495800 JavaThread "Handler for socket connection from /127.0.0.1:53351 to /127.0.0.1:53352" [_thread_in_native, id=4380, stack(0x0000000059e30000,0x0000000059f30000)]
  0x00000000584af800 JavaThread "Daemon" [_thread_blocked, id=6816, stack(0x0000000059b90000,0x0000000059c90000)]
  0x0000000058492000 JavaThread "Daemon periodic checks" [_thread_blocked, id=5792, stack(0x0000000059990000,0x0000000059a90000)]
  0x000000005847e000 JavaThread "Incoming local TCP Connector on port 53351" [_thread_in_native, id=5788, stack(0x00000000597f0000,0x00000000598f0000)]
  0x000000005625e800 JavaThread "Service Thread" daemon [_thread_blocked, id=5960, stack(0x0000000057900000,0x0000000057a00000)]
  0x00000000561fc000 JavaThread "C1 CompilerThread1" daemon [_thread_blocked, id=2440, stack(0x00000000573a0000,0x00000000574a0000)]
=>0x00000000561f7000 JavaThread "C2 CompilerThread0" daemon [_thread_in_native, id=6216, stack(0x0000000057240000,0x0000000057340000)]
  0x00000000561f2800 JavaThread "Attach Listener" daemon [_thread_blocked, id=4964, stack(0x0000000057120000,0x0000000057220000)]
  0x00000000561f1800 JavaThread "Signal Dispatcher" daemon [_thread_blocked, id=1124, stack(0x0000000056f50000,0x0000000057050000)]
  0x00000000561de000 JavaThread "Finalizer" daemon [_thread_blocked, id=4556, stack(0x0000000056e00000,0x0000000056f00000)]
  0x0000000056195000 JavaThread "Reference Handler" daemon [_thread_blocked, id=4576, stack(0x0000000056c70000,0x0000000056d70000)]
  0x000000000222e800 JavaThread "main" [_thread_blocked, id=7028, stack(0x0000000002510000,0x0000000002610000)]

Other Threads:
  0x000000005618d000 VMThread [stack: 0x0000000056a10000,0x0000000056b10000] [id=5128]
  0x00000000574b8800 WatcherThread [stack: 0x0000000056b70000,0x0000000056c70000] [id=3808]

VM state:not at safepoint (normal execution)

VM Mutex/Monitor currently owned by a thread: None

Heap:
 PSYoungGen      total 35328K, used 24064K [0x00000000e0000000, 0x00000000e2500000, 0x0000000100000000)
  eden space 32768K, 65% used [0x00000000e0000000,0x00000000e15041e0,0x00000000e2000000)
  from space 2560K, 99% used [0x00000000e2280000,0x00000000e24fc010,0x00000000e2500000)
  to   space 2560K, 0% used [0x00000000e2000000,0x00000000e2000000,0x00000000e2280000)
 ParOldGen       total 44032K, used 3998K [0x00000000a0000000, 0x00000000a2b00000, 0x00000000e0000000)
  object space 44032K, 9% used [0x00000000a0000000,0x00000000a03e7880,0x00000000a2b00000)
 Metaspace       used 14378K, capacity 14706K, committed 14976K, reserved 1062912K
  class space    used 2010K, capacity 2151K, committed 2176K, reserved 1048576K

Card table byte_map: [0x0000000011ca0000,0x0000000011fb0000] byte_map_base: 0x00000000117a0000

Marking Bits: (ParMarkBitMap*) 0x000000005bf63950
 Begin Bits: [0x0000000012560000, 0x0000000013d60000)
 End Bits:   [0x0000000013d60000, 0x0000000015560000)

Polling page: 0x0000000000250000

CodeCache: size=245760Kb used=4592Kb max_used=4592Kb free=241167Kb
 bounds [0x00000000028e0000, 0x0000000002d60000, 0x00000000118e0000]
 total_blobs=1720 nmethods=1355 adapters=279
 compilation: enabled

Compilation events (10 events):
Event: 4.744 Thread 0x00000000561fc000 nmethod 1351 0x0000000002d58950 code [0x0000000002d58ac0, 0x0000000002d58ce8]
Event: 4.744 Thread 0x00000000561fc000 1352       3       com.google.common.collect.CollectPreconditions::checkEntryNotNull (68 bytes)
Event: 4.745 Thread 0x00000000561fc000 nmethod 1352 0x0000000002d58dd0 code [0x0000000002d590a0, 0x0000000002d5a508]
Event: 4.746 Thread 0x00000000561fc000 1353       3       java.util.AbstractCollection::toArray (147 bytes)
Event: 4.747 Thread 0x00000000561fc000 nmethod 1353 0x0000000002d5ae50 code [0x0000000002d5b0c0, 0x0000000002d5c1b8]
Event: 4.748 Thread 0x00000000561fc000 1354       3       com.google.common.base.AbstractIterator::tryToComputeNext (36 bytes)
Event: 4.748 Thread 0x00000000561fc000 nmethod 1354 0x0000000002d5c690 code [0x0000000002d5c800, 0x0000000002d5cac8]
Event: 4.748 Thread 0x00000000561fc000 1355       3       java.lang.String::subSequence (7 bytes)
Event: 4.748 Thread 0x00000000561fc000 nmethod 1355 0x0000000002d5cb50 code [0x0000000002d5ccc0, 0x0000000002d5cec8]
Event: 4.749 Thread 0x00000000561fc000 1356       3       java.util.ArrayList::subList (22 bytes)

GC Heap History (8 events):
Event: 1.457 GC heap before
{Heap before GC invocations=1 (full 0):
 PSYoungGen      total 18944K, used 16384K [0x00000000e0000000, 0x00000000e1500000, 0x0000000100000000)
  eden space 16384K, 100% used [0x00000000e0000000,0x00000000e1000000,0x00000000e1000000)
  from space 2560K, 0% used [0x00000000e1280000,0x00000000e1280000,0x00000000e1500000)
  to   space 2560K, 0% used [0x00000000e1000000,0x00000000e1000000,0x00000000e1280000)
 ParOldGen       total 44032K, used 0K [0x00000000a0000000, 0x00000000a2b00000, 0x00000000e0000000)
  object space 44032K, 0% used [0x00000000a0000000,0x00000000a0000000,0x00000000a2b00000)
 Metaspace       used 6183K, capacity 6328K, committed 6528K, reserved 1056768K
  class space    used 757K, capacity 813K, committed 896K, reserved 1048576K
Event: 1.466 GC heap after
Heap after GC invocations=1 (full 0):
 PSYoungGen      total 18944K, used 2551K [0x00000000e0000000, 0x00000000e1500000, 0x0000000100000000)
  eden space 16384K, 0% used [0x00000000e0000000,0x00000000e0000000,0x00000000e1000000)
  from space 2560K, 99% used [0x00000000e1000000,0x00000000e127df40,0x00000000e1280000)
  to   space 2560K, 0% used [0x00000000e1280000,0x00000000e1280000,0x00000000e1500000)
 ParOldGen       total 44032K, used 466K [0x00000000a0000000, 0x00000000a2b00000, 0x00000000e0000000)
  object space 44032K, 1% used [0x00000000a0000000,0x00000000a00749f8,0x00000000a2b00000)
 Metaspace       used 6183K, capacity 6328K, committed 6528K, reserved 1056768K
  class space    used 757K, capacity 813K, committed 896K, reserved 1048576K
}
Event: 2.116 GC heap before
{Heap before GC invocations=2 (full 0):
 PSYoungGen      total 18944K, used 18834K [0x00000000e0000000, 0x00000000e1500000, 0x0000000100000000)
  eden space 16384K, 99% used [0x00000000e0000000,0x00000000e0fe6b70,0x00000000e1000000)
  from space 2560K, 99% used [0x00000000e1000000,0x00000000e127df40,0x00000000e1280000)
  to   space 2560K, 0% used [0x00000000e1280000,0x00000000e1280000,0x00000000e1500000)
 ParOldGen       total 44032K, used 466K [0x00000000a0000000, 0x00000000a2b00000, 0x00000000e0000000)
  object space 44032K, 1% used [0x00000000a0000000,0x00000000a00749f8,0x00000000a2b00000)
 Metaspace       used 6894K, capacity 7064K, committed 7424K, reserved 1056768K
  class space    used 838K, capacity 909K, committed 1024K, reserved 1048576K
Event: 2.127 GC heap after
Heap after GC invocations=2 (full 0):
 PSYoungGen      total 18944K, used 2551K [0x00000000e0000000, 0x00000000e2500000, 0x0000000100000000)
  eden space 16384K, 0% used [0x00000000e0000000,0x00000000e0000000,0x00000000e1000000)
  from space 2560K, 99% used [0x00000000e1280000,0x00000000e14fdfb0,0x00000000e1500000)
  to   space 2560K, 0% used [0x00000000e1000000,0x00000000e1000000,0x00000000e1280000)
 ParOldGen       total 44032K, used 474K [0x00000000a0000000, 0x00000000a2b00000, 0x00000000e0000000)
  object space 44032K, 1% used [0x00000000a0000000,0x00000000a00769f8,0x00000000a2b00000)
 Metaspace       used 6894K, capacity 7064K, committed 7424K, reserved 1056768K
  class space    used 838K, capacity 909K, committed 1024K, reserved 1048576K
}
Event: 2.745 GC heap before
{Heap before GC invocations=3 (full 0):
 PSYoungGen      total 18944K, used 18935K [0x00000000e0000000, 0x00000000e2500000, 0x0000000100000000)
  eden space 16384K, 100% used [0x00000000e0000000,0x00000000e1000000,0x00000000e1000000)
  from space 2560K, 99% used [0x00000000e1280000,0x00000000e14fdfb0,0x00000000e1500000)
  to   space 2560K, 0% used [0x00000000e1000000,0x00000000e1000000,0x00000000e1280000)
 ParOldGen       total 44032K, used 474K [0x00000000a0000000, 0x00000000a2b00000, 0x00000000e0000000)
  object space 44032K, 1% used [0x00000000a0000000,0x00000000a00769f8,0x00000000a2b00000)
 Metaspace       used 8574K, capacity 8804K, committed 8960K, reserved 1056768K
  class space    used 1095K, capacity 1230K, committed 1280K, reserved 1048576K
Event: 2.754 GC heap after
Heap after GC invocations=3 (full 0):
 PSYoungGen      total 18944K, used 2560K [0x00000000e0000000, 0x00000000e2500000, 0x0000000100000000)
  eden space 16384K, 0% used [0x00000000e0000000,0x00000000e0000000,0x00000000e1000000)
  from space 2560K, 100% used [0x00000000e1000000,0x00000000e1280000,0x00000000e1280000)
  to   space 2560K, 0% used [0x00000000e2280000,0x00000000e2280000,0x00000000e2500000)
 ParOldGen       total 44032K, used 1440K [0x00000000a0000000, 0x00000000a2b00000, 0x00000000e0000000)
  object space 44032K, 3% used [0x00000000a0000000,0x00000000a01682c8,0x00000000a2b00000)
 Metaspace       used 8574K, capacity 8804K, committed 8960K, reserved 1056768K
  class space    used 1095K, capacity 1230K, committed 1280K, reserved 1048576K
}
Event: 4.136 GC heap before
{Heap before GC invocations=4 (full 0):
 PSYoungGen      total 18944K, used 18944K [0x00000000e0000000, 0x00000000e2500000, 0x0000000100000000)
  eden space 16384K, 100% used [0x00000000e0000000,0x00000000e1000000,0x00000000e1000000)
  from space 2560K, 100% used [0x00000000e1000000,0x00000000e1280000,0x00000000e1280000)
  to   space 2560K, 0% used [0x00000000e2280000,0x00000000e2280000,0x00000000e2500000)
 ParOldGen       total 44032K, used 1440K [0x00000000a0000000, 0x00000000a2b00000, 0x00000000e0000000)
  object space 44032K, 3% used [0x00000000a0000000,0x00000000a01682c8,0x00000000a2b00000)
 Metaspace       used 12256K, capacity 12622K, committed 12928K, reserved 1060864K
  class space    used 1649K, capacity 1797K, committed 1920K, reserved 1048576K
Event: 4.150 GC heap after
Heap after GC invocations=4 (full 0):
 PSYoungGen      total 35328K, used 2544K [0x00000000e0000000, 0x00000000e2500000, 0x0000000100000000)
  eden space 32768K, 0% used [0x00000000e0000000,0x00000000e0000000,0x00000000e2000000)
  from space 2560K, 99% used [0x00000000e2280000,0x00000000e24fc010,0x00000000e2500000)
  to   space 2560K, 0% used [0x00000000e2000000,0x00000000e2000000,0x00000000e2280000)
 ParOldGen       total 44032K, used 3998K [0x00000000a0000000, 0x00000000a2b00000, 0x00000000e0000000)
  object space 44032K, 9% used [0x00000000a0000000,0x00000000a03e7880,0x00000000a2b00000)
 Metaspace       used 12256K, capacity 12622K, committed 12928K, reserved 1060864K
  class space    used 1649K, capacity 1797K, committed 1920K, reserved 1048576K
}

Deoptimization events (10 events):
Event: 2.500 Thread 0x000000000222e800 Uncommon trap: reason=bimorphic action=maybe_recompile pc=0x0000000002b4ad90 method=java.util.HashMap.putVal(ILjava/lang/Object;Ljava/lang/Object;ZZ)Ljava/lang/Object; @ 91
Event: 2.500 Thread 0x000000000222e800 Uncommon trap: reason=bimorphic action=maybe_recompile pc=0x0000000002b4ad90 method=java.util.HashMap.putVal(ILjava/lang/Object;Ljava/lang/Object;ZZ)Ljava/lang/Object; @ 91
Event: 2.501 Thread 0x000000000222e800 Uncommon trap: reason=bimorphic action=maybe_recompile pc=0x0000000002b4ad90 method=java.util.HashMap.putVal(ILjava/lang/Object;Ljava/lang/Object;ZZ)Ljava/lang/Object; @ 91
Event: 2.852 Thread 0x000000000222e800 Uncommon trap: reason=bimorphic action=maybe_recompile pc=0x0000000002be82bc method=java.util.HashMap.putVal(ILjava/lang/Object;Ljava/lang/Object;ZZ)Ljava/lang/Object; @ 203
Event: 3.124 Thread 0x000000000222e800 Uncommon trap: reason=unstable_if action=reinterpret pc=0x0000000002bc4770 method=java.io.WinNTFileSystem.normalize(Ljava/lang/String;)Ljava/lang/String; @ 128
Event: 3.124 Thread 0x000000000222e800 Uncommon trap: reason=unstable_if action=reinterpret pc=0x0000000002bcd7a0 method=java.io.WinNTFileSystem.normalize(Ljava/lang/String;II)Ljava/lang/String; @ 90
Event: 3.957 Thread 0x0000000058837000 Uncommon trap: reason=bimorphic action=maybe_recompile pc=0x0000000002be7ddc method=java.util.HashMap.putVal(ILjava/lang/Object;Ljava/lang/Object;ZZ)Ljava/lang/Object; @ 253
Event: 3.957 Thread 0x0000000058837000 Uncommon trap: reason=bimorphic action=maybe_recompile pc=0x0000000002be7ddc method=java.util.HashMap.putVal(ILjava/lang/Object;Ljava/lang/Object;ZZ)Ljava/lang/Object; @ 253
Event: 4.539 Thread 0x0000000058837000 Uncommon trap: reason=class_check action=maybe_recompile pc=0x0000000002b41938 method=java.util.regex.Matcher.match(II)Z @ 86
Event: 4.540 Thread 0x0000000058837000 Uncommon trap: reason=class_check action=maybe_recompile pc=0x0000000002b41938 method=java.util.regex.Matcher.match(II)Z @ 86

Classes redefined (0 events):
No events

Internal exceptions (10 events):
Event: 3.775 Thread 0x0000000058495800 Exception <a 'java/lang/NoSuchMethodError': <clinit>> (0x00000000e09b2d80) thrown at [D:\src\AOSP-openjdk-cygwin\jdk8u\hotspot\src\share\vm\prims\jni.cpp, line 1613]
Event: 3.783 Thread 0x0000000058495800 Exception <a 'java/lang/NoSuchMethodError': <clinit>> (0x00000000e09dd0e8) thrown at [D:\src\AOSP-openjdk-cygwin\jdk8u\hotspot\src\share\vm\prims\jni.cpp, line 1613]
Event: 3.784 Thread 0x0000000058495800 Exception <a 'java/lang/NoSuchMethodError': <clinit>> (0x00000000e09e6740) thrown at [D:\src\AOSP-openjdk-cygwin\jdk8u\hotspot\src\share\vm\prims\jni.cpp, line 1613]
Event: 3.786 Thread 0x0000000058495800 Exception <a 'java/lang/NoSuchMethodError': <clinit>> (0x00000000e09f1238) thrown at [D:\src\AOSP-openjdk-cygwin\jdk8u\hotspot\src\share\vm\prims\jni.cpp, line 1613]
Event: 3.804 Thread 0x0000000058495800 Exception <a 'java/lang/NoSuchMethodError': <clinit>> (0x00000000e0a6bdc8) thrown at [D:\src\AOSP-openjdk-cygwin\jdk8u\hotspot\src\share\vm\prims\jni.cpp, line 1613]
Event: 3.814 Thread 0x0000000058495800 Exception <a 'java/lang/NoSuchMethodError': <clinit>> (0x00000000e0a9f280) thrown at [D:\src\AOSP-openjdk-cygwin\jdk8u\hotspot\src\share\vm\prims\jni.cpp, line 1613]
Event: 3.818 Thread 0x0000000058495800 Exception <a 'java/lang/NoSuchMethodError': <clinit>> (0x00000000e0aaecf8) thrown at [D:\src\AOSP-openjdk-cygwin\jdk8u\hotspot\src\share\vm\prims\jni.cpp, line 1613]
Event: 3.832 Thread 0x0000000058495800 Exception <a 'java/lang/NoSuchMethodError': <clinit>> (0x00000000e0ad2a50) thrown at [D:\src\AOSP-openjdk-cygwin\jdk8u\hotspot\src\share\vm\prims\jni.cpp, line 1613]
Event: 3.938 Thread 0x0000000058837000 Exception <a 'java/lang/NoSuchMethodError': <clinit>> (0x00000000e0b93488) thrown at [D:\src\AOSP-openjdk-cygwin\jdk8u\hotspot\src\share\vm\prims\jni.cpp, line 1613]
Event: 3.940 Thread 0x0000000058837000 Exception <a 'java/lang/NoSuchMethodError': <clinit>> (0x00000000e0b9b710) thrown at [D:\src\AOSP-openjdk-cygwin\jdk8u\hotspot\src\share\vm\prims\jni.cpp, line 1613]

Events (10 events):
Event: 4.721 loading class com/google/common/base/Splitter$SplittingIterator
Event: 4.721 loading class com/google/common/base/Splitter$SplittingIterator done
Event: 4.721 loading class com/google/common/base/AbstractIterator
Event: 4.721 loading class com/google/common/base/AbstractIterator done
Event: 4.722 loading class com/google/common/base/Splitter$1$1
Event: 4.722 loading class com/google/common/base/Splitter$1$1 done
Event: 4.723 loading class com/google/common/base/AbstractIterator$State
Event: 4.723 loading class com/google/common/base/AbstractIterator$State done
Event: 4.724 loading class com/google/common/base/AbstractIterator$1
Event: 4.724 loading class com/google/common/base/AbstractIterator$1 done


Dynamic libraries:
0x000000013f030000 - 0x000000013f061000 	C:\Program Files\Android\Android Studio\jre\bin\java.exe
0x0000000076dc0000 - 0x0000000076f6b000 	C:\Windows\SYSTEM32\ntdll.dll
0x000007fef1570000 - 0x000007fef15a4000 	C:\Program Files\AVAST Software\Avast\x64\aswhooka.dll
0x00000000766e0000 - 0x00000000767ff000 	C:\Windows\system32\kernel32.dll
0x000007fefd2e0000 - 0x000007fefd34b000 	C:\Windows\system32\KERNELBASE.dll
0x000007fefdb80000 - 0x000007fefdc5b000 	C:\Windows\system32\ADVAPI32.dll
0x000007fefd600000 - 0x000007fefd69f000 	C:\Windows\system32\msvcrt.dll
0x000007fefdaf0000 - 0x000007fefdb0f000 	C:\Windows\SYSTEM32\sechost.dll
0x000007fefd810000 - 0x000007fefd93e000 	C:\Windows\system32\RPCRT4.dll
0x0000000076800000 - 0x00000000768fa000 	C:\Windows\system32\USER32.dll
0x000007fefdb10000 - 0x000007fefdb77000 	C:\Windows\system32\GDI32.dll
0x000007fefdae0000 - 0x000007fefdaee000 	C:\Windows\system32\LPK.dll
0x000007fefdce0000 - 0x000007fefddaa000 	C:\Windows\system32\USP10.dll
0x000007fefcd80000 - 0x000007fefcf74000 	C:\Windows\WinSxS\amd64_microsoft.windows.common-controls_6595b64144ccf1df_6.0.7600.16385_none_fa645303170382f6\COMCTL32.dll
0x000007fefdc60000 - 0x000007fefdcd1000 	C:\Windows\system32\SHLWAPI.dll
0x000007fefeb40000 - 0x000007fefeb6e000 	C:\Windows\system32\IMM32.DLL
0x000007fefedb0000 - 0x000007fefeeb9000 	C:\Windows\system32\MSCTF.dll
0x0000000071dd0000 - 0x0000000071ea2000 	C:\Program Files\Android\Android Studio\jre\jre\bin\msvcr100.dll
0x000000005b7a0000 - 0x000000005bfde000 	C:\Program Files\Android\Android Studio\jre\jre\bin\server\jvm.dll
0x000007fefadd0000 - 0x000007fefadd9000 	C:\Windows\system32\WSOCK32.dll
0x000007fefd740000 - 0x000007fefd78d000 	C:\Windows\system32\WS2_32.dll
0x000007fefeb70000 - 0x000007fefeb78000 	C:\Windows\system32\NSI.dll
0x000007fef9ca0000 - 0x000007fef9cdb000 	C:\Windows\system32\WINMM.dll
0x000007fefbe60000 - 0x000007fefbe6c000 	C:\Windows\system32\VERSION.dll
0x0000000076f80000 - 0x0000000076f87000 	C:\Windows\system32\PSAPI.DLL
0x000007fef7d60000 - 0x000007fef7d6f000 	C:\Program Files\Android\Android Studio\jre\jre\bin\verify.dll
0x000007fef0050000 - 0x000007fef0079000 	C:\Program Files\Android\Android Studio\jre\jre\bin\java.dll
0x000007fef3770000 - 0x000007fef3786000 	C:\Program Files\Android\Android Studio\jre\jre\bin\zip.dll
0x000007fefddb0000 - 0x000007fefeb36000 	C:\Windows\system32\SHELL32.dll
0x000007fefeec0000 - 0x000007feff0c1000 	C:\Windows\system32\ole32.dll
0x000007fefd230000 - 0x000007fefd23f000 	C:\Windows\system32\profapi.dll
0x000007fef74c0000 - 0x000007fef74da000 	C:\Program Files\Android\Android Studio\jre\jre\bin\net.dll
0x000007fefc760000 - 0x000007fefc7b4000 	C:\Windows\system32\mswsock.dll
0x000007fefc750000 - 0x000007fefc757000 	C:\Windows\System32\wship6.dll
0x000007fef3750000 - 0x000007fef3761000 	C:\Program Files\Android\Android Studio\jre\jre\bin\nio.dll
0x000007feefee0000 - 0x000007feefefe000 	C:\Users\Public\.gradle\native\25\windows-amd64\native-platform.dll
0x000007fef7dd0000 - 0x000007fef7ddd000 	C:\Program Files\Android\Android Studio\jre\jre\bin\management.dll
0x000007fefc800000 - 0x000007fefc817000 	C:\Windows\system32\CRYPTSP.dll
0x000007fefc4c0000 - 0x000007fefc507000 	C:\Windows\system32\rsaenh.dll
0x000007fefcd10000 - 0x000007fefcd2e000 	C:\Windows\system32\USERENV.dll
0x000007fefd160000 - 0x000007fefd16f000 	C:\Windows\system32\CRYPTBASE.dll
0x000007fefabd0000 - 0x000007fefabf7000 	C:\Windows\system32\IPHLPAPI.DLL
0x000007fefabb0000 - 0x000007fefabbb000 	C:\Windows\system32\WINNSI.DLL
0x000007fefaa40000 - 0x000007fefaa51000 	C:\Windows\system32\dhcpcsvc6.DLL
0x000007fefaa20000 - 0x000007fefaa38000 	C:\Windows\system32\dhcpcsvc.DLL

VM Arguments:
jvm_args: -Xmx1536m -Dfile.encoding=windows-1251 -Duser.country=RU -Duser.language=ru -Duser.variant 
java_command: org.gradle.launcher.daemon.bootstrap.GradleDaemon 4.1
java_class_path (initial): C:\Users\Public\.gradle\wrapper\dists\gradle-4.1-all\bzyivzo6n839fup2jbap0tjew\gradle-4.1\lib\gradle-launcher-4.1.jar
Launcher Type: SUN_STANDARD

Environment Variables:
JAVA_HOME=C:\Program Files\Java\jdk1.7.0\bin
CLASSPATH=.;
PATH=C:\Program Files\Java\jdk-9.0.4\bin;C:\Program Files (x86)\PC Connectivity Solution\;C:\Perl64\site\bin;C:\Perl64\bin;C:\Program Files (x86)\NVIDIA Corporation\PhysX\Common;C:\Program Files (x86)\Caminova\Document Express DjVu Plug-in\;C:\Program Files (x86)\AMD APP\bin\x86_64;C:\Program Files (x86)\AMD APP\bin\x86;C:\Windows\system32;C:\Windows;C:\Windows\System32\Wbem;C:\Program Files (x86)\ATI Technologies\ATI.ACE\Core-Static;C:\Program Files (x86)\Common Files\Symbian\tools;C:\Program Files (x86)\CSL Arm Toolchain\bin;C:\Windows\system32\wbem;C:\Program Files (x86)\IVT Corporation\BlueSoleil\Mobile;C:\Program Files (x86)\Skype\Phone\;C:\Program Files\Java\jdk-9.0.4;C:\Program Files\Common Files\Microsoft Shared\Windows Live
USERNAME=Админ
OS=Windows_NT
PROCESSOR_IDENTIFIER=AMD64 Family 15 Model 67 Stepping 2, AuthenticAMD



---------------  S Y S T E M  ---------------

OS: Windows 7 , 64 bit Build 7600 (6.1.7600.16385)

CPU:total 2 (initial active 2) (2 cores per cpu, 1 threads per core) family 15 model 67 stepping 2, cmov, cx8, fxsr, mmx, sse, sse2, sse3, mmxext, 3dnowpref, tsc

Memory: 4k page, physical 4193592k(693780k free), swap 5388512k(5736k free)

vm_info: OpenJDK 64-Bit Server VM (25.152-b01) for windows-amd64 JRE (1.8.0_152-release-915-b01), built by "builder" with MS VC++ 10.0 (VS2010)

time: Tue May 01 19:27:22 2018
elapsed time: 4 seconds (0d 0h 0m 4s)

