#
# There is insufficient memory for the Java Runtime Environment to continue.
# Native memory allocation (malloc) failed to allocate 994896 bytes for Chunk::new
# Possible reasons:
#   The system is out of physical RAM or swap space
#   In 32 bit mode, the process size limit was hit
# Possible solutions:
#   Reduce memory load on the system
#   Increase physical memory or swap space
#   Check if swap backing store is full
#   Use 64 bit Java on a 64 bit OS
#   Decrease Java heap size (-Xmx/-Xms)
#   Decrease number of Java threads
#   Decrease Java thread stack sizes (-Xss)
#   Set larger code cache with -XX:ReservedCodeCacheSize=
# This output file may be truncated or incomplete.
#
#  Out of Memory Error (allocation.cpp:390), pid=6908, tid=0x0000000000001150
#
# JRE version: OpenJDK Runtime Environment (8.0_152-b01) (build 1.8.0_152-release-915-b01)
# Java VM: OpenJDK 64-Bit Server VM (25.152-b01 mixed mode windows-amd64 compressed oops)
# Failed to write core dump. Minidumps are not enabled by default on client versions of Windows
#

---------------  T H R E A D  ---------------

Current thread (0x0000000055f53800):  JavaThread "C2 CompilerThread0" daemon [_thread_in_native, id=4432, stack(0x0000000057370000,0x0000000057470000)]

Stack: [0x0000000057370000,0x0000000057470000]
[error occurred during error reporting (printing stack bounds), id 0xc0000005]

Native frames: (J=compiled Java code, j=interpreted, Vv=VM code, C=native code)


Current CompileTask:
C2:  26919 4604   !   4       com.sun.beans.TypeResolver::resolve (274 bytes)


---------------  P R O C E S S  ---------------

Java Threads: ( => current thread )
  0x000000005aa26000 JavaThread "Memory manager" [_thread_blocked, id=6076, stack(0x000000005e210000,0x000000005e310000)]
  0x000000005ad31000 JavaThread "build operations Thread 2" [_thread_blocked, id=4684, stack(0x000000005dad0000,0x000000005dbd0000)]
  0x000000005ad30800 JavaThread "build operations" [_thread_blocked, id=6456, stack(0x000000005dbd0000,0x000000005dcd0000)]
  0x000000005ad2f800 JavaThread "Cache worker for Artifact transforms cache (C:\Users\Public\.gradle\caches\transforms-1)" [_thread_blocked, id=3044, stack(0x000000005d520000,0x000000005d620000)]
  0x0000000058c17800 JavaThread "Cache worker for file hash cache (C:\Flappybird\.gradle\4.1\fileHashes)" [_thread_blocked, id=3568, stack(0x000000005a860000,0x000000005a960000)]
  0x0000000058b2d000 JavaThread "File lock request listener" [_thread_in_native, id=3476, stack(0x000000005a030000,0x000000005a130000)]
  0x0000000058d66000 JavaThread "Cache worker for file hash cache (C:\Users\Public\.gradle\caches\4.1\fileHashes)" [_thread_blocked, id=6524, stack(0x000000005a490000,0x000000005a590000)]
  0x00000000589c4000 JavaThread "Stdin handler" [_thread_blocked, id=5156, stack(0x000000005a360000,0x000000005a460000)]
  0x0000000058940000 JavaThread "Asynchronous log dispatcher for DefaultDaemonConnection: socket connection from /127.0.0.1:64202 to /127.0.0.1:64203" [_thread_blocked, id=4780, stack(0x000000005a1c0000,0x000000005a2c0000)]
  0x000000005893b000 JavaThread "Daemon worker" [_thread_in_native, id=5984, stack(0x0000000059ed0000,0x0000000059fd0000)]
  0x00000000589a9000 JavaThread "Cancel handler" [_thread_blocked, id=4304, stack(0x0000000058410000,0x0000000058510000)]
  0x0000000058914000 JavaThread "Handler for socket connection from /127.0.0.1:64202 to /127.0.0.1:64203" [_thread_in_native, id=6704, stack(0x0000000056ca0000,0x0000000056da0000)]
  0x00000000588c3800 JavaThread "Daemon" [_thread_blocked, id=4496, stack(0x0000000059b80000,0x0000000059c80000)]
  0x00000000588c1800 JavaThread "Daemon periodic checks" [_thread_blocked, id=5476, stack(0x0000000059a00000,0x0000000059b00000)]
  0x00000000588bc000 JavaThread "Incoming local TCP Connector on port 64202" [_thread_in_native, id=6664, stack(0x00000000598a0000,0x00000000599a0000)]
  0x0000000055f6b000 JavaThread "Service Thread" daemon [_thread_blocked, id=4652, stack(0x0000000057060000,0x0000000057160000)]
  0x0000000055f58800 JavaThread "C1 CompilerThread1" daemon [_thread_blocked, id=5652, stack(0x0000000057500000,0x0000000057600000)]
=>0x0000000055f53800 JavaThread "C2 CompilerThread0" daemon [_thread_in_native, id=4432, stack(0x0000000057370000,0x0000000057470000)]
  0x0000000055f52800 JavaThread "Attach Listener" daemon [_thread_blocked, id=5336, stack(0x00000000571f0000,0x00000000572f0000)]
  0x0000000055f51800 JavaThread "Signal Dispatcher" daemon [_thread_blocked, id=1368, stack(0x0000000056f40000,0x0000000057040000)]
  0x0000000055f3e000 JavaThread "Finalizer" daemon [_thread_blocked, id=6856, stack(0x0000000056db0000,0x0000000056eb0000)]
  0x0000000055ef5000 JavaThread "Reference Handler" daemon [_thread_blocked, id=4960, stack(0x0000000056ba0000,0x0000000056ca0000)]
  0x000000000028e800 JavaThread "main" [_thread_blocked, id=5936, stack(0x0000000002280000,0x0000000002380000)]

Other Threads:
  0x0000000055eed000 VMThread [stack: 0x0000000056a10000,0x0000000056b10000] [id=6336]
  0x0000000055f6d000 WatcherThread [stack: 0x0000000057650000,0x0000000057750000] [id=3552]

VM state:not at safepoint (normal execution)

VM Mutex/Monitor currently owned by a thread: None

Heap:
 PSYoungGen      total 111104K, used 19538K [0x00000000e0000000, 0x00000000e7800000, 0x0000000100000000)
  eden space 102912K, 11% used [0x00000000e0000000,0x00000000e0b19cb0,0x00000000e6480000)
  from space 8192K, 99% used [0x00000000e7000000,0x00000000e77fac00,0x00000000e7800000)
  to   space 9728K, 0% used [0x00000000e6500000,0x00000000e6500000,0x00000000e6e80000)
 ParOldGen       total 36864K, used 19164K [0x00000000a0000000, 0x00000000a2400000, 0x00000000e0000000)
  object space 36864K, 51% used [0x00000000a0000000,0x00000000a12b7290,0x00000000a2400000)
 Metaspace       used 41797K, capacity 42606K, committed 42968K, reserved 1087488K
  class space    used 5564K, capacity 5840K, committed 5888K, reserved 1048576K

Card table byte_map: [0x0000000011a10000,0x0000000011d20000] byte_map_base: 0x0000000011510000

Marking Bits: (ParMarkBitMap*) 0x0000000061a43950
 Begin Bits: [0x00000000122c0000, 0x0000000013ac0000)
 End Bits:   [0x0000000013ac0000, 0x00000000152c0000)

Polling page: 0x0000000000240000

CodeCache: size=245760Kb used=14301Kb max_used=14301Kb free=231458Kb
 bounds [0x0000000002650000, 0x0000000003460000, 0x0000000011650000]
 total_blobs=4904 nmethods=4184 adapters=633
 compilation: enabled

Compilation events (10 events):
Event: 26.800 Thread 0x0000000055f58800 4633       2       java.util.regex.Pattern$BitClass::add (97 bytes)
Event: 26.801 Thread 0x0000000055f58800 nmethod 4633 0x0000000003452fd0 code [0x0000000003453180, 0x0000000003453518]
Event: 26.812 Thread 0x0000000055f58800 4634       2       java.lang.invoke.MemberName::getType (19 bytes)
Event: 26.813 Thread 0x0000000055f58800 nmethod 4634 0x0000000003453810 code [0x0000000003453980, 0x0000000003453b58]
Event: 26.813 Thread 0x0000000055f58800 4635       2       jdk.internal.org.objectweb.asm.MethodWriter::noSuccessor (87 bytes)
Event: 26.814 Thread 0x0000000055f58800 nmethod 4635 0x0000000003453c10 code [0x0000000003453d80, 0x0000000003454088]
Event: 26.814 Thread 0x0000000055f58800 4636       2       jdk.internal.org.objectweb.asm.MethodWriter::visitLabel (281 bytes)
Event: 26.815 Thread 0x0000000055f58800 nmethod 4636 0x00000000034541d0 code [0x0000000003454360, 0x0000000003454828]
Event: 26.851 Thread 0x0000000055f58800 4637       2       java.util.regex.Pattern$Curly::study (153 bytes)
Event: 26.852 Thread 0x0000000055f58800 nmethod 4637 0x0000000003454a10 code [0x0000000003454b80, 0x0000000003454e18]

GC Heap History (10 events):
Event: 13.356 GC heap before
{Heap before GC invocations=8 (full 1):
 PSYoungGen      total 72192K, used 64512K [0x00000000e0000000, 0x00000000e5100000, 0x0000000100000000)
  eden space 64512K, 100% used [0x00000000e0000000,0x00000000e3f00000,0x00000000e3f00000)
  from space 7680K, 0% used [0x00000000e4780000,0x00000000e4780000,0x00000000e4f00000)
  to   space 8704K, 0% used [0x00000000e3f00000,0x00000000e3f00000,0x00000000e4780000)
 ParOldGen       total 36864K, used 10270K [0x00000000a0000000, 0x00000000a2400000, 0x00000000e0000000)
  object space 36864K, 27% used [0x00000000a0000000,0x00000000a0a07b10,0x00000000a2400000)
 Metaspace       used 25708K, capacity 26248K, committed 26496K, reserved 1073152K
  class space    used 3503K, capacity 3681K, committed 3712K, reserved 1048576K
Event: 13.379 GC heap after
Heap after GC invocations=8 (full 1):
 PSYoungGen      total 73216K, used 7005K [0x00000000e0000000, 0x00000000e7900000, 0x0000000100000000)
  eden space 64512K, 0% used [0x00000000e0000000,0x00000000e0000000,0x00000000e3f00000)
  from space 8704K, 80% used [0x00000000e3f00000,0x00000000e45d7568,0x00000000e4780000)
  to   space 9216K, 0% used [0x00000000e7000000,0x00000000e7000000,0x00000000e7900000)
 ParOldGen       total 36864K, used 10270K [0x00000000a0000000, 0x00000000a2400000, 0x00000000e0000000)
  object space 36864K, 27% used [0x00000000a0000000,0x00000000a0a07b10,0x00000000a2400000)
 Metaspace       used 25708K, capacity 26248K, committed 26496K, reserved 1073152K
  class space    used 3503K, capacity 3681K, committed 3712K, reserved 1048576K
}
Event: 17.098 GC heap before
{Heap before GC invocations=9 (full 1):
 PSYoungGen      total 73216K, used 71517K [0x00000000e0000000, 0x00000000e7900000, 0x0000000100000000)
  eden space 64512K, 100% used [0x00000000e0000000,0x00000000e3f00000,0x00000000e3f00000)
  from space 8704K, 80% used [0x00000000e3f00000,0x00000000e45d7568,0x00000000e4780000)
  to   space 9216K, 0% used [0x00000000e7000000,0x00000000e7000000,0x00000000e7900000)
 ParOldGen       total 36864K, used 10270K [0x00000000a0000000, 0x00000000a2400000, 0x00000000e0000000)
  object space 36864K, 27% used [0x00000000a0000000,0x00000000a0a07b10,0x00000000a2400000)
 Metaspace       used 29996K, capacity 30418K, committed 30720K, reserved 1075200K
  class space    used 4070K, capacity 4238K, committed 4352K, reserved 1048576K
Event: 17.133 GC heap after
Heap after GC invocations=9 (full 1):
 PSYoungGen      total 111104K, used 7798K [0x00000000e0000000, 0x00000000e7800000, 0x0000000100000000)
  eden space 102912K, 0% used [0x00000000e0000000,0x00000000e0000000,0x00000000e6480000)
  from space 8192K, 95% used [0x00000000e7000000,0x00000000e779dac8,0x00000000e7800000)
  to   space 9728K, 0% used [0x00000000e6500000,0x00000000e6500000,0x00000000e6e80000)
 ParOldGen       total 36864K, used 10278K [0x00000000a0000000, 0x00000000a2400000, 0x00000000e0000000)
  object space 36864K, 27% used [0x00000000a0000000,0x00000000a0a09b10,0x00000000a2400000)
 Metaspace       used 29996K, capacity 30418K, committed 30720K, reserved 1075200K
  class space    used 4070K, capacity 4238K, committed 4352K, reserved 1048576K
}
Event: 22.995 GC heap before
{Heap before GC invocations=10 (full 1):
 PSYoungGen      total 111104K, used 66499K [0x00000000e0000000, 0x00000000e7800000, 0x0000000100000000)
  eden space 102912K, 57% used [0x00000000e0000000,0x00000000e3953330,0x00000000e6480000)
  from space 8192K, 95% used [0x00000000e7000000,0x00000000e779dac8,0x00000000e7800000)
  to   space 9728K, 0% used [0x00000000e6500000,0x00000000e6500000,0x00000000e6e80000)
 ParOldGen       total 36864K, used 10278K [0x00000000a0000000, 0x00000000a2400000, 0x00000000e0000000)
  object space 36864K, 27% used [0x00000000a0000000,0x00000000a0a09b10,0x00000000a2400000)
 Metaspace       used 34717K, capacity 35264K, committed 35416K, reserved 1079296K
  class space    used 4684K, capacity 4946K, committed 4992K, reserved 1048576K
Event: 23.026 GC heap after
Heap after GC invocations=10 (full 1):
 PSYoungGen      total 112640K, used 9697K [0x00000000e0000000, 0x00000000e7800000, 0x0000000100000000)
  eden space 102912K, 0% used [0x00000000e0000000,0x00000000e0000000,0x00000000e6480000)
  from space 9728K, 99% used [0x00000000e6500000,0x00000000e6e78480,0x00000000e6e80000)
  to   space 8192K, 0% used [0x00000000e7000000,0x00000000e7000000,0x00000000e7800000)
 ParOldGen       total 36864K, used 10375K [0x00000000a0000000, 0x00000000a2400000, 0x00000000e0000000)
  object space 36864K, 28% used [0x00000000a0000000,0x00000000a0a21eb0,0x00000000a2400000)
 Metaspace       used 34717K, capacity 35264K, committed 35416K, reserved 1079296K
  class space    used 4684K, capacity 4946K, committed 4992K, reserved 1048576K
}
Event: 23.026 GC heap before
{Heap before GC invocations=11 (full 2):
 PSYoungGen      total 112640K, used 9697K [0x00000000e0000000, 0x00000000e7800000, 0x0000000100000000)
  eden space 102912K, 0% used [0x00000000e0000000,0x00000000e0000000,0x00000000e6480000)
  from space 9728K, 99% used [0x00000000e6500000,0x00000000e6e78480,0x00000000e6e80000)
  to   space 8192K, 0% used [0x00000000e7000000,0x00000000e7000000,0x00000000e7800000)
 ParOldGen       total 36864K, used 10375K [0x00000000a0000000, 0x00000000a2400000, 0x00000000e0000000)
  object space 36864K, 28% used [0x00000000a0000000,0x00000000a0a21eb0,0x00000000a2400000)
 Metaspace       used 34717K, capacity 35264K, committed 35416K, reserved 1079296K
  class space    used 4684K, capacity 4946K, committed 4992K, reserved 1048576K
Event: 23.212 GC heap after
Heap after GC invocations=11 (full 2):
 PSYoungGen      total 112640K, used 0K [0x00000000e0000000, 0x00000000e7800000, 0x0000000100000000)
  eden space 102912K, 0% used [0x00000000e0000000,0x00000000e0000000,0x00000000e6480000)
  from space 9728K, 0% used [0x00000000e6500000,0x00000000e6500000,0x00000000e6e80000)
  to   space 8192K, 0% used [0x00000000e7000000,0x00000000e7000000,0x00000000e7800000)
 ParOldGen       total 36864K, used 15800K [0x00000000a0000000, 0x00000000a2400000, 0x00000000e0000000)
  object space 36864K, 42% used [0x00000000a0000000,0x00000000a0f6e0b0,0x00000000a2400000)
 Metaspace       used 34717K, capacity 35264K, committed 35416K, reserved 1079296K
  class space    used 4684K, capacity 4946K, committed 4992K, reserved 1048576K
}
Event: 26.599 GC heap before
{Heap before GC invocations=12 (full 2):
 PSYoungGen      total 112640K, used 102912K [0x00000000e0000000, 0x00000000e7800000, 0x0000000100000000)
  eden space 102912K, 100% used [0x00000000e0000000,0x00000000e6480000,0x00000000e6480000)
  from space 9728K, 0% used [0x00000000e6500000,0x00000000e6500000,0x00000000e6e80000)
  to   space 8192K, 0% used [0x00000000e7000000,0x00000000e7000000,0x00000000e7800000)
 ParOldGen       total 36864K, used 15800K [0x00000000a0000000, 0x00000000a2400000, 0x00000000e0000000)
  object space 36864K, 42% used [0x00000000a0000000,0x00000000a0f6e0b0,0x00000000a2400000)
 Metaspace       used 41249K, capacity 41948K, committed 42328K, reserved 1085440K
  class space    used 5473K, capacity 5709K, committed 5760K, reserved 1048576K
Event: 26.631 GC heap after
Heap after GC invocations=12 (full 2):
 PSYoungGen      total 111104K, used 8171K [0x00000000e0000000, 0x00000000e7800000, 0x0000000100000000)
  eden space 102912K, 0% used [0x00000000e0000000,0x00000000e0000000,0x00000000e6480000)
  from space 8192K, 99% used [0x00000000e7000000,0x00000000e77fac00,0x00000000e7800000)
  to   space 9728K, 0% used [0x00000000e6500000,0x00000000e6500000,0x00000000e6e80000)
 ParOldGen       total 36864K, used 19164K [0x00000000a0000000, 0x00000000a2400000, 0x00000000e0000000)
  object space 36864K, 51% used [0x00000000a0000000,0x00000000a12b7290,0x00000000a2400000)
 Metaspace       used 41249K, capacity 41948K, committed 42328K, reserved 1085440K
  class space    used 5473K, capacity 5709K, committed 5760K, reserved 1048576K
}

Deoptimization events (10 events):
Event: 24.328 Thread 0x000000005893b000 Uncommon trap: reason=unstable_if action=reinterpret pc=0x0000000003001e3c method=java.util.HashMap.removeNode(ILjava/lang/Object;Ljava/lang/Object;ZZ)Ljava/util/HashMap$Node; @ 58
Event: 24.370 Thread 0x000000005893b000 Uncommon trap: reason=unstable_if action=reinterpret pc=0x0000000002e51e34 method=java.util.HashMap.putVal(ILjava/lang/Object;Ljava/lang/Object;ZZ)Ljava/lang/Object; @ 162
Event: 24.372 Thread 0x000000005893b000 Uncommon trap: reason=unstable_if action=reinterpret pc=0x00000000028fc628 method=java.util.HashMap.resize()[Ljava/util/HashMap$Node; @ 206
Event: 25.047 Thread 0x000000005893b000 Uncommon trap: reason=unstable_if action=reinterpret pc=0x0000000002b1c46c method=java.lang.CharacterDataLatin1.isWhitespace(I)Z @ 14
Event: 25.148 Thread 0x000000005893b000 Uncommon trap: reason=unstable_if action=reinterpret pc=0x00000000027d189c method=java.security.CodeSource.getCertificates()[Ljava/security/cert/Certificate; @ 22
Event: 25.149 Thread 0x000000005893b000 Uncommon trap: reason=unstable_if action=reinterpret pc=0x0000000002b79274 method=java.util.jar.JarFile.maybeInstantiateVerifier()V @ 75
Event: 25.916 Thread 0x000000005893b000 Uncommon trap: reason=bimorphic action=maybe_recompile pc=0x00000000033793bc method=java.util.Hashtable.get(Ljava/lang/Object;)Ljava/lang/Object; @ 6
Event: 25.959 Thread 0x000000005893b000 Uncommon trap: reason=bimorphic action=maybe_recompile pc=0x00000000033793bc method=java.util.Hashtable.get(Ljava/lang/Object;)Ljava/lang/Object; @ 6
Event: 25.974 Thread 0x000000005893b000 Uncommon trap: reason=bimorphic action=maybe_recompile pc=0x00000000033793bc method=java.util.Hashtable.get(Ljava/lang/Object;)Ljava/lang/Object; @ 6
Event: 25.975 Thread 0x000000005893b000 Uncommon trap: reason=bimorphic action=maybe_recompile pc=0x00000000033793bc method=java.util.Hashtable.get(Ljava/lang/Object;)Ljava/lang/Object; @ 6

Classes redefined (0 events):
No events

Internal exceptions (10 events):
Event: 26.685 Thread 0x000000005893b000 Exception <a 'java/lang/ClassNotFoundException': build_1rdh1xj07y83c44pj1i8lvur7$_run_closure1BeanInfo> (0x00000000e0381f70) thrown at [D:\src\AOSP-openjdk-cygwin\jdk8u\hotspot\src\share\vm\classfile\systemDictionary.cpp, line 210]
Event: 26.686 Thread 0x000000005893b000 Exception <a 'java/lang/ClassNotFoundException': build_1rdh1xj07y83c44pj1i8lvur7$_run_closure1Customizer> (0x00000000e03909b8) thrown at [D:\src\AOSP-openjdk-cygwin\jdk8u\hotspot\src\share\vm\classfile\systemDictionary.cpp, line 210]
Event: 26.738 Thread 0x000000005893b000 Exception <a 'java/lang/ClassNotFoundException': org/gradle/api/internal/file/collections/DefaultConfigurableFileTreeBeanInfo> (0x00000000e047e650) thrown at [D:\src\AOSP-openjdk-cygwin\jdk8u\hotspot\src\share\vm\classfile\systemDictionary.cpp, line 210]
Event: 26.739 Thread 0x000000005893b000 Exception <a 'java/lang/ClassNotFoundException': org/gradle/api/internal/file/CompositeFileTreeBeanInfo> (0x00000000e04aa0e0) thrown at [D:\src\AOSP-openjdk-cygwin\jdk8u\hotspot\src\share\vm\classfile\systemDictionary.cpp, line 210]
Event: 26.741 Thread 0x000000005893b000 Exception <a 'java/lang/ClassNotFoundException': org/gradle/api/internal/file/CompositeFileCollectionBeanInfo> (0x00000000e04d9448) thrown at [D:\src\AOSP-openjdk-cygwin\jdk8u\hotspot\src\share\vm\classfile\systemDictionary.cpp, line 210]
Event: 26.742 Thread 0x000000005893b000 Exception <a 'java/lang/ClassNotFoundException': org/gradle/api/internal/file/AbstractFileCollectionBeanInfo> (0x00000000e05087b0) thrown at [D:\src\AOSP-openjdk-cygwin\jdk8u\hotspot\src\share\vm\classfile\systemDictionary.cpp, line 210]
Event: 26.743 Thread 0x000000005893b000 Exception <a 'java/lang/ClassNotFoundException': org/gradle/api/internal/file/AbstractFileCollectionCustomizer> (0x00000000e0538770) thrown at [D:\src\AOSP-openjdk-cygwin\jdk8u\hotspot\src\share\vm\classfile\systemDictionary.cpp, line 210]
Event: 26.745 Thread 0x000000005893b000 Exception <a 'java/lang/ClassNotFoundException': org/gradle/api/internal/file/CompositeFileCollectionCustomizer> (0x00000000e0579900) thrown at [D:\src\AOSP-openjdk-cygwin\jdk8u\hotspot\src\share\vm\classfile\systemDictionary.cpp, line 210]
Event: 26.748 Thread 0x000000005893b000 Exception <a 'java/lang/ClassNotFoundException': org/gradle/api/internal/file/CompositeFileTreeCustomizer> (0x00000000e05b59d0) thrown at [D:\src\AOSP-openjdk-cygwin\jdk8u\hotspot\src\share\vm\classfile\systemDictionary.cpp, line 210]
Event: 26.750 Thread 0x000000005893b000 Exception <a 'java/lang/ClassNotFoundException': org/gradle/api/internal/file/collections/DefaultConfigurableFileTreeCustomizer> (0x00000000e05f98b8) thrown at [D:\src\AOSP-openjdk-cygwin\jdk8u\hotspot\src\share\vm\classfile\systemDictionary.cpp, line 210

Events (10 events):
Event: 26.907 loading class com/android/repository/impl/manager/RepoManagerImpl$LocalRepoLoaderFactory
Event: 26.907 loading class com/android/repository/impl/manager/RepoManagerImpl$LocalRepoLoaderFactory done
Event: 26.907 loading class com/android/repository/impl/manager/RepoManagerImpl$RemoteRepoLoaderFactory
Event: 26.907 loading class com/android/repository/impl/manager/RepoManagerImpl$RemoteRepoLoaderFactory done
Event: 26.908 loading class com/android/repository/api/ProgressRunner$ProgressRunnable
Event: 26.908 loading class com/android/repository/api/ProgressRunner$ProgressRunnable done
Event: 26.909 loading class com/android/repository/impl/meta/RepositoryPackages
Event: 26.909 loading class com/android/repository/impl/meta/RepositoryPackages done
Event: 26.910 loading class com/google/common/collect/TreeMultimap
Event: 26.910 loading class com/google/common/collect/TreeMultimap done


Dynamic libraries:
0x000000013f110000 - 0x000000013f141000 	C:\Program Files\Android\Android Studio\jre\bin\java.exe
0x0000000077840000 - 0x00000000779eb000 	C:\Windows\SYSTEM32\ntdll.dll
0x0000000077160000 - 0x000000007727f000 	C:\Windows\system32\kernel32.dll
0x000007fefdfd0000 - 0x000007fefe03b000 	C:\Windows\system32\KERNELBASE.dll
0x000007fefe5b0000 - 0x000007fefe68b000 	C:\Windows\system32\ADVAPI32.dll
0x000007feffab0000 - 0x000007feffb4f000 	C:\Windows\system32\msvcrt.dll
0x000007fefe910000 - 0x000007fefe92f000 	C:\Windows\SYSTEM32\sechost.dll
0x000007fefe090000 - 0x000007fefe1be000 	C:\Windows\system32\RPCRT4.dll
0x0000000077740000 - 0x000000007783a000 	C:\Windows\system32\USER32.dll
0x000007fefe930000 - 0x000007fefe997000 	C:\Windows\system32\GDI32.dll
0x000007fefe080000 - 0x000007fefe08e000 	C:\Windows\system32\LPK.dll
0x000007fefe690000 - 0x000007fefe75a000 	C:\Windows\system32\USP10.dll
0x000007fefcb80000 - 0x000007fefcd74000 	C:\Windows\WinSxS\amd64_microsoft.windows.common-controls_6595b64144ccf1df_6.0.7600.16385_none_fa645303170382f6\COMCTL32.dll
0x000007fefe3a0000 - 0x000007fefe411000 	C:\Windows\system32\SHLWAPI.dll
0x000007feff820000 - 0x000007feff84e000 	C:\Windows\system32\IMM32.DLL
0x000007fefe800000 - 0x000007fefe909000 	C:\Windows\system32\MSCTF.dll
0x000000005c3a0000 - 0x000000005c472000 	C:\Program Files\Android\Android Studio\jre\jre\bin\msvcr100.dll
0x0000000061280000 - 0x0000000061abe000 	C:\Program Files\Android\Android Studio\jre\jre\bin\server\jvm.dll
0x000007fefb690000 - 0x000007fefb699000 	C:\Windows\system32\WSOCK32.dll
0x000007fefe9a0000 - 0x000007fefe9ed000 	C:\Windows\system32\WS2_32.dll
0x000007fefe5a0000 - 0x000007fefe5a8000 	C:\Windows\system32\NSI.dll
0x000007fefa9f0000 - 0x000007fefaa2b000 	C:\Windows\system32\WINMM.dll
0x000007fefc900000 - 0x000007fefc90c000 	C:\Windows\system32\VERSION.dll
0x0000000077a00000 - 0x0000000077a07000 	C:\Windows\system32\PSAPI.DLL
0x000007fef5250000 - 0x000007fef525f000 	C:\Program Files\Android\Android Studio\jre\jre\bin\verify.dll
0x000007fef5140000 - 0x000007fef5169000 	C:\Program Files\Android\Android Studio\jre\jre\bin\java.dll
0x000007fef4b50000 - 0x000007fef4b66000 	C:\Program Files\Android\Android Studio\jre\jre\bin\zip.dll
0x000007fefea90000 - 0x000007feff816000 	C:\Windows\system32\SHELL32.dll
0x000007feff850000 - 0x000007feffa51000 	C:\Windows\system32\ole32.dll
0x000007fefdcb0000 - 0x000007fefdcbf000 	C:\Windows\system32\profapi.dll
0x000007fef4a70000 - 0x000007fef4a8a000 	C:\Program Files\Android\Android Studio\jre\jre\bin\net.dll
0x000007fefd1e0000 - 0x000007fefd234000 	C:\Windows\system32\mswsock.dll
0x000007fefd1d0000 - 0x000007fefd1d7000 	C:\Windows\System32\wship6.dll
0x000007fef1510000 - 0x000007fef1521000 	C:\Program Files\Android\Android Studio\jre\jre\bin\nio.dll
0x000007fef11b0000 - 0x000007fef11ce000 	C:\Users\Public\.gradle\native\25\windows-amd64\native-platform.dll
0x000007fef5240000 - 0x000007fef524d000 	C:\Program Files\Android\Android Studio\jre\jre\bin\management.dll
0x000007fefd240000 - 0x000007fefd257000 	C:\Windows\system32\CRYPTSP.dll
0x000007fefcf40000 - 0x000007fefcf87000 	C:\Windows\system32\rsaenh.dll
0x000007fefcad0000 - 0x000007fefcaee000 	C:\Windows\system32\USERENV.dll
0x000007fefdbe0000 - 0x000007fefdbef000 	C:\Windows\system32\CRYPTBASE.dll
0x000007fefb640000 - 0x000007fefb667000 	C:\Windows\system32\IPHLPAPI.DLL
0x000007fefb630000 - 0x000007fefb63b000 	C:\Windows\system32\WINNSI.DLL
0x000007fefb4c0000 - 0x000007fefb4d1000 	C:\Windows\system32\dhcpcsvc6.DLL
0x000007fefb4a0000 - 0x000007fefb4b8000 	C:\Windows\system32\dhcpcsvc.DLL

VM Arguments:
jvm_args: -Xmx1536m -Dfile.encoding=windows-1251 -Duser.country=RU -Duser.language=ru -Duser.variant 
java_command: org.gradle.launcher.daemon.bootstrap.GradleDaemon 4.1
java_class_path (initial): C:\Users\Public\.gradle\wrapper\dists\gradle-4.1-all\bzyivzo6n839fup2jbap0tjew\gradle-4.1\lib\gradle-launcher-4.1.jar
Launcher Type: SUN_STANDARD

Environment Variables:
JAVA_HOME=C:\Program Files\Java\jdk1.7.0\bin
CLASSPATH=.;
PATH=C:\Program Files\Java\jdk-9.0.4\bin;C:\Program Files (x86)\PC Connectivity Solution\;C:\Perl64\site\bin;C:\Perl64\bin;C:\Program Files (x86)\NVIDIA Corporation\PhysX\Common;C:\Program Files (x86)\Caminova\Document Express DjVu Plug-in\;C:\Program Files (x86)\AMD APP\bin\x86_64;C:\Program Files (x86)\AMD APP\bin\x86;C:\Windows\system32;C:\Windows;C:\Windows\System32\Wbem;C:\Program Files (x86)\ATI Technologies\ATI.ACE\Core-Static;C:\Program Files (x86)\Common Files\Symbian\tools;C:\Program Files (x86)\CSL Arm Toolchain\bin;C:\Windows\system32\wbem;C:\Program Files (x86)\IVT Corporation\BlueSoleil\Mobile;C:\Program Files (x86)\Skype\Phone\;C:\Program Files\Java\jdk-9.0.4;C:\Program Files\Common Files\Microsoft Shared\Windows Live
USERNAME=Админ
OS=Windows_NT
PROCESSOR_IDENTIFIER=AMD64 Family 15 Model 67 Stepping 2, AuthenticAMD



---------------  S Y S T E M  ---------------

OS: Windows 7 , 64 bit Build 7600 (6.1.7600.16385)

CPU:total 2 (initial active 2) (2 cores per cpu, 1 threads per core) family 15 model 67 stepping 2, cmov, cx8, fxsr, mmx, sse, sse2, sse3, mmxext, 3dnowpref, tsc

Memory: 4k page, physical 4193592k(675944k free), swap 5459300k(5040k free)

vm_info: OpenJDK 64-Bit Server VM (25.152-b01) for windows-amd64 JRE (1.8.0_152-release-915-b01), built by "builder" with MS VC++ 10.0 (VS2010)

time: Fri Apr 27 18:26:14 2018
elapsed time: 26 seconds (0d 0h 0m 26s)

