#
# There is insufficient memory for the Java Runtime Environment to continue.
# Native memory allocation (malloc) failed to allocate 131088 bytes for Chunk::new
# Possible reasons:
#   The system is out of physical RAM or swap space
#   In 32 bit mode, the process size limit was hit
# Possible solutions:
#   Reduce memory load on the system
#   Increase physical memory or swap space
#   Check if swap backing store is full
#   Use 64 bit Java on a 64 bit OS
#   Decrease Java heap size (-Xmx/-Xms)
#   Decrease number of Java threads
#   Decrease Java thread stack sizes (-Xss)
#   Set larger code cache with -XX:ReservedCodeCacheSize=
# This output file may be truncated or incomplete.
#
#  Out of Memory Error (allocation.cpp:390), pid=3768, tid=0x00000000000002f8
#
# JRE version: OpenJDK Runtime Environment (8.0_152-b01) (build 1.8.0_152-release-915-b01)
# Java VM: OpenJDK 64-Bit Server VM (25.152-b01 mixed mode windows-amd64 compressed oops)
# Failed to write core dump. Minidumps are not enabled by default on client versions of Windows
#

---------------  T H R E A D  ---------------

Current thread (0x0000000056024000):  JavaThread "C2 CompilerThread0" daemon [_thread_in_native, id=760, stack(0x00000000570d0000,0x00000000571d0000)]

Stack: [0x00000000570d0000,0x00000000571d0000]
[error occurred during error reporting (printing stack bounds), id 0xc0000005]

Native frames: (J=compiled Java code, j=interpreted, Vv=VM code, C=native code)


Current CompileTask:
C2:   4378 1317   !   4       java.net.URLClassLoader$1::run (63 bytes)


---------------  P R O C E S S  ---------------

Java Threads: ( => current thread )
  0x0000000058a08000 JavaThread "File lock request listener" [_thread_in_native, id=4260, stack(0x000000005a7b0000,0x000000005a8b0000)]
  0x000000005898d800 JavaThread "Cache worker for file hash cache (C:\Users\Public\.gradle\caches\4.1\fileHashes)" [_thread_blocked, id=5668, stack(0x000000005a650000,0x000000005a750000)]
  0x00000000588b1000 JavaThread "Stdin handler" [_thread_blocked, id=5888, stack(0x000000005a490000,0x000000005a590000)]
  0x000000005882a000 JavaThread "Asynchronous log dispatcher for DefaultDaemonConnection: socket connection from /127.0.0.1:53357 to /127.0.0.1:53358" [_thread_blocked, id=4192, stack(0x000000005a2f0000,0x000000005a3f0000)]
  0x00000000588b6800 JavaThread "Daemon worker" [_thread_in_vm, id=2616, stack(0x000000005a190000,0x000000005a290000)]
  0x00000000588b4000 JavaThread "Cancel handler" [_thread_blocked, id=6572, stack(0x000000005a030000,0x000000005a130000)]
  0x0000000058815000 JavaThread "Handler for socket connection from /127.0.0.1:53357 to /127.0.0.1:53358" [_thread_in_native, id=6968, stack(0x0000000059c90000,0x0000000059d90000)]
  0x00000000585e2800 JavaThread "Daemon" [_thread_blocked, id=6924, stack(0x0000000059ab0000,0x0000000059bb0000)]
  0x00000000585d7800 JavaThread "Daemon periodic checks" [_thread_blocked, id=6944, stack(0x0000000059990000,0x0000000059a90000)]
  0x00000000585c7800 JavaThread "Incoming local TCP Connector on port 53357" [_thread_in_native, id=6088, stack(0x0000000059800000,0x0000000059900000)]
  0x000000005608f000 JavaThread "Service Thread" daemon [_thread_blocked, id=6860, stack(0x00000000571d0000,0x00000000572d0000)]
  0x000000005602c000 JavaThread "C1 CompilerThread1" daemon [_thread_blocked, id=4148, stack(0x0000000057300000,0x0000000057400000)]
=>0x0000000056024000 JavaThread "C2 CompilerThread0" daemon [_thread_in_native, id=760, stack(0x00000000570d0000,0x00000000571d0000)]
  0x0000000056022800 JavaThread "Attach Listener" daemon [_thread_blocked, id=4152, stack(0x0000000056f60000,0x0000000057060000)]
  0x0000000056021800 JavaThread "Signal Dispatcher" daemon [_thread_blocked, id=3588, stack(0x0000000056df0000,0x0000000056ef0000)]
  0x000000005600e000 JavaThread "Finalizer" daemon [_thread_blocked, id=2380, stack(0x0000000056950000,0x0000000056a50000)]
  0x0000000055fc5000 JavaThread "Reference Handler" daemon [_thread_blocked, id=6080, stack(0x0000000056c00000,0x0000000056d00000)]
  0x000000000226e800 JavaThread "main" [_thread_blocked, id=6780, stack(0x0000000002560000,0x0000000002660000)]

Other Threads:
  0x0000000055fbd000 VMThread [stack: 0x0000000056a60000,0x0000000056b60000] [id=3200]
  0x0000000057418800 WatcherThread [stack: 0x00000000579e0000,0x0000000057ae0000] [id=1088]

VM state:not at safepoint (normal execution)

VM Mutex/Monitor currently owned by a thread: None

Heap:
 PSYoungGen      total 35328K, used 21609K [0x00000000e0000000, 0x00000000e2500000, 0x0000000100000000)
  eden space 32768K, 58% used [0x00000000e0000000,0x00000000e12a2430,0x00000000e2000000)
  from space 2560K, 98% used [0x00000000e2280000,0x00000000e24f8020,0x00000000e2500000)
  to   space 2560K, 0% used [0x00000000e2000000,0x00000000e2000000,0x00000000e2280000)
 ParOldGen       total 44032K, used 4096K [0x00000000a0000000, 0x00000000a2b00000, 0x00000000e0000000)
  object space 44032K, 9% used [0x00000000a0000000,0x00000000a0400198,0x00000000a2b00000)
 Metaspace       used 14108K, capacity 14482K, committed 14720K, reserved 1062912K
  class space    used 1968K, capacity 2119K, committed 2176K, reserved 1048576K

Card table byte_map: [0x0000000011cf0000,0x0000000012000000] byte_map_base: 0x00000000117f0000

Marking Bits: (ParMarkBitMap*) 0x000000005bf63950
 Begin Bits: [0x0000000012390000, 0x0000000013b90000)
 End Bits:   [0x0000000013b90000, 0x0000000015390000)

Polling page: 0x0000000000250000

CodeCache: size=245760Kb used=4571Kb max_used=4580Kb free=241188Kb
 bounds [0x0000000002930000, 0x0000000002db0000, 0x0000000011930000]
 total_blobs=1678 nmethods=1314 adapters=278
 compilation: enabled

Compilation events (10 events):
Event: 4.256 Thread 0x000000005602c000 nmethod 1312 0x0000000002d8d710 code [0x0000000002d8d860, 0x0000000002d8d990]
Event: 4.261 Thread 0x000000005602c000 1313       1       org.gradle.internal.service.AbstractServiceMethod::getParameterTypes (5 bytes)
Event: 4.261 Thread 0x000000005602c000 nmethod 1313 0x0000000002d8b8d0 code [0x0000000002d8ba20, 0x0000000002d8bb30]
Event: 4.261 Thread 0x000000005602c000 1314       3       org.gradle.internal.service.DefaultServiceRegistry::extractServiceType (40 bytes)
Event: 4.261 Thread 0x000000005602c000 nmethod 1314 0x0000000002da2450 code [0x0000000002da2600, 0x0000000002da2c58]
Event: 4.277 Thread 0x000000005602c000 1315       3       java.io.File::getAbsoluteFile (21 bytes)
Event: 4.277 Thread 0x000000005602c000 nmethod 1315 0x0000000002da1d90 code [0x0000000002da1f20, 0x0000000002da22d8]
Event: 4.302 Thread 0x0000000056024000 1316   !   4       java.net.URLClassLoader::findClass (47 bytes)
Event: 4.305 Thread 0x0000000056024000 nmethod 1316 0x0000000002da1850 code [0x0000000002da19e0, 0x0000000002da1bb8]
Event: 4.341 Thread 0x0000000056024000 1317   !   4       java.net.URLClassLoader$1::run (63 bytes)

GC Heap History (8 events):
Event: 1.171 GC heap before
{Heap before GC invocations=1 (full 0):
 PSYoungGen      total 18944K, used 16384K [0x00000000e0000000, 0x00000000e1500000, 0x0000000100000000)
  eden space 16384K, 100% used [0x00000000e0000000,0x00000000e1000000,0x00000000e1000000)
  from space 2560K, 0% used [0x00000000e1280000,0x00000000e1280000,0x00000000e1500000)
  to   space 2560K, 0% used [0x00000000e1000000,0x00000000e1000000,0x00000000e1280000)
 ParOldGen       total 44032K, used 0K [0x00000000a0000000, 0x00000000a2b00000, 0x00000000e0000000)
  object space 44032K, 0% used [0x00000000a0000000,0x00000000a0000000,0x00000000a2b00000)
 Metaspace       used 6182K, capacity 6328K, committed 6528K, reserved 1056768K
  class space    used 757K, capacity 813K, committed 896K, reserved 1048576K
Event: 1.179 GC heap after
Heap after GC invocations=1 (full 0):
 PSYoungGen      total 18944K, used 2537K [0x00000000e0000000, 0x00000000e1500000, 0x0000000100000000)
  eden space 16384K, 0% used [0x00000000e0000000,0x00000000e0000000,0x00000000e1000000)
  from space 2560K, 99% used [0x00000000e1000000,0x00000000e127a718,0x00000000e1280000)
  to   space 2560K, 0% used [0x00000000e1280000,0x00000000e1280000,0x00000000e1500000)
 ParOldGen       total 44032K, used 470K [0x00000000a0000000, 0x00000000a2b00000, 0x00000000e0000000)
  object space 44032K, 1% used [0x00000000a0000000,0x00000000a0075810,0x00000000a2b00000)
 Metaspace       used 6182K, capacity 6328K, committed 6528K, reserved 1056768K
  class space    used 757K, capacity 813K, committed 896K, reserved 1048576K
}
Event: 1.681 GC heap before
{Heap before GC invocations=2 (full 0):
 PSYoungGen      total 18944K, used 18840K [0x00000000e0000000, 0x00000000e1500000, 0x0000000100000000)
  eden space 16384K, 99% used [0x00000000e0000000,0x00000000e0febac0,0x00000000e1000000)
  from space 2560K, 99% used [0x00000000e1000000,0x00000000e127a718,0x00000000e1280000)
  to   space 2560K, 0% used [0x00000000e1280000,0x00000000e1280000,0x00000000e1500000)
 ParOldGen       total 44032K, used 470K [0x00000000a0000000, 0x00000000a2b00000, 0x00000000e0000000)
  object space 44032K, 1% used [0x00000000a0000000,0x00000000a0075810,0x00000000a2b00000)
 Metaspace       used 6918K, capacity 7128K, committed 7424K, reserved 1056768K
  class space    used 838K, capacity 909K, committed 1024K, reserved 1048576K
Event: 1.690 GC heap after
Heap after GC invocations=2 (full 0):
 PSYoungGen      total 18944K, used 2530K [0x00000000e0000000, 0x00000000e2500000, 0x0000000100000000)
  eden space 16384K, 0% used [0x00000000e0000000,0x00000000e0000000,0x00000000e1000000)
  from space 2560K, 98% used [0x00000000e1280000,0x00000000e14f8978,0x00000000e1500000)
  to   space 2560K, 0% used [0x00000000e1000000,0x00000000e1000000,0x00000000e1280000)
 ParOldGen       total 44032K, used 551K [0x00000000a0000000, 0x00000000a2b00000, 0x00000000e0000000)
  object space 44032K, 1% used [0x00000000a0000000,0x00000000a0089d18,0x00000000a2b00000)
 Metaspace       used 6918K, capacity 7128K, committed 7424K, reserved 1056768K
  class space    used 838K, capacity 909K, committed 1024K, reserved 1048576K
}
Event: 2.587 GC heap before
{Heap before GC invocations=3 (full 0):
 PSYoungGen      total 18944K, used 18914K [0x00000000e0000000, 0x00000000e2500000, 0x0000000100000000)
  eden space 16384K, 100% used [0x00000000e0000000,0x00000000e1000000,0x00000000e1000000)
  from space 2560K, 98% used [0x00000000e1280000,0x00000000e14f8978,0x00000000e1500000)
  to   space 2560K, 0% used [0x00000000e1000000,0x00000000e1000000,0x00000000e1280000)
 ParOldGen       total 44032K, used 551K [0x00000000a0000000, 0x00000000a2b00000, 0x00000000e0000000)
  object space 44032K, 1% used [0x00000000a0000000,0x00000000a0089d18,0x00000000a2b00000)
 Metaspace       used 8600K, capacity 8868K, committed 8960K, reserved 1056768K
  class space    used 1096K, capacity 1230K, committed 1280K, reserved 1048576K
Event: 2.659 GC heap after
Heap after GC invocations=3 (full 0):
 PSYoungGen      total 18944K, used 2528K [0x00000000e0000000, 0x00000000e2500000, 0x0000000100000000)
  eden space 16384K, 0% used [0x00000000e0000000,0x00000000e0000000,0x00000000e1000000)
  from space 2560K, 98% used [0x00000000e1000000,0x00000000e1278020,0x00000000e1280000)
  to   space 2560K, 0% used [0x00000000e2280000,0x00000000e2280000,0x00000000e2500000)
 ParOldGen       total 44032K, used 1509K [0x00000000a0000000, 0x00000000a2b00000, 0x00000000e0000000)
  object space 44032K, 3% used [0x00000000a0000000,0x00000000a01795e8,0x00000000a2b00000)
 Metaspace       used 8600K, capacity 8868K, committed 8960K, reserved 1056768K
  class space    used 1096K, capacity 1230K, committed 1280K, reserved 1048576K
}
Event: 3.882 GC heap before
{Heap before GC invocations=4 (full 0):
 PSYoungGen      total 18944K, used 18912K [0x00000000e0000000, 0x00000000e2500000, 0x0000000100000000)
  eden space 16384K, 100% used [0x00000000e0000000,0x00000000e1000000,0x00000000e1000000)
  from space 2560K, 98% used [0x00000000e1000000,0x00000000e1278020,0x00000000e1280000)
  to   space 2560K, 0% used [0x00000000e2280000,0x00000000e2280000,0x00000000e2500000)
 ParOldGen       total 44032K, used 1509K [0x00000000a0000000, 0x00000000a2b00000, 0x00000000e0000000)
  object space 44032K, 3% used [0x00000000a0000000,0x00000000a01795e8,0x00000000a2b00000)
 Metaspace       used 12303K, capacity 12622K, committed 12928K, reserved 1060864K
  class space    used 1656K, capacity 1797K, committed 1920K, reserved 1048576K
Event: 3.898 GC heap after
Heap after GC invocations=4 (full 0):
 PSYoungGen      total 35328K, used 2528K [0x00000000e0000000, 0x00000000e2500000, 0x0000000100000000)
  eden space 32768K, 0% used [0x00000000e0000000,0x00000000e0000000,0x00000000e2000000)
  from space 2560K, 98% used [0x00000000e2280000,0x00000000e24f8020,0x00000000e2500000)
  to   space 2560K, 0% used [0x00000000e2000000,0x00000000e2000000,0x00000000e2280000)
 ParOldGen       total 44032K, used 4096K [0x00000000a0000000, 0x00000000a2b00000, 0x00000000e0000000)
  object space 44032K, 9% used [0x00000000a0000000,0x00000000a0400198,0x00000000a2b00000)
 Metaspace       used 12303K, capacity 12622K, committed 12928K, reserved 1060864K
  class space    used 1656K, capacity 1797K, committed 1920K, reserved 1048576K
}

Deoptimization events (10 events):
Event: 2.171 Thread 0x000000000226e800 Uncommon trap: reason=bimorphic action=maybe_recompile pc=0x0000000002ba99d0 method=java.util.HashMap.putVal(ILjava/lang/Object;Ljava/lang/Object;ZZ)Ljava/lang/Object; @ 91
Event: 2.181 Thread 0x000000000226e800 Uncommon trap: reason=bimorphic action=maybe_recompile pc=0x0000000002ba99d0 method=java.util.HashMap.putVal(ILjava/lang/Object;Ljava/lang/Object;ZZ)Ljava/lang/Object; @ 91
Event: 2.771 Thread 0x000000000226e800 Uncommon trap: reason=unstable_if action=reinterpret pc=0x0000000002c235b8 method=java.util.HashMap.getNode(ILjava/lang/Object;)Ljava/util/HashMap$Node; @ 129
Event: 2.771 Thread 0x000000000226e800 Uncommon trap: reason=bimorphic action=maybe_recompile pc=0x0000000002c3c77c method=java.util.HashMap.putVal(ILjava/lang/Object;Ljava/lang/Object;ZZ)Ljava/lang/Object; @ 203
Event: 3.067 Thread 0x000000000226e800 Uncommon trap: reason=unstable_if action=reinterpret pc=0x0000000002c22e30 method=java.io.WinNTFileSystem.normalize(Ljava/lang/String;)Ljava/lang/String; @ 128
Event: 3.067 Thread 0x000000000226e800 Uncommon trap: reason=unstable_if action=reinterpret pc=0x0000000002c2b9bc method=java.io.WinNTFileSystem.normalize(Ljava/lang/String;II)Ljava/lang/String; @ 90
Event: 3.739 Thread 0x00000000588b6800 Uncommon trap: reason=bimorphic action=maybe_recompile pc=0x0000000002c3c29c method=java.util.HashMap.putVal(ILjava/lang/Object;Ljava/lang/Object;ZZ)Ljava/lang/Object; @ 253
Event: 3.741 Thread 0x00000000588b6800 Uncommon trap: reason=bimorphic action=maybe_recompile pc=0x0000000002c3c29c method=java.util.HashMap.putVal(ILjava/lang/Object;Ljava/lang/Object;ZZ)Ljava/lang/Object; @ 253
Event: 4.269 Thread 0x00000000588b6800 Uncommon trap: reason=class_check action=maybe_recompile pc=0x0000000002b917b8 method=java.util.regex.Matcher.match(II)Z @ 86
Event: 4.270 Thread 0x00000000588b6800 Uncommon trap: reason=class_check action=maybe_recompile pc=0x0000000002b917b8 method=java.util.regex.Matcher.match(II)Z @ 86

Classes redefined (0 events):
No events

Internal exceptions (10 events):
Event: 3.625 Thread 0x0000000058815000 Exception <a 'java/lang/NoSuchMethodError': <clinit>> (0x00000000e0970b18) thrown at [D:\src\AOSP-openjdk-cygwin\jdk8u\hotspot\src\share\vm\prims\jni.cpp, line 1613]
Event: 3.633 Thread 0x0000000058815000 Exception <a 'java/lang/NoSuchMethodError': <clinit>> (0x00000000e099ae80) thrown at [D:\src\AOSP-openjdk-cygwin\jdk8u\hotspot\src\share\vm\prims\jni.cpp, line 1613]
Event: 3.635 Thread 0x0000000058815000 Exception <a 'java/lang/NoSuchMethodError': <clinit>> (0x00000000e09a44d8) thrown at [D:\src\AOSP-openjdk-cygwin\jdk8u\hotspot\src\share\vm\prims\jni.cpp, line 1613]
Event: 3.636 Thread 0x0000000058815000 Exception <a 'java/lang/NoSuchMethodError': <clinit>> (0x00000000e09aefd0) thrown at [D:\src\AOSP-openjdk-cygwin\jdk8u\hotspot\src\share\vm\prims\jni.cpp, line 1613]
Event: 3.655 Thread 0x0000000058815000 Exception <a 'java/lang/NoSuchMethodError': <clinit>> (0x00000000e0a29bb8) thrown at [D:\src\AOSP-openjdk-cygwin\jdk8u\hotspot\src\share\vm\prims\jni.cpp, line 1613]
Event: 3.664 Thread 0x0000000058815000 Exception <a 'java/lang/NoSuchMethodError': <clinit>> (0x00000000e0a5d0f0) thrown at [D:\src\AOSP-openjdk-cygwin\jdk8u\hotspot\src\share\vm\prims\jni.cpp, line 1613]
Event: 3.667 Thread 0x0000000058815000 Exception <a 'java/lang/NoSuchMethodError': <clinit>> (0x00000000e0a6cb68) thrown at [D:\src\AOSP-openjdk-cygwin\jdk8u\hotspot\src\share\vm\prims\jni.cpp, line 1613]
Event: 3.672 Thread 0x0000000058815000 Exception <a 'java/lang/NoSuchMethodError': <clinit>> (0x00000000e0a90888) thrown at [D:\src\AOSP-openjdk-cygwin\jdk8u\hotspot\src\share\vm\prims\jni.cpp, line 1613]
Event: 3.718 Thread 0x00000000588b6800 Exception <a 'java/lang/NoSuchMethodError': <clinit>> (0x00000000e0b512c0) thrown at [D:\src\AOSP-openjdk-cygwin\jdk8u\hotspot\src\share\vm\prims\jni.cpp, line 1613]
Event: 3.719 Thread 0x00000000588b6800 Exception <a 'java/lang/NoSuchMethodError': <clinit>> (0x00000000e0b59548) thrown at [D:\src\AOSP-openjdk-cygwin\jdk8u\hotspot\src\share\vm\prims\jni.cpp, line 1613]

Events (10 events):
Event: 4.373 loading class java/util/Collections$SynchronizedMap
Event: 4.374 loading class java/util/Collections$SynchronizedMap done
Event: 4.374 loading class org/gradle/api/internal/initialization/loadercache/DefaultClassLoaderCache
Event: 4.374 loading class org/gradle/api/internal/initialization/loadercache/DefaultClassLoaderCache done
Event: 4.375 loading class org/gradle/api/internal/initialization/loadercache/DefaultClassLoaderCache$ClassLoaderSpec
Event: 4.375 loading class org/gradle/api/internal/initialization/loadercache/DefaultClassLoaderCache$ClassLoaderSpec done
Event: 4.376 loading class org/gradle/api/internal/initialization/loadercache/DefaultClassLoaderCache$ManagedClassLoaderSpec
Event: 4.376 loading class org/gradle/api/internal/initialization/loadercache/DefaultClassLoaderCache$ManagedClassLoaderSpec done
Event: 4.376 loading class org/gradle/api/internal/initialization/loadercache/DefaultClassLoaderCache$UnmanagedClassLoaderSpec
Event: 4.376 loading class org/gradle/api/internal/initialization/loadercache/DefaultClassLoaderCache$UnmanagedClassLoaderSpec done


Dynamic libraries:
0x000000013f220000 - 0x000000013f251000 	C:\Program Files\Android\Android Studio\jre\bin\java.exe
0x0000000076dc0000 - 0x0000000076f6b000 	C:\Windows\SYSTEM32\ntdll.dll
0x000007fef1570000 - 0x000007fef15a4000 	C:\Program Files\AVAST Software\Avast\x64\aswhooka.dll
0x00000000766e0000 - 0x00000000767ff000 	C:\Windows\system32\kernel32.dll
0x000007fefd2e0000 - 0x000007fefd34b000 	C:\Windows\system32\KERNELBASE.dll
0x000007fefdb80000 - 0x000007fefdc5b000 	C:\Windows\system32\ADVAPI32.dll
0x000007fefd600000 - 0x000007fefd69f000 	C:\Windows\system32\msvcrt.dll
0x000007fefdaf0000 - 0x000007fefdb0f000 	C:\Windows\SYSTEM32\sechost.dll
0x000007fefd810000 - 0x000007fefd93e000 	C:\Windows\system32\RPCRT4.dll
0x0000000076800000 - 0x00000000768fa000 	C:\Windows\system32\USER32.dll
0x000007fefdb10000 - 0x000007fefdb77000 	C:\Windows\system32\GDI32.dll
0x000007fefdae0000 - 0x000007fefdaee000 	C:\Windows\system32\LPK.dll
0x000007fefdce0000 - 0x000007fefddaa000 	C:\Windows\system32\USP10.dll
0x000007fefcd80000 - 0x000007fefcf74000 	C:\Windows\WinSxS\amd64_microsoft.windows.common-controls_6595b64144ccf1df_6.0.7600.16385_none_fa645303170382f6\COMCTL32.dll
0x000007fefdc60000 - 0x000007fefdcd1000 	C:\Windows\system32\SHLWAPI.dll
0x000007fefeb40000 - 0x000007fefeb6e000 	C:\Windows\system32\IMM32.DLL
0x000007fefedb0000 - 0x000007fefeeb9000 	C:\Windows\system32\MSCTF.dll
0x0000000071dd0000 - 0x0000000071ea2000 	C:\Program Files\Android\Android Studio\jre\jre\bin\msvcr100.dll
0x000000005b7a0000 - 0x000000005bfde000 	C:\Program Files\Android\Android Studio\jre\jre\bin\server\jvm.dll
0x000007fefadd0000 - 0x000007fefadd9000 	C:\Windows\system32\WSOCK32.dll
0x000007fefd740000 - 0x000007fefd78d000 	C:\Windows\system32\WS2_32.dll
0x000007fefeb70000 - 0x000007fefeb78000 	C:\Windows\system32\NSI.dll
0x000007fef9ca0000 - 0x000007fef9cdb000 	C:\Windows\system32\WINMM.dll
0x000007fefbe60000 - 0x000007fefbe6c000 	C:\Windows\system32\VERSION.dll
0x0000000076f80000 - 0x0000000076f87000 	C:\Windows\system32\PSAPI.DLL
0x000007fef7d60000 - 0x000007fef7d6f000 	C:\Program Files\Android\Android Studio\jre\jre\bin\verify.dll
0x000007fef0050000 - 0x000007fef0079000 	C:\Program Files\Android\Android Studio\jre\jre\bin\java.dll
0x000007fef3770000 - 0x000007fef3786000 	C:\Program Files\Android\Android Studio\jre\jre\bin\zip.dll
0x000007fefddb0000 - 0x000007fefeb36000 	C:\Windows\system32\SHELL32.dll
0x000007fefeec0000 - 0x000007feff0c1000 	C:\Windows\system32\ole32.dll
0x000007fefd230000 - 0x000007fefd23f000 	C:\Windows\system32\profapi.dll
0x000007fef74c0000 - 0x000007fef74da000 	C:\Program Files\Android\Android Studio\jre\jre\bin\net.dll
0x000007fefc760000 - 0x000007fefc7b4000 	C:\Windows\system32\mswsock.dll
0x000007fefc750000 - 0x000007fefc757000 	C:\Windows\System32\wship6.dll
0x000007fef3750000 - 0x000007fef3761000 	C:\Program Files\Android\Android Studio\jre\jre\bin\nio.dll
0x000007feefee0000 - 0x000007feefefe000 	C:\Users\Public\.gradle\native\25\windows-amd64\native-platform.dll
0x000007fef7dd0000 - 0x000007fef7ddd000 	C:\Program Files\Android\Android Studio\jre\jre\bin\management.dll
0x000007fefc800000 - 0x000007fefc817000 	C:\Windows\system32\CRYPTSP.dll
0x000007fefc4c0000 - 0x000007fefc507000 	C:\Windows\system32\rsaenh.dll
0x000007fefcd10000 - 0x000007fefcd2e000 	C:\Windows\system32\USERENV.dll
0x000007fefd160000 - 0x000007fefd16f000 	C:\Windows\system32\CRYPTBASE.dll
0x000007fefabd0000 - 0x000007fefabf7000 	C:\Windows\system32\IPHLPAPI.DLL
0x000007fefabb0000 - 0x000007fefabbb000 	C:\Windows\system32\WINNSI.DLL
0x000007fefaa40000 - 0x000007fefaa51000 	C:\Windows\system32\dhcpcsvc6.DLL
0x000007fefaa20000 - 0x000007fefaa38000 	C:\Windows\system32\dhcpcsvc.DLL

VM Arguments:
jvm_args: -Xmx1536m -Dfile.encoding=windows-1251 -Duser.country=RU -Duser.language=ru -Duser.variant 
java_command: org.gradle.launcher.daemon.bootstrap.GradleDaemon 4.1
java_class_path (initial): C:\Users\Public\.gradle\wrapper\dists\gradle-4.1-all\bzyivzo6n839fup2jbap0tjew\gradle-4.1\lib\gradle-launcher-4.1.jar
Launcher Type: SUN_STANDARD

Environment Variables:
JAVA_HOME=C:\Program Files\Java\jdk1.7.0\bin
CLASSPATH=.;
PATH=C:\Program Files\Java\jdk-9.0.4\bin;C:\Program Files (x86)\PC Connectivity Solution\;C:\Perl64\site\bin;C:\Perl64\bin;C:\Program Files (x86)\NVIDIA Corporation\PhysX\Common;C:\Program Files (x86)\Caminova\Document Express DjVu Plug-in\;C:\Program Files (x86)\AMD APP\bin\x86_64;C:\Program Files (x86)\AMD APP\bin\x86;C:\Windows\system32;C:\Windows;C:\Windows\System32\Wbem;C:\Program Files (x86)\ATI Technologies\ATI.ACE\Core-Static;C:\Program Files (x86)\Common Files\Symbian\tools;C:\Program Files (x86)\CSL Arm Toolchain\bin;C:\Windows\system32\wbem;C:\Program Files (x86)\IVT Corporation\BlueSoleil\Mobile;C:\Program Files (x86)\Skype\Phone\;C:\Program Files\Java\jdk-9.0.4;C:\Program Files\Common Files\Microsoft Shared\Windows Live
USERNAME=Админ
OS=Windows_NT
PROCESSOR_IDENTIFIER=AMD64 Family 15 Model 67 Stepping 2, AuthenticAMD



---------------  S Y S T E M  ---------------

OS: Windows 7 , 64 bit Build 7600 (6.1.7600.16385)

CPU:total 2 (initial active 2) (2 cores per cpu, 1 threads per core) family 15 model 67 stepping 2, cmov, cx8, fxsr, mmx, sse, sse2, sse3, mmxext, 3dnowpref, tsc

Memory: 4k page, physical 4193592k(678716k free), swap 5388512k(3108k free)

vm_info: OpenJDK 64-Bit Server VM (25.152-b01) for windows-amd64 JRE (1.8.0_152-release-915-b01), built by "builder" with MS VC++ 10.0 (VS2010)

time: Tue May 01 19:27:30 2018
elapsed time: 4 seconds (0d 0h 0m 4s)

