#
# There is insufficient memory for the Java Runtime Environment to continue.
# Native memory allocation (malloc) failed to allocate 967696 bytes for Chunk::new
# Possible reasons:
#   The system is out of physical RAM or swap space
#   In 32 bit mode, the process size limit was hit
# Possible solutions:
#   Reduce memory load on the system
#   Increase physical memory or swap space
#   Check if swap backing store is full
#   Use 64 bit Java on a 64 bit OS
#   Decrease Java heap size (-Xmx/-Xms)
#   Decrease number of Java threads
#   Decrease Java thread stack sizes (-Xss)
#   Set larger code cache with -XX:ReservedCodeCacheSize=
# This output file may be truncated or incomplete.
#
#  Out of Memory Error (allocation.cpp:390), pid=4432, tid=0x0000000000001978
#
# JRE version: OpenJDK Runtime Environment (8.0_152-b01) (build 1.8.0_152-release-915-b01)
# Java VM: OpenJDK 64-Bit Server VM (25.152-b01 mixed mode windows-amd64 compressed oops)
# Failed to write core dump. Minidumps are not enabled by default on client versions of Windows
#

---------------  T H R E A D  ---------------

Current thread (0x0000000055f84000):  JavaThread "C2 CompilerThread0" daemon [_thread_in_native, id=6520, stack(0x0000000057430000,0x0000000057530000)]

Stack: [0x0000000057430000,0x0000000057530000]
[error occurred during error reporting (printing stack bounds), id 0xc0000005]

Native frames: (J=compiled Java code, j=interpreted, Vv=VM code, C=native code)


Current CompileTask:
C2:  99347 6328   !   4       com.sun.beans.TypeResolver::resolve (274 bytes)


---------------  P R O C E S S  ---------------

Java Threads: ( => current thread )
  0x0000000058aef000 JavaThread "Memory manager" [_thread_blocked, id=6240, stack(0x000000005e140000,0x000000005e240000)]
  0x0000000058aee000 JavaThread "build operations Thread 2" [_thread_blocked, id=3120, stack(0x000000005e290000,0x000000005e390000)]
  0x0000000058aed800 JavaThread "build operations" [_thread_blocked, id=5748, stack(0x000000005c650000,0x000000005c750000)]
  0x0000000058aeb000 JavaThread "Cache worker for Artifact transforms cache (C:\Users\Public\.gradle\caches\transforms-1)" [_thread_blocked, id=6028, stack(0x000000005c7f0000,0x000000005c8f0000)]
  0x000000005954b800 JavaThread "Cache worker for file hash cache (C:\Flappybird\.gradle\4.1\fileHashes)" [_thread_blocked, id=760, stack(0x000000005bbe0000,0x000000005bce0000)]
  0x0000000058acd000 JavaThread "File lock request listener" [_thread_in_native, id=5276, stack(0x000000005a880000,0x000000005a980000)]
  0x0000000058ce7000 JavaThread "Cache worker for file hash cache (C:\Users\Public\.gradle\caches\4.1\fileHashes)" [_thread_blocked, id=5976, stack(0x000000005a550000,0x000000005a650000)]
  0x0000000058a85000 JavaThread "Asynchronous log dispatcher for DefaultDaemonConnection: socket connection from /127.0.0.1:52886 to /127.0.0.1:52887" [_thread_blocked, id=2616, stack(0x000000005a440000,0x000000005a540000)]
  0x0000000058a89000 JavaThread "Daemon worker" [_thread_in_vm, id=6868, stack(0x000000005a290000,0x000000005a390000)]
  0x0000000058ad9000 JavaThread "Cancel handler" [_thread_blocked, id=3584, stack(0x0000000059da0000,0x0000000059ea0000)]
  0x0000000057e2c000 JavaThread "Handler for socket connection from /127.0.0.1:52886 to /127.0.0.1:52887" [_thread_in_native, id=6972, stack(0x0000000059eb0000,0x0000000059fb0000)]
  0x0000000057e2b000 JavaThread "Daemon" [_thread_blocked, id=6960, stack(0x0000000059ac0000,0x0000000059bc0000)]
  0x0000000057e19000 JavaThread "Daemon periodic checks" [_thread_blocked, id=2380, stack(0x0000000059c50000,0x0000000059d50000)]
  0x0000000057fe3800 JavaThread "Incoming local TCP Connector on port 52886" [_thread_in_native, id=3936, stack(0x00000000599b0000,0x0000000059ab0000)]
  0x0000000055f8c800 JavaThread "Service Thread" daemon [_thread_blocked, id=4276, stack(0x0000000057280000,0x0000000057380000)]
  0x0000000055f8c000 JavaThread "C1 CompilerThread1" daemon [_thread_blocked, id=6312, stack(0x0000000057540000,0x0000000057640000)]
=>0x0000000055f84000 JavaThread "C2 CompilerThread0" daemon [_thread_in_native, id=6520, stack(0x0000000057430000,0x0000000057530000)]
  0x0000000055f82800 JavaThread "Attach Listener" daemon [_thread_blocked, id=3536, stack(0x0000000057160000,0x0000000057260000)]
  0x0000000055f81800 JavaThread "Signal Dispatcher" daemon [_thread_blocked, id=6796, stack(0x0000000056f70000,0x0000000057070000)]
  0x0000000055f6e000 JavaThread "Finalizer" daemon [_thread_blocked, id=6088, stack(0x0000000056cb0000,0x0000000056db0000)]
  0x0000000055f25000 JavaThread "Reference Handler" daemon [_thread_blocked, id=4152, stack(0x0000000056b30000,0x0000000056c30000)]
  0x000000000232e800 JavaThread "main" [_thread_blocked, id=5320, stack(0x0000000002390000,0x0000000002490000)]

Other Threads:
  0x0000000055f1d000 VMThread [stack: 0x00000000569e0000,0x0000000056ae0000] [id=6968]
  0x0000000055fa2000 WatcherThread [stack: 0x0000000057740000,0x0000000057840000] [id=2796]

VM state:not at safepoint (normal execution)

VM Mutex/Monitor currently owned by a thread: None

Heap:
 PSYoungGen      total 72704K, used 14948K [0x00000000e0000000, 0x00000000e6000000, 0x0000000100000000)
  eden space 64000K, 9% used [0x00000000e0000000,0x00000000e0621068,0x00000000e3e80000)
  from space 8704K, 99% used [0x00000000e3e80000,0x00000000e46f8200,0x00000000e4700000)
  to   space 11264K, 0% used [0x00000000e5500000,0x00000000e5500000,0x00000000e6000000)
 ParOldGen       total 61440K, used 28419K [0x00000000a0000000, 0x00000000a3c00000, 0x00000000e0000000)
  object space 61440K, 46% used [0x00000000a0000000,0x00000000a1bc0cf0,0x00000000a3c00000)
 Metaspace       used 53352K, capacity 55068K, committed 55384K, reserved 1097728K
  class space    used 7271K, capacity 7744K, committed 7808K, reserved 1048576K

Card table byte_map: [0x0000000011b20000,0x0000000011e30000] byte_map_base: 0x0000000011620000

Marking Bits: (ParMarkBitMap*) 0x0000000071e33950
 Begin Bits: [0x00000000122f0000, 0x0000000013af0000)
 End Bits:   [0x0000000013af0000, 0x00000000152f0000)

Polling page: 0x0000000000260000

CodeCache: size=245760Kb used=19711Kb max_used=19743Kb free=226048Kb
 bounds [0x0000000002760000, 0x0000000003ac0000, 0x0000000011760000]
 total_blobs=6405 nmethods=5655 adapters=663
 compilation: enabled

Compilation events (10 events):
Event: 99.327 Thread 0x0000000055f8c000 6368       3       org.codehaus.groovy.reflection.ParameterTypes::coerceArgumentsToClasses (55 bytes)
Event: 99.327 Thread 0x0000000055f8c000 nmethod 6368 0x0000000002e83c10 code [0x0000000002e83da0, 0x0000000002e842d8]
Event: 99.328 Thread 0x0000000055f8c000 6369   !   3       groovy.lang.MetaMethod::doMethodInvoke (22 bytes)
Event: 99.328 Thread 0x0000000055f8c000 nmethod 6369 0x000000000356e6d0 code [0x000000000356e880, 0x000000000356eec8]
Event: 99.328 Thread 0x0000000055f8c000 6370       3       groovy.lang.GroovyObjectSupport::getMetaClass (23 bytes)
Event: 99.329 Thread 0x0000000055f8c000 nmethod 6370 0x000000000356d310 code [0x000000000356d500, 0x000000000356dff8]
Event: 99.330 Thread 0x0000000055f8c000 6371       3       groovy.lang.MetaClassImpl::getVersion (11 bytes)
Event: 99.330 Thread 0x0000000055f8c000 nmethod 6371 0x0000000002e83690 code [0x0000000002e83800, 0x0000000002e83a70]
Event: 99.330 Thread 0x0000000055f8c000 6372       1       org.codehaus.groovy.runtime.metaclass.MethodMetaProperty::getMetaMethod (5 bytes)
Event: 99.330 Thread 0x0000000055f8c000 nmethod 6372 0x0000000002cf3990 code [0x0000000002cf3ae0, 0x0000000002cf3bf0]

GC Heap History (10 events):
Event: 71.193 GC heap before
{Heap before GC invocations=19 (full 2):
 PSYoungGen      total 54784K, used 49152K [0x00000000e0000000, 0x00000000e3c00000, 0x0000000100000000)
  eden space 49152K, 100% used [0x00000000e0000000,0x00000000e3000000,0x00000000e3000000)
  from space 5632K, 0% used [0x00000000e3680000,0x00000000e3680000,0x00000000e3c00000)
  to   space 6144K, 0% used [0x00000000e3000000,0x00000000e3000000,0x00000000e3600000)
 ParOldGen       total 61440K, used 16230K [0x00000000a0000000, 0x00000000a3c00000, 0x00000000e0000000)
  object space 61440K, 26% used [0x00000000a0000000,0x00000000a0fd9a08,0x00000000a3c00000)
 Metaspace       used 38516K, capacity 39272K, committed 39640K, reserved 1083392K
  class space    used 5190K, capacity 5527K, committed 5632K, reserved 1048576K
Event: 71.229 GC heap after
Heap after GC invocations=19 (full 2):
 PSYoungGen      total 55296K, used 4426K [0x00000000e0000000, 0x00000000e4380000, 0x0000000100000000)
  eden space 49152K, 0% used [0x00000000e0000000,0x00000000e0000000,0x00000000e3000000)
  from space 6144K, 72% used [0x00000000e3000000,0x00000000e3452b60,0x00000000e3600000)
  to   space 6144K, 0% used [0x00000000e3d80000,0x00000000e3d80000,0x00000000e4380000)
 ParOldGen       total 61440K, used 16238K [0x00000000a0000000, 0x00000000a3c00000, 0x00000000e0000000)
  object space 61440K, 26% used [0x00000000a0000000,0x00000000a0fdba08,0x00000000a3c00000)
 Metaspace       used 38516K, capacity 39272K, committed 39640K, reserved 1083392K
  class space    used 5190K, capacity 5527K, committed 5632K, reserved 1048576K
}
Event: 75.944 GC heap before
{Heap before GC invocations=20 (full 2):
 PSYoungGen      total 55296K, used 53578K [0x00000000e0000000, 0x00000000e4380000, 0x0000000100000000)
  eden space 49152K, 100% used [0x00000000e0000000,0x00000000e3000000,0x00000000e3000000)
  from space 6144K, 72% used [0x00000000e3000000,0x00000000e3452b60,0x00000000e3600000)
  to   space 6144K, 0% used [0x00000000e3d80000,0x00000000e3d80000,0x00000000e4380000)
 ParOldGen       total 61440K, used 16238K [0x00000000a0000000, 0x00000000a3c00000, 0x00000000e0000000)
  object space 61440K, 26% used [0x00000000a0000000,0x00000000a0fdba08,0x00000000a3c00000)
 Metaspace       used 41865K, capacity 42724K, committed 43096K, reserved 1087488K
  class space    used 5589K, capacity 5917K, committed 6016K, reserved 1048576K
Event: 75.985 GC heap after
Heap after GC invocations=20 (full 2):
 PSYoungGen      total 61440K, used 6124K [0x00000000e0000000, 0x00000000e4700000, 0x0000000100000000)
  eden space 55296K, 0% used [0x00000000e0000000,0x00000000e0000000,0x00000000e3600000)
  from space 6144K, 99% used [0x00000000e3d80000,0x00000000e437b2f0,0x00000000e4380000)
  to   space 7680K, 0% used [0x00000000e3600000,0x00000000e3600000,0x00000000e3d80000)
 ParOldGen       total 61440K, used 18461K [0x00000000a0000000, 0x00000000a3c00000, 0x00000000e0000000)
  object space 61440K, 30% used [0x00000000a0000000,0x00000000a1207538,0x00000000a3c00000)
 Metaspace       used 41865K, capacity 42724K, committed 43096K, reserved 1087488K
  class space    used 5589K, capacity 5917K, committed 6016K, reserved 1048576K
}
Event: 86.515 GC heap before
{Heap before GC invocations=21 (full 2):
 PSYoungGen      total 61440K, used 61420K [0x00000000e0000000, 0x00000000e4700000, 0x0000000100000000)
  eden space 55296K, 100% used [0x00000000e0000000,0x00000000e3600000,0x00000000e3600000)
  from space 6144K, 99% used [0x00000000e3d80000,0x00000000e437b2f0,0x00000000e4380000)
  to   space 7680K, 0% used [0x00000000e3600000,0x00000000e3600000,0x00000000e3d80000)
 ParOldGen       total 61440K, used 18461K [0x00000000a0000000, 0x00000000a3c00000, 0x00000000e0000000)
  object space 61440K, 30% used [0x00000000a0000000,0x00000000a1207538,0x00000000a3c00000)
 Metaspace       used 46954K, capacity 48082K, committed 48216K, reserved 1091584K
  class space    used 6295K, capacity 6705K, committed 6784K, reserved 1048576K
Event: 86.610 GC heap after
Heap after GC invocations=21 (full 2):
 PSYoungGen      total 62976K, used 4984K [0x00000000e0000000, 0x00000000e4e80000, 0x0000000100000000)
  eden space 55296K, 0% used [0x00000000e0000000,0x00000000e0000000,0x00000000e3600000)
  from space 7680K, 64% used [0x00000000e3600000,0x00000000e3ade0f0,0x00000000e3d80000)
  to   space 7680K, 0% used [0x00000000e4700000,0x00000000e4700000,0x00000000e4e80000)
 ParOldGen       total 61440K, used 24562K [0x00000000a0000000, 0x00000000a3c00000, 0x00000000e0000000)
  object space 61440K, 39% used [0x00000000a0000000,0x00000000a17fca80,0x00000000a3c00000)
 Metaspace       used 46954K, capacity 48082K, committed 48216K, reserved 1091584K
  class space    used 6295K, capacity 6705K, committed 6784K, reserved 1048576K
}
Event: 95.611 GC heap before
{Heap before GC invocations=22 (full 2):
 PSYoungGen      total 62976K, used 60280K [0x00000000e0000000, 0x00000000e4e80000, 0x0000000100000000)
  eden space 55296K, 100% used [0x00000000e0000000,0x00000000e3600000,0x00000000e3600000)
  from space 7680K, 64% used [0x00000000e3600000,0x00000000e3ade0f0,0x00000000e3d80000)
  to   space 7680K, 0% used [0x00000000e4700000,0x00000000e4700000,0x00000000e4e80000)
 ParOldGen       total 61440K, used 24562K [0x00000000a0000000, 0x00000000a3c00000, 0x00000000e0000000)
  object space 61440K, 39% used [0x00000000a0000000,0x00000000a17fca80,0x00000000a3c00000)
 Metaspace       used 50273K, capacity 51848K, committed 52056K, reserved 1093632K
  class space    used 6759K, capacity 7242K, committed 7296K, reserved 1048576K
Event: 95.639 GC heap after
Heap after GC invocations=22 (full 2):
 PSYoungGen      total 71680K, used 7283K [0x00000000e0000000, 0x00000000e4f80000, 0x0000000100000000)
  eden space 64000K, 0% used [0x00000000e0000000,0x00000000e0000000,0x00000000e3e80000)
  from space 7680K, 94% used [0x00000000e4700000,0x00000000e4e1cfe0,0x00000000e4e80000)
  to   space 8704K, 0% used [0x00000000e3e80000,0x00000000e3e80000,0x00000000e4700000)
 ParOldGen       total 61440K, used 24570K [0x00000000a0000000, 0x00000000a3c00000, 0x00000000e0000000)
  object space 61440K, 39% used [0x00000000a0000000,0x00000000a17fea80,0x00000000a3c00000)
 Metaspace       used 50273K, capacity 51848K, committed 52056K, reserved 1093632K
  class space    used 6759K, capacity 7242K, committed 7296K, reserved 1048576K
}
Event: 98.967 GC heap before
{Heap before GC invocations=23 (full 2):
 PSYoungGen      total 71680K, used 71283K [0x00000000e0000000, 0x00000000e4f80000, 0x0000000100000000)
  eden space 64000K, 100% used [0x00000000e0000000,0x00000000e3e80000,0x00000000e3e80000)
  from space 7680K, 94% used [0x00000000e4700000,0x00000000e4e1cfe0,0x00000000e4e80000)
  to   space 8704K, 0% used [0x00000000e3e80000,0x00000000e3e80000,0x00000000e4700000)
 ParOldGen       total 61440K, used 24570K [0x00000000a0000000, 0x00000000a3c00000, 0x00000000e0000000)
  object space 61440K, 39% used [0x00000000a0000000,0x00000000a17fea80,0x00000000a3c00000)
 Metaspace       used 53247K, capacity 54930K, committed 55128K, reserved 1097728K
  class space    used 7248K, capacity 7701K, committed 7808K, reserved 1048576K
Event: 99.014 GC heap after
Heap after GC invocations=23 (full 2):
 PSYoungGen      total 72704K, used 8672K [0x00000000e0000000, 0x00000000e6000000, 0x0000000100000000)
  eden space 64000K, 0% used [0x00000000e0000000,0x00000000e0000000,0x00000000e3e80000)
  from space 8704K, 99% used [0x00000000e3e80000,0x00000000e46f8200,0x00000000e4700000)
  to   space 11264K, 0% used [0x00000000e5500000,0x00000000e5500000,0x00000000e6000000)
 ParOldGen       total 61440K, used 28419K [0x00000000a0000000, 0x00000000a3c00000, 0x00000000e0000000)
  object space 61440K, 46% used [0x00000000a0000000,0x00000000a1bc0cf0,0x00000000a3c00000)
 Metaspace       used 53247K, capacity 54930K, committed 55128K, reserved 1097728K
  class space    used 7248K, capacity 7701K, committed 7808K, reserved 1048576K
}

Deoptimization events (10 events):
Event: 96.994 Thread 0x0000000058a89000 Uncommon trap: reason=class_check action=maybe_recompile pc=0x000000000356113c method=org.gradle.model.internal.type.ModelType.wrap(Ljava/lang/reflect/Type;)Lorg/gradle/model/internal/type/TypeWrapper; @ 33
Event: 96.994 Thread 0x0000000058a89000 Uncommon trap: reason=class_check action=maybe_recompile pc=0x0000000003561194 method=org.gradle.model.internal.type.ModelType.wrap(Ljava/lang/reflect/Type;)Lorg/gradle/model/internal/type/TypeWrapper; @ 83
Event: 97.434 Thread 0x0000000058a89000 Uncommon trap: reason=unstable_if action=reinterpret pc=0x0000000002af9700 method=java.lang.reflect.AccessibleObject.setAccessible0(Ljava/lang/reflect/AccessibleObject;Z)V @ 23
Event: 98.310 Thread 0x0000000058a89000 Uncommon trap: reason=unstable_if action=reinterpret pc=0x0000000002f034c8 method=java.lang.AbstractStringBuilder.append(I)Ljava/lang/AbstractStringBuilder; @ 16
Event: 98.343 Thread 0x0000000058a89000 Uncommon trap: reason=class_check action=maybe_recompile pc=0x0000000002ecd0ac method=java.lang.Throwable.<init>(Ljava/lang/String;Ljava/lang/Throwable;)V @ 24
Event: 98.344 Thread 0x0000000058a89000 Uncommon trap: reason=class_check action=maybe_recompile pc=0x0000000002ecd0ac method=java.lang.Throwable.<init>(Ljava/lang/String;Ljava/lang/Throwable;)V @ 24
Event: 98.346 Thread 0x0000000058a89000 Uncommon trap: reason=class_check action=maybe_recompile pc=0x0000000002ecd0ac method=java.lang.Throwable.<init>(Ljava/lang/String;Ljava/lang/Throwable;)V @ 24
Event: 98.348 Thread 0x0000000058a89000 Uncommon trap: reason=class_check action=maybe_recompile pc=0x0000000002ecd0ac method=java.lang.Throwable.<init>(Ljava/lang/String;Ljava/lang/Throwable;)V @ 24
Event: 98.895 Thread 0x0000000058a89000 Uncommon trap: reason=unstable_if action=reinterpret pc=0x0000000003aa9a90 method=java.lang.reflect.Executable.sharedToGenericString(IZ)Ljava/lang/String; @ 65
Event: 98.956 Thread 0x0000000058a89000 Uncommon trap: reason=unloaded action=reinterpret pc=0x0000000002e862dc method=sun.reflect.generics.parser.SignatureParser.parseBaseType()Lsun/reflect/generics/tree/BaseType; @ 164

Classes redefined (0 events):
No events

Internal exceptions (10 events):
Event: 99.239 Thread 0x0000000058a89000 Exception <a 'java/lang/ClassNotFoundException': com/google/common/collect/AbstractMapBasedMultimapBeanInfo> (0x00000000e03b6f18) thrown at [D:\src\AOSP-openjdk-cygwin\jdk8u\hotspot\src\share\vm\classfile\systemDictionary.cpp, line 210]
Event: 99.240 Thread 0x0000000058a89000 Exception <a 'java/lang/ClassNotFoundException': com/google/common/collect/AbstractMultimapBeanInfo> (0x00000000e03c3a78) thrown at [D:\src\AOSP-openjdk-cygwin\jdk8u\hotspot\src\share\vm\classfile\systemDictionary.cpp, line 210]
Event: 99.241 Thread 0x0000000058a89000 Exception <a 'java/lang/ClassNotFoundException': com/google/common/collect/AbstractMultimapCustomizer> (0x00000000e03d0c50) thrown at [D:\src\AOSP-openjdk-cygwin\jdk8u\hotspot\src\share\vm\classfile\systemDictionary.cpp, line 210]
Event: 99.243 Thread 0x0000000058a89000 Exception <a 'java/lang/ClassNotFoundException': com/google/common/collect/AbstractMapBasedMultimapCustomizer> (0x00000000e03f96f0) thrown at [D:\src\AOSP-openjdk-cygwin\jdk8u\hotspot\src\share\vm\classfile\systemDictionary.cpp, line 210]
Event: 99.245 Thread 0x0000000058a89000 Exception <a 'java/lang/ClassNotFoundException': com/google/common/collect/AbstractListMultimapCustomizer> (0x00000000e0422968) thrown at [D:\src\AOSP-openjdk-cygwin\jdk8u\hotspot\src\share\vm\classfile\systemDictionary.cpp, line 210]
Event: 99.247 Thread 0x0000000058a89000 Exception <a 'java/lang/ClassNotFoundException': com/google/common/collect/ArrayListMultimapCustomizer> (0x00000000e04479c0) thrown at [D:\src\AOSP-openjdk-cygwin\jdk8u\hotspot\src\share\vm\classfile\systemDictionary.cpp, line 210]
Event: 99.288 Thread 0x0000000058a89000 Exception <a 'java/lang/ClassNotFoundException': org/gradle/api/internal/artifacts/DefaultResolvedArtifactBeanInfo> (0x00000000e04bdb20) thrown at [D:\src\AOSP-openjdk-cygwin\jdk8u\hotspot\src\share\vm\classfile\systemDictionary.cpp, line 210]
Event: 99.289 Thread 0x0000000058a89000 Exception <a 'java/lang/ClassNotFoundException': org/gradle/api/internal/artifacts/DefaultResolvedArtifactCustomizer> (0x00000000e04e2d78) thrown at [D:\src\AOSP-openjdk-cygwin\jdk8u\hotspot\src\share\vm\classfile\systemDictionary.cpp, line 210]
Event: 99.315 Thread 0x0000000058a89000 Exception <a 'java/lang/ClassNotFoundException': org/gradle/api/internal/artifacts/ivyservice/dynamicversions/DefaultResolvedModuleVersionBeanInfo> (0x00000000e0545808) thrown at [D:\src\AOSP-openjdk-cygwin\jdk8u\hotspot\src\share\vm\classfile\systemDicti
Event: 99.316 Thread 0x0000000058a89000 Exception <a 'java/lang/ClassNotFoundException': org/gradle/api/internal/artifacts/ivyservice/dynamicversions/DefaultResolvedModuleVersionCustomizer> (0x00000000e0576df8) thrown at [D:\src\AOSP-openjdk-cygwin\jdk8u\hotspot\src\share\vm\classfile\systemDic

Events (10 events):
Event: 99.315 loading class org/gradle/api/internal/artifacts/ivyservice/dynamicversions/DefaultResolvedModuleVersionBeanInfo
Event: 99.315 loading class org/gradle/api/internal/artifacts/ivyservice/dynamicversions/DefaultResolvedModuleVersionBeanInfo done
Event: 99.315 loading class org/gradle/api/internal/artifacts/ivyservice/dynamicversions/DefaultResolvedModuleVersionBeanInfo
Event: 99.315 loading class org/gradle/api/internal/artifacts/ivyservice/dynamicversions/DefaultResolvedModuleVersionBeanInfo done
Event: 99.315 loading class org/gradle/api/internal/artifacts/ivyservice/dynamicversions/DefaultResolvedModuleVersionCustomizer
Event: 99.315 loading class org/gradle/api/internal/artifacts/ivyservice/dynamicversions/DefaultResolvedModuleVersionCustomizer done
Event: 99.316 loading class org/gradle/api/internal/artifacts/ivyservice/dynamicversions/DefaultResolvedModuleVersionCustomizer
Event: 99.316 loading class org/gradle/api/internal/artifacts/ivyservice/dynamicversions/DefaultResolvedModuleVersionCustomizer done
Event: 99.316 loading class org/gradle/api/internal/artifacts/ivyservice/dynamicversions/DefaultResolvedModuleVersionCustomizer
Event: 99.316 loading class org/gradle/api/internal/artifacts/ivyservice/dynamicversions/DefaultResolvedModuleVersionCustomizer done


Dynamic libraries:
0x000000013ffd0000 - 0x0000000140001000 	C:\Program Files\Android\Android Studio\jre\bin\java.exe
0x0000000076dc0000 - 0x0000000076f6b000 	C:\Windows\SYSTEM32\ntdll.dll
0x000007fef1570000 - 0x000007fef15a4000 	C:\Program Files\AVAST Software\Avast\x64\aswhooka.dll
0x00000000766e0000 - 0x00000000767ff000 	C:\Windows\system32\kernel32.dll
0x000007fefd2e0000 - 0x000007fefd34b000 	C:\Windows\system32\KERNELBASE.dll
0x000007fefdb80000 - 0x000007fefdc5b000 	C:\Windows\system32\ADVAPI32.dll
0x000007fefd600000 - 0x000007fefd69f000 	C:\Windows\system32\msvcrt.dll
0x000007fefdaf0000 - 0x000007fefdb0f000 	C:\Windows\SYSTEM32\sechost.dll
0x000007fefd810000 - 0x000007fefd93e000 	C:\Windows\system32\RPCRT4.dll
0x0000000076800000 - 0x00000000768fa000 	C:\Windows\system32\USER32.dll
0x000007fefdb10000 - 0x000007fefdb77000 	C:\Windows\system32\GDI32.dll
0x000007fefdae0000 - 0x000007fefdaee000 	C:\Windows\system32\LPK.dll
0x000007fefdce0000 - 0x000007fefddaa000 	C:\Windows\system32\USP10.dll
0x000007fefcd80000 - 0x000007fefcf74000 	C:\Windows\WinSxS\amd64_microsoft.windows.common-controls_6595b64144ccf1df_6.0.7600.16385_none_fa645303170382f6\COMCTL32.dll
0x000007fefdc60000 - 0x000007fefdcd1000 	C:\Windows\system32\SHLWAPI.dll
0x000007fefeb40000 - 0x000007fefeb6e000 	C:\Windows\system32\IMM32.DLL
0x000007fefedb0000 - 0x000007fefeeb9000 	C:\Windows\system32\MSCTF.dll
0x0000000068880000 - 0x0000000068952000 	C:\Program Files\Android\Android Studio\jre\jre\bin\msvcr100.dll
0x0000000071670000 - 0x0000000071eae000 	C:\Program Files\Android\Android Studio\jre\jre\bin\server\jvm.dll
0x000007fefadd0000 - 0x000007fefadd9000 	C:\Windows\system32\WSOCK32.dll
0x000007fefd740000 - 0x000007fefd78d000 	C:\Windows\system32\WS2_32.dll
0x000007fefeb70000 - 0x000007fefeb78000 	C:\Windows\system32\NSI.dll
0x000007fef9ca0000 - 0x000007fef9cdb000 	C:\Windows\system32\WINMM.dll
0x000007fefbe60000 - 0x000007fefbe6c000 	C:\Windows\system32\VERSION.dll
0x0000000076f80000 - 0x0000000076f87000 	C:\Windows\system32\PSAPI.DLL
0x000007fef7dd0000 - 0x000007fef7ddf000 	C:\Program Files\Android\Android Studio\jre\jre\bin\verify.dll
0x000007fef3760000 - 0x000007fef3789000 	C:\Program Files\Android\Android Studio\jre\jre\bin\java.dll
0x000007fef74c0000 - 0x000007fef74d6000 	C:\Program Files\Android\Android Studio\jre\jre\bin\zip.dll
0x000007fefddb0000 - 0x000007fefeb36000 	C:\Windows\system32\SHELL32.dll
0x000007fefeec0000 - 0x000007feff0c1000 	C:\Windows\system32\ole32.dll
0x000007fefd230000 - 0x000007fefd23f000 	C:\Windows\system32\profapi.dll
0x000007fef3740000 - 0x000007fef375a000 	C:\Program Files\Android\Android Studio\jre\jre\bin\net.dll
0x000007fefc760000 - 0x000007fefc7b4000 	C:\Windows\system32\mswsock.dll
0x000007fefc750000 - 0x000007fefc757000 	C:\Windows\System32\wship6.dll
0x000007fef0050000 - 0x000007fef0061000 	C:\Program Files\Android\Android Studio\jre\jre\bin\nio.dll
0x000007fef0150000 - 0x000007fef016e000 	C:\Users\Public\.gradle\native\25\windows-amd64\native-platform.dll
0x000007fef7820000 - 0x000007fef782d000 	C:\Program Files\Android\Android Studio\jre\jre\bin\management.dll
0x000007fefc800000 - 0x000007fefc817000 	C:\Windows\system32\CRYPTSP.dll
0x000007fefc4c0000 - 0x000007fefc507000 	C:\Windows\system32\rsaenh.dll
0x000007fefcd10000 - 0x000007fefcd2e000 	C:\Windows\system32\USERENV.dll
0x000007fefd160000 - 0x000007fefd16f000 	C:\Windows\system32\CRYPTBASE.dll
0x000007fefabd0000 - 0x000007fefabf7000 	C:\Windows\system32\IPHLPAPI.DLL
0x000007fefabb0000 - 0x000007fefabbb000 	C:\Windows\system32\WINNSI.DLL
0x000007fefaa40000 - 0x000007fefaa51000 	C:\Windows\system32\dhcpcsvc6.DLL
0x000007fefaa20000 - 0x000007fefaa38000 	C:\Windows\system32\dhcpcsvc.DLL

VM Arguments:
jvm_args: -Xmx1536m -Dfile.encoding=windows-1251 -Duser.country=RU -Duser.language=ru -Duser.variant 
java_command: org.gradle.launcher.daemon.bootstrap.GradleDaemon 4.1
java_class_path (initial): C:\Users\Public\.gradle\wrapper\dists\gradle-4.1-all\bzyivzo6n839fup2jbap0tjew\gradle-4.1\lib\gradle-launcher-4.1.jar
Launcher Type: SUN_STANDARD

Environment Variables:
JAVA_HOME=C:\Program Files\Java\jdk1.7.0\bin
CLASSPATH=.;
PATH=C:\Program Files\Java\jdk-9.0.4\bin;C:\Program Files (x86)\PC Connectivity Solution\;C:\Perl64\site\bin;C:\Perl64\bin;C:\Program Files (x86)\NVIDIA Corporation\PhysX\Common;C:\Program Files (x86)\Caminova\Document Express DjVu Plug-in\;C:\Program Files (x86)\AMD APP\bin\x86_64;C:\Program Files (x86)\AMD APP\bin\x86;C:\Windows\system32;C:\Windows;C:\Windows\System32\Wbem;C:\Program Files (x86)\ATI Technologies\ATI.ACE\Core-Static;C:\Program Files (x86)\Common Files\Symbian\tools;C:\Program Files (x86)\CSL Arm Toolchain\bin;C:\Windows\system32\wbem;C:\Program Files (x86)\IVT Corporation\BlueSoleil\Mobile;C:\Program Files (x86)\Skype\Phone\;C:\Program Files\Java\jdk-9.0.4;C:\Program Files\Common Files\Microsoft Shared\Windows Live
USERNAME=Админ
OS=Windows_NT
PROCESSOR_IDENTIFIER=AMD64 Family 15 Model 67 Stepping 2, AuthenticAMD



---------------  S Y S T E M  ---------------

OS: Windows 7 , 64 bit Build 7600 (6.1.7600.16385)

CPU:total 2 (initial active 2) (2 cores per cpu, 1 threads per core) family 15 model 67 stepping 2, cmov, cx8, fxsr, mmx, sse, sse2, sse3, mmxext, 3dnowpref, tsc

Memory: 4k page, physical 4193592k(575012k free), swap 5388512k(5972k free)

vm_info: OpenJDK 64-Bit Server VM (25.152-b01) for windows-amd64 JRE (1.8.0_152-release-915-b01), built by "builder" with MS VC++ 10.0 (VS2010)

time: Tue May 01 19:16:12 2018
elapsed time: 99 seconds (0d 0h 1m 39s)

