#
# There is insufficient memory for the Java Runtime Environment to continue.
# Native memory allocation (malloc) failed to allocate 344496 bytes for Chunk::new
# Possible reasons:
#   The system is out of physical RAM or swap space
#   In 32 bit mode, the process size limit was hit
# Possible solutions:
#   Reduce memory load on the system
#   Increase physical memory or swap space
#   Check if swap backing store is full
#   Use 64 bit Java on a 64 bit OS
#   Decrease Java heap size (-Xmx/-Xms)
#   Decrease number of Java threads
#   Decrease Java thread stack sizes (-Xss)
#   Set larger code cache with -XX:ReservedCodeCacheSize=
# This output file may be truncated or incomplete.
#
#  Out of Memory Error (allocation.cpp:390), pid=4188, tid=0x000000000000181c
#
# JRE version: OpenJDK Runtime Environment (8.0_152-b01) (build 1.8.0_152-release-915-b01)
# Java VM: OpenJDK 64-Bit Server VM (25.152-b01 mixed mode windows-amd64 compressed oops)
# Failed to write core dump. Minidumps are not enabled by default on client versions of Windows
#

---------------  T H R E A D  ---------------

Current thread (0x0000000055eb3800):  JavaThread "C2 CompilerThread0" daemon [_thread_in_native, id=6172, stack(0x00000000571a0000,0x00000000572a0000)]

Stack: [0x00000000571a0000,0x00000000572a0000]
[error occurred during error reporting (printing stack bounds), id 0xc0000005]

Native frames: (J=compiled Java code, j=interpreted, Vv=VM code, C=native code)


Current CompileTask:
C2:  10031 1666   !   4       java.net.URLClassLoader$1::run (63 bytes)


---------------  P R O C E S S  ---------------

Java Threads: ( => current thread )
  0x0000000058d14800 
[error occurred during error reporting (printing all threads), id 0xc0000005]

VM state:not at safepoint (normal execution)

VM Mutex/Monitor currently owned by a thread: None

Heap:
 PSYoungGen      total 68096K, used 904K [0x00000000e0000000, 0x00000000e4500000, 0x0000000100000000)
  eden space 65536K, 1% used [0x00000000e0000000,0x00000000e00e2318,0x00000000e4000000)
  from space 2560K, 0% used [0x00000000e4280000,0x00000000e4280000,0x00000000e4500000)
  to   space 2560K, 0% used [0x00000000e4000000,0x00000000e4000000,0x00000000e4280000)
 ParOldGen       total 44032K, used 13222K [0x00000000a0000000, 0x00000000a2b00000, 0x00000000e0000000)
  object space 44032K, 30% used [0x00000000a0000000,0x00000000a0ce9890,0x00000000a2b00000)
 Metaspace       used 25378K, capacity 25864K, committed 26240K, reserved 1073152K
  class space    used 3443K, capacity 3617K, committed 3712K, reserved 1048576K

Card table byte_map: [0x0000000011c00000,0x0000000011f10000] byte_map_base: 0x0000000011700000

Marking Bits: (ParMarkBitMap*) 0x0000000071e33950
 Begin Bits: [0x0000000012220000, 0x0000000013a20000)
 End Bits:   [0x0000000013a20000, 0x0000000015220000)

Polling page: 0x0000000000360000

CodeCache: size=245760Kb used=7832Kb max_used=7832Kb free=237927Kb
 bounds [0x0000000002840000, 0x0000000002ff0000, 0x0000000011840000]
 total_blobs=2786 nmethods=2156 adapters=544
 compilation: enabled

Compilation events (10 events):
Event: 9.720 Thread 0x0000000055f17000 2166       2       org.objectweb.asm.MethodWriter::getSize (838 bytes)
Event: 9.723 Thread 0x0000000055f17000 nmethod 2166 0x0000000002fe2590 code [0x0000000002fe2900, 0x0000000002fe3908]
Event: 9.723 Thread 0x0000000055f17000 2167       2       org.objectweb.asm.MethodWriter::put (1602 bytes)
Event: 9.731 Thread 0x0000000055f17000 nmethod 2167 0x0000000002fe4b10 code [0x0000000002fe51c0, 0x0000000002fe6bf8]
Event: 9.731 Thread 0x0000000055f17000 2163       2       org.objectweb.asm.MethodVisitor::<init> (7 bytes)
Event: 9.731 Thread 0x0000000055f17000 nmethod 2163 0x0000000002fe9010 code [0x0000000002fe9180, 0x0000000002fe93a8]
Event: 9.731 Thread 0x0000000055f17000 2164       2       org.objectweb.asm.MethodWriter::visitCode (1 bytes)
Event: 9.731 Thread 0x0000000055f17000 nmethod 2164 0x0000000002fe94d0 code [0x0000000002fe9620, 0x0000000002fe9770]
Event: 9.731 Thread 0x0000000055f17000 2165       2       org.objectweb.asm.MethodWriter::visitEnd (1 bytes)
Event: 9.732 Thread 0x0000000055f17000 nmethod 2165 0x0000000002fe9810 code [0x0000000002fe9960, 0x0000000002fe9ab0]

GC Heap History (10 events):
Event: 3.971 GC heap after
Heap after GC invocations=3 (full 0):
 PSYoungGen      total 35328K, used 2528K [0x00000000e0000000, 0x00000000e4500000, 0x0000000100000000)
  eden space 32768K, 0% used [0x00000000e0000000,0x00000000e0000000,0x00000000e2000000)
  from space 2560K, 98% used [0x00000000e2000000,0x00000000e2278020,0x00000000e2280000)
  to   space 2560K, 0% used [0x00000000e4280000,0x00000000e4280000,0x00000000e4500000)
 ParOldGen       total 44032K, used 3965K [0x00000000a0000000, 0x00000000a2b00000, 0x00000000e0000000)
  object space 44032K, 9% used [0x00000000a0000000,0x00000000a03df788,0x00000000a2b00000)
 Metaspace       used 12187K, capacity 12526K, committed 12800K, reserved 1060864K
  class space    used 1629K, capacity 1765K, committed 1792K, reserved 1048576K
}
Event: 5.414 GC heap before
{Heap before GC invocations=4 (full 0):
 PSYoungGen      total 35328K, used 35296K [0x00000000e0000000, 0x00000000e4500000, 0x0000000100000000)
  eden space 32768K, 100% used [0x00000000e0000000,0x00000000e2000000,0x00000000e2000000)
  from space 2560K, 98% used [0x00000000e2000000,0x00000000e2278020,0x00000000e2280000)
  to   space 2560K, 0% used [0x00000000e4280000,0x00000000e4280000,0x00000000e4500000)
 ParOldGen       total 44032K, used 3965K [0x00000000a0000000, 0x00000000a2b00000, 0x00000000e0000000)
  object space 44032K, 9% used [0x00000000a0000000,0x00000000a03df788,0x00000000a2b00000)
 Metaspace       used 15554K, capacity 15890K, committed 16256K, reserved 1062912K
  class space    used 2191K, capacity 2311K, committed 2432K, reserved 1048576K
Event: 5.472 GC heap after
Heap after GC invocations=4 (full 0):
 PSYoungGen      total 68096K, used 2528K [0x00000000e0000000, 0x00000000e4500000, 0x0000000100000000)
  eden space 65536K, 0% used [0x00000000e0000000,0x00000000e0000000,0x00000000e4000000)
  from space 2560K, 98% used [0x00000000e4280000,0x00000000e44f8020,0x00000000e4500000)
  to   space 2560K, 0% used [0x00000000e4000000,0x00000000e4000000,0x00000000e4280000)
 ParOldGen       total 44032K, used 8431K [0x00000000a0000000, 0x00000000a2b00000, 0x00000000e0000000)
  object space 44032K, 19% used [0x00000000a0000000,0x00000000a083bd40,0x00000000a2b00000)
 Metaspace       used 15554K, capacity 15890K, committed 16256K, reserved 1062912K
  class space    used 2191K, capacity 2311K, committed 2432K, reserved 1048576K
}
Event: 7.238 GC heap before
{Heap before GC invocations=5 (full 0):
 PSYoungGen      total 68096K, used 31005K [0x00000000e0000000, 0x00000000e4500000, 0x0000000100000000)
  eden space 65536K, 43% used [0x00000000e0000000,0x00000000e1bcf400,0x00000000e4000000)
  from space 2560K, 98% used [0x00000000e4280000,0x00000000e44f8020,0x00000000e4500000)
  to   space 2560K, 0% used [0x00000000e4000000,0x00000000e4000000,0x00000000e4280000)
 ParOldGen       total 44032K, used 8431K [0x00000000a0000000, 0x00000000a2b00000, 0x00000000e0000000)
  object space 44032K, 19% used [0x00000000a0000000,0x00000000a083bd40,0x00000000a2b00000)
 Metaspace       used 20716K, capacity 21072K, committed 21248K, reserved 1067008K
  class space    used 2851K, capacity 2989K, committed 3072K, reserved 1048576K
Event: 7.316 GC heap after
Heap after GC invocations=5 (full 0):
 PSYoungGen      total 68096K, used 2548K [0x00000000e0000000, 0x00000000e4500000, 0x0000000100000000)
  eden space 65536K, 0% used [0x00000000e0000000,0x00000000e0000000,0x00000000e4000000)
  from space 2560K, 99% used [0x00000000e4000000,0x00000000e427d020,0x00000000e4280000)
  to   space 2560K, 0% used [0x00000000e4280000,0x00000000e4280000,0x00000000e4500000)
 ParOldGen       total 44032K, used 12946K [0x00000000a0000000, 0x00000000a2b00000, 0x00000000e0000000)
  object space 44032K, 29% used [0x00000000a0000000,0x00000000a0ca4ae8,0x00000000a2b00000)
 Metaspace       used 20716K, capacity 21072K, committed 21248K, reserved 1067008K
  class space    used 2851K, capacity 2989K, committed 3072K, reserved 1048576K
}
Event: 7.316 GC heap before
{Heap before GC invocations=6 (full 1):
 PSYoungGen      total 68096K, used 2548K [0x00000000e0000000, 0x00000000e4500000, 0x0000000100000000)
  eden space 65536K, 0% used [0x00000000e0000000,0x00000000e0000000,0x00000000e4000000)
  from space 2560K, 99% used [0x00000000e4000000,0x00000000e427d020,0x00000000e4280000)
  to   space 2560K, 0% used [0x00000000e4280000,0x00000000e4280000,0x00000000e4500000)
 ParOldGen       total 44032K, used 12946K [0x00000000a0000000, 0x00000000a2b00000, 0x00000000e0000000)
  object space 44032K, 29% used [0x00000000a0000000,0x00000000a0ca4ae8,0x00000000a2b00000)
 Metaspace       used 20716K, capacity 21072K, committed 21248K, reserved 1067008K
  class space    used 2851K, capacity 2989K, committed 3072K, reserved 1048576K
Event: 7.520 GC heap after
Heap after GC invocations=6 (full 1):
 PSYoungGen      total 68096K, used 0K [0x00000000e0000000, 0x00000000e4500000, 0x0000000100000000)
  eden space 65536K, 0% used [0x00000000e0000000,0x00000000e0000000,0x00000000e4000000)
  from space 2560K, 0% used [0x00000000e4000000,0x00000000e4000000,0x00000000e4280000)
  to   space 2560K, 0% used [0x00000000e4280000,0x00000000e4280000,0x00000000e4500000)
 ParOldGen       total 44032K, used 12696K [0x00000000a0000000, 0x00000000a2b00000, 0x00000000e0000000)
  object space 44032K, 28% used [0x00000000a0000000,0x00000000a0c663e8,0x00000000a2b00000)
 Metaspace       used 20716K, capacity 21072K, committed 21248K, reserved 1067008K
  class space    used 2851K, capacity 2989K, committed 3072K, reserved 1048576K
}
Event: 9.820 GC heap before
{Heap before GC invocations=7 (full 1):
 PSYoungGen      total 68096K, used 61116K [0x00000000e0000000, 0x00000000e4500000, 0x0000000100000000)
  eden space 65536K, 93% used [0x00000000e0000000,0x00000000e3baf200,0x00000000e4000000)
  from space 2560K, 0% used [0x00000000e4000000,0x00000000e4000000,0x00000000e4280000)
  to   space 2560K, 0% used [0x00000000e4280000,0x00000000e4280000,0x00000000e4500000)
 ParOldGen       total 44032K, used 12696K [0x00000000a0000000, 0x00000000a2b00000, 0x00000000e0000000)
  object space 44032K, 28% used [0x00000000a0000000,0x00000000a0c663e8,0x00000000a2b00000)
 Metaspace       used 25364K, capacity 25800K, committed 25984K, reserved 1075200K
  class space    used 3441K, capacity 3617K, committed 3712K, reserved 1048576K
Event: 9.877 GC heap after
Heap after GC invocations=7 (full 1):
 PSYoungGen      total 68096K, used 2544K [0x00000000e0000000, 0x00000000e4500000, 0x0000000100000000)
  eden space 65536K, 0% used [0x00000000e0000000,0x00000000e0000000,0x00000000e4000000)
  from space 2560K, 99% used [0x00000000e4280000,0x00000000e44fc010,0x00000000e4500000)
  to   space 2560K, 0% used [0x00000000e4000000,0x00000000e4000000,0x00000000e4280000)
 ParOldGen       total 44032K, used 17303K [0x00000000a0000000, 0x00000000a2b00000, 0x00000000e0000000)
  object space 44032K, 39% used [0x00000000a0000000,0x00000000a10e5e40,0x00000000a2b00000)
 Metaspace       used 25364K, capacity 25800K, committed 25984K, reserved 1075200K
  class space    used 3441K, capacity 3617K, committed 3712K, reserved 1048576K
}
Event: 9.877 GC heap before
{Heap before GC invocations=8 (full 2):
 PSYoungGen      total 68096K, used 2544K [0x00000000e0000000, 0x00000000e4500000, 0x0000000100000000)
  eden space 65536K, 0% used [0x00000000e0000000,0x00000000e0000000,0x00000000e4000000)
  from space 2560K, 99% used [0x00000000e4280000,0x00000000e44fc010,0x00000000e4500000)
  to   space 2560K, 0% used [0x00000000e4000000,0x00000000e4000000,0x00000000e4280000)
 ParOldGen       total 44032K, used 17303K [0x00000000a0000000, 0x00000000a2b00000, 0x00000000e0000000)
  object space 44032K, 39% used [0x00000000a0000000,0x00000000a10e5e40,0x00000000a2b00000)
 Metaspace       used 25364K, capacity 25800K, committed 25984K, reserved 1075200K
  class space    used 3441K, capacity 3617K, committed 3712K, reserved 1048576K

Deoptimization events (10 events):
Event: 7.642 Thread 0x0000000058a0a000 Uncommon trap: reason=class_check action=maybe_recompile pc=0x0000000002a09cec method=sun.misc.URLClassPath.getLoader(I)Lsun/misc/URLClassPath$Loader; @ 239
Event: 7.709 Thread 0x0000000058a0a000 Uncommon trap: reason=class_check action=maybe_recompile pc=0x0000000002a09cec method=sun.misc.URLClassPath.getLoader(I)Lsun/misc/URLClassPath$Loader; @ 239
Event: 8.400 Thread 0x0000000058a0a000 Uncommon trap: reason=unstable_if action=reinterpret pc=0x0000000002cbadec method=java.util.HashMap.hash(Ljava/lang/Object;)I @ 1
Event: 8.400 Thread 0x0000000058a0a000 Uncommon trap: reason=unstable_if action=reinterpret pc=0x0000000002c84ce4 method=java.util.HashMap.hash(Ljava/lang/Object;)I @ 1
Event: 8.601 Thread 0x0000000058a0a000 Uncommon trap: reason=unstable_if action=reinterpret pc=0x0000000002cb26e0 method=java.util.HashMap.getNode(ILjava/lang/Object;)Ljava/util/HashMap$Node; @ 53
Event: 8.602 Thread 0x0000000058a0a000 Uncommon trap: reason=unstable_if action=reinterpret pc=0x0000000002ac5ee0 method=java.util.HashMap.hash(Ljava/lang/Object;)I @ 1
Event: 8.602 Thread 0x0000000058a0a000 Uncommon trap: reason=unstable_if action=reinterpret pc=0x0000000002c88db0 method=java.util.HashMap.putVal(ILjava/lang/Object;Ljava/lang/Object;ZZ)Ljava/lang/Object; @ 85
Event: 8.852 Thread 0x0000000058a0a000 Uncommon trap: reason=unstable_if action=reinterpret pc=0x0000000002c39220 method=java.util.LinkedHashMap.afterNodeInsertion(Z)V @ 1
Event: 9.052 Thread 0x0000000058a0a000 Uncommon trap: reason=unstable_if action=reinterpret pc=0x0000000002f6bbe0 method=java.net.URLClassLoader.isSealed(Ljava/lang/String;Ljava/util/jar/Manifest;)Z @ 26
Event: 9.204 Thread 0x0000000058a0a000 Uncommon trap: reason=unstable_if action=reinterpret pc=0x0000000002abd5cc method=java.io.WinNTFileSystem.resolve(Ljava/lang/String;Ljava/lang/String;)Ljava/lang/String; @ 49

Classes redefined (0 events):
No events

Internal exceptions (10 events):
Event: 9.368 Thread 0x0000000058a0a000 Exception <a 'java/lang/ClassNotFoundException': org/gradle/api/internal/artifacts/dsl/DefaultRepositoryHandlerCustomizer> (0x00000000e30df348) thrown at [D:\src\AOSP-openjdk-cygwin\jdk8u\hotspot\src\share\vm\classfile\systemDictionary.cpp, line 210]
Event: 9.371 Thread 0x0000000058a0a000 Exception <a 'java/lang/ClassNotFoundException': org/gradle/api/internal/artifacts/dsl/DefaultRepositoryHandler_DecoratedCustomizer> (0x00000000e312b560) thrown at [D:\src\AOSP-openjdk-cygwin\jdk8u\hotspot\src\share\vm\classfile\systemDictionary.cpp, line
Event: 9.475 Thread 0x0000000058a0a000 Exception <a 'java/lang/ClassNotFoundException': org/gradle/api/internal/artifacts/repositories/DefaultMavenArtifactRepository_DecoratedBeanInfo> (0x00000000e33e0f20) thrown at [D:\src\AOSP-openjdk-cygwin\jdk8u\hotspot\src\share\vm\classfile\systemDiction
Event: 9.476 Thread 0x0000000058a0a000 Exception <a 'java/lang/ClassNotFoundException': org/gradle/api/internal/artifacts/repositories/DefaultMavenArtifactRepositoryBeanInfo> (0x00000000e3410970) thrown at [D:\src\AOSP-openjdk-cygwin\jdk8u\hotspot\src\share\vm\classfile\systemDictionary.cpp, l
Event: 9.479 Thread 0x0000000058a0a000 Exception <a 'java/lang/ClassNotFoundException': org/gradle/api/internal/artifacts/repositories/AbstractAuthenticationSupportedRepositoryBeanInfo> (0x00000000e3444448) thrown at [D:\src\AOSP-openjdk-cygwin\jdk8u\hotspot\src\share\vm\classfile\systemDictio
Event: 9.481 Thread 0x0000000058a0a000 Exception <a 'java/lang/ClassNotFoundException': org/gradle/api/internal/artifacts/repositories/AbstractArtifactRepositoryBeanInfo> (0x00000000e3472600) thrown at [D:\src\AOSP-openjdk-cygwin\jdk8u\hotspot\src\share\vm\classfile\systemDictionary.cpp, line 
Event: 9.482 Thread 0x0000000058a0a000 Exception <a 'java/lang/ClassNotFoundException': org/gradle/api/internal/artifacts/repositories/AbstractArtifactRepositoryCustomizer> (0x00000000e34a1af8) thrown at [D:\src\AOSP-openjdk-cygwin\jdk8u\hotspot\src\share\vm\classfile\systemDictionary.cpp, lin
Event: 9.484 Thread 0x0000000058a0a000 Exception <a 'java/lang/ClassNotFoundException': org/gradle/api/internal/artifacts/repositories/AbstractAuthenticationSupportedRepositoryCustomizer> (0x00000000e34dba20) thrown at [D:\src\AOSP-openjdk-cygwin\jdk8u\hotspot\src\share\vm\classfile\systemDict
Event: 9.493 Thread 0x0000000058a0a000 Exception <a 'java/lang/ClassNotFoundException': org/gradle/api/internal/artifacts/repositories/DefaultMavenArtifactRepositoryCustomizer> (0x00000000e351d918) thrown at [D:\src\AOSP-openjdk-cygwin\jdk8u\hotspot\src\share\vm\classfile\systemDictionary.cpp,
Event: 9.496 Thread 0x0000000058a0a000 Exception <a 'java/lang/ClassNotFoundException': org/gradle/api/internal/artifacts/repositories/DefaultMavenArtifactRepository_DecoratedCustomizer> (0x00000000e3564930) thrown at [D:\src\AOSP-openjdk-cygwin\jdk8u\hotspot\src\share\vm\classfile\systemDicti

Events (10 events):
Event: 9.781 loading class kotlin/collections/CollectionsKt__IteratorsKt done
Event: 9.782 loading class kotlin/collections/CollectionsKt__IterablesKt
Event: 9.782 loading class kotlin/collections/CollectionsKt__IterablesKt done
Event: 9.783 loading class kotlin/collections/CollectionsKt__CollectionsKt
Event: 9.783 loading class kotlin/collections/CollectionsKt__CollectionsKt done
Event: 9.785 loading class kotlin/collections/ArraysKt
Event: 9.785 loading class kotlin/collections/ArraysKt done
Event: 9.786 loading class kotlin/collections/ArraysKt___ArraysKt
Event: 9.786 loading class kotlin/collections/ArraysKt___ArraysKt done
Event: 9.820 Executing VM operation: CollectForMetadataAllocation


Dynamic libraries:
0x000000013fa30000 - 0x000000013fa61000 	C:\Program Files\Android\Android Studio\jre\bin\java.exe
0x0000000076dc0000 - 0x0000000076f6b000 	C:\Windows\SYSTEM32\ntdll.dll
0x000007fef1570000 - 0x000007fef15a4000 	C:\Program Files\AVAST Software\Avast\x64\aswhooka.dll
0x00000000766e0000 - 0x00000000767ff000 	C:\Windows\system32\kernel32.dll
0x000007fefd2e0000 - 0x000007fefd34b000 	C:\Windows\system32\KERNELBASE.dll
0x000007fefdb80000 - 0x000007fefdc5b000 	C:\Windows\system32\ADVAPI32.dll
0x000007fefd600000 - 0x000007fefd69f000 	C:\Windows\system32\msvcrt.dll
0x000007fefdaf0000 - 0x000007fefdb0f000 	C:\Windows\SYSTEM32\sechost.dll
0x000007fefd810000 - 0x000007fefd93e000 	C:\Windows\system32\RPCRT4.dll
0x0000000076800000 - 0x00000000768fa000 	C:\Windows\system32\USER32.dll
0x000007fefdb10000 - 0x000007fefdb77000 	C:\Windows\system32\GDI32.dll
0x000007fefdae0000 - 0x000007fefdaee000 	C:\Windows\system32\LPK.dll
0x000007fefdce0000 - 0x000007fefddaa000 	C:\Windows\system32\USP10.dll
0x000007fefcd80000 - 0x000007fefcf74000 	C:\Windows\WinSxS\amd64_microsoft.windows.common-controls_6595b64144ccf1df_6.0.7600.16385_none_fa645303170382f6\COMCTL32.dll
0x000007fefdc60000 - 0x000007fefdcd1000 	C:\Windows\system32\SHLWAPI.dll
0x000007fefeb40000 - 0x000007fefeb6e000 	C:\Windows\system32\IMM32.DLL
0x000007fefedb0000 - 0x000007fefeeb9000 	C:\Windows\system32\MSCTF.dll
0x0000000068880000 - 0x0000000068952000 	C:\Program Files\Android\Android Studio\jre\jre\bin\msvcr100.dll
0x0000000071670000 - 0x0000000071eae000 	C:\Program Files\Android\Android Studio\jre\jre\bin\server\jvm.dll
0x000007fefadd0000 - 0x000007fefadd9000 	C:\Windows\system32\WSOCK32.dll
0x000007fefd740000 - 0x000007fefd78d000 	C:\Windows\system32\WS2_32.dll
0x000007fefeb70000 - 0x000007fefeb78000 	C:\Windows\system32\NSI.dll
0x000007fef9ca0000 - 0x000007fef9cdb000 	C:\Windows\system32\WINMM.dll
0x000007fefbe60000 - 0x000007fefbe6c000 	C:\Windows\system32\VERSION.dll
0x0000000076f80000 - 0x0000000076f87000 	C:\Windows\system32\PSAPI.DLL
0x000007fef7dd0000 - 0x000007fef7ddf000 	C:\Program Files\Android\Android Studio\jre\jre\bin\verify.dll
0x000007fef3760000 - 0x000007fef3789000 	C:\Program Files\Android\Android Studio\jre\jre\bin\java.dll
0x000007fef74c0000 - 0x000007fef74d6000 	C:\Program Files\Android\Android Studio\jre\jre\bin\zip.dll
0x000007fefddb0000 - 0x000007fefeb36000 	C:\Windows\system32\SHELL32.dll
0x000007fefeec0000 - 0x000007feff0c1000 	C:\Windows\system32\ole32.dll
0x000007fefd230000 - 0x000007fefd23f000 	C:\Windows\system32\profapi.dll
0x000007fef3740000 - 0x000007fef375a000 	C:\Program Files\Android\Android Studio\jre\jre\bin\net.dll
0x000007fefc760000 - 0x000007fefc7b4000 	C:\Windows\system32\mswsock.dll
0x000007fefc750000 - 0x000007fefc757000 	C:\Windows\System32\wship6.dll
0x000007fef0050000 - 0x000007fef0061000 	C:\Program Files\Android\Android Studio\jre\jre\bin\nio.dll
0x000007fef0150000 - 0x000007fef016e000 	C:\Users\Public\.gradle\native\25\windows-amd64\native-platform.dll
0x000007fef7820000 - 0x000007fef782d000 	C:\Program Files\Android\Android Studio\jre\jre\bin\management.dll
0x000007fefc800000 - 0x000007fefc817000 	C:\Windows\system32\CRYPTSP.dll
0x000007fefc4c0000 - 0x000007fefc507000 	C:\Windows\system32\rsaenh.dll
0x000007fefcd10000 - 0x000007fefcd2e000 	C:\Windows\system32\USERENV.dll
0x000007fefd160000 - 0x000007fefd16f000 	C:\Windows\system32\CRYPTBASE.dll
0x000007fefabd0000 - 0x000007fefabf7000 	C:\Windows\system32\IPHLPAPI.DLL
0x000007fefabb0000 - 0x000007fefabbb000 	C:\Windows\system32\WINNSI.DLL
0x000007fefaa40000 - 0x000007fefaa51000 	C:\Windows\system32\dhcpcsvc6.DLL
0x000007fefaa20000 - 0x000007fefaa38000 	C:\Windows\system32\dhcpcsvc.DLL

VM Arguments:
jvm_args: -Xmx1536m -Dfile.encoding=windows-1251 -Duser.country=RU -Duser.language=ru -Duser.variant 
java_command: org.gradle.launcher.daemon.bootstrap.GradleDaemon 4.1
java_class_path (initial): C:\Users\Public\.gradle\wrapper\dists\gradle-4.1-all\bzyivzo6n839fup2jbap0tjew\gradle-4.1\lib\gradle-launcher-4.1.jar
Launcher Type: SUN_STANDARD

Environment Variables:
JAVA_HOME=C:\Program Files\Java\jdk1.7.0\bin
CLASSPATH=.;
PATH=C:\Program Files\Java\jdk-9.0.4\bin;C:\Program Files (x86)\PC Connectivity Solution\;C:\Perl64\site\bin;C:\Perl64\bin;C:\Program Files (x86)\NVIDIA Corporation\PhysX\Common;C:\Program Files (x86)\Caminova\Document Express DjVu Plug-in\;C:\Program Files (x86)\AMD APP\bin\x86_64;C:\Program Files (x86)\AMD APP\bin\x86;C:\Windows\system32;C:\Windows;C:\Windows\System32\Wbem;C:\Program Files (x86)\ATI Technologies\ATI.ACE\Core-Static;C:\Program Files (x86)\Common Files\Symbian\tools;C:\Program Files (x86)\CSL Arm Toolchain\bin;C:\Windows\system32\wbem;C:\Program Files (x86)\IVT Corporation\BlueSoleil\Mobile;C:\Program Files (x86)\Skype\Phone\;C:\Program Files\Java\jdk-9.0.4;C:\Program Files\Common Files\Microsoft Shared\Windows Live
USERNAME=Админ
OS=Windows_NT
PROCESSOR_IDENTIFIER=AMD64 Family 15 Model 67 Stepping 2, AuthenticAMD



---------------  S Y S T E M  ---------------

OS: Windows 7 , 64 bit Build 7600 (6.1.7600.16385)

CPU:total 2 (initial active 2) (2 cores per cpu, 1 threads per core) family 15 model 67 stepping 2, cmov, cx8, fxsr, mmx, sse, sse2, sse3, mmxext, 3dnowpref, tsc

Memory: 4k page, physical 4193592k(610112k free), swap 5388512k(5164k free)

vm_info: OpenJDK 64-Bit Server VM (25.152-b01) for windows-amd64 JRE (1.8.0_152-release-915-b01), built by "builder" with MS VC++ 10.0 (VS2010)

time: Tue May 01 19:18:48 2018
elapsed time: 10 seconds (0d 0h 0m 10s)

