#
# There is insufficient memory for the Java Runtime Environment to continue.
# Native memory allocation (malloc) failed to allocate 706816 bytes for Chunk::new
# Possible reasons:
#   The system is out of physical RAM or swap space
#   In 32 bit mode, the process size limit was hit
# Possible solutions:
#   Reduce memory load on the system
#   Increase physical memory or swap space
#   Check if swap backing store is full
#   Use 64 bit Java on a 64 bit OS
#   Decrease Java heap size (-Xmx/-Xms)
#   Decrease number of Java threads
#   Decrease Java thread stack sizes (-Xss)
#   Set larger code cache with -XX:ReservedCodeCacheSize=
# This output file may be truncated or incomplete.
#
#  Out of Memory Error (allocation.cpp:390), pid=5312, tid=0x0000000000001620
#
# JRE version: OpenJDK Runtime Environment (8.0_152-b02) (build 1.8.0_152-release-1024-b02)
# Java VM: OpenJDK 64-Bit Server VM (25.152-b02 mixed mode windows-amd64 compressed oops)
# Failed to write core dump. Minidumps are not enabled by default on client versions of Windows
#

---------------  T H R E A D  ---------------

Current thread (0x0000000055f84000):  JavaThread "C2 CompilerThread0" daemon [_thread_in_native, id=5664, stack(0x0000000056d90000,0x0000000056e90000)]

Stack: [0x0000000056d90000,0x0000000056e90000]
[error occurred during error reporting (printing stack bounds), id 0xc0000005]

Native frames: (J=compiled Java code, j=interpreted, Vv=VM code, C=native code)


Current CompileTask:
C2: 236794 7519   !   4       com.sun.org.apache.xerces.internal.impl.XMLDocumentFragmentScannerImpl$FragmentContentDriver::next (2346 bytes)


---------------  P R O C E S S  ---------------

Java Threads: ( => current thread )
  0x0000000057e3e000 JavaThread "Memory manager" [_thread_blocked, id=4916, stack(0x000000005f730000,0x000000005f830000)]
  0x0000000057e40800 JavaThread "build operations Thread 2" [_thread_blocked, id=5972, stack(0x000000005ed40000,0x000000005ee40000)]
  0x0000000057e40000 JavaThread "build operations" [_thread_blocked, id=6660, stack(0x000000005ec20000,0x000000005ed20000)]
  0x0000000057e3c800 JavaThread "Cache worker for Artifact transforms cache (C:\Users\Public\.gradle\caches\transforms-1)" [_thread_blocked, id=5760, stack(0x000000005d110000,0x000000005d210000)]
  0x000000005b737800 JavaThread "Cache worker for file hash cache (C:\Flappybird\.gradle\4.1\fileHashes)" [_thread_blocked, id=4244, stack(0x000000005c320000,0x000000005c420000)]
  0x0000000059d7d800 JavaThread "File lock request listener" [_thread_in_native, id=3132, stack(0x000000005ad90000,0x000000005ae90000)]
  0x0000000057646800 JavaThread "Cache worker for file hash cache (C:\Users\Public\.gradle\caches\4.1\fileHashes)" [_thread_blocked, id=4204, stack(0x000000005b040000,0x000000005b140000)]
  0x0000000059ad5000 JavaThread "Asynchronous log dispatcher for DefaultDaemonConnection: socket connection from /127.0.0.1:54349 to /127.0.0.1:54350" [_thread_blocked, id=1100, stack(0x000000005ac90000,0x000000005ad90000)]
  0x000000005815c800 JavaThread "Daemon worker" [_thread_in_native, id=4208, stack(0x000000005aa90000,0x000000005ab90000)]
  0x000000005815a800 JavaThread "Cancel handler" [_thread_blocked, id=6528, stack(0x000000005a8b0000,0x000000005a9b0000)]
  0x0000000059e29000 JavaThread "Handler for socket connection from /127.0.0.1:54349 to /127.0.0.1:54350" [_thread_in_native, id=6692, stack(0x0000000058b90000,0x0000000058c90000)]
  0x0000000059e3e000 JavaThread "Daemon" [_thread_blocked, id=3716, stack(0x0000000058a80000,0x0000000058b80000)]
  0x0000000059919000 JavaThread "Daemon periodic checks" [_thread_blocked, id=4256, stack(0x0000000058920000,0x0000000058a20000)]
  0x0000000057578800 JavaThread "Incoming local TCP Connector on port 54349" [_thread_in_native, id=6652, stack(0x0000000058650000,0x0000000058750000)]
  0x0000000057448800 JavaThread "Service Thread" daemon [_thread_blocked, id=5372, stack(0x0000000057940000,0x0000000057a40000)]
  0x0000000055f88800 JavaThread "C1 CompilerThread1" daemon [_thread_blocked, id=5408, stack(0x0000000057330000,0x0000000057430000)]
=>0x0000000055f84000 JavaThread "C2 CompilerThread0" daemon [_thread_in_native, id=5664, stack(0x0000000056d90000,0x0000000056e90000)]
  0x0000000055f82800 JavaThread "Attach Listener" daemon [_thread_blocked, id=5340, stack(0x00000000570f0000,0x00000000571f0000)]
  0x0000000055f81800 JavaThread "Signal Dispatcher" daemon [_thread_blocked, id=5596, stack(0x0000000056ec0000,0x0000000056fc0000)]
  0x0000000055f6e000 JavaThread "Finalizer" daemon [_thread_blocked, id=5984, stack(0x00000000569d0000,0x0000000056ad0000)]
  0x0000000055f25000 JavaThread "Reference Handler" daemon [_thread_blocked, id=5948, stack(0x0000000056c20000,0x0000000056d20000)]
  0x00000000021fe800 JavaThread "main" [_thread_blocked, id=772, stack(0x00000000024b0000,0x00000000025b0000)]

Other Threads:
  0x0000000055f1d000 VMThread [stack: 0x0000000056b00000,0x0000000056c00000] [id=4720]
  0x0000000055fed800 WatcherThread [stack: 0x0000000057b30000,0x0000000057c30000] [id=7104]

VM state:not at safepoint (normal execution)

VM Mutex/Monitor currently owned by a thread: None

Heap:
 PSYoungGen      total 200704K, used 93829K [0x00000000e0000000, 0x00000000ecf00000, 0x0000000100000000)
  eden space 193536K, 44% used [0x00000000e0000000,0x00000000e54a74f8,0x00000000ebd00000)
  from space 7168K, 99% used [0x00000000ec800000,0x00000000ecef9f70,0x00000000ecf00000)
  to   space 8704K, 0% used [0x00000000ebe00000,0x00000000ebe00000,0x00000000ec680000)
 ParOldGen       total 43008K, used 20553K [0x00000000a0000000, 0x00000000a2a00000, 0x00000000e0000000)
  object space 43008K, 47% used [0x00000000a0000000,0x00000000a14125d0,0x00000000a2a00000)
 Metaspace       used 53353K, capacity 54634K, committed 55000K, reserved 1097728K
  class space    used 6931K, capacity 7310K, committed 7424K, reserved 1048576K

Card table byte_map: [0x0000000011c40000,0x0000000011f50000] byte_map_base: 0x0000000011740000

Marking Bits: (ParMarkBitMap*) 0x00000000597a4970
 Begin Bits: [0x00000000122f0000, 0x0000000013af0000)
 End Bits:   [0x0000000013af0000, 0x00000000152f0000)

Polling page: 0x0000000000360000

CodeCache: size=245760Kb used=22392Kb max_used=22392Kb free=223367Kb
 bounds [0x0000000002880000, 0x0000000003e80000, 0x0000000011880000]
 total_blobs=7158 nmethods=6366 adapters=705
 compilation: enabled

Compilation events (10 events):
Event: 236.645 Thread 0x0000000055f88800 7526       3       com.sun.org.apache.xerces.internal.util.NamespaceSupport::getURI (38 bytes)
Event: 236.645 Thread 0x0000000055f88800 nmethod 7526 0x00000000031940d0 code [0x0000000003194240, 0x00000000031944d0]
Event: 236.647 Thread 0x0000000055f88800 7528       3       com.sun.org.apache.xerces.internal.impl.XMLEntityScanner::scanQName (502 bytes)
Event: 236.649 Thread 0x0000000055f88800 nmethod 7528 0x0000000003149650 code [0x0000000003149940, 0x000000000314aaa8]
Event: 236.649 Thread 0x0000000055f88800 7529       3       java.util.ArrayList::contains (14 bytes)
Event: 236.649 Thread 0x0000000055f88800 nmethod 7529 0x0000000003193c50 code [0x0000000003193dc0, 0x0000000003194028]
Event: 236.650 Thread 0x0000000055f88800 7530       3       com.sun.org.apache.xerces.internal.impl.xs.opti.DefaultNode::<init> (5 bytes)
Event: 236.650 Thread 0x0000000055f88800 nmethod 7530 0x0000000003193890 code [0x00000000031939e0, 0x0000000003193b90]
Event: 236.650 Thread 0x0000000055f88800 7531       3       com.sun.org.apache.xerces.internal.impl.xs.opti.SchemaDOMParser::characters (110 bytes)
Event: 236.651 Thread 0x0000000055f88800 nmethod 7531 0x0000000003148890 code [0x0000000003148a80, 0x0000000003149228]

GC Heap History (10 events):
Event: 125.600 GC heap before
{Heap before GC invocations=20 (full 2):
 PSYoungGen      total 94720K, used 88064K [0x00000000e0000000, 0x00000000e8400000, 0x0000000100000000)
  eden space 88064K, 100% used [0x00000000e0000000,0x00000000e5600000,0x00000000e5600000)
  from space 6656K, 0% used [0x00000000e5600000,0x00000000e5600000,0x00000000e5c80000)
  to   space 6656K, 0% used [0x00000000e7d80000,0x00000000e7d80000,0x00000000e8400000)
 ParOldGen       total 43008K, used 16847K [0x00000000a0000000, 0x00000000a2a00000, 0x00000000e0000000)
  object space 43008K, 39% used [0x00000000a0000000,0x00000000a1073c18,0x00000000a2a00000)
 Metaspace       used 39867K, capacity 40680K, committed 41048K, reserved 1085440K
  class space    used 5176K, capacity 5421K, committed 5504K, reserved 1048576K
Event: 125.621 GC heap after
Heap after GC invocations=20 (full 2):
 PSYoungGen      total 121856K, used 4350K [0x00000000e0000000, 0x00000000e8200000, 0x0000000100000000)
  eden space 117248K, 0% used [0x00000000e0000000,0x00000000e0000000,0x00000000e7280000)
  from space 4608K, 94% used [0x00000000e7d80000,0x00000000e81bf968,0x00000000e8200000)
  to   space 6656K, 0% used [0x00000000e7500000,0x00000000e7500000,0x00000000e7b80000)
 ParOldGen       total 43008K, used 16871K [0x00000000a0000000, 0x00000000a2a00000, 0x00000000e0000000)
  object space 43008K, 39% used [0x00000000a0000000,0x00000000a1079c18,0x00000000a2a00000)
 Metaspace       used 39867K, capacity 40680K, committed 41048K, reserved 1085440K
  class space    used 5176K, capacity 5421K, committed 5504K, reserved 1048576K
}
Event: 135.802 GC heap before
{Heap before GC invocations=21 (full 2):
 PSYoungGen      total 121856K, used 121598K [0x00000000e0000000, 0x00000000e8200000, 0x0000000100000000)
  eden space 117248K, 100% used [0x00000000e0000000,0x00000000e7280000,0x00000000e7280000)
  from space 4608K, 94% used [0x00000000e7d80000,0x00000000e81bf968,0x00000000e8200000)
  to   space 6656K, 0% used [0x00000000e7500000,0x00000000e7500000,0x00000000e7b80000)
 ParOldGen       total 43008K, used 16871K [0x00000000a0000000, 0x00000000a2a00000, 0x00000000e0000000)
  object space 43008K, 39% used [0x00000000a0000000,0x00000000a1079c18,0x00000000a2a00000)
 Metaspace       used 40213K, capacity 41128K, committed 41304K, reserved 1085440K
  class space    used 5197K, capacity 5485K, committed 5504K, reserved 1048576K
Event: 135.849 GC heap after
Heap after GC invocations=21 (full 2):
 PSYoungGen      total 126464K, used 624K [0x00000000e0000000, 0x00000000ea500000, 0x0000000100000000)
  eden space 119808K, 0% used [0x00000000e0000000,0x00000000e0000000,0x00000000e7500000)
  from space 6656K, 9% used [0x00000000e7500000,0x00000000e759c230,0x00000000e7b80000)
  to   space 7168K, 0% used [0x00000000e9e00000,0x00000000e9e00000,0x00000000ea500000)
 ParOldGen       total 43008K, used 19043K [0x00000000a0000000, 0x00000000a2a00000, 0x00000000e0000000)
  object space 43008K, 44% used [0x00000000a0000000,0x00000000a1298d90,0x00000000a2a00000)
 Metaspace       used 40213K, capacity 41128K, committed 41304K, reserved 1085440K
  class space    used 5197K, capacity 5485K, committed 5504K, reserved 1048576K
}
Event: 153.376 GC heap before
{Heap before GC invocations=22 (full 2):
 PSYoungGen      total 126464K, used 120432K [0x00000000e0000000, 0x00000000ea500000, 0x0000000100000000)
  eden space 119808K, 100% used [0x00000000e0000000,0x00000000e7500000,0x00000000e7500000)
  from space 6656K, 9% used [0x00000000e7500000,0x00000000e759c230,0x00000000e7b80000)
  to   space 7168K, 0% used [0x00000000e9e00000,0x00000000e9e00000,0x00000000ea500000)
 ParOldGen       total 43008K, used 19043K [0x00000000a0000000, 0x00000000a2a00000, 0x00000000e0000000)
  object space 43008K, 44% used [0x00000000a0000000,0x00000000a1298d90,0x00000000a2a00000)
 Metaspace       used 40307K, capacity 41128K, committed 41304K, reserved 1085440K
  class space    used 5198K, capacity 5485K, committed 5504K, reserved 1048576K
Event: 153.381 GC heap after
Heap after GC invocations=22 (full 2):
 PSYoungGen      total 161792K, used 337K [0x00000000e0000000, 0x00000000ea600000, 0x0000000100000000)
  eden space 154624K, 0% used [0x00000000e0000000,0x00000000e0000000,0x00000000e9700000)
  from space 7168K, 4% used [0x00000000e9e00000,0x00000000e9e54470,0x00000000ea500000)
  to   space 7168K, 0% used [0x00000000e9700000,0x00000000e9700000,0x00000000e9e00000)
 ParOldGen       total 43008K, used 19386K [0x00000000a0000000, 0x00000000a2a00000, 0x00000000e0000000)
  object space 43008K, 45% used [0x00000000a0000000,0x00000000a12eea60,0x00000000a2a00000)
 Metaspace       used 40307K, capacity 41128K, committed 41304K, reserved 1085440K
  class space    used 5198K, capacity 5485K, committed 5504K, reserved 1048576K
}
Event: 169.427 GC heap before
{Heap before GC invocations=23 (full 2):
 PSYoungGen      total 161792K, used 154961K [0x00000000e0000000, 0x00000000ea600000, 0x0000000100000000)
  eden space 154624K, 100% used [0x00000000e0000000,0x00000000e9700000,0x00000000e9700000)
  from space 7168K, 4% used [0x00000000e9e00000,0x00000000e9e54470,0x00000000ea500000)
  to   space 7168K, 0% used [0x00000000e9700000,0x00000000e9700000,0x00000000e9e00000)
 ParOldGen       total 43008K, used 19386K [0x00000000a0000000, 0x00000000a2a00000, 0x00000000e0000000)
  object space 43008K, 45% used [0x00000000a0000000,0x00000000a12eea60,0x00000000a2a00000)
 Metaspace       used 40339K, capacity 41192K, committed 41304K, reserved 1085440K
  class space    used 5198K, capacity 5485K, committed 5504K, reserved 1048576K
Event: 169.462 GC heap after
Heap after GC invocations=23 (full 2):
 PSYoungGen      total 161792K, used 208K [0x00000000e0000000, 0x00000000ecf00000, 0x0000000100000000)
  eden space 154624K, 0% used [0x00000000e0000000,0x00000000e0000000,0x00000000e9700000)
  from space 7168K, 2% used [0x00000000e9700000,0x00000000e9734040,0x00000000e9e00000)
  to   space 7168K, 0% used [0x00000000ec800000,0x00000000ec800000,0x00000000ecf00000)
 ParOldGen       total 43008K, used 19475K [0x00000000a0000000, 0x00000000a2a00000, 0x00000000e0000000)
  object space 43008K, 45% used [0x00000000a0000000,0x00000000a1304ef0,0x00000000a2a00000)
 Metaspace       used 40339K, capacity 41192K, committed 41304K, reserved 1085440K
  class space    used 5198K, capacity 5485K, committed 5504K, reserved 1048576K
}
Event: 223.058 GC heap before
{Heap before GC invocations=24 (full 2):
 PSYoungGen      total 161792K, used 154832K [0x00000000e0000000, 0x00000000ecf00000, 0x0000000100000000)
  eden space 154624K, 100% used [0x00000000e0000000,0x00000000e9700000,0x00000000e9700000)
  from space 7168K, 2% used [0x00000000e9700000,0x00000000e9734040,0x00000000e9e00000)
  to   space 7168K, 0% used [0x00000000ec800000,0x00000000ec800000,0x00000000ecf00000)
 ParOldGen       total 43008K, used 19475K [0x00000000a0000000, 0x00000000a2a00000, 0x00000000e0000000)
  object space 43008K, 45% used [0x00000000a0000000,0x00000000a1304ef0,0x00000000a2a00000)
 Metaspace       used 47061K, capacity 48120K, committed 48344K, reserved 1091584K
  class space    used 6045K, capacity 6372K, committed 6400K, reserved 1048576K
Event: 223.093 GC heap after
Heap after GC invocations=24 (full 2):
 PSYoungGen      total 200704K, used 7143K [0x00000000e0000000, 0x00000000ecf00000, 0x0000000100000000)
  eden space 193536K, 0% used [0x00000000e0000000,0x00000000e0000000,0x00000000ebd00000)
  from space 7168K, 99% used [0x00000000ec800000,0x00000000ecef9f70,0x00000000ecf00000)
  to   space 8704K, 0% used [0x00000000ebe00000,0x00000000ebe00000,0x00000000ec680000)
 ParOldGen       total 43008K, used 20553K [0x00000000a0000000, 0x00000000a2a00000, 0x00000000e0000000)
  object space 43008K, 47% used [0x00000000a0000000,0x00000000a14125d0,0x00000000a2a00000)
 Metaspace       used 47061K, capacity 48120K, committed 48344K, reserved 1091584K
  class space    used 6045K, capacity 6372K, committed 6400K, reserved 1048576K
}

Deoptimization events (10 events):
Event: 236.170 Thread 0x000000005815c800 Uncommon trap: reason=bimorphic action=maybe_recompile pc=0x00000000038f648c method=com.sun.org.apache.xerces.internal.impl.XMLEntityManager$RewindableInputStream.read([BII)I @ 89
Event: 236.486 Thread 0x000000005815c800 Uncommon trap: reason=bimorphic action=maybe_recompile pc=0x00000000038f686c method=com.sun.org.apache.xerces.internal.impl.XMLEntityManager$RewindableInputStream.read()I @ 91
Event: 236.486 Thread 0x000000005815c800 Uncommon trap: reason=bimorphic action=maybe_recompile pc=0x00000000038f686c method=com.sun.org.apache.xerces.internal.impl.XMLEntityManager$RewindableInputStream.read()I @ 91
Event: 236.486 Thread 0x000000005815c800 Uncommon trap: reason=bimorphic action=maybe_recompile pc=0x00000000038f686c method=com.sun.org.apache.xerces.internal.impl.XMLEntityManager$RewindableInputStream.read()I @ 91
Event: 236.486 Thread 0x000000005815c800 Uncommon trap: reason=bimorphic action=maybe_recompile pc=0x00000000038f686c method=com.sun.org.apache.xerces.internal.impl.XMLEntityManager$RewindableInputStream.read()I @ 91
Event: 236.487 Thread 0x000000005815c800 Uncommon trap: reason=class_check action=maybe_recompile pc=0x00000000038e7398 method=com.sun.org.apache.xerces.internal.impl.XMLDocumentFragmentScannerImpl$FragmentContentDriver.next()I @ 2223
Event: 236.487 Thread 0x000000005815c800 Uncommon trap: reason=unstable_if action=reinterpret pc=0x00000000030b23e0 method=com.sun.org.apache.xerces.internal.impl.XMLEntityScanner.scanLiteral(ILcom/sun/org/apache/xerces/internal/xni/XMLString;Z)I @ 660
Event: 236.637 Thread 0x000000005815c800 Uncommon trap: reason=class_check action=maybe_recompile pc=0x00000000038e738c method=com.sun.org.apache.xerces.internal.impl.XMLDocumentFragmentScannerImpl$FragmentContentDriver.next()I @ 439
Event: 236.637 Thread 0x000000005815c800 Uncommon trap: reason=class_check action=maybe_recompile pc=0x00000000038e738c method=com.sun.org.apache.xerces.internal.impl.XMLDocumentFragmentScannerImpl$FragmentContentDriver.next()I @ 439
Event: 236.638 Thread 0x000000005815c800 Uncommon trap: reason=class_check action=maybe_recompile pc=0x00000000038e738c method=com.sun.org.apache.xerces.internal.impl.XMLDocumentFragmentScannerImpl$FragmentContentDriver.next()I @ 439

Classes redefined (0 events):
No events

Internal exceptions (10 events):
Event: 227.952 Thread 0x000000005815c800 Exception <a 'sun/nio/fs/WindowsException'> (0x00000000e4e10520) thrown at [D:\src\AOSP-openjdk-cygwin\jdk8u\hotspot\src\share\vm\prims\jni.cpp, line 709]
Event: 227.952 Thread 0x000000005815c800 Exception <a 'sun/nio/fs/WindowsException'> (0x00000000e4e10fd8) thrown at [D:\src\AOSP-openjdk-cygwin\jdk8u\hotspot\src\share\vm\prims\jni.cpp, line 709]
Event: 227.952 Thread 0x000000005815c800 Exception <a 'sun/nio/fs/WindowsException'> (0x00000000e4e12ad8) thrown at [D:\src\AOSP-openjdk-cygwin\jdk8u\hotspot\src\share\vm\prims\jni.cpp, line 709]
Event: 227.952 Thread 0x000000005815c800 Exception <a 'sun/nio/fs/WindowsException'> (0x00000000e4e135c8) thrown at [D:\src\AOSP-openjdk-cygwin\jdk8u\hotspot\src\share\vm\prims\jni.cpp, line 709]
Event: 227.953 Thread 0x000000005815c800 Exception <a 'sun/nio/fs/WindowsException'> (0x00000000e4e15dd0) thrown at [D:\src\AOSP-openjdk-cygwin\jdk8u\hotspot\src\share\vm\prims\jni.cpp, line 709]
Event: 227.953 Thread 0x000000005815c800 Exception <a 'sun/nio/fs/WindowsException'> (0x00000000e4e16900) thrown at [D:\src\AOSP-openjdk-cygwin\jdk8u\hotspot\src\share\vm\prims\jni.cpp, line 709]
Event: 227.953 Thread 0x000000005815c800 Exception <a 'sun/nio/fs/WindowsException'> (0x00000000e4e18478) thrown at [D:\src\AOSP-openjdk-cygwin\jdk8u\hotspot\src\share\vm\prims\jni.cpp, line 709]
Event: 227.953 Thread 0x000000005815c800 Exception <a 'sun/nio/fs/WindowsException'> (0x00000000e4e18fe0) thrown at [D:\src\AOSP-openjdk-cygwin\jdk8u\hotspot\src\share\vm\prims\jni.cpp, line 709]
Event: 228.175 Thread 0x000000005815c800 Exception <a 'java/lang/ClassNotFoundException': com/sun/org/glassfish/hk2/osgiresourcelocator/ServiceLoader> (0x00000000e4e6a8e0) thrown at [D:\src\AOSP-openjdk-cygwin\jdk8u\hotspot\src\share\vm\classfile\systemDictionary.cpp, line 210]
Event: 228.792 Thread 0x000000005815c800 Exception <a 'java/lang/NullPointerException'> (0x00000000e4ea71c0) thrown at [D:\src\AOSP-openjdk-cygwin\jdk8u\hotspot\src\share\vm\interpreter\linkResolver.cpp, line 1301]

Events (10 events):
Event: 236.637 Thread 0x000000005815c800 DEOPT PACKING pc=0x00000000038e738c sp=0x000000005ab8ba10
Event: 236.637 Thread 0x000000005815c800 DEOPT UNPACKING pc=0x00000000028c557b sp=0x000000005ab8ba20 mode 2
Event: 236.637 loading class com/sun/org/apache/xerces/internal/util/NamespaceSupport$Prefixes
Event: 236.638 loading class com/sun/org/apache/xerces/internal/util/NamespaceSupport$Prefixes done
Event: 236.638 Thread 0x000000005815c800 Uncommon trap: trap_request=0xffffffde fr.pc=0x00000000038e738c
Event: 236.638 Thread 0x000000005815c800 DEOPT PACKING pc=0x00000000038e738c sp=0x000000005ab8ba10
Event: 236.638 Thread 0x000000005815c800 DEOPT UNPACKING pc=0x00000000028c557b sp=0x000000005ab8ba20 mode 2
Event: 236.652 loading class com/sun/org/apache/xerces/internal/util/DOMUtil
Event: 236.707 loading class com/sun/org/apache/xerces/internal/util/DOMUtil done
Event: 236.708 loading class com/sun/org/apache/xerces/internal/impl/xs/traversers/XSDHandler$XSDKey


Dynamic libraries:
0x000000013f030000 - 0x000000013f061000 	C:\Program Files\Android\Android Studio\jre\bin\java.exe
0x0000000076dc0000 - 0x0000000076f6b000 	C:\Windows\SYSTEM32\ntdll.dll
0x000007fef1570000 - 0x000007fef15a4000 	C:\Program Files\AVAST Software\Avast\x64\aswhooka.dll
0x00000000766e0000 - 0x00000000767ff000 	C:\Windows\system32\kernel32.dll
0x000007fefd2e0000 - 0x000007fefd34b000 	C:\Windows\system32\KERNELBASE.dll
0x000007fefdb80000 - 0x000007fefdc5b000 	C:\Windows\system32\ADVAPI32.dll
0x000007fefd600000 - 0x000007fefd69f000 	C:\Windows\system32\msvcrt.dll
0x000007fefdaf0000 - 0x000007fefdb0f000 	C:\Windows\SYSTEM32\sechost.dll
0x000007fefd810000 - 0x000007fefd93e000 	C:\Windows\system32\RPCRT4.dll
0x0000000076800000 - 0x00000000768fa000 	C:\Windows\system32\USER32.dll
0x000007fefdb10000 - 0x000007fefdb77000 	C:\Windows\system32\GDI32.dll
0x000007fefdae0000 - 0x000007fefdaee000 	C:\Windows\system32\LPK.dll
0x000007fefdce0000 - 0x000007fefddaa000 	C:\Windows\system32\USP10.dll
0x000007fefcd80000 - 0x000007fefcf74000 	C:\Windows\WinSxS\amd64_microsoft.windows.common-controls_6595b64144ccf1df_6.0.7600.16385_none_fa645303170382f6\COMCTL32.dll
0x000007fefdc60000 - 0x000007fefdcd1000 	C:\Windows\system32\SHLWAPI.dll
0x000007fefeb40000 - 0x000007fefeb6e000 	C:\Windows\system32\IMM32.DLL
0x000007fefedb0000 - 0x000007fefeeb9000 	C:\Windows\system32\MSCTF.dll
0x0000000071da0000 - 0x0000000071e72000 	C:\Program Files\Android\Android Studio\jre\jre\bin\msvcr100.dll
0x0000000058fe0000 - 0x000000005981f000 	C:\Program Files\Android\Android Studio\jre\jre\bin\server\jvm.dll
0x000007fefadd0000 - 0x000007fefadd9000 	C:\Windows\system32\WSOCK32.dll
0x000007fefd740000 - 0x000007fefd78d000 	C:\Windows\system32\WS2_32.dll
0x000007fefeb70000 - 0x000007fefeb78000 	C:\Windows\system32\NSI.dll
0x000007fef9ca0000 - 0x000007fef9cdb000 	C:\Windows\system32\WINMM.dll
0x000007fefbe60000 - 0x000007fefbe6c000 	C:\Windows\system32\VERSION.dll
0x0000000076f80000 - 0x0000000076f87000 	C:\Windows\system32\PSAPI.DLL
0x000007fef7d60000 - 0x000007fef7d6f000 	C:\Program Files\Android\Android Studio\jre\jre\bin\verify.dll
0x000007fef0090000 - 0x000007fef00b9000 	C:\Program Files\Android\Android Studio\jre\jre\bin\java.dll
0x000007fef3770000 - 0x000007fef3786000 	C:\Program Files\Android\Android Studio\jre\jre\bin\zip.dll
0x000007fefddb0000 - 0x000007fefeb36000 	C:\Windows\system32\SHELL32.dll
0x000007fefeec0000 - 0x000007feff0c1000 	C:\Windows\system32\ole32.dll
0x000007fefd230000 - 0x000007fefd23f000 	C:\Windows\system32\profapi.dll
0x000007fef3740000 - 0x000007fef375a000 	C:\Program Files\Android\Android Studio\jre\jre\bin\net.dll
0x000007fefc760000 - 0x000007fefc7b4000 	C:\Windows\system32\mswsock.dll
0x000007fefc750000 - 0x000007fefc757000 	C:\Windows\System32\wship6.dll
0x000007fef3720000 - 0x000007fef3731000 	C:\Program Files\Android\Android Studio\jre\jre\bin\nio.dll
0x000007fef0150000 - 0x000007fef016e000 	C:\Users\Public\.gradle\native\25\windows-amd64\native-platform.dll
0x000007fef7dd0000 - 0x000007fef7ddd000 	C:\Program Files\Android\Android Studio\jre\jre\bin\management.dll
0x000007fefc800000 - 0x000007fefc817000 	C:\Windows\system32\CRYPTSP.dll
0x000007fefc4c0000 - 0x000007fefc507000 	C:\Windows\system32\rsaenh.dll
0x000007fefcd10000 - 0x000007fefcd2e000 	C:\Windows\system32\USERENV.dll
0x000007fefd160000 - 0x000007fefd16f000 	C:\Windows\system32\CRYPTBASE.dll
0x000007fefabd0000 - 0x000007fefabf7000 	C:\Windows\system32\IPHLPAPI.DLL
0x000007fefabb0000 - 0x000007fefabbb000 	C:\Windows\system32\WINNSI.DLL
0x000007fefaa40000 - 0x000007fefaa51000 	C:\Windows\system32\dhcpcsvc6.DLL
0x000007fefaa20000 - 0x000007fefaa38000 	C:\Windows\system32\dhcpcsvc.DLL
0x000007feefcf0000 - 0x000007feefd14000 	C:\Program Files\Android\Android Studio\jre\jre\bin\sunec.dll
0x000007fefbf50000 - 0x000007fefbf57000 	C:\Windows\System32\wshtcpip.dll
0x000007fefc5e0000 - 0x000007fefc63b000 	C:\Windows\system32\DNSAPI.dll
0x000000006c710000 - 0x000000006c73e000 	c:\Program Files\Common Files\Microsoft Shared\Windows Live\WLIDNSP.DLL
0x000007fef8ba0000 - 0x000007fef8ba8000 	C:\Windows\system32\rasadhlp.dll
0x000007fefaa70000 - 0x000007fefaac3000 	C:\Windows\System32\fwpuclnt.dll
0x000007fef7820000 - 0x000007fef782b000 	C:\Program Files\Android\Android Studio\jre\jre\bin\sunmscapi.dll
0x000007fefd370000 - 0x000007fefd4d6000 	C:\Windows\system32\CRYPT32.dll
0x000007fefd2d0000 - 0x000007fefd2df000 	C:\Windows\system32\MSASN1.dll

VM Arguments:
jvm_args: -Xmx1536m -Dfile.encoding=windows-1251 -Duser.country=RU -Duser.language=ru -Duser.variant 
java_command: org.gradle.launcher.daemon.bootstrap.GradleDaemon 4.1
java_class_path (initial): C:\Users\Public\.gradle\wrapper\dists\gradle-4.1-all\bzyivzo6n839fup2jbap0tjew\gradle-4.1\lib\gradle-launcher-4.1.jar
Launcher Type: SUN_STANDARD

Environment Variables:
JAVA_HOME=C:\Program Files\Java\jdk1.7.0\bin
CLASSPATH=.;
PATH=C:\Program Files\Java\jdk-9.0.4\bin;C:\Program Files (x86)\PC Connectivity Solution\;C:\Perl64\site\bin;C:\Perl64\bin;C:\Program Files (x86)\NVIDIA Corporation\PhysX\Common;C:\Program Files (x86)\Caminova\Document Express DjVu Plug-in\;C:\Program Files (x86)\AMD APP\bin\x86_64;C:\Program Files (x86)\AMD APP\bin\x86;C:\Windows\system32;C:\Windows;C:\Windows\System32\Wbem;C:\Program Files (x86)\ATI Technologies\ATI.ACE\Core-Static;C:\Program Files (x86)\Common Files\Symbian\tools;C:\Program Files (x86)\CSL Arm Toolchain\bin;C:\Windows\system32\wbem;C:\Program Files (x86)\IVT Corporation\BlueSoleil\Mobile;C:\Program Files (x86)\Skype\Phone\;C:\Program Files\Java\jdk-9.0.4;C:\Program Files\Common Files\Microsoft Shared\Windows Live
USERNAME=Админ
OS=Windows_NT
PROCESSOR_IDENTIFIER=AMD64 Family 15 Model 67 Stepping 2, AuthenticAMD



---------------  S Y S T E M  ---------------

OS: Windows 7 , 64 bit Build 7600 (6.1.7600.16385)

CPU:total 2 (initial active 2) (2 cores per cpu, 1 threads per core) family 15 model 67 stepping 2, cmov, cx8, fxsr, mmx, sse, sse2, sse3, mmxext, 3dnowpref, tsc

Memory: 4k page, physical 4193592k(468956k free), swap 5388512k(5956k free)

vm_info: OpenJDK 64-Bit Server VM (25.152-b02) for windows-amd64 JRE (1.8.0_152-release-1024-b02), built by "builder" with MS VC++ 10.0 (VS2010)

time: Tue May 01 20:28:51 2018
elapsed time: 236 seconds (0d 0h 3m 56s)

