#
# There is insufficient memory for the Java Runtime Environment to continue.
# Native memory allocation (malloc) failed to allocate 1323616 bytes for Chunk::new
# Possible reasons:
#   The system is out of physical RAM or swap space
#   In 32 bit mode, the process size limit was hit
# Possible solutions:
#   Reduce memory load on the system
#   Increase physical memory or swap space
#   Check if swap backing store is full
#   Use 64 bit Java on a 64 bit OS
#   Decrease Java heap size (-Xmx/-Xms)
#   Decrease number of Java threads
#   Decrease Java thread stack sizes (-Xss)
#   Set larger code cache with -XX:ReservedCodeCacheSize=
# This output file may be truncated or incomplete.
#
#  Out of Memory Error (allocation.cpp:390), pid=5176, tid=0x00000000000002d8
#
# JRE version: OpenJDK Runtime Environment (8.0_152-b01) (build 1.8.0_152-release-915-b01)
# Java VM: OpenJDK 64-Bit Server VM (25.152-b01 mixed mode windows-amd64 compressed oops)
# Failed to write core dump. Minidumps are not enabled by default on client versions of Windows
#

---------------  T H R E A D  ---------------

Current thread (0x00000000560a4000):  JavaThread "C2 CompilerThread0" daemon [_thread_in_native, id=728, stack(0x00000000571e0000,0x00000000572e0000)]

Stack: [0x00000000571e0000,0x00000000572e0000]
[error occurred during error reporting (printing stack bounds), id 0xc0000005]

Native frames: (J=compiled Java code, j=interpreted, Vv=VM code, C=native code)


Current CompileTask:
C2:  11595 1385       4       java.net.URLClassLoader$1::run (5 bytes)


---------------  P R O C E S S  ---------------

Java Threads: ( => current thread )
  0x000000005c0d6800 JavaThread "Cache worker for file hash cache (C:\Flappybird\.gradle\4.1\fileHashes)" [_thread_blocked, id=3892, stack(0x000000005aa60000,0x000000005ab60000)]
  0x000000005735e800 JavaThread "File lock request listener" [_thread_new, id=4832, stack(0x0000000000000000,0x0000000000000000)]
  0x0000000058002800 JavaThread "Cache worker for file hash cache (C:\Users\Public\.gradle\caches\4.1\fileHashes)" [_thread_blocked, id=7100, stack(0x000000005a6f0000,0x000000005a7f0000)]
  0x0000000057494000 JavaThread "Stdin handler" [_thread_blocked, id=4736, stack(0x000000005a490000,0x000000005a590000)]
  0x0000000057493000 JavaThread "Asynchronous log dispatcher for DefaultDaemonConnection: socket connection from /127.0.0.1:53365 to /127.0.0.1:53373" [_thread_blocked, id=2428, stack(0x000000005a360000,0x000000005a460000)]
  0x0000000057492800 JavaThread "Daemon worker Thread 2" [_thread_in_Java, id=5088, stack(0x000000005a020000,0x000000005a120000)]
  0x00000000585c3800 JavaThread "Cancel handler" [_thread_blocked, id=2276, stack(0x000000005a150000,0x000000005a250000)]
  0x000000005865d800 JavaThread "Handler for socket connection from /127.0.0.1:53365 to /127.0.0.1:53373" [_thread_in_native, id=6300, stack(0x0000000059c00000,0x0000000059d00000)]
  0x000000005865f000 JavaThread "Daemon" [_thread_blocked, id=6028, stack(0x00000000597a0000,0x00000000598a0000)]
  0x0000000058645800 JavaThread "Daemon periodic checks" [_thread_blocked, id=4532, stack(0x00000000576e0000,0x00000000577e0000)]
  0x0000000058627800 JavaThread "Incoming local TCP Connector on port 53365" [_thread_in_native, id=3436, stack(0x0000000059630000,0x0000000059730000)]
  0x00000000572ea800 JavaThread "Service Thread" daemon [_thread_blocked, id=4752, stack(0x0000000057840000,0x0000000057940000)]
  0x00000000560ab800 JavaThread "C1 CompilerThread1" daemon [_thread_blocked, id=2964, stack(0x0000000056a20000,0x0000000056b20000)]
=>0x00000000560a4000 JavaThread "C2 CompilerThread0" daemon [_thread_in_native, id=728, stack(0x00000000571e0000,0x00000000572e0000)]
  0x00000000560a2800 JavaThread "Attach Listener" daemon [_thread_blocked, id=6688, stack(0x0000000057080000,0x0000000057180000)]
  0x00000000560a1800 JavaThread "Signal Dispatcher" daemon [_thread_blocked, id=5720, stack(0x0000000056f50000,0x0000000057050000)]
  0x000000005608e000 JavaThread "Finalizer" daemon [_thread_blocked, id=6640, stack(0x0000000056e40000,0x0000000056f40000)]
  0x0000000056045000 JavaThread "Reference Handler" daemon [_thread_blocked, id=5736, stack(0x0000000056cd0000,0x0000000056dd0000)]
  0x00000000020ee800 JavaThread "main" [_thread_blocked, id=4472, stack(0x0000000002480000,0x0000000002580000)]

Other Threads:
  0x000000005603d000 VMThread [stack: 0x0000000056b70000,0x0000000056c70000] [id=6416]
  0x00000000572eb000 WatcherThread [stack: 0x0000000057980000,0x0000000057a80000] [id=5116]

VM state:not at safepoint (normal execution)

VM Mutex/Monitor currently owned by a thread: None

Heap:
 PSYoungGen      total 35328K, used 30712K [0x00000000e0000000, 0x00000000e2500000, 0x0000000100000000)
  eden space 32768K, 93% used [0x00000000e0000000,0x00000000e1dfe378,0x00000000e2000000)
  from space 2560K, 0% used [0x00000000e2280000,0x00000000e2280000,0x00000000e2500000)
  to   space 2560K, 0% used [0x00000000e2000000,0x00000000e2000000,0x00000000e2280000)
 ParOldGen       total 30208K, used 4297K [0x00000000a0000000, 0x00000000a1d80000, 0x00000000e0000000)
  object space 30208K, 14% used [0x00000000a0000000,0x00000000a04326a8,0x00000000a1d80000)
 Metaspace       used 14701K, capacity 15060K, committed 15360K, reserved 1064960K
  class space    used 2057K, capacity 2194K, committed 2304K, reserved 1048576K

Card table byte_map: [0x0000000011c10000,0x0000000011f20000] byte_map_base: 0x0000000011710000

Marking Bits: (ParMarkBitMap*) 0x000000005bf63950
 Begin Bits: [0x0000000012410000, 0x0000000013c10000)
 End Bits:   [0x0000000013c10000, 0x0000000015410000)

Polling page: 0x0000000000350000

CodeCache: size=245760Kb used=4957Kb max_used=4957Kb free=240802Kb
 bounds [0x0000000002850000, 0x0000000002d30000, 0x0000000011850000]
 total_blobs=1833 nmethods=1467 adapters=279
 compilation: enabled

Compilation events (10 events):
Event: 11.484 Thread 0x00000000560ab800 1470       3       java.util.IdentityHashMap::hash (18 bytes)
Event: 11.484 Thread 0x00000000560ab800 nmethod 1470 0x0000000002d25b50 code [0x0000000002d25cc0, 0x0000000002d25e48]
Event: 11.487 Thread 0x00000000560ab800 1471       3       java.nio.charset.CharsetEncoder::replaceWith (89 bytes)
Event: 11.488 Thread 0x00000000560ab800 nmethod 1471 0x0000000002d25ed0 code [0x0000000002d260e0, 0x0000000002d26a08]
Event: 11.508 Thread 0x00000000560ab800 1472       3       java.util.LinkedList::<init> (10 bytes)
Event: 11.508 Thread 0x00000000560ab800 nmethod 1472 0x0000000002d26d50 code [0x0000000002d26ec0, 0x0000000002d27190]
Event: 11.509 Thread 0x00000000560ab800 1473       3       sun.misc.ProxyGenerator$ConstantPool::getMethodRef (33 bytes)
Event: 11.510 Thread 0x00000000560ab800 nmethod 1473 0x0000000002d272d0 code [0x0000000002d27560, 0x0000000002d282e8]
Event: 11.518 Thread 0x00000000560ab800 1474       3       java.util.IdentityHashMap::maskNull (12 bytes)
Event: 11.518 Thread 0x00000000560ab800 nmethod 1474 0x0000000002d28dd0 code [0x0000000002d28f20, 0x0000000002d290b0]

GC Heap History (10 events):
Event: 1.240 GC heap before
{Heap before GC invocations=1 (full 0):
 PSYoungGen      total 18944K, used 16384K [0x00000000e0000000, 0x00000000e1500000, 0x0000000100000000)
  eden space 16384K, 100% used [0x00000000e0000000,0x00000000e1000000,0x00000000e1000000)
  from space 2560K, 0% used [0x00000000e1280000,0x00000000e1280000,0x00000000e1500000)
  to   space 2560K, 0% used [0x00000000e1000000,0x00000000e1000000,0x00000000e1280000)
 ParOldGen       total 44032K, used 0K [0x00000000a0000000, 0x00000000a2b00000, 0x00000000e0000000)
  object space 44032K, 0% used [0x00000000a0000000,0x00000000a0000000,0x00000000a2b00000)
 Metaspace       used 6204K, capacity 6328K, committed 6528K, reserved 1056768K
  class space    used 757K, capacity 813K, committed 896K, reserved 1048576K
Event: 1.248 GC heap after
Heap after GC invocations=1 (full 0):
 PSYoungGen      total 18944K, used 2553K [0x00000000e0000000, 0x00000000e1500000, 0x0000000100000000)
  eden space 16384K, 0% used [0x00000000e0000000,0x00000000e0000000,0x00000000e1000000)
  from space 2560K, 99% used [0x00000000e1000000,0x00000000e127e708,0x00000000e1280000)
  to   space 2560K, 0% used [0x00000000e1280000,0x00000000e1280000,0x00000000e1500000)
 ParOldGen       total 44032K, used 469K [0x00000000a0000000, 0x00000000a2b00000, 0x00000000e0000000)
  object space 44032K, 1% used [0x00000000a0000000,0x00000000a00754a8,0x00000000a2b00000)
 Metaspace       used 6204K, capacity 6328K, committed 6528K, reserved 1056768K
  class space    used 757K, capacity 813K, committed 896K, reserved 1048576K
}
Event: 1.681 GC heap before
{Heap before GC invocations=2 (full 0):
 PSYoungGen      total 18944K, used 18767K [0x00000000e0000000, 0x00000000e1500000, 0x0000000100000000)
  eden space 16384K, 98% used [0x00000000e0000000,0x00000000e0fd55d8,0x00000000e1000000)
  from space 2560K, 99% used [0x00000000e1000000,0x00000000e127e708,0x00000000e1280000)
  to   space 2560K, 0% used [0x00000000e1280000,0x00000000e1280000,0x00000000e1500000)
 ParOldGen       total 44032K, used 469K [0x00000000a0000000, 0x00000000a2b00000, 0x00000000e0000000)
  object space 44032K, 1% used [0x00000000a0000000,0x00000000a00754a8,0x00000000a2b00000)
 Metaspace       used 6908K, capacity 7064K, committed 7424K, reserved 1056768K
  class space    used 838K, capacity 909K, committed 1024K, reserved 1048576K
Event: 1.692 GC heap after
Heap after GC invocations=2 (full 0):
 PSYoungGen      total 18944K, used 2530K [0x00000000e0000000, 0x00000000e2500000, 0x0000000100000000)
  eden space 16384K, 0% used [0x00000000e0000000,0x00000000e0000000,0x00000000e1000000)
  from space 2560K, 98% used [0x00000000e1280000,0x00000000e14f8978,0x00000000e1500000)
  to   space 2560K, 0% used [0x00000000e1000000,0x00000000e1000000,0x00000000e1280000)
 ParOldGen       total 44032K, used 509K [0x00000000a0000000, 0x00000000a2b00000, 0x00000000e0000000)
  object space 44032K, 1% used [0x00000000a0000000,0x00000000a007f4a8,0x00000000a2b00000)
 Metaspace       used 6908K, capacity 7064K, committed 7424K, reserved 1056768K
  class space    used 838K, capacity 909K, committed 1024K, reserved 1048576K
}
Event: 2.399 GC heap before
{Heap before GC invocations=3 (full 0):
 PSYoungGen      total 18944K, used 18914K [0x00000000e0000000, 0x00000000e2500000, 0x0000000100000000)
  eden space 16384K, 100% used [0x00000000e0000000,0x00000000e1000000,0x00000000e1000000)
  from space 2560K, 98% used [0x00000000e1280000,0x00000000e14f8978,0x00000000e1500000)
  to   space 2560K, 0% used [0x00000000e1000000,0x00000000e1000000,0x00000000e1280000)
 ParOldGen       total 44032K, used 509K [0x00000000a0000000, 0x00000000a2b00000, 0x00000000e0000000)
  object space 44032K, 1% used [0x00000000a0000000,0x00000000a007f4a8,0x00000000a2b00000)
 Metaspace       used 8575K, capacity 8804K, committed 8960K, reserved 1056768K
  class space    used 1096K, capacity 1230K, committed 1280K, reserved 1048576K
Event: 2.408 GC heap after
Heap after GC invocations=3 (full 0):
 PSYoungGen      total 18944K, used 2544K [0x00000000e0000000, 0x00000000e2500000, 0x0000000100000000)
  eden space 16384K, 0% used [0x00000000e0000000,0x00000000e0000000,0x00000000e1000000)
  from space 2560K, 99% used [0x00000000e1000000,0x00000000e127c030,0x00000000e1280000)
  to   space 2560K, 0% used [0x00000000e2280000,0x00000000e2280000,0x00000000e2500000)
 ParOldGen       total 44032K, used 1443K [0x00000000a0000000, 0x00000000a2b00000, 0x00000000e0000000)
  object space 44032K, 3% used [0x00000000a0000000,0x00000000a0168d78,0x00000000a2b00000)
 Metaspace       used 8575K, capacity 8804K, committed 8960K, reserved 1056768K
  class space    used 1096K, capacity 1230K, committed 1280K, reserved 1048576K
}
Event: 3.547 GC heap before
{Heap before GC invocations=4 (full 0):
 PSYoungGen      total 18944K, used 14693K [0x00000000e0000000, 0x00000000e2500000, 0x0000000100000000)
  eden space 16384K, 74% used [0x00000000e0000000,0x00000000e0bdd6d8,0x00000000e1000000)
  from space 2560K, 99% used [0x00000000e1000000,0x00000000e127c030,0x00000000e1280000)
  to   space 2560K, 0% used [0x00000000e2280000,0x00000000e2280000,0x00000000e2500000)
 ParOldGen       total 44032K, used 1443K [0x00000000a0000000, 0x00000000a2b00000, 0x00000000e0000000)
  object space 44032K, 3% used [0x00000000a0000000,0x00000000a0168d78,0x00000000a2b00000)
 Metaspace       used 11832K, capacity 12154K, committed 12160K, reserved 1064960K
  class space    used 1555K, capacity 1661K, committed 1664K, reserved 1048576K
Event: 3.573 GC heap after
Heap after GC invocations=4 (full 0):
 PSYoungGen      total 35328K, used 2544K [0x00000000e0000000, 0x00000000e2500000, 0x0000000100000000)
  eden space 32768K, 0% used [0x00000000e0000000,0x00000000e0000000,0x00000000e2000000)
  from space 2560K, 99% used [0x00000000e2280000,0x00000000e24fc030,0x00000000e2500000)
  to   space 2560K, 0% used [0x00000000e2000000,0x00000000e2000000,0x00000000e2280000)
 ParOldGen       total 44032K, used 3312K [0x00000000a0000000, 0x00000000a2b00000, 0x00000000e0000000)
  object space 44032K, 7% used [0x00000000a0000000,0x00000000a033c3c0,0x00000000a2b00000)
 Metaspace       used 11832K, capacity 12154K, committed 12160K, reserved 1064960K
  class space    used 1555K, capacity 1661K, committed 1664K, reserved 1048576K
}
Event: 3.573 GC heap before
{Heap before GC invocations=5 (full 1):
 PSYoungGen      total 35328K, used 2544K [0x00000000e0000000, 0x00000000e2500000, 0x0000000100000000)
  eden space 32768K, 0% used [0x00000000e0000000,0x00000000e0000000,0x00000000e2000000)
  from space 2560K, 99% used [0x00000000e2280000,0x00000000e24fc030,0x00000000e2500000)
  to   space 2560K, 0% used [0x00000000e2000000,0x00000000e2000000,0x00000000e2280000)
 ParOldGen       total 44032K, used 3312K [0x00000000a0000000, 0x00000000a2b00000, 0x00000000e0000000)
  object space 44032K, 7% used [0x00000000a0000000,0x00000000a033c3c0,0x00000000a2b00000)
 Metaspace       used 11832K, capacity 12154K, committed 12160K, reserved 1064960K
  class space    used 1555K, capacity 1661K, committed 1664K, reserved 1048576K
Event: 3.615 GC heap after
Heap after GC invocations=5 (full 1):
 PSYoungGen      total 35328K, used 0K [0x00000000e0000000, 0x00000000e2500000, 0x0000000100000000)
  eden space 32768K, 0% used [0x00000000e0000000,0x00000000e0000000,0x00000000e2000000)
  from space 2560K, 0% used [0x00000000e2280000,0x00000000e2280000,0x00000000e2500000)
  to   space 2560K, 0% used [0x00000000e2000000,0x00000000e2000000,0x00000000e2280000)
 ParOldGen       total 30208K, used 4297K [0x00000000a0000000, 0x00000000a1d80000, 0x00000000e0000000)
  object space 30208K, 14% used [0x00000000a0000000,0x00000000a04326a8,0x00000000a1d80000)
 Metaspace       used 11832K, capacity 12154K, committed 12160K, reserved 1062912K
  class space    used 1555K, capacity 1661K, committed 1664K, reserved 1048576K
}

Deoptimization events (10 events):
Event: 2.134 Thread 0x00000000020ee800 Uncommon trap: reason=bimorphic action=maybe_recompile pc=0x0000000002ad2b18 method=java.util.HashMap.putVal(ILjava/lang/Object;Ljava/lang/Object;ZZ)Ljava/lang/Object; @ 91
Event: 2.134 Thread 0x00000000020ee800 Uncommon trap: reason=bimorphic action=maybe_recompile pc=0x0000000002ad2b18 method=java.util.HashMap.putVal(ILjava/lang/Object;Ljava/lang/Object;ZZ)Ljava/lang/Object; @ 91
Event: 2.134 Thread 0x00000000020ee800 Uncommon trap: reason=bimorphic action=maybe_recompile pc=0x0000000002ad2b18 method=java.util.HashMap.putVal(ILjava/lang/Object;Ljava/lang/Object;ZZ)Ljava/lang/Object; @ 91
Event: 2.508 Thread 0x00000000020ee800 Uncommon trap: reason=bimorphic action=maybe_recompile pc=0x0000000002b68dd4 method=java.util.HashMap.putVal(ILjava/lang/Object;Ljava/lang/Object;ZZ)Ljava/lang/Object; @ 203
Event: 2.774 Thread 0x00000000020ee800 Uncommon trap: reason=unstable_if action=reinterpret pc=0x0000000002b4c9b0 method=java.io.WinNTFileSystem.normalize(Ljava/lang/String;)Ljava/lang/String; @ 128
Event: 2.774 Thread 0x00000000020ee800 Uncommon trap: reason=unstable_if action=reinterpret pc=0x0000000002b5339c method=java.io.WinNTFileSystem.normalize(Ljava/lang/String;II)Ljava/lang/String; @ 90
Event: 10.606 Thread 0x0000000057492800 Uncommon trap: reason=bimorphic action=maybe_recompile pc=0x0000000002b688d4 method=java.util.HashMap.putVal(ILjava/lang/Object;Ljava/lang/Object;ZZ)Ljava/lang/Object; @ 253
Event: 10.607 Thread 0x0000000057492800 Uncommon trap: reason=bimorphic action=maybe_recompile pc=0x0000000002b688d4 method=java.util.HashMap.putVal(ILjava/lang/Object;Ljava/lang/Object;ZZ)Ljava/lang/Object; @ 253
Event: 11.142 Thread 0x0000000057492800 Uncommon trap: reason=class_check action=maybe_recompile pc=0x0000000002ac14f8 method=java.util.regex.Matcher.match(II)Z @ 86
Event: 11.143 Thread 0x0000000057492800 Uncommon trap: reason=class_check action=maybe_recompile pc=0x0000000002ac14f8 method=java.util.regex.Matcher.match(II)Z @ 86

Classes redefined (0 events):
No events

Internal exceptions (10 events):
Event: 3.446 Thread 0x000000005865d800 Exception <a 'java/lang/NoSuchMethodError': <clinit>> (0x00000000e0a6dd38) thrown at [D:\src\AOSP-openjdk-cygwin\jdk8u\hotspot\src\share\vm\prims\jni.cpp, line 1613]
Event: 3.455 Thread 0x000000005865d800 Exception <a 'java/lang/NoSuchMethodError': <clinit>> (0x00000000e0aa1230) thrown at [D:\src\AOSP-openjdk-cygwin\jdk8u\hotspot\src\share\vm\prims\jni.cpp, line 1613]
Event: 3.458 Thread 0x000000005865d800 Exception <a 'java/lang/NoSuchMethodError': <clinit>> (0x00000000e0ab0ca8) thrown at [D:\src\AOSP-openjdk-cygwin\jdk8u\hotspot\src\share\vm\prims\jni.cpp, line 1613]
Event: 3.463 Thread 0x000000005865d800 Exception <a 'java/lang/NoSuchMethodError': <clinit>> (0x00000000e0ad4a60) thrown at [D:\src\AOSP-openjdk-cygwin\jdk8u\hotspot\src\share\vm\prims\jni.cpp, line 1613]
Event: 3.510 Thread 0x000000005865f000 Exception <a 'java/lang/OutOfMemoryError': unable to create new native thread> (0x00000000e0b49938) thrown at [D:\src\AOSP-openjdk-cygwin\jdk8u\hotspot\src\share\vm\prims\jvm.cpp, line 3033]
Event: 3.626 Thread 0x000000005865f000 Exception <a 'java/lang/NoSuchMethodError': <clinit>> (0x00000000e00b32d8) thrown at [D:\src\AOSP-openjdk-cygwin\jdk8u\hotspot\src\share\vm\prims\jni.cpp, line 1613]
Event: 3.635 Thread 0x000000005865f000 Exception <a 'java/lang/NoSuchMethodError': <clinit>> (0x00000000e00de7a8) thrown at [D:\src\AOSP-openjdk-cygwin\jdk8u\hotspot\src\share\vm\prims\jni.cpp, line 1613]
Event: 3.738 Thread 0x000000005865d800 Exception <a 'java/lang/NoSuchMethodError': <clinit>> (0x00000000e01051b0) thrown at [D:\src\AOSP-openjdk-cygwin\jdk8u\hotspot\src\share\vm\prims\jni.cpp, line 1613]
Event: 10.589 Thread 0x0000000057492800 Exception <a 'java/lang/NoSuchMethodError': <clinit>> (0x00000000e020a678) thrown at [D:\src\AOSP-openjdk-cygwin\jdk8u\hotspot\src\share\vm\prims\jni.cpp, line 1613]
Event: 10.590 Thread 0x0000000057492800 Exception <a 'java/lang/NoSuchMethodError': <clinit>> (0x00000000e0212900) thrown at [D:\src\AOSP-openjdk-cygwin\jdk8u\hotspot\src\share\vm\prims\jni.cpp, line 1613]

Events (10 events):
Event: 11.526 loading class org/gradle/api/resources/Resource
Event: 11.526 loading class org/gradle/api/resources/Resource done
Event: 11.527 loading class org/gradle/api/internal/file/FileTreeInternal
Event: 11.527 loading class org/gradle/api/internal/file/FileTreeInternal done
Event: 11.527 loading class org/gradle/api/file/FileTree
Event: 11.527 loading class org/gradle/api/file/FileTree done
Event: 11.529 loading class org/gradle/api/internal/file/FileNormaliser
Event: 11.529 loading class org/gradle/api/internal/file/FileNormaliser done
Event: 11.530 loading class org/gradle/api/internal/file/FileOrUriNotationConverter
Event: 11.530 loading class org/gradle/api/internal/file/FileOrUriNotationConverter done


Dynamic libraries:
0x000000013f930000 - 0x000000013f961000 	C:\Program Files\Android\Android Studio\jre\bin\java.exe
0x0000000076dc0000 - 0x0000000076f6b000 	C:\Windows\SYSTEM32\ntdll.dll
0x000007fef1570000 - 0x000007fef15a4000 	C:\Program Files\AVAST Software\Avast\x64\aswhooka.dll
0x00000000766e0000 - 0x00000000767ff000 	C:\Windows\system32\kernel32.dll
0x000007fefd2e0000 - 0x000007fefd34b000 	C:\Windows\system32\KERNELBASE.dll
0x000007fefdb80000 - 0x000007fefdc5b000 	C:\Windows\system32\ADVAPI32.dll
0x000007fefd600000 - 0x000007fefd69f000 	C:\Windows\system32\msvcrt.dll
0x000007fefdaf0000 - 0x000007fefdb0f000 	C:\Windows\SYSTEM32\sechost.dll
0x000007fefd810000 - 0x000007fefd93e000 	C:\Windows\system32\RPCRT4.dll
0x0000000076800000 - 0x00000000768fa000 	C:\Windows\system32\USER32.dll
0x000007fefdb10000 - 0x000007fefdb77000 	C:\Windows\system32\GDI32.dll
0x000007fefdae0000 - 0x000007fefdaee000 	C:\Windows\system32\LPK.dll
0x000007fefdce0000 - 0x000007fefddaa000 	C:\Windows\system32\USP10.dll
0x000007fefcd80000 - 0x000007fefcf74000 	C:\Windows\WinSxS\amd64_microsoft.windows.common-controls_6595b64144ccf1df_6.0.7600.16385_none_fa645303170382f6\COMCTL32.dll
0x000007fefdc60000 - 0x000007fefdcd1000 	C:\Windows\system32\SHLWAPI.dll
0x000007fefeb40000 - 0x000007fefeb6e000 	C:\Windows\system32\IMM32.DLL
0x000007fefedb0000 - 0x000007fefeeb9000 	C:\Windows\system32\MSCTF.dll
0x0000000071dd0000 - 0x0000000071ea2000 	C:\Program Files\Android\Android Studio\jre\jre\bin\msvcr100.dll
0x000000005b7a0000 - 0x000000005bfde000 	C:\Program Files\Android\Android Studio\jre\jre\bin\server\jvm.dll
0x000007fefadd0000 - 0x000007fefadd9000 	C:\Windows\system32\WSOCK32.dll
0x000007fefd740000 - 0x000007fefd78d000 	C:\Windows\system32\WS2_32.dll
0x000007fefeb70000 - 0x000007fefeb78000 	C:\Windows\system32\NSI.dll
0x000007fef9ca0000 - 0x000007fef9cdb000 	C:\Windows\system32\WINMM.dll
0x000007fefbe60000 - 0x000007fefbe6c000 	C:\Windows\system32\VERSION.dll
0x0000000076f80000 - 0x0000000076f87000 	C:\Windows\system32\PSAPI.DLL
0x000007fef7d60000 - 0x000007fef7d6f000 	C:\Program Files\Android\Android Studio\jre\jre\bin\verify.dll
0x000007fef0050000 - 0x000007fef0079000 	C:\Program Files\Android\Android Studio\jre\jre\bin\java.dll
0x000007fef3770000 - 0x000007fef3786000 	C:\Program Files\Android\Android Studio\jre\jre\bin\zip.dll
0x000007fefddb0000 - 0x000007fefeb36000 	C:\Windows\system32\SHELL32.dll
0x000007fefeec0000 - 0x000007feff0c1000 	C:\Windows\system32\ole32.dll
0x000007fefd230000 - 0x000007fefd23f000 	C:\Windows\system32\profapi.dll
0x000007fef74c0000 - 0x000007fef74da000 	C:\Program Files\Android\Android Studio\jre\jre\bin\net.dll
0x000007fefc760000 - 0x000007fefc7b4000 	C:\Windows\system32\mswsock.dll
0x000007fefc750000 - 0x000007fefc757000 	C:\Windows\System32\wship6.dll
0x000007fef3750000 - 0x000007fef3761000 	C:\Program Files\Android\Android Studio\jre\jre\bin\nio.dll
0x000007feefee0000 - 0x000007feefefe000 	C:\Users\Public\.gradle\native\25\windows-amd64\native-platform.dll
0x000007fef7dd0000 - 0x000007fef7ddd000 	C:\Program Files\Android\Android Studio\jre\jre\bin\management.dll
0x000007fefc800000 - 0x000007fefc817000 	C:\Windows\system32\CRYPTSP.dll
0x000007fefc4c0000 - 0x000007fefc507000 	C:\Windows\system32\rsaenh.dll
0x000007fefcd10000 - 0x000007fefcd2e000 	C:\Windows\system32\USERENV.dll
0x000007fefd160000 - 0x000007fefd16f000 	C:\Windows\system32\CRYPTBASE.dll
0x000007fefabd0000 - 0x000007fefabf7000 	C:\Windows\system32\IPHLPAPI.DLL
0x000007fefabb0000 - 0x000007fefabbb000 	C:\Windows\system32\WINNSI.DLL
0x000007fefaa40000 - 0x000007fefaa51000 	C:\Windows\system32\dhcpcsvc6.DLL
0x000007fefaa20000 - 0x000007fefaa38000 	C:\Windows\system32\dhcpcsvc.DLL

VM Arguments:
jvm_args: -Xmx1536m -Dfile.encoding=windows-1251 -Duser.country=RU -Duser.language=ru -Duser.variant 
java_command: org.gradle.launcher.daemon.bootstrap.GradleDaemon 4.1
java_class_path (initial): C:\Users\Public\.gradle\wrapper\dists\gradle-4.1-all\bzyivzo6n839fup2jbap0tjew\gradle-4.1\lib\gradle-launcher-4.1.jar
Launcher Type: SUN_STANDARD

Environment Variables:
JAVA_HOME=C:\Program Files\Java\jdk1.7.0\bin
CLASSPATH=.;
PATH=C:\Program Files\Java\jdk-9.0.4\bin;C:\Program Files (x86)\PC Connectivity Solution\;C:\Perl64\site\bin;C:\Perl64\bin;C:\Program Files (x86)\NVIDIA Corporation\PhysX\Common;C:\Program Files (x86)\Caminova\Document Express DjVu Plug-in\;C:\Program Files (x86)\AMD APP\bin\x86_64;C:\Program Files (x86)\AMD APP\bin\x86;C:\Windows\system32;C:\Windows;C:\Windows\System32\Wbem;C:\Program Files (x86)\ATI Technologies\ATI.ACE\Core-Static;C:\Program Files (x86)\Common Files\Symbian\tools;C:\Program Files (x86)\CSL Arm Toolchain\bin;C:\Windows\system32\wbem;C:\Program Files (x86)\IVT Corporation\BlueSoleil\Mobile;C:\Program Files (x86)\Skype\Phone\;C:\Program Files\Java\jdk-9.0.4;C:\Program Files\Common Files\Microsoft Shared\Windows Live
USERNAME=Админ
OS=Windows_NT
PROCESSOR_IDENTIFIER=AMD64 Family 15 Model 67 Stepping 2, AuthenticAMD



---------------  S Y S T E M  ---------------

OS: Windows 7 , 64 bit Build 7600 (6.1.7600.16385)

CPU:total 2 (initial active 2) (2 cores per cpu, 1 threads per core) family 15 model 67 stepping 2, cmov, cx8, fxsr, mmx, sse, sse2, sse3, mmxext, 3dnowpref, tsc

Memory: 4k page, physical 4193592k(659832k free), swap 5388512k(3460k free)

vm_info: OpenJDK 64-Bit Server VM (25.152-b01) for windows-amd64 JRE (1.8.0_152-release-915-b01), built by "builder" with MS VC++ 10.0 (VS2010)

time: Tue May 01 19:27:51 2018
elapsed time: 11 seconds (0d 0h 0m 11s)

