#
# There is insufficient memory for the Java Runtime Environment to continue.
# Native memory allocation (malloc) failed to allocate 156400 bytes for Chunk::new
# Possible reasons:
#   The system is out of physical RAM or swap space
#   In 32 bit mode, the process size limit was hit
# Possible solutions:
#   Reduce memory load on the system
#   Increase physical memory or swap space
#   Check if swap backing store is full
#   Use 64 bit Java on a 64 bit OS
#   Decrease Java heap size (-Xmx/-Xms)
#   Decrease number of Java threads
#   Decrease Java thread stack sizes (-Xss)
#   Set larger code cache with -XX:ReservedCodeCacheSize=
# This output file may be truncated or incomplete.
#
#  Out of Memory Error (allocation.cpp:390), pid=1872, tid=0x00000000000012fc
#
# JRE version: OpenJDK Runtime Environment (8.0_152-b01) (build 1.8.0_152-release-915-b01)
# Java VM: OpenJDK 64-Bit Server VM (25.152-b01 mixed mode windows-amd64 compressed oops)
# Failed to write core dump. Minidumps are not enabled by default on client versions of Windows
#

---------------  T H R E A D  ---------------

Current thread (0x0000000056043800):  JavaThread "C2 CompilerThread0" daemon [_thread_in_native, id=4860, stack(0x0000000057370000,0x0000000057470000)]

Stack: [0x0000000057370000,0x0000000057470000]
[error occurred during error reporting (printing stack bounds), id 0xc0000005]

Native frames: (J=compiled Java code, j=interpreted, Vv=VM code, C=native code)


Current CompileTask:
C2:3037623 19994       4       com.android.dx.ssa.SsaConverter::placePhiFunctions (394 bytes)


---------------  P R O C E S S  ---------------

Java Threads: ( => current thread )
  0x000000005c205000 JavaThread "ForkJoinPool.commonPool-worker-5" daemon [_thread_in_Java, id=4236, stack(0x0000000059720000,0x0000000059820000)]
  0x000000005bc62000 JavaThread "ForkJoinPool.commonPool-worker-4" daemon [_thread_in_native, id=6468, stack(0x000000005e340000,0x000000005e440000)]
  0x000000005c202800 JavaThread "Task worker for ':'" [_thread_blocked, id=7048, stack(0x0000000060690000,0x0000000060790000)]
  0x000000005c205800 JavaThread "Cache worker for task history cache (C:\Flappybird\.gradle\4.1\taskHistory)" [_thread_blocked, id=4776, stack(0x00000000616d0000,0x00000000617d0000)]
  0x000000005c202000 JavaThread "Cache worker for file content cache (C:\Flappybird\.gradle\4.1\fileContent)" [_thread_blocked, id=5564, stack(0x000000005e5d0000,0x000000005e6d0000)]
  0x000000005bc65800 JavaThread "build operations Thread 2" [_thread_blocked, id=6788, stack(0x000000005a170000,0x000000005a270000)]
  0x000000005bc68000 JavaThread "build operations" [_thread_blocked, id=4704, stack(0x00000000613b0000,0x00000000614b0000)]
  0x000000005bc66800 JavaThread "Cache worker for Artifact transforms cache (C:\Users\Public\.gradle\caches\transforms-1)" [_thread_blocked, id=6204, stack(0x0000000060bc0000,0x0000000060cc0000)]
  0x000000005bc67000 JavaThread "Cache worker for file hash cache (C:\Flappybird\.gradle\4.1\fileHashes)" [_thread_blocked, id=1136, stack(0x000000005e460000,0x000000005e560000)]
  0x000000005bc61000 JavaThread "Asynchronous log dispatcher for DefaultDaemonConnection: socket connection from /127.0.0.1:51388 to /127.0.0.1:52265" [_thread_blocked, id=2644, stack(0x000000005b0c0000,0x000000005b1c0000)]
  0x000000005bc63800 JavaThread "Cancel handler" [_thread_blocked, id=4284, stack(0x0000000059ad0000,0x0000000059bd0000)]
  0x000000005bc62800 JavaThread "Handler for socket connection from /127.0.0.1:51388 to /127.0.0.1:52265" [_thread_in_native, id=6136, stack(0x0000000059ea0000,0x0000000059fa0000)]
  0x000000005c1ff800 JavaThread "Daemon worker Thread 7" [_thread_blocked, id=5908, stack(0x000000005a040000,0x000000005a140000)]
  0x000000005c204000 JavaThread "Daemon Thread 7" [_thread_blocked, id=3120, stack(0x00000000599a0000,0x0000000059aa0000)]
  0x000000005c203800 JavaThread "Memory manager" [_thread_blocked, id=5708, stack(0x000000005ed70000,0x000000005ee70000)]
  0x0000000057cee000 JavaThread "File lock request listener" [_thread_in_native, id=6460, stack(0x000000005a790000,0x000000005a890000)]
  0x000000005760f000 JavaThread "Cache worker for file hash cache (C:\Users\Public\.gradle\caches\4.1\fileHashes)" [_thread_blocked, id=4720, stack(0x000000005a5a0000,0x000000005a6a0000)]
  0x00000000586a8800 JavaThread "Daemon periodic checks" [_thread_blocked, id=5368, stack(0x0000000059820000,0x0000000059920000)]
  0x000000005869a000 JavaThread "Incoming local TCP Connector on port 51388" [_thread_in_native, id=6540, stack(0x00000000595e0000,0x00000000596e0000)]
  0x000000005605b000 JavaThread "Service Thread" daemon [_thread_blocked, id=660, stack(0x0000000057480000,0x0000000057580000)]
  0x0000000056048800 JavaThread "C1 CompilerThread1" daemon [_thread_blocked, id=3224, stack(0x0000000056a60000,0x0000000056b60000)]
=>0x0000000056043800 JavaThread "C2 CompilerThread0" daemon [_thread_in_native, id=4860, stack(0x0000000057370000,0x0000000057470000)]
  0x0000000056042800 JavaThread "Attach Listener" daemon [_thread_blocked, id=6688, stack(0x00000000570f0000,0x00000000571f0000)]
  0x0000000056041800 JavaThread "Signal Dispatcher" daemon [_thread_blocked, id=5296, stack(0x0000000056f00000,0x0000000057000000)]
  0x000000005602e000 JavaThread "Finalizer" daemon [_thread_blocked, id=4956, stack(0x0000000056d20000,0x0000000056e20000)]
  0x0000000055fe5000 JavaThread "Reference Handler" daemon [_thread_blocked, id=4252, stack(0x0000000056b60000,0x0000000056c60000)]
  0x0000000001dce800 JavaThread "main" [_thread_blocked, id=4624, stack(0x0000000002410000,0x0000000002510000)]

Other Threads:
  0x0000000055fdd000 VMThread [stack: 0x0000000056950000,0x0000000056a50000] [id=6396]
  0x000000005605c800 WatcherThread [stack: 0x0000000057270000,0x0000000057370000] [id=5776]

VM state:not at safepoint (normal execution)

VM Mutex/Monitor currently owned by a thread: None

Heap:
 PSYoungGen      total 293888K, used 130708K [0x00000000e0000000, 0x00000000f6d00000, 0x0000000100000000)
  eden space 256512K, 48% used [0x00000000e0000000,0x00000000e799f420,0x00000000efa80000)
  from space 37376K, 16% used [0x00000000efa80000,0x00000000f0085d90,0x00000000f1f00000)
  to   space 35840K, 0% used [0x00000000f4a00000,0x00000000f4a00000,0x00000000f6d00000)
 ParOldGen       total 162816K, used 80977K [0x00000000a0000000, 0x00000000a9f00000, 0x00000000e0000000)
  object space 162816K, 49% used [0x00000000a0000000,0x00000000a4f14768,0x00000000a9f00000)
 Metaspace       used 78960K, capacity 83678K, committed 86144K, reserved 1124352K
  class space    used 9886K, capacity 10951K, committed 11648K, reserved 1048576K

Card table byte_map: [0x0000000011ba0000,0x0000000011eb0000] byte_map_base: 0x00000000116a0000

Marking Bits: (ParMarkBitMap*) 0x000000005ba13950
 Begin Bits: [0x00000000123b0000, 0x0000000013bb0000)
 End Bits:   [0x0000000013bb0000, 0x00000000153b0000)

Polling page: 0x00000000006e0000

CodeCache: size=245760Kb used=55444Kb max_used=55444Kb free=190315Kb
 bounds [0x00000000027e0000, 0x0000000005e50000, 0x00000000117e0000]
 total_blobs=16856 nmethods=16013 adapters=755
 compilation: enabled

Compilation events (10 events):
Event: 3035.877 Thread 0x0000000056043800 nmethod 19976% 0x0000000005e2dc10 code [0x0000000005e2de20, 0x0000000005e2f338]
Event: 3035.877 Thread 0x0000000056043800 19994       4       com.android.dx.ssa.SsaConverter::placePhiFunctions (394 bytes)
Event: 3036.032 Thread 0x0000000056048800 20001 %     3       com.android.dx.dex.code.StdCatchBuilder::hasAnyCatches @ 15 (57 bytes)
Event: 3036.033 Thread 0x0000000056048800 nmethod 20001% 0x0000000005e27c90 code [0x0000000005e27e80, 0x0000000005e28bb8]
Event: 3036.086 Thread 0x0000000056048800 20003       2       com.android.dx.dex.code.form.Form31t::writeTo (33 bytes)
Event: 3036.087 Thread 0x0000000056048800 nmethod 20003 0x0000000005e27010 code [0x0000000005e271e0, 0x0000000005e276e8]
Event: 3036.087 Thread 0x0000000056048800 20004       2       com.android.dx.dex.code.OddSpacer::writeTo (19 bytes)
Event: 3036.088 Thread 0x0000000056048800 nmethod 20004 0x0000000005e26a50 code [0x0000000005e26be0, 0x0000000005e26e68]
Event: 3036.088 Thread 0x0000000056048800 20005       2       com.android.dx.dex.code.form.Form10t::writeTo (22 bytes)
Event: 3036.088 Thread 0x0000000056048800 nmethod 20005 0x0000000005e261d0 code [0x0000000005e26380, 0x0000000005e26718]

GC Heap History (10 events):
Event: 2828.976 GC heap before
{Heap before GC invocations=25 (full 3):
 PSYoungGen      total 266240K, used 265804K [0x00000000e0000000, 0x00000000f2880000, 0x0000000100000000)
  eden space 244224K, 100% used [0x00000000e0000000,0x00000000eee80000,0x00000000eee80000)
  from space 22016K, 98% used [0x00000000f0c00000,0x00000000f2113148,0x00000000f2180000)
  to   space 7168K, 0% used [0x00000000f2180000,0x00000000f2180000,0x00000000f2880000)
 ParOldGen       total 98816K, used 61335K [0x00000000a0000000, 0x00000000a6080000, 0x00000000e0000000)
  object space 98816K, 62% used [0x00000000a0000000,0x00000000a3be5e30,0x00000000a6080000)
 Metaspace       used 80602K, capacity 86014K, committed 86144K, reserved 1124352K
  class space    used 10311K, capacity 11565K, committed 11648K, reserved 1048576K
Event: 2829.582 GC heap after
Heap after GC invocations=25 (full 3):
 PSYoungGen      total 241152K, used 7148K [0x00000000e0000000, 0x00000000f2f80000, 0x0000000100000000)
  eden space 233984K, 0% used [0x00000000e0000000,0x00000000e0000000,0x00000000ee480000)
  from space 7168K, 99% used [0x00000000f2180000,0x00000000f287b0b0,0x00000000f2880000)
  to   space 38400K, 0% used [0x00000000ee480000,0x00000000ee480000,0x00000000f0a00000)
 ParOldGen       total 103424K, used 102968K [0x00000000a0000000, 0x00000000a6500000, 0x00000000e0000000)
  object space 103424K, 99% used [0x00000000a0000000,0x00000000a648e2e8,0x00000000a6500000)
 Metaspace       used 80602K, capacity 86014K, committed 86144K, reserved 1124352K
  class space    used 10311K, capacity 11565K, committed 11648K, reserved 1048576K
}
Event: 2829.624 GC heap before
{Heap before GC invocations=26 (full 4):
 PSYoungGen      total 241152K, used 7148K [0x00000000e0000000, 0x00000000f2f80000, 0x0000000100000000)
  eden space 233984K, 0% used [0x00000000e0000000,0x00000000e0000000,0x00000000ee480000)
  from space 7168K, 99% used [0x00000000f2180000,0x00000000f287b0b0,0x00000000f2880000)
  to   space 38400K, 0% used [0x00000000ee480000,0x00000000ee480000,0x00000000f0a00000)
 ParOldGen       total 103424K, used 102968K [0x00000000a0000000, 0x00000000a6500000, 0x00000000e0000000)
  object space 103424K, 99% used [0x00000000a0000000,0x00000000a648e2e8,0x00000000a6500000)
 Metaspace       used 80602K, capacity 86014K, committed 86144K, reserved 1124352K
  class space    used 10311K, capacity 11565K, committed 11648K, reserved 1048576K
Event: 2911.021 GC heap after
Heap after GC invocations=26 (full 4):
 PSYoungGen      total 241152K, used 0K [0x00000000e0000000, 0x00000000f2f80000, 0x0000000100000000)
  eden space 233984K, 0% used [0x00000000e0000000,0x00000000e0000000,0x00000000ee480000)
  from space 7168K, 0% used [0x00000000f2180000,0x00000000f2180000,0x00000000f2880000)
  to   space 38400K, 0% used [0x00000000ee480000,0x00000000ee480000,0x00000000f0a00000)
 ParOldGen       total 162816K, used 80961K [0x00000000a0000000, 0x00000000a9f00000, 0x00000000e0000000)
  object space 162816K, 49% used [0x00000000a0000000,0x00000000a4f10768,0x00000000a9f00000)
 Metaspace       used 78325K, capacity 82706K, committed 86144K, reserved 1124352K
  class space    used 9833K, capacity 10837K, committed 11648K, reserved 1048576K
}
Event: 2918.343 GC heap before
{Heap before GC invocations=27 (full 4):
 PSYoungGen      total 241152K, used 233939K [0x00000000e0000000, 0x00000000f2f80000, 0x0000000100000000)
  eden space 233984K, 99% used [0x00000000e0000000,0x00000000ee474e80,0x00000000ee480000)
  from space 7168K, 0% used [0x00000000f2180000,0x00000000f2180000,0x00000000f2880000)
  to   space 38400K, 0% used [0x00000000ee480000,0x00000000ee480000,0x00000000f0a00000)
 ParOldGen       total 162816K, used 80961K [0x00000000a0000000, 0x00000000a9f00000, 0x00000000e0000000)
  object space 162816K, 49% used [0x00000000a0000000,0x00000000a4f10768,0x00000000a9f00000)
 Metaspace       used 78402K, capacity 82922K, committed 86144K, reserved 1124352K
  class space    used 9841K, capacity 10851K, committed 11648K, reserved 1048576K
Event: 2918.359 GC heap after
Heap after GC invocations=27 (full 4):
 PSYoungGen      total 272384K, used 5300K [0x00000000e0000000, 0x00000000f4400000, 0x0000000100000000)
  eden space 233984K, 0% used [0x00000000e0000000,0x00000000e0000000,0x00000000ee480000)
  from space 38400K, 13% used [0x00000000ee480000,0x00000000ee9ad1f0,0x00000000f0a00000)
  to   space 37888K, 0% used [0x00000000f1f00000,0x00000000f1f00000,0x00000000f4400000)
 ParOldGen       total 162816K, used 80969K [0x00000000a0000000, 0x00000000a9f00000, 0x00000000e0000000)
  object space 162816K, 49% used [0x00000000a0000000,0x00000000a4f12768,0x00000000a9f00000)
 Metaspace       used 78402K, capacity 82922K, committed 86144K, reserved 1124352K
  class space    used 9841K, capacity 10851K, committed 11648K, reserved 1048576K
}
Event: 2918.521 GC heap before
{Heap before GC invocations=28 (full 4):
 PSYoungGen      total 272384K, used 239031K [0x00000000e0000000, 0x00000000f4400000, 0x0000000100000000)
  eden space 233984K, 99% used [0x00000000e0000000,0x00000000ee440ac0,0x00000000ee480000)
  from space 38400K, 13% used [0x00000000ee480000,0x00000000ee9ad1f0,0x00000000f0a00000)
  to   space 37888K, 0% used [0x00000000f1f00000,0x00000000f1f00000,0x00000000f4400000)
 ParOldGen       total 162816K, used 80969K [0x00000000a0000000, 0x00000000a9f00000, 0x00000000e0000000)
  object space 162816K, 49% used [0x00000000a0000000,0x00000000a4f12768,0x00000000a9f00000)
 Metaspace       used 78402K, capacity 82922K, committed 86144K, reserved 1124352K
  class space    used 9841K, capacity 10851K, committed 11648K, reserved 1048576K
Event: 2918.540 GC heap after
Heap after GC invocations=28 (full 4):
 PSYoungGen      total 294400K, used 1686K [0x00000000e0000000, 0x00000000f6900000, 0x0000000100000000)
  eden space 256512K, 0% used [0x00000000e0000000,0x00000000e0000000,0x00000000efa80000)
  from space 37888K, 4% used [0x00000000f1f00000,0x00000000f20a58e0,0x00000000f4400000)
  to   space 37376K, 0% used [0x00000000efa80000,0x00000000efa80000,0x00000000f1f00000)
 ParOldGen       total 162816K, used 80969K [0x00000000a0000000, 0x00000000a9f00000, 0x00000000e0000000)
  object space 162816K, 49% used [0x00000000a0000000,0x00000000a4f12768,0x00000000a9f00000)
 Metaspace       used 78402K, capacity 82922K, committed 86144K, reserved 1124352K
  class space    used 9841K, capacity 10851K, committed 11648K, reserved 1048576K
}
Event: 3030.477 GC heap before
{Heap before GC invocations=29 (full 4):
 PSYoungGen      total 294400K, used 258198K [0x00000000e0000000, 0x00000000f6900000, 0x0000000100000000)
  eden space 256512K, 100% used [0x00000000e0000000,0x00000000efa80000,0x00000000efa80000)
  from space 37888K, 4% used [0x00000000f1f00000,0x00000000f20a58e0,0x00000000f4400000)
  to   space 37376K, 0% used [0x00000000efa80000,0x00000000efa80000,0x00000000f1f00000)
 ParOldGen       total 162816K, used 80969K [0x00000000a0000000, 0x00000000a9f00000, 0x00000000e0000000)
  object space 162816K, 49% used [0x00000000a0000000,0x00000000a4f12768,0x00000000a9f00000)
 Metaspace       used 78905K, capacity 83614K, committed 86144K, reserved 1124352K
  class space    used 9886K, capacity 10951K, committed 11648K, reserved 1048576K
Event: 3030.526 GC heap after
Heap after GC invocations=29 (full 4):
 PSYoungGen      total 293888K, used 6167K [0x00000000e0000000, 0x00000000f6d00000, 0x0000000100000000)
  eden space 256512K, 0% used [0x00000000e0000000,0x00000000e0000000,0x00000000efa80000)
  from space 37376K, 16% used [0x00000000efa80000,0x00000000f0085d90,0x00000000f1f00000)
  to   space 35840K, 0% used [0x00000000f4a00000,0x00000000f4a00000,0x00000000f6d00000)
 ParOldGen       total 162816K, used 80977K [0x00000000a0000000, 0x00000000a9f00000, 0x00000000e0000000)
  object space 162816K, 49% used [0x00000000a0000000,0x00000000a4f14768,0x00000000a9f00000)
 Metaspace       used 78905K, capacity 83614K, committed 86144K, reserved 1124352K
  class space    used 9886K, capacity 10951K, committed 11648K, reserved 1048576K
}

Deoptimization events (10 events):
Event: 2937.594 Thread 0x000000005c1ff800 Uncommon trap: reason=unstable_if action=reinterpret pc=0x00000000030efbe8 method=java.lang.ref.SoftReference.get()Ljava/lang/Object; @ 6
Event: 2937.738 Thread 0x000000005c1ff800 Uncommon trap: reason=unstable_if action=reinterpret pc=0x0000000002b5f730 method=java.lang.ref.SoftReference.get()Ljava/lang/Object; @ 6
Event: 2949.851 Thread 0x000000005c1ff800 Uncommon trap: reason=bimorphic action=maybe_recompile pc=0x0000000002bc7c30 method=com.sun.org.apache.xerces.internal.dom.ElementImpl.getNodeName()Ljava/lang/String; @ 8
Event: 2949.982 Thread 0x000000005c1ff800 Uncommon trap: reason=null_check action=make_not_entrant pc=0x0000000003595048 method=com.sun.org.apache.xerces.internal.dom.NamedNodeMapImpl.findNamePoint(Ljava/lang/String;Ljava/lang/String;)I @ 105
Event: 3018.509 Thread 0x000000005bc62000 Uncommon trap: reason=array_check action=maybe_recompile pc=0x0000000005935708 method=java.util.ComparableTimSort.reverseRange([Ljava/lang/Object;II)V @ 27
Event: 3018.709 Thread 0x000000005c205000 Uncommon trap: reason=unstable_if action=reinterpret pc=0x0000000004f1dba4 method=org.objectweb.asm.ClassReader.a(Lorg/objectweb/asm/MethodVisitor;Lorg/objectweb/asm/Context;I)V @ 839
Event: 3018.830 Thread 0x000000005c205000 Uncommon trap: reason=range_check action=make_not_entrant pc=0x00000000052454e8 method=org.objectweb.asm.Type.a([CI)Lorg/objectweb/asm/Type; @ 162
Event: 3030.139 Thread 0x000000005c205000 Uncommon trap: reason=unstable_if action=reinterpret pc=0x0000000005bb7cd0 method=com.android.dx.cf.direct.StdAttributeFactory.parse0(Lcom/android/dx/cf/direct/DirectClassFile;ILjava/lang/String;IILcom/android/dx/cf/iface/ParseObserver;)Lcom/android/dx/cf
Event: 3030.229 Thread 0x000000005c205000 Uncommon trap: reason=unstable_if action=reinterpret pc=0x0000000004f57710 method=com.android.dx.dex.file.DexFile.internIfAppropriate(Lcom/android/dx/rop/cst/Constant;)V @ 106
Event: 3036.082 Thread 0x000000005c205000 Uncommon trap: reason=unstable_if action=reinterpret pc=0x0000000005d4dfe8 method=com.android.dx.ssa.InterferenceRegisterMapper.interferes(III)Z @ 69

Classes redefined (0 events):
No events

Internal exceptions (10 events):
Event: 3035.551 Thread 0x000000005c205000 Exception <a 'sun/nio/fs/WindowsException'> (0x00000000e2665760) thrown at [D:\src\AOSP-openjdk-cygwin\jdk8u\hotspot\src\share\vm\prims\jni.cpp, line 709]
Event: 3035.551 Thread 0x000000005c205000 Exception <a 'sun/nio/fs/WindowsException'> (0x00000000e2665df8) thrown at [D:\src\AOSP-openjdk-cygwin\jdk8u\hotspot\src\share\vm\prims\jni.cpp, line 709]
Event: 3035.551 Thread 0x000000005c205000 Exception <a 'sun/nio/fs/WindowsException'> (0x00000000e26665f8) thrown at [D:\src\AOSP-openjdk-cygwin\jdk8u\hotspot\src\share\vm\prims\jni.cpp, line 709]
Event: 3035.551 Thread 0x000000005c205000 Exception <a 'sun/nio/fs/WindowsException'> (0x00000000e2666c40) thrown at [D:\src\AOSP-openjdk-cygwin\jdk8u\hotspot\src\share\vm\prims\jni.cpp, line 709]
Event: 3035.551 Thread 0x000000005c205000 Exception <a 'sun/nio/fs/WindowsException'> (0x00000000e2667420) thrown at [D:\src\AOSP-openjdk-cygwin\jdk8u\hotspot\src\share\vm\prims\jni.cpp, line 709]
Event: 3035.667 Thread 0x000000005c205000 Exception <a 'sun/nio/fs/WindowsException'> (0x00000000e27cfab8) thrown at [D:\src\AOSP-openjdk-cygwin\jdk8u\hotspot\src\share\vm\prims\jni.cpp, line 709]
Event: 3035.716 Thread 0x000000005c205000 Exception <a 'sun/nio/fs/WindowsException'> (0x00000000e27e3798) thrown at [D:\src\AOSP-openjdk-cygwin\jdk8u\hotspot\src\share\vm\prims\jni.cpp, line 709]
Event: 3036.055 Thread 0x000000005bc62000 Exception <a 'sun/nio/fs/WindowsException'> (0x00000000e4408698) thrown at [D:\src\AOSP-openjdk-cygwin\jdk8u\hotspot\src\share\vm\prims\jni.cpp, line 709]
Event: 3036.089 Thread 0x000000005c205000 Exception <a 'sun/nio/fs/WindowsException'> (0x00000000e44c6930) thrown at [D:\src\AOSP-openjdk-cygwin\jdk8u\hotspot\src\share\vm\prims\jni.cpp, line 709]
Event: 3036.134 Thread 0x000000005bc62000 Exception <a 'sun/nio/fs/WindowsException'> (0x00000000e4534080) thrown at [D:\src\AOSP-openjdk-cygwin\jdk8u\hotspot\src\share\vm\prims\jni.cpp, line 709]

Events (10 events):
Event: 3035.846 Thread 0x000000005bc62000 DEOPT UNPACKING pc=0x00000000028271bf sp=0x000000005e43e5e0 mode 0
Event: 3035.951 Thread 0x000000005bc62000 DEOPT PACKING pc=0x0000000002c9eb6a sp=0x000000005e43e8a0
Event: 3035.987 Thread 0x000000005bc62000 DEOPT UNPACKING pc=0x00000000028271bf sp=0x000000005e43e600 mode 0
Event: 3035.995 Thread 0x000000005bc62000 DEOPT PACKING pc=0x0000000002c9eb6a sp=0x000000005e43e7f0
Event: 3035.995 Thread 0x000000005bc62000 DEOPT UNPACKING pc=0x00000000028271bf sp=0x000000005e43e550 mode 0
Event: 3036.042 Thread 0x000000005bc62000 DEOPT PACKING pc=0x0000000004e55cb3 sp=0x000000005e43e9b0
Event: 3036.042 Thread 0x000000005bc62000 DEOPT UNPACKING pc=0x00000000028271bf sp=0x000000005e43e728 mode 0
Event: 3036.082 Thread 0x000000005c205000 Uncommon trap: trap_request=0xffffff65 fr.pc=0x0000000005d4dfe8
Event: 3036.082 Thread 0x000000005c205000 DEOPT PACKING pc=0x0000000005d4dfe8 sp=0x000000005981e300
Event: 3036.082 Thread 0x000000005c205000 DEOPT UNPACKING pc=0x000000000282556a sp=0x000000005981e290 mode 2


Dynamic libraries:
0x000000013f610000 - 0x000000013f641000 	C:\Program Files\Android\Android Studio\jre\bin\java.exe
0x0000000077a50000 - 0x0000000077bfb000 	C:\Windows\SYSTEM32\ntdll.dll
0x000007feede90000 - 0x000007feedec4000 	C:\Program Files\AVAST Software\Avast\x64\aswhooka.dll
0x0000000077930000 - 0x0000000077a4f000 	C:\Windows\system32\kernel32.dll
0x000007fefe220000 - 0x000007fefe28b000 	C:\Windows\system32\KERNELBASE.dll
0x000007fefee50000 - 0x000007fefef2b000 	C:\Windows\system32\ADVAPI32.dll
0x000007fefecb0000 - 0x000007fefed4f000 	C:\Windows\system32\msvcrt.dll
0x000007fefef30000 - 0x000007fefef4f000 	C:\Windows\SYSTEM32\sechost.dll
0x000007fefe650000 - 0x000007fefe77e000 	C:\Windows\system32\RPCRT4.dll
0x0000000077370000 - 0x000000007746a000 	C:\Windows\system32\USER32.dll
0x000007fefec40000 - 0x000007fefeca7000 	C:\Windows\system32\GDI32.dll
0x000007fefeac0000 - 0x000007fefeace000 	C:\Windows\system32\LPK.dll
0x000007fefe290000 - 0x000007fefe35a000 	C:\Windows\system32\USP10.dll
0x000007fefcd80000 - 0x000007fefcf74000 	C:\Windows\WinSxS\amd64_microsoft.windows.common-controls_6595b64144ccf1df_6.0.7600.16385_none_fa645303170382f6\COMCTL32.dll
0x000007fefedd0000 - 0x000007fefee41000 	C:\Windows\system32\SHLWAPI.dll
0x000007feffce0000 - 0x000007feffd0e000 	C:\Windows\system32\IMM32.DLL
0x000007fefe540000 - 0x000007fefe649000 	C:\Windows\system32\MSCTF.dll
0x0000000068090000 - 0x0000000068162000 	C:\Program Files\Android\Android Studio\jre\jre\bin\msvcr100.dll
0x000000005b250000 - 0x000000005ba8e000 	C:\Program Files\Android\Android Studio\jre\jre\bin\server\jvm.dll
0x000007fefb8d0000 - 0x000007fefb8d9000 	C:\Windows\system32\WSOCK32.dll
0x000007fefea70000 - 0x000007fefeabd000 	C:\Windows\system32\WS2_32.dll
0x000007fefeb70000 - 0x000007fefeb78000 	C:\Windows\system32\NSI.dll
0x000007fefaba0000 - 0x000007fefabdb000 	C:\Windows\system32\WINMM.dll
0x000007fefcb10000 - 0x000007fefcb1c000 	C:\Windows\system32\VERSION.dll
0x0000000077c20000 - 0x0000000077c27000 	C:\Windows\system32\PSAPI.DLL
0x000007fefc730000 - 0x000007fefc73f000 	C:\Program Files\Android\Android Studio\jre\jre\bin\verify.dll
0x000007fefc4d0000 - 0x000007fefc4f9000 	C:\Program Files\Android\Android Studio\jre\jre\bin\java.dll
0x000007fef8980000 - 0x000007fef8996000 	C:\Program Files\Android\Android Studio\jre\jre\bin\zip.dll
0x000007fefef50000 - 0x000007feffcd6000 	C:\Windows\system32\SHELL32.dll
0x000007fefe860000 - 0x000007fefea61000 	C:\Windows\system32\ole32.dll
0x000007fefdec0000 - 0x000007fefdecf000 	C:\Windows\system32\profapi.dll
0x000007fef55b0000 - 0x000007fef55ca000 	C:\Program Files\Android\Android Studio\jre\jre\bin\net.dll
0x000007fefd3f0000 - 0x000007fefd444000 	C:\Windows\system32\mswsock.dll
0x000007fefd3e0000 - 0x000007fefd3e7000 	C:\Windows\System32\wship6.dll
0x000007fef8320000 - 0x000007fef8331000 	C:\Program Files\Android\Android Studio\jre\jre\bin\nio.dll
0x000007fef1690000 - 0x000007fef16ae000 	C:\Users\Public\.gradle\native\25\windows-amd64\native-platform.dll
0x000007fefbf10000 - 0x000007fefbf1d000 	C:\Program Files\Android\Android Studio\jre\jre\bin\management.dll
0x000007fefd450000 - 0x000007fefd467000 	C:\Windows\system32\CRYPTSP.dll
0x000007fefd150000 - 0x000007fefd197000 	C:\Windows\system32\rsaenh.dll
0x000007fefccd0000 - 0x000007fefccee000 	C:\Windows\system32\USERENV.dll
0x000007fefddb0000 - 0x000007fefddbf000 	C:\Windows\system32\CRYPTBASE.dll
0x000007fefb850000 - 0x000007fefb877000 	C:\Windows\system32\IPHLPAPI.DLL
0x000007fefb840000 - 0x000007fefb84b000 	C:\Windows\system32\WINNSI.DLL
0x000007fefb6d0000 - 0x000007fefb6e1000 	C:\Windows\system32\dhcpcsvc6.DLL
0x000007fefb6b0000 - 0x000007fefb6c8000 	C:\Windows\system32\dhcpcsvc.DLL
0x000007fefdd50000 - 0x000007fefdda7000 	C:\Windows\system32\apphelp.dll

VM Arguments:
jvm_args: -Xmx1536m -Dfile.encoding=windows-1251 -Duser.country=RU -Duser.language=ru -Duser.variant 
java_command: org.gradle.launcher.daemon.bootstrap.GradleDaemon 4.1
java_class_path (initial): C:\Users\Public\.gradle\wrapper\dists\gradle-4.1-all\bzyivzo6n839fup2jbap0tjew\gradle-4.1\lib\gradle-launcher-4.1.jar
Launcher Type: SUN_STANDARD

Environment Variables:
JAVA_HOME=C:\Program Files\Java\jdk1.7.0\bin
CLASSPATH=.;
PATH=C:\Program Files\Java\jdk-9.0.4\bin;C:\Program Files (x86)\PC Connectivity Solution\;C:\Perl64\site\bin;C:\Perl64\bin;C:\Program Files (x86)\NVIDIA Corporation\PhysX\Common;C:\Program Files (x86)\Caminova\Document Express DjVu Plug-in\;C:\Program Files (x86)\AMD APP\bin\x86_64;C:\Program Files (x86)\AMD APP\bin\x86;C:\Windows\system32;C:\Windows;C:\Windows\System32\Wbem;C:\Program Files (x86)\ATI Technologies\ATI.ACE\Core-Static;C:\Program Files (x86)\Common Files\Symbian\tools;C:\Program Files (x86)\CSL Arm Toolchain\bin;C:\Windows\system32\wbem;C:\Program Files (x86)\IVT Corporation\BlueSoleil\Mobile;C:\Program Files (x86)\Skype\Phone\;C:\Program Files\Java\jdk-9.0.4;C:\Program Files\Common Files\Microsoft Shared\Windows Live
USERNAME=Админ
OS=Windows_NT
PROCESSOR_IDENTIFIER=AMD64 Family 15 Model 67 Stepping 2, AuthenticAMD



---------------  S Y S T E M  ---------------

OS: Windows 7 , 64 bit Build 7600 (6.1.7600.16385)

CPU:total 2 (initial active 2) (2 cores per cpu, 1 threads per core) family 15 model 67 stepping 2, cmov, cx8, fxsr, mmx, sse, sse2, sse3, mmxext, 3dnowpref, tsc

Memory: 4k page, physical 4193592k(276284k free), swap 6352332k(5248k free)

vm_info: OpenJDK 64-Bit Server VM (25.152-b01) for windows-amd64 JRE (1.8.0_152-release-915-b01), built by "builder" with MS VC++ 10.0 (VS2010)

time: Sat Apr 28 16:45:44 2018
elapsed time: 3038 seconds (0d 0h 50m 38s)

