#
# There is insufficient memory for the Java Runtime Environment to continue.
# Native memory allocation (malloc) failed to allocate 32784 bytes for Chunk::new
# Possible reasons:
#   The system is out of physical RAM or swap space
#   In 32 bit mode, the process size limit was hit
# Possible solutions:
#   Reduce memory load on the system
#   Increase physical memory or swap space
#   Check if swap backing store is full
#   Use 64 bit Java on a 64 bit OS
#   Decrease Java heap size (-Xmx/-Xms)
#   Decrease number of Java threads
#   Decrease Java thread stack sizes (-Xss)
#   Set larger code cache with -XX:ReservedCodeCacheSize=
# This output file may be truncated or incomplete.
#
#  Out of Memory Error (allocation.cpp:390), pid=6900, tid=0x0000000000000734
#
# JRE version: OpenJDK Runtime Environment (8.0_152-b01) (build 1.8.0_152-release-915-b01)
# Java VM: OpenJDK 64-Bit Server VM (25.152-b01 mixed mode windows-amd64 compressed oops)
# Failed to write core dump. Minidumps are not enabled by default on client versions of Windows
#

---------------  T H R E A D  ---------------

Current thread (0x0000000056081800):  JavaThread "C2 CompilerThread0" daemon [_thread_in_native, id=1844, stack(0x0000000057240000,0x0000000057340000)]

Stack: [0x0000000057240000,0x0000000057340000]
[error occurred during error reporting (printing stack bounds), id 0xc0000005]

Native frames: (J=compiled Java code, j=interpreted, Vv=VM code, C=native code)


Current CompileTask:
C2:  36719 4252       4       java.net.URLClassLoader$1::run (5 bytes)


---------------  P R O C E S S  ---------------

Java Threads: ( => current thread )
  0x00000000594b0800 JavaThread "build operations Thread 2" [_thread_blocked, id=6620, stack(0x000000005dc30000,0x000000005dd30000)]
  0x0000000057d31800 JavaThread "build operations" [_thread_blocked, id=6684, stack(0x000000005b9a0000,0x000000005baa0000)]
  0x0000000057d2f000 JavaThread "Cache worker for Artifact transforms cache (C:\Users\Public\.gradle\caches\transforms-1)" [_thread_blocked, id=5296, stack(0x000000005d180000,0x000000005d280000)]
  0x0000000057d29000 JavaThread "Cache worker for file hash cache (C:\Flappybird\.gradle\4.1\fileHashes)" [_thread_blocked, id=2916, stack(0x000000005a8c0000,0x000000005a9c0000)]
  0x00000000589f0800 JavaThread "File lock request listener" [_thread_in_native, id=6044, stack(0x000000005a5a0000,0x000000005a6a0000)]
  0x0000000058c95800 JavaThread "Cache worker for file hash cache (C:\Users\Public\.gradle\caches\4.1\fileHashes)" [_thread_blocked, id=6548, stack(0x000000005a370000,0x000000005a470000)]
  0x00000000580a7800 JavaThread "Stdin handler" [_thread_blocked, id=2500, stack(0x000000005a0d0000,0x000000005a1d0000)]
  0x0000000058986000 JavaThread "Asynchronous log dispatcher for DefaultDaemonConnection: socket connection from /127.0.0.1:63230 to /127.0.0.1:63231" [_thread_blocked, id=6220, stack(0x000000005a230000,0x000000005a330000)]
  0x0000000058a50000 JavaThread "Daemon worker" [_thread_in_native, id=4536, stack(0x0000000059fd0000,0x000000005a0d0000)]
  0x00000000588e1800 JavaThread "Cancel handler" [_thread_blocked, id=5944, stack(0x0000000059720000,0x0000000059820000)]
  0x00000000560cf000 JavaThread "Handler for socket connection from /127.0.0.1:63230 to /127.0.0.1:63231" [_thread_in_native, id=3460, stack(0x0000000059c30000,0x0000000059d30000)]
  0x0000000057ffa000 JavaThread "Daemon" [_thread_blocked, id=6796, stack(0x0000000059b30000,0x0000000059c30000)]
  0x0000000058ac2800 JavaThread "Daemon periodic checks" [_thread_blocked, id=6344, stack(0x0000000059990000,0x0000000059a90000)]
  0x0000000058abd800 JavaThread "Incoming local TCP Connector on port 63230" [_thread_in_native, id=2844, stack(0x0000000059820000,0x0000000059920000)]
  0x000000005609b000 JavaThread "Service Thread" daemon [_thread_blocked, id=6256, stack(0x0000000057600000,0x0000000057700000)]
  0x0000000056086000 JavaThread "C1 CompilerThread1" daemon [_thread_blocked, id=1444, stack(0x0000000057390000,0x0000000057490000)]
=>0x0000000056081800 JavaThread "C2 CompilerThread0" daemon [_thread_in_native, id=1844, stack(0x0000000057240000,0x0000000057340000)]
  0x0000000056091800 JavaThread "Attach Listener" daemon [_thread_blocked, id=4264, stack(0x0000000057070000,0x0000000057170000)]
  0x0000000056090800 JavaThread "Signal Dispatcher" daemon [_thread_blocked, id=4496, stack(0x0000000056f20000,0x0000000057020000)]
  0x000000005606e000 JavaThread "Finalizer" daemon [_thread_blocked, id=5896, stack(0x0000000056d50000,0x0000000056e50000)]
  0x0000000056025000 JavaThread "Reference Handler" daemon [_thread_blocked, id=6792, stack(0x0000000056c40000,0x0000000056d40000)]
  0x000000000029e800 JavaThread "main" [_thread_blocked, id=5428, stack(0x0000000002490000,0x0000000002590000)]

Other Threads:
  0x000000005601d000 VMThread [stack: 0x0000000056ad0000,0x0000000056bd0000] [id=6352]
  0x000000005608c000 WatcherThread [stack: 0x00000000574d0000,0x00000000575d0000] [id=2656]

VM state:not at safepoint (normal execution)

VM Mutex/Monitor currently owned by a thread: None

Heap:
 PSYoungGen      total 223744K, used 33759K [0x00000000e0000000, 0x00000000ef300000, 0x0000000100000000)
  eden space 211968K, 15% used [0x00000000e0000000,0x00000000e20f7e90,0x00000000ecf00000)
  from space 11776K, 0% used [0x00000000edc00000,0x00000000edc00000,0x00000000ee780000)
  to   space 13312K, 0% used [0x00000000ecf00000,0x00000000ecf00000,0x00000000edc00000)
 ParOldGen       total 45568K, used 16333K [0x00000000a0000000, 0x00000000a2c80000, 0x00000000e0000000)
  object space 45568K, 35% used [0x00000000a0000000,0x00000000a0ff3530,0x00000000a2c80000)
 Metaspace       used 39963K, capacity 40900K, committed 41304K, reserved 1085440K
  class space    used 5326K, capacity 5665K, committed 5760K, reserved 1048576K

Card table byte_map: [0x0000000011c20000,0x0000000011f30000] byte_map_base: 0x0000000011720000

Marking Bits: (ParMarkBitMap*) 0x0000000061a43950
 Begin Bits: [0x00000000123f0000, 0x0000000013bf0000)
 End Bits:   [0x0000000013bf0000, 0x00000000153f0000)

Polling page: 0x0000000000240000

CodeCache: size=245760Kb used=12890Kb max_used=13646Kb free=232869Kb
 bounds [0x0000000002860000, 0x00000000035d0000, 0x0000000011860000]
 total_blobs=4490 nmethods=3760 adapters=643
 compilation: enabled

Compilation events (10 events):
Event: 36.451 Thread 0x0000000056086000 4278       3       com.google.common.collect.MapMakerInternalMap$EntryFactory::copyEntry (19 bytes)
Event: 36.451 Thread 0x0000000056086000 nmethod 4278 0x0000000002a01650 code [0x0000000002a017e0, 0x0000000002a01b88]
Event: 36.454 Thread 0x0000000056086000 4280       3       java.lang.invoke.MethodHandles$Lookup::lookupClassOrNull (17 bytes)
Event: 36.454 Thread 0x0000000056086000 nmethod 4280 0x0000000002a012d0 code [0x0000000002a01420, 0x0000000002a015d0]
Event: 36.456 Thread 0x0000000056086000 4282       3       java.lang.invoke.InvokerBytecodeGenerator::emitStaticInvoke (246 bytes)
Event: 36.460 Thread 0x0000000056086000 nmethod 4282 0x0000000003188a90 code [0x0000000003188e40, 0x000000000318b0f8]
Event: 36.460 Thread 0x0000000056086000 4283       3       java.lang.invoke.InvokerBytecodeGenerator::refKindOpcode (112 bytes)
Event: 36.461 Thread 0x0000000056086000 nmethod 4283 0x0000000002a00490 code [0x0000000002a00680, 0x0000000002a00f38]
Event: 36.582 Thread 0x0000000056086000 4284   !   3       java.util.logging.LogManager::ensureLogManagerInitialized (128 bytes)
Event: 36.583 Thread 0x0000000056086000 nmethod 4284 0x000000000316ca90 code [0x000000000316cc40, 0x000000000316d2c8]

GC Heap History (10 events):
Event: 11.273 GC heap before
{Heap before GC invocations=6 (full 1):
 PSYoungGen      total 68096K, used 2532K [0x00000000e0000000, 0x00000000e9200000, 0x0000000100000000)
  eden space 65536K, 0% used [0x00000000e0000000,0x00000000e0000000,0x00000000e4000000)
  from space 2560K, 98% used [0x00000000e4000000,0x00000000e4279030,0x00000000e4280000)
  to   space 9216K, 0% used [0x00000000e8900000,0x00000000e8900000,0x00000000e9200000)
 ParOldGen       total 44032K, used 13100K [0x00000000a0000000, 0x00000000a2b00000, 0x00000000e0000000)
  object space 44032K, 29% used [0x00000000a0000000,0x00000000a0ccb1f8,0x00000000a2b00000)
 Metaspace       used 20735K, capacity 21112K, committed 21248K, reserved 1067008K
  class space    used 2873K, capacity 3039K, committed 3072K, reserved 1048576K
Event: 11.455 GC heap after
Heap after GC invocations=6 (full 1):
 PSYoungGen      total 68096K, used 0K [0x00000000e0000000, 0x00000000e9200000, 0x0000000100000000)
  eden space 65536K, 0% used [0x00000000e0000000,0x00000000e0000000,0x00000000e4000000)
  from space 2560K, 0% used [0x00000000e4000000,0x00000000e4000000,0x00000000e4280000)
  to   space 9216K, 0% used [0x00000000e8900000,0x00000000e8900000,0x00000000e9200000)
 ParOldGen       total 36352K, used 10299K [0x00000000a0000000, 0x00000000a2380000, 0x00000000e0000000)
  object space 36352K, 28% used [0x00000000a0000000,0x00000000a0a0edc8,0x00000000a2380000)
 Metaspace       used 20735K, capacity 21112K, committed 21248K, reserved 1067008K
  class space    used 2873K, capacity 3039K, committed 3072K, reserved 1048576K
}
Event: 15.521 GC heap before
{Heap before GC invocations=7 (full 1):
 PSYoungGen      total 68096K, used 65147K [0x00000000e0000000, 0x00000000e9200000, 0x0000000100000000)
  eden space 65536K, 99% used [0x00000000e0000000,0x00000000e3f9eda8,0x00000000e4000000)
  from space 2560K, 0% used [0x00000000e4000000,0x00000000e4000000,0x00000000e4280000)
  to   space 9216K, 0% used [0x00000000e8900000,0x00000000e8900000,0x00000000e9200000)
 ParOldGen       total 36352K, used 10299K [0x00000000a0000000, 0x00000000a2380000, 0x00000000e0000000)
  object space 36352K, 28% used [0x00000000a0000000,0x00000000a0a0edc8,0x00000000a2380000)
 Metaspace       used 25620K, capacity 26042K, committed 26368K, reserved 1071104K
  class space    used 3532K, capacity 3714K, committed 3840K, reserved 1048576K
Event: 15.580 GC heap after
Heap after GC invocations=7 (full 1):
 PSYoungGen      total 126976K, used 6727K [0x00000000e0000000, 0x00000000e9000000, 0x0000000100000000)
  eden space 119808K, 0% used [0x00000000e0000000,0x00000000e0000000,0x00000000e7500000)
  from space 7168K, 93% used [0x00000000e8900000,0x00000000e8f91c28,0x00000000e9000000)
  to   space 9728K, 0% used [0x00000000e7d00000,0x00000000e7d00000,0x00000000e8680000)
 ParOldGen       total 36352K, used 10299K [0x00000000a0000000, 0x00000000a2380000, 0x00000000e0000000)
  object space 36352K, 28% used [0x00000000a0000000,0x00000000a0a0edc8,0x00000000a2380000)
 Metaspace       used 25620K, capacity 26042K, committed 26368K, reserved 1071104K
  class space    used 3532K, capacity 3714K, committed 3840K, reserved 1048576K
}
Event: 26.000 GC heap before
{Heap before GC invocations=8 (full 1):
 PSYoungGen      total 126976K, used 126287K [0x00000000e0000000, 0x00000000e9000000, 0x0000000100000000)
  eden space 119808K, 99% used [0x00000000e0000000,0x00000000e74c2200,0x00000000e7500000)
  from space 7168K, 93% used [0x00000000e8900000,0x00000000e8f91c28,0x00000000e9000000)
  to   space 9728K, 0% used [0x00000000e7d00000,0x00000000e7d00000,0x00000000e8680000)
 ParOldGen       total 36352K, used 10299K [0x00000000a0000000, 0x00000000a2380000, 0x00000000e0000000)
  object space 36352K, 28% used [0x00000000a0000000,0x00000000a0a0edc8,0x00000000a2380000)
 Metaspace       used 32138K, capacity 32776K, committed 32896K, reserved 1077248K
  class space    used 4388K, capacity 4657K, committed 4736K, reserved 1048576K
Event: 26.035 GC heap after
Heap after GC invocations=8 (full 1):
 PSYoungGen      total 137728K, used 9705K [0x00000000e0000000, 0x00000000ee780000, 0x0000000100000000)
  eden space 128000K, 0% used [0x00000000e0000000,0x00000000e0000000,0x00000000e7d00000)
  from space 9728K, 99% used [0x00000000e7d00000,0x00000000e867a470,0x00000000e8680000)
  to   space 11776K, 0% used [0x00000000edc00000,0x00000000edc00000,0x00000000ee780000)
 ParOldGen       total 36352K, used 11721K [0x00000000a0000000, 0x00000000a2380000, 0x00000000e0000000)
  object space 36352K, 32% used [0x00000000a0000000,0x00000000a0b72498,0x00000000a2380000)
 Metaspace       used 32138K, capacity 32776K, committed 32896K, reserved 1077248K
  class space    used 4388K, capacity 4657K, committed 4736K, reserved 1048576K
}
Event: 32.121 GC heap before
{Heap before GC invocations=9 (full 1):
 PSYoungGen      total 137728K, used 30426K [0x00000000e0000000, 0x00000000ee780000, 0x0000000100000000)
  eden space 128000K, 16% used [0x00000000e0000000,0x00000000e143c628,0x00000000e7d00000)
  from space 9728K, 99% used [0x00000000e7d00000,0x00000000e867a470,0x00000000e8680000)
  to   space 11776K, 0% used [0x00000000edc00000,0x00000000edc00000,0x00000000ee780000)
 ParOldGen       total 36352K, used 11721K [0x00000000a0000000, 0x00000000a2380000, 0x00000000e0000000)
  object space 36352K, 32% used [0x00000000a0000000,0x00000000a0b72498,0x00000000a2380000)
 Metaspace       used 34671K, capacity 35316K, committed 35416K, reserved 1079296K
  class space    used 4661K, capacity 4947K, committed 4992K, reserved 1048576K
Event: 32.181 GC heap after
Heap after GC invocations=9 (full 1):
 PSYoungGen      total 223744K, used 10226K [0x00000000e0000000, 0x00000000ef300000, 0x0000000100000000)
  eden space 211968K, 0% used [0x00000000e0000000,0x00000000e0000000,0x00000000ecf00000)
  from space 11776K, 86% used [0x00000000edc00000,0x00000000ee5fc9e0,0x00000000ee780000)
  to   space 13312K, 0% used [0x00000000ecf00000,0x00000000ecf00000,0x00000000edc00000)
 ParOldGen       total 36352K, used 11721K [0x00000000a0000000, 0x00000000a2380000, 0x00000000e0000000)
  object space 36352K, 32% used [0x00000000a0000000,0x00000000a0b72498,0x00000000a2380000)
 Metaspace       used 34671K, capacity 35316K, committed 35416K, reserved 1079296K
  class space    used 4661K, capacity 4947K, committed 4992K, reserved 1048576K
}
Event: 32.181 GC heap before
{Heap before GC invocations=10 (full 2):
 PSYoungGen      total 223744K, used 10226K [0x00000000e0000000, 0x00000000ef300000, 0x0000000100000000)
  eden space 211968K, 0% used [0x00000000e0000000,0x00000000e0000000,0x00000000ecf00000)
  from space 11776K, 86% used [0x00000000edc00000,0x00000000ee5fc9e0,0x00000000ee780000)
  to   space 13312K, 0% used [0x00000000ecf00000,0x00000000ecf00000,0x00000000edc00000)
 ParOldGen       total 36352K, used 11721K [0x00000000a0000000, 0x00000000a2380000, 0x00000000e0000000)
  object space 36352K, 32% used [0x00000000a0000000,0x00000000a0b72498,0x00000000a2380000)
 Metaspace       used 34671K, capacity 35316K, committed 35416K, reserved 1079296K
  class space    used 4661K, capacity 4947K, committed 4992K, reserved 1048576K
Event: 32.387 GC heap after
Heap after GC invocations=10 (full 2):
 PSYoungGen      total 223744K, used 0K [0x00000000e0000000, 0x00000000ef300000, 0x0000000100000000)
  eden space 211968K, 0% used [0x00000000e0000000,0x00000000e0000000,0x00000000ecf00000)
  from space 11776K, 0% used [0x00000000edc00000,0x00000000edc00000,0x00000000ee780000)
  to   space 13312K, 0% used [0x00000000ecf00000,0x00000000ecf00000,0x00000000edc00000)
 ParOldGen       total 45568K, used 16333K [0x00000000a0000000, 0x00000000a2c80000, 0x00000000e0000000)
  object space 45568K, 35% used [0x00000000a0000000,0x00000000a0ff3530,0x00000000a2c80000)
 Metaspace       used 34671K, capacity 35316K, committed 35416K, reserved 1079296K
  class space    used 4661K, capacity 4947K, committed 4992K, reserved 1048576K
}

Deoptimization events (10 events):
Event: 29.249 Thread 0x0000000058a50000 Uncommon trap: reason=class_check action=maybe_recompile pc=0x000000000335b2a0 method=java.util.Hashtable.get(Ljava/lang/Object;)Ljava/lang/Object; @ 6
Event: 33.301 Thread 0x0000000058a50000 Uncommon trap: reason=class_check action=maybe_recompile pc=0x00000000033303b0 method=java.io.BufferedInputStream.read1([BII)I @ 39
Event: 33.301 Thread 0x0000000058a50000 Uncommon trap: reason=class_check action=maybe_recompile pc=0x00000000033303b0 method=java.io.BufferedInputStream.read1([BII)I @ 39
Event: 33.301 Thread 0x0000000058a50000 Uncommon trap: reason=class_check action=maybe_recompile pc=0x00000000033303b0 method=java.io.BufferedInputStream.read1([BII)I @ 39
Event: 33.360 Thread 0x0000000058a50000 Uncommon trap: reason=class_check action=maybe_recompile pc=0x00000000033303b0 method=java.io.BufferedInputStream.read1([BII)I @ 39
Event: 33.610 Thread 0x0000000058a50000 Uncommon trap: reason=unstable_if action=reinterpret pc=0x00000000029e805c method=java.lang.String.replace(CC)Ljava/lang/String; @ 2
Event: 33.623 Thread 0x0000000058a50000 Uncommon trap: reason=unstable_if action=reinterpret pc=0x00000000035a2358 method=org.codehaus.groovy.runtime.metaclass.MetaMethodIndex.copyNonPrivateNonNewMetaMethods(Lorg/codehaus/groovy/runtime/metaclass/MetaMethodIndex$Entry;Lorg/codehaus/groovy/runti
Event: 33.626 Thread 0x0000000058a50000 Uncommon trap: reason=unstable_if action=reinterpret pc=0x000000000321bde0 method=groovy.lang.MetaClassImpl$1MOPIter.methodNameAction(Ljava/lang/Class;Lorg/codehaus/groovy/runtime/metaclass/MetaMethodIndex$Entry;)V @ 259
Event: 34.764 Thread 0x0000000058a50000 Uncommon trap: reason=unstable_if action=reinterpret pc=0x00000000032eb78c method=java.lang.Integer.valueOf(I)Ljava/lang/Integer; @ 3
Event: 35.126 Thread 0x0000000058a50000 Uncommon trap: reason=unstable_if action=reinterpret pc=0x00000000029d0c38 method=java.security.CodeSource.hashCode()I @ 4

Classes redefined (0 events):
No events

Internal exceptions (10 events):
Event: 33.633 Thread 0x0000000058a50000 Exception <a 'java/lang/ClassNotFoundException': org/gradle/api/internal/project/ant/BasicAntBuilderBeanInfo> (0x00000000e0c816a8) thrown at [D:\src\AOSP-openjdk-cygwin\jdk8u\hotspot\src\share\vm\classfile\systemDictionary.cpp, line 210]
Event: 33.634 Thread 0x0000000058a50000 Exception <a 'java/lang/ClassNotFoundException': org/gradle/api/AntBuilderBeanInfo> (0x00000000e0ca1c20) thrown at [D:\src\AOSP-openjdk-cygwin\jdk8u\hotspot\src\share\vm\classfile\systemDictionary.cpp, line 210]
Event: 33.636 Thread 0x0000000058a50000 Exception <a 'java/lang/ClassNotFoundException': groovy/util/AntBuilderBeanInfo> (0x00000000e0cc0c78) thrown at [D:\src\AOSP-openjdk-cygwin\jdk8u\hotspot\src\share\vm\classfile\systemDictionary.cpp, line 210]
Event: 33.637 Thread 0x0000000058a50000 Exception <a 'java/lang/ClassNotFoundException': groovy/util/BuilderSupportBeanInfo> (0x00000000e0ce11c8) thrown at [D:\src\AOSP-openjdk-cygwin\jdk8u\hotspot\src\share\vm\classfile\systemDictionary.cpp, line 210]
Event: 33.638 Thread 0x0000000058a50000 Exception <a 'java/lang/ClassNotFoundException': groovy/util/BuilderSupportCustomizer> (0x00000000e0d035a8) thrown at [D:\src\AOSP-openjdk-cygwin\jdk8u\hotspot\src\share\vm\classfile\systemDictionary.cpp, line 210]
Event: 33.640 Thread 0x0000000058a50000 Exception <a 'java/lang/ClassNotFoundException': groovy/util/AntBuilderCustomizer> (0x00000000e0d267b8) thrown at [D:\src\AOSP-openjdk-cygwin\jdk8u\hotspot\src\share\vm\classfile\systemDictionary.cpp, line 210]
Event: 33.642 Thread 0x0000000058a50000 Exception <a 'java/lang/ClassNotFoundException': org/gradle/api/AntBuilderCustomizer> (0x00000000e0d4eb98) thrown at [D:\src\AOSP-openjdk-cygwin\jdk8u\hotspot\src\share\vm\classfile\systemDictionary.cpp, line 210]
Event: 33.645 Thread 0x0000000058a50000 Exception <a 'java/lang/ClassNotFoundException': org/gradle/api/internal/project/ant/BasicAntBuilderCustomizer> (0x00000000e0d8af00) thrown at [D:\src\AOSP-openjdk-cygwin\jdk8u\hotspot\src\share\vm\classfile\systemDictionary.cpp, line 210]
Event: 33.649 Thread 0x0000000058a50000 Exception <a 'java/lang/ClassNotFoundException': org/gradle/api/internal/project/DefaultAntBuilderCustomizer> (0x00000000e0dcdfe8) thrown at [D:\src\AOSP-openjdk-cygwin\jdk8u\hotspot\src\share\vm\classfile\systemDictionary.cpp, line 210]
Event: 35.126 Thread 0x0000000058a50000 Implicit null exception at 0x00000000029d0945 to 0x00000000029d0c29

Events (10 events):
Event: 36.595 loading class com/google/common/util/concurrent/AbstractFuture$Failure
Event: 36.595 loading class com/google/common/util/concurrent/AbstractFuture$Failure done
Event: 36.596 loading class com/google/common/cache/LocalCache$StrongValueReference
Event: 36.596 loading class com/google/common/cache/LocalCache$StrongValueReference done
Event: 36.597 loading class com/google/common/collect/MapMaker
Event: 36.597 loading class com/google/common/collect/MapMaker done
Event: 36.605 loading class com/google/wireless/android/sdk/stats/GradleBuildProjectMetricsOrBuilder
Event: 36.605 loading class com/google/wireless/android/sdk/stats/GradleBuildProjectMetricsOrBuilder done
Event: 36.606 loading class com/google/wireless/android/sdk/stats/GradleBuildSplitsOrBuilder
Event: 36.606 loading class com/google/wireless/android/sdk/stats/GradleBuildSplitsOrBuilder done


Dynamic libraries:
0x000000013f890000 - 0x000000013f8c1000 	C:\Program Files\Android\Android Studio\jre\bin\java.exe
0x0000000077840000 - 0x00000000779eb000 	C:\Windows\SYSTEM32\ntdll.dll
0x0000000077160000 - 0x000000007727f000 	C:\Windows\system32\kernel32.dll
0x000007fefdfd0000 - 0x000007fefe03b000 	C:\Windows\system32\KERNELBASE.dll
0x000007fefe5b0000 - 0x000007fefe68b000 	C:\Windows\system32\ADVAPI32.dll
0x000007feffab0000 - 0x000007feffb4f000 	C:\Windows\system32\msvcrt.dll
0x000007fefe910000 - 0x000007fefe92f000 	C:\Windows\SYSTEM32\sechost.dll
0x000007fefe090000 - 0x000007fefe1be000 	C:\Windows\system32\RPCRT4.dll
0x0000000077740000 - 0x000000007783a000 	C:\Windows\system32\USER32.dll
0x000007fefe930000 - 0x000007fefe997000 	C:\Windows\system32\GDI32.dll
0x000007fefe080000 - 0x000007fefe08e000 	C:\Windows\system32\LPK.dll
0x000007fefe690000 - 0x000007fefe75a000 	C:\Windows\system32\USP10.dll
0x000007fefcb80000 - 0x000007fefcd74000 	C:\Windows\WinSxS\amd64_microsoft.windows.common-controls_6595b64144ccf1df_6.0.7600.16385_none_fa645303170382f6\COMCTL32.dll
0x000007fefe3a0000 - 0x000007fefe411000 	C:\Windows\system32\SHLWAPI.dll
0x000007feff820000 - 0x000007feff84e000 	C:\Windows\system32\IMM32.DLL
0x000007fefe800000 - 0x000007fefe909000 	C:\Windows\system32\MSCTF.dll
0x000000005e700000 - 0x000000005e7d2000 	C:\Program Files\Android\Android Studio\jre\jre\bin\msvcr100.dll
0x0000000061280000 - 0x0000000061abe000 	C:\Program Files\Android\Android Studio\jre\jre\bin\server\jvm.dll
0x000007fefb690000 - 0x000007fefb699000 	C:\Windows\system32\WSOCK32.dll
0x000007fefe9a0000 - 0x000007fefe9ed000 	C:\Windows\system32\WS2_32.dll
0x000007fefe5a0000 - 0x000007fefe5a8000 	C:\Windows\system32\NSI.dll
0x000007fefa9f0000 - 0x000007fefaa2b000 	C:\Windows\system32\WINMM.dll
0x000007fefc900000 - 0x000007fefc90c000 	C:\Windows\system32\VERSION.dll
0x0000000077a00000 - 0x0000000077a07000 	C:\Windows\system32\PSAPI.DLL
0x000007fef5250000 - 0x000007fef525f000 	C:\Program Files\Android\Android Studio\jre\jre\bin\verify.dll
0x000007fef5140000 - 0x000007fef5169000 	C:\Program Files\Android\Android Studio\jre\jre\bin\java.dll
0x000007fef4b50000 - 0x000007fef4b66000 	C:\Program Files\Android\Android Studio\jre\jre\bin\zip.dll
0x000007fefea90000 - 0x000007feff816000 	C:\Windows\system32\SHELL32.dll
0x000007feff850000 - 0x000007feffa51000 	C:\Windows\system32\ole32.dll
0x000007fefdcb0000 - 0x000007fefdcbf000 	C:\Windows\system32\profapi.dll
0x000007fef4a70000 - 0x000007fef4a8a000 	C:\Program Files\Android\Android Studio\jre\jre\bin\net.dll
0x000007fefd1e0000 - 0x000007fefd234000 	C:\Windows\system32\mswsock.dll
0x000007fefd1d0000 - 0x000007fefd1d7000 	C:\Windows\System32\wship6.dll
0x000007fef1510000 - 0x000007fef1521000 	C:\Program Files\Android\Android Studio\jre\jre\bin\nio.dll
0x000007fef11b0000 - 0x000007fef11ce000 	C:\Users\Public\.gradle\native\25\windows-amd64\native-platform.dll
0x000007fef5240000 - 0x000007fef524d000 	C:\Program Files\Android\Android Studio\jre\jre\bin\management.dll
0x000007fefd240000 - 0x000007fefd257000 	C:\Windows\system32\CRYPTSP.dll
0x000007fefcf40000 - 0x000007fefcf87000 	C:\Windows\system32\rsaenh.dll
0x000007fefcad0000 - 0x000007fefcaee000 	C:\Windows\system32\USERENV.dll
0x000007fefdbe0000 - 0x000007fefdbef000 	C:\Windows\system32\CRYPTBASE.dll
0x000007fefb640000 - 0x000007fefb667000 	C:\Windows\system32\IPHLPAPI.DLL
0x000007fefb630000 - 0x000007fefb63b000 	C:\Windows\system32\WINNSI.DLL
0x000007fefb4c0000 - 0x000007fefb4d1000 	C:\Windows\system32\dhcpcsvc6.DLL
0x000007fefb4a0000 - 0x000007fefb4b8000 	C:\Windows\system32\dhcpcsvc.DLL

VM Arguments:
jvm_args: -Xmx1536m -Dfile.encoding=windows-1251 -Duser.country=RU -Duser.language=ru -Duser.variant 
java_command: org.gradle.launcher.daemon.bootstrap.GradleDaemon 4.1
java_class_path (initial): C:\Users\Public\.gradle\wrapper\dists\gradle-4.1-all\bzyivzo6n839fup2jbap0tjew\gradle-4.1\lib\gradle-launcher-4.1.jar
Launcher Type: SUN_STANDARD

Environment Variables:
JAVA_HOME=C:\Program Files\Java\jdk1.7.0\bin
CLASSPATH=.;
PATH=C:\Program Files\Java\jdk-9.0.4\bin;C:\Program Files (x86)\PC Connectivity Solution\;C:\Perl64\site\bin;C:\Perl64\bin;C:\Program Files (x86)\NVIDIA Corporation\PhysX\Common;C:\Program Files (x86)\Caminova\Document Express DjVu Plug-in\;C:\Program Files (x86)\AMD APP\bin\x86_64;C:\Program Files (x86)\AMD APP\bin\x86;C:\Windows\system32;C:\Windows;C:\Windows\System32\Wbem;C:\Program Files (x86)\ATI Technologies\ATI.ACE\Core-Static;C:\Program Files (x86)\Common Files\Symbian\tools;C:\Program Files (x86)\CSL Arm Toolchain\bin;C:\Windows\system32\wbem;C:\Program Files (x86)\IVT Corporation\BlueSoleil\Mobile;C:\Program Files (x86)\Skype\Phone\;C:\Program Files\Java\jdk-9.0.4;C:\Program Files\Common Files\Microsoft Shared\Windows Live
USERNAME=Админ
OS=Windows_NT
PROCESSOR_IDENTIFIER=AMD64 Family 15 Model 67 Stepping 2, AuthenticAMD



---------------  S Y S T E M  ---------------

OS: Windows 7 , 64 bit Build 7600 (6.1.7600.16385)

CPU:total 2 (initial active 2) (2 cores per cpu, 1 threads per core) family 15 model 67 stepping 2, cmov, cx8, fxsr, mmx, sse, sse2, sse3, mmxext, 3dnowpref, tsc

Memory: 4k page, physical 4193592k(549228k free), swap 5459300k(5536k free)

vm_info: OpenJDK 64-Bit Server VM (25.152-b01) for windows-amd64 JRE (1.8.0_152-release-915-b01), built by "builder" with MS VC++ 10.0 (VS2010)

time: Fri Apr 27 17:42:05 2018
elapsed time: 36 seconds (0d 0h 0m 36s)

