#
# There is insufficient memory for the Java Runtime Environment to continue.
# Native memory allocation (malloc) failed to allocate 32744 bytes for ChunkPool::allocate
# Possible reasons:
#   The system is out of physical RAM or swap space
#   In 32 bit mode, the process size limit was hit
# Possible solutions:
#   Reduce memory load on the system
#   Increase physical memory or swap space
#   Check if swap backing store is full
#   Use 64 bit Java on a 64 bit OS
#   Decrease Java heap size (-Xmx/-Xms)
#   Decrease number of Java threads
#   Decrease Java thread stack sizes (-Xss)
#   Set larger code cache with -XX:ReservedCodeCacheSize=
# This output file may be truncated or incomplete.
#
#  Out of Memory Error (allocation.cpp:273), pid=1224, tid=0x0000000000001930
#
# JRE version: OpenJDK Runtime Environment (8.0_152-b01) (build 1.8.0_152-release-915-b01)
# Java VM: OpenJDK 64-Bit Server VM (25.152-b01 mixed mode windows-amd64 compressed oops)
# Failed to write core dump. Minidumps are not enabled by default on client versions of Windows
#

---------------  T H R E A D  ---------------

Current thread (0x0000000056093800):  JavaThread "C2 CompilerThread0" daemon [_thread_in_native, id=6448, stack(0x0000000057270000,0x0000000057370000)]

Stack: [0x0000000057270000,0x0000000057370000]
[error occurred during error reporting (printing stack bounds), id 0xc0000005]

Native frames: (J=compiled Java code, j=interpreted, Vv=VM code, C=native code)


Current CompileTask:
C2:  19924 1986       4       org.codehaus.groovy.runtime.metaclass.MetaMethodIndex::addMethodToList (298 bytes)


---------------  P R O C E S S  ---------------

Java Threads: ( => current thread )
  0x0000000057eb0800 JavaThread "Cache worker for file hash cache (C:\Flappybird\.gradle\4.1\fileHashes)" [_thread_blocked, id=3900, stack(0x000000005b4d0000,0x000000005b5d0000)]
  0x00000000594db800 JavaThread "File lock request listener" [_thread_in_native, id=7060, stack(0x000000005bff0000,0x000000005c0f0000)]
  0x0000000057f18800 JavaThread "Cache worker for file hash cache (C:\Users\Public\.gradle\caches\4.1\fileHashes)" [_thread_blocked, id=3592, stack(0x000000005b640000,0x000000005b740000)]
  0x0000000058db5000 JavaThread "Stdin handler" [_thread_blocked, id=5656, stack(0x000000005b390000,0x000000005b490000)]
  0x00000000560fc800 JavaThread "Asynchronous log dispatcher for DefaultDaemonConnection: socket connection from /127.0.0.1:53324 to /127.0.0.1:53325" [_thread_blocked, id=6160, stack(0x000000005b270000,0x000000005b370000)]
  0x0000000058309800 JavaThread "Daemon worker" [_thread_in_vm, id=1864, stack(0x000000005b070000,0x000000005b170000)]
  0x0000000058dd5800 JavaThread "Cancel handler" [_thread_blocked, id=6236, stack(0x0000000059ca0000,0x0000000059da0000)]
  0x0000000059690000 JavaThread "Handler for socket connection from /127.0.0.1:53324 to /127.0.0.1:53325" [_thread_in_native, id=4116, stack(0x0000000059da0000,0x0000000059ea0000)]
  0x0000000058e0c800 JavaThread "Daemon" [_thread_blocked, id=4416, stack(0x0000000059b70000,0x0000000059c70000)]
  0x0000000058c57000 JavaThread "Daemon periodic checks" [_thread_blocked, id=4664, stack(0x0000000059980000,0x0000000059a80000)]
  0x0000000058c4e000 JavaThread "Incoming local TCP Connector on port 53324" [_thread_in_native, id=5004, stack(0x0000000057690000,0x0000000057790000)]
  0x00000000560ab000 JavaThread "Service Thread" daemon [_thread_blocked, id=6676, stack(0x0000000057570000,0x0000000057670000)]
  0x0000000056098800 JavaThread "C1 CompilerThread1" daemon [_thread_blocked, id=6296, stack(0x0000000057390000,0x0000000057490000)]
=>0x0000000056093800 JavaThread "C2 CompilerThread0" daemon [_thread_in_native, id=6448, stack(0x0000000057270000,0x0000000057370000)]
  0x0000000056092800 JavaThread "Attach Listener" daemon [_thread_blocked, id=6116, stack(0x0000000056fe0000,0x00000000570e0000)]
  0x0000000056091800 JavaThread "Signal Dispatcher" daemon [_thread_blocked, id=6680, stack(0x0000000057160000,0x0000000057260000)]
  0x000000005607e000 JavaThread "Finalizer" daemon [_thread_blocked, id=4488, stack(0x0000000056ea0000,0x0000000056fa0000)]
  0x0000000056035000 JavaThread "Reference Handler" daemon [_thread_blocked, id=6460, stack(0x0000000056cb0000,0x0000000056db0000)]
  0x000000000021e800 JavaThread "main" [_thread_blocked, id=7120, stack(0x00000000024b0000,0x00000000025b0000)]

Other Threads:
  0x000000005602d000 VMThread [stack: 0x00000000569f0000,0x0000000056af0000] [id=6844]
  0x00000000560ac800 WatcherThread [stack: 0x0000000057840000,0x0000000057940000] [id=7112]

VM state:not at safepoint (normal execution)

VM Mutex/Monitor currently owned by a thread: None

Heap:
 PSYoungGen      total 29184K, used 18424K [0x00000000e0000000, 0x00000000e5100000, 0x0000000100000000)
  eden space 26624K, 69% used [0x00000000e0000000,0x00000000e11fe3b8,0x00000000e1a00000)
  from space 2560K, 0% used [0x00000000e2280000,0x00000000e2280000,0x00000000e2500000)
  to   space 8704K, 0% used [0x00000000e1a00000,0x00000000e1a00000,0x00000000e2280000)
 ParOldGen       total 38400K, used 8976K [0x00000000a0000000, 0x00000000a2580000, 0x00000000e0000000)
  object space 38400K, 23% used [0x00000000a0000000,0x00000000a08c43f8,0x00000000a2580000)
 Metaspace       used 22512K, capacity 22918K, committed 23168K, reserved 1069056K
  class space    used 3018K, capacity 3184K, committed 3200K, reserved 1048576K

Card table byte_map: [0x0000000011c40000,0x0000000011f50000] byte_map_base: 0x0000000011740000

Marking Bits: (ParMarkBitMap*) 0x000000005bf63950
 Begin Bits: [0x0000000012400000, 0x0000000013c00000)
 End Bits:   [0x0000000013c00000, 0x0000000015400000)

Polling page: 0x0000000000260000

CodeCache: size=245760Kb used=7169Kb max_used=7169Kb free=238590Kb
 bounds [0x0000000002880000, 0x0000000002f90000, 0x0000000011880000]
 total_blobs=2493 nmethods=1867 adapters=540
 compilation: enabled

Compilation events (10 events):
Event: 19.819 Thread 0x0000000056098800 1995       3       java.util.concurrent.ConcurrentLinkedQueue::checkNotNull (13 bytes)
Event: 19.820 Thread 0x0000000056098800 nmethod 1995 0x0000000002f70650 code [0x0000000002f707c0, 0x0000000002f709e8]
Event: 19.851 Thread 0x0000000056098800 1999       3       java.util.TreeMap::put (247 bytes)
Event: 19.853 Thread 0x0000000056098800 nmethod 1999 0x0000000002f7f390 code [0x0000000002f7f600, 0x0000000002f807b8]
Event: 19.853 Thread 0x0000000056098800 1996       3       org.codehaus.groovy.reflection.CachedClass::<init> (247 bytes)
Event: 19.855 Thread 0x0000000056098800 nmethod 1996 0x0000000002f80ed0 code [0x0000000002f812e0, 0x0000000002f83928]
Event: 19.855 Thread 0x0000000056098800 1998       3       java.beans.Introspector::decapitalize (68 bytes)
Event: 19.857 Thread 0x0000000056098800 nmethod 1998 0x0000000002f850d0 code [0x0000000002f853e0, 0x0000000002f86ad8]
Event: 19.857 Thread 0x0000000056098800 1997       3       java.lang.reflect.Constructor::copy (72 bytes)
Event: 19.858 Thread 0x0000000056098800 nmethod 1997 0x0000000002f72b10 code [0x0000000002f72ca0, 0x0000000002f72ff8]

GC Heap History (10 events):
Event: 3.323 GC heap before
{Heap before GC invocations=3 (full 0):
 PSYoungGen      total 18944K, used 18914K [0x00000000e0000000, 0x00000000e2500000, 0x0000000100000000)
  eden space 16384K, 100% used [0x00000000e0000000,0x00000000e1000000,0x00000000e1000000)
  from space 2560K, 98% used [0x00000000e1280000,0x00000000e14f8978,0x00000000e1500000)
  to   space 2560K, 0% used [0x00000000e1000000,0x00000000e1000000,0x00000000e1280000)
 ParOldGen       total 44032K, used 543K [0x00000000a0000000, 0x00000000a2b00000, 0x00000000e0000000)
  object space 44032K, 1% used [0x00000000a0000000,0x00000000a0087d18,0x00000000a2b00000)
 Metaspace       used 8572K, capacity 8804K, committed 8960K, reserved 1056768K
  class space    used 1096K, capacity 1230K, committed 1280K, reserved 1048576K
Event: 3.333 GC heap after
Heap after GC invocations=3 (full 0):
 PSYoungGen      total 18944K, used 2544K [0x00000000e0000000, 0x00000000e2500000, 0x0000000100000000)
  eden space 16384K, 0% used [0x00000000e0000000,0x00000000e0000000,0x00000000e1000000)
  from space 2560K, 99% used [0x00000000e1000000,0x00000000e127c030,0x00000000e1280000)
  to   space 2560K, 0% used [0x00000000e2280000,0x00000000e2280000,0x00000000e2500000)
 ParOldGen       total 44032K, used 1477K [0x00000000a0000000, 0x00000000a2b00000, 0x00000000e0000000)
  object space 44032K, 3% used [0x00000000a0000000,0x00000000a01715e8,0x00000000a2b00000)
 Metaspace       used 8572K, capacity 8804K, committed 8960K, reserved 1056768K
  class space    used 1096K, capacity 1230K, committed 1280K, reserved 1048576K
}
Event: 6.919 GC heap before
{Heap before GC invocations=4 (full 0):
 PSYoungGen      total 18944K, used 18928K [0x00000000e0000000, 0x00000000e2500000, 0x0000000100000000)
  eden space 16384K, 100% used [0x00000000e0000000,0x00000000e1000000,0x00000000e1000000)
  from space 2560K, 99% used [0x00000000e1000000,0x00000000e127c030,0x00000000e1280000)
  to   space 2560K, 0% used [0x00000000e2280000,0x00000000e2280000,0x00000000e2500000)
 ParOldGen       total 44032K, used 1477K [0x00000000a0000000, 0x00000000a2b00000, 0x00000000e0000000)
  object space 44032K, 3% used [0x00000000a0000000,0x00000000a01715e8,0x00000000a2b00000)
 Metaspace       used 12291K, capacity 12716K, committed 12928K, reserved 1060864K
  class space    used 1650K, capacity 1802K, committed 1920K, reserved 1048576K
Event: 6.935 GC heap after
Heap after GC invocations=4 (full 0):
 PSYoungGen      total 35328K, used 2544K [0x00000000e0000000, 0x00000000e2500000, 0x0000000100000000)
  eden space 32768K, 0% used [0x00000000e0000000,0x00000000e0000000,0x00000000e2000000)
  from space 2560K, 99% used [0x00000000e2280000,0x00000000e24fc010,0x00000000e2500000)
  to   space 2560K, 0% used [0x00000000e2000000,0x00000000e2000000,0x00000000e2280000)
 ParOldGen       total 44032K, used 4001K [0x00000000a0000000, 0x00000000a2b00000, 0x00000000e0000000)
  object space 44032K, 9% used [0x00000000a0000000,0x00000000a03e8428,0x00000000a2b00000)
 Metaspace       used 12291K, capacity 12716K, committed 12928K, reserved 1060864K
  class space    used 1650K, capacity 1802K, committed 1920K, reserved 1048576K
}
Event: 12.611 GC heap before
{Heap before GC invocations=5 (full 0):
 PSYoungGen      total 35328K, used 35312K [0x00000000e0000000, 0x00000000e2500000, 0x0000000100000000)
  eden space 32768K, 100% used [0x00000000e0000000,0x00000000e2000000,0x00000000e2000000)
  from space 2560K, 99% used [0x00000000e2280000,0x00000000e24fc010,0x00000000e2500000)
  to   space 2560K, 0% used [0x00000000e2000000,0x00000000e2000000,0x00000000e2280000)
 ParOldGen       total 44032K, used 4001K [0x00000000a0000000, 0x00000000a2b00000, 0x00000000e0000000)
  object space 44032K, 9% used [0x00000000a0000000,0x00000000a03e8428,0x00000000a2b00000)
 Metaspace       used 15721K, capacity 16112K, committed 16256K, reserved 1062912K
  class space    used 2206K, capacity 2316K, committed 2432K, reserved 1048576K
Event: 12.637 GC heap after
Heap after GC invocations=5 (full 0):
 PSYoungGen      total 35328K, used 2544K [0x00000000e0000000, 0x00000000e2500000, 0x0000000100000000)
  eden space 32768K, 0% used [0x00000000e0000000,0x00000000e0000000,0x00000000e2000000)
  from space 2560K, 99% used [0x00000000e2000000,0x00000000e227c030,0x00000000e2280000)
  to   space 2560K, 0% used [0x00000000e2280000,0x00000000e2280000,0x00000000e2500000)
 ParOldGen       total 44032K, used 8558K [0x00000000a0000000, 0x00000000a2b00000, 0x00000000e0000000)
  object space 44032K, 19% used [0x00000000a0000000,0x00000000a085b8f0,0x00000000a2b00000)
 Metaspace       used 15721K, capacity 16112K, committed 16256K, reserved 1062912K
  class space    used 2206K, capacity 2316K, committed 2432K, reserved 1048576K
}
Event: 18.390 GC heap before
{Heap before GC invocations=6 (full 0):
 PSYoungGen      total 35328K, used 30481K [0x00000000e0000000, 0x00000000e2500000, 0x0000000100000000)
  eden space 32768K, 85% used [0x00000000e0000000,0x00000000e1b48690,0x00000000e2000000)
  from space 2560K, 99% used [0x00000000e2000000,0x00000000e227c030,0x00000000e2280000)
  to   space 2560K, 0% used [0x00000000e2280000,0x00000000e2280000,0x00000000e2500000)
 ParOldGen       total 44032K, used 8558K [0x00000000a0000000, 0x00000000a2b00000, 0x00000000e0000000)
  object space 44032K, 19% used [0x00000000a0000000,0x00000000a085b8f0,0x00000000a2b00000)
 Metaspace       used 20725K, capacity 21124K, committed 21248K, reserved 1067008K
  class space    used 2865K, capacity 3039K, committed 3072K, reserved 1048576K
Event: 18.413 GC heap after
Heap after GC invocations=6 (full 0):
 PSYoungGen      total 29184K, used 2528K [0x00000000e0000000, 0x00000000e5100000, 0x0000000100000000)
  eden space 26624K, 0% used [0x00000000e0000000,0x00000000e0000000,0x00000000e1a00000)
  from space 2560K, 98% used [0x00000000e2280000,0x00000000e24f8010,0x00000000e2500000)
  to   space 8704K, 0% used [0x00000000e1a00000,0x00000000e1a00000,0x00000000e2280000)
 ParOldGen       total 44032K, used 13053K [0x00000000a0000000, 0x00000000a2b00000, 0x00000000e0000000)
  object space 44032K, 29% used [0x00000000a0000000,0x00000000a0cbf470,0x00000000a2b00000)
 Metaspace       used 20725K, capacity 21124K, committed 21248K, reserved 1067008K
  class space    used 2865K, capacity 3039K, committed 3072K, reserved 1048576K
}
Event: 18.413 GC heap before
{Heap before GC invocations=7 (full 1):
 PSYoungGen      total 29184K, used 2528K [0x00000000e0000000, 0x00000000e5100000, 0x0000000100000000)
  eden space 26624K, 0% used [0x00000000e0000000,0x00000000e0000000,0x00000000e1a00000)
  from space 2560K, 98% used [0x00000000e2280000,0x00000000e24f8010,0x00000000e2500000)
  to   space 8704K, 0% used [0x00000000e1a00000,0x00000000e1a00000,0x00000000e2280000)
 ParOldGen       total 44032K, used 13053K [0x00000000a0000000, 0x00000000a2b00000, 0x00000000e0000000)
  object space 44032K, 29% used [0x00000000a0000000,0x00000000a0cbf470,0x00000000a2b00000)
 Metaspace       used 20725K, capacity 21124K, committed 21248K, reserved 1067008K
  class space    used 2865K, capacity 3039K, committed 3072K, reserved 1048576K
Event: 18.553 GC heap after
Heap after GC invocations=7 (full 1):
 PSYoungGen      total 29184K, used 0K [0x00000000e0000000, 0x00000000e5100000, 0x0000000100000000)
  eden space 26624K, 0% used [0x00000000e0000000,0x00000000e0000000,0x00000000e1a00000)
  from space 2560K, 0% used [0x00000000e2280000,0x00000000e2280000,0x00000000e2500000)
  to   space 8704K, 0% used [0x00000000e1a00000,0x00000000e1a00000,0x00000000e2280000)
 ParOldGen       total 38400K, used 8976K [0x00000000a0000000, 0x00000000a2580000, 0x00000000e0000000)
  object space 38400K, 23% used [0x00000000a0000000,0x00000000a08c43f8,0x00000000a2580000)
 Metaspace       used 20725K, capacity 21124K, committed 21248K, reserved 1067008K
  class space    used 2865K, capacity 3039K, committed 3072K, reserved 1048576K
}

Deoptimization events (10 events):
Event: 15.584 Thread 0x0000000058309800 Uncommon trap: reason=unstable_if action=reinterpret pc=0x0000000002a88c0c method=java.lang.AbstractStringBuilder.append(Ljava/lang/String;)Ljava/lang/AbstractStringBuilder; @ 1
Event: 16.101 Thread 0x0000000058309800 Uncommon trap: reason=class_check action=maybe_recompile pc=0x0000000002a365d0 method=java.lang.String.equals(Ljava/lang/Object;)Z @ 8
Event: 16.101 Thread 0x0000000058309800 Uncommon trap: reason=class_check action=maybe_recompile pc=0x0000000002a365d0 method=java.lang.String.equals(Ljava/lang/Object;)Z @ 8
Event: 16.102 Thread 0x0000000058309800 Uncommon trap: reason=class_check action=maybe_recompile pc=0x0000000002a365d0 method=java.lang.String.equals(Ljava/lang/Object;)Z @ 8
Event: 16.102 Thread 0x0000000058309800 Uncommon trap: reason=class_check action=maybe_recompile pc=0x0000000002a365d0 method=java.lang.String.equals(Ljava/lang/Object;)Z @ 8
Event: 16.714 Thread 0x0000000058309800 Uncommon trap: reason=class_check action=maybe_recompile pc=0x0000000002a4955c method=sun.misc.URLClassPath.getLoader(I)Lsun/misc/URLClassPath$Loader; @ 94
Event: 16.714 Thread 0x0000000058309800 Uncommon trap: reason=class_check action=maybe_recompile pc=0x0000000002b67e90 method=sun.misc.URLClassPath.getResource(Ljava/lang/String;Z)Lsun/misc/Resource; @ 62
Event: 18.782 Thread 0x0000000058309800 Uncommon trap: reason=class_check action=maybe_recompile pc=0x0000000002a49664 method=sun.misc.URLClassPath.getLoader(I)Lsun/misc/URLClassPath$Loader; @ 239
Event: 18.812 Thread 0x0000000058309800 Uncommon trap: reason=class_check action=maybe_recompile pc=0x0000000002a49664 method=sun.misc.URLClassPath.getLoader(I)Lsun/misc/URLClassPath$Loader; @ 239
Event: 18.910 Thread 0x0000000058309800 Uncommon trap: reason=class_check action=maybe_recompile pc=0x0000000002a49664 method=sun.misc.URLClassPath.getLoader(I)Lsun/misc/URLClassPath$Loader; @ 239

Classes redefined (0 events):
No events

Internal exceptions (10 events):
Event: 19.394 Thread 0x0000000058309800 Exception <a 'java/lang/NoSuchMethodError': <clinit>> (0x00000000e0e1d448) thrown at [D:\src\AOSP-openjdk-cygwin\jdk8u\hotspot\src\share\vm\prims\jni.cpp, line 1613]
Event: 19.397 Thread 0x0000000058309800 Exception <a 'java/lang/NoSuchMethodError': <clinit>> (0x00000000e0e41290) thrown at [D:\src\AOSP-openjdk-cygwin\jdk8u\hotspot\src\share\vm\prims\jni.cpp, line 1613]
Event: 19.397 Thread 0x0000000058309800 Exception <a 'java/lang/NoSuchMethodError': <clinit>> (0x00000000e0e42748) thrown at [D:\src\AOSP-openjdk-cygwin\jdk8u\hotspot\src\share\vm\prims\jni.cpp, line 1613]
Event: 19.397 Thread 0x0000000058309800 Exception <a 'java/lang/NoSuchMethodError': <clinit>> (0x00000000e0e444a8) thrown at [D:\src\AOSP-openjdk-cygwin\jdk8u\hotspot\src\share\vm\prims\jni.cpp, line 1613]
Event: 19.530 Thread 0x0000000058309800 Exception <a 'java/lang/ClassNotFoundException': ijinit5_f4xrgeh7f9aihr38vmam9l46iBeanInfo> (0x00000000e0ee84a8) thrown at [D:\src\AOSP-openjdk-cygwin\jdk8u\hotspot\src\share\vm\classfile\systemDictionary.cpp, line 210]
Event: 19.531 Thread 0x0000000058309800 Exception <a 'java/lang/ClassNotFoundException': ijinit5_f4xrgeh7f9aihr38vmam9l46iCustomizer> (0x00000000e0ef1b90) thrown at [D:\src\AOSP-openjdk-cygwin\jdk8u\hotspot\src\share\vm\classfile\systemDictionary.cpp, line 210]
Event: 19.813 Thread 0x0000000058309800 Exception <a 'java/lang/ClassNotFoundException': org/gradle/internal/metaobject/ConfigureDelegateBeanInfo> (0x00000000e10e9820) thrown at [D:\src\AOSP-openjdk-cygwin\jdk8u\hotspot\src\share\vm\classfile\systemDictionary.cpp, line 210]
Event: 19.814 Thread 0x0000000058309800 Exception <a 'java/lang/ClassNotFoundException': org/gradle/internal/metaobject/ConfigureDelegateCustomizer> (0x00000000e110af90) thrown at [D:\src\AOSP-openjdk-cygwin\jdk8u\hotspot\src\share\vm\classfile\systemDictionary.cpp, line 210]
Event: 19.843 Thread 0x0000000058309800 Exception <a 'java/lang/ClassNotFoundException': org/gradle/api/internal/initialization/DefaultScriptHandlerBeanInfo> (0x00000000e1173ea8) thrown at [D:\src\AOSP-openjdk-cygwin\jdk8u\hotspot\src\share\vm\classfile\systemDictionary.cpp, line 210]
Event: 19.844 Thread 0x0000000058309800 Exception <a 'java/lang/ClassNotFoundException': org/gradle/api/internal/initialization/DefaultScriptHandlerCustomizer> (0x00000000e119bcf0) thrown at [D:\src\AOSP-openjdk-cygwin\jdk8u\hotspot\src\share\vm\classfile\systemDictionary.cpp, line 210]

Events (10 events):
Event: 19.846 loading class org/gradle/api/attributes/HasConfigurableAttributes
Event: 19.846 loading class org/gradle/api/attributes/HasConfigurableAttributes done
Event: 19.846 loading class org/gradle/api/attributes/HasAttributes
Event: 19.846 loading class org/gradle/api/attributes/HasAttributes done
Event: 19.848 loading class org/gradle/api/internal/artifacts/ivyservice/DefaultCacheLockingManager
Event: 19.848 loading class org/gradle/api/internal/artifacts/ivyservice/DefaultCacheLockingManager done
Event: 19.914 loading class org/gradle/api/internal/artifacts/ivyservice/moduleconverter/dependencies/DefaultExcludeRuleConverter
Event: 19.914 loading class org/gradle/api/internal/artifacts/ivyservice/moduleconverter/dependencies/DefaultExcludeRuleConverter done
Event: 19.915 loading class org/gradle/internal/component/model/Exclude
Event: 19.915 loading class org/gradle/internal/component/model/Exclude done


Dynamic libraries:
0x000000013fc60000 - 0x000000013fc91000 	C:\Program Files\Android\Android Studio\jre\bin\java.exe
0x0000000076dc0000 - 0x0000000076f6b000 	C:\Windows\SYSTEM32\ntdll.dll
0x000007fef1570000 - 0x000007fef15a4000 	C:\Program Files\AVAST Software\Avast\x64\aswhooka.dll
0x00000000766e0000 - 0x00000000767ff000 	C:\Windows\system32\kernel32.dll
0x000007fefd2e0000 - 0x000007fefd34b000 	C:\Windows\system32\KERNELBASE.dll
0x000007fefdb80000 - 0x000007fefdc5b000 	C:\Windows\system32\ADVAPI32.dll
0x000007fefd600000 - 0x000007fefd69f000 	C:\Windows\system32\msvcrt.dll
0x000007fefdaf0000 - 0x000007fefdb0f000 	C:\Windows\SYSTEM32\sechost.dll
0x000007fefd810000 - 0x000007fefd93e000 	C:\Windows\system32\RPCRT4.dll
0x0000000076800000 - 0x00000000768fa000 	C:\Windows\system32\USER32.dll
0x000007fefdb10000 - 0x000007fefdb77000 	C:\Windows\system32\GDI32.dll
0x000007fefdae0000 - 0x000007fefdaee000 	C:\Windows\system32\LPK.dll
0x000007fefdce0000 - 0x000007fefddaa000 	C:\Windows\system32\USP10.dll
0x000007fefcd80000 - 0x000007fefcf74000 	C:\Windows\WinSxS\amd64_microsoft.windows.common-controls_6595b64144ccf1df_6.0.7600.16385_none_fa645303170382f6\COMCTL32.dll
0x000007fefdc60000 - 0x000007fefdcd1000 	C:\Windows\system32\SHLWAPI.dll
0x000007fefeb40000 - 0x000007fefeb6e000 	C:\Windows\system32\IMM32.DLL
0x000007fefedb0000 - 0x000007fefeeb9000 	C:\Windows\system32\MSCTF.dll
0x0000000071dd0000 - 0x0000000071ea2000 	C:\Program Files\Android\Android Studio\jre\jre\bin\msvcr100.dll
0x000000005b7a0000 - 0x000000005bfde000 	C:\Program Files\Android\Android Studio\jre\jre\bin\server\jvm.dll
0x000007fefadd0000 - 0x000007fefadd9000 	C:\Windows\system32\WSOCK32.dll
0x000007fefd740000 - 0x000007fefd78d000 	C:\Windows\system32\WS2_32.dll
0x000007fefeb70000 - 0x000007fefeb78000 	C:\Windows\system32\NSI.dll
0x000007fef9ca0000 - 0x000007fef9cdb000 	C:\Windows\system32\WINMM.dll
0x000007fefbe60000 - 0x000007fefbe6c000 	C:\Windows\system32\VERSION.dll
0x0000000076f80000 - 0x0000000076f87000 	C:\Windows\system32\PSAPI.DLL
0x000007fef7d60000 - 0x000007fef7d6f000 	C:\Program Files\Android\Android Studio\jre\jre\bin\verify.dll
0x000007fef0050000 - 0x000007fef0079000 	C:\Program Files\Android\Android Studio\jre\jre\bin\java.dll
0x000007fef3770000 - 0x000007fef3786000 	C:\Program Files\Android\Android Studio\jre\jre\bin\zip.dll
0x000007fefddb0000 - 0x000007fefeb36000 	C:\Windows\system32\SHELL32.dll
0x000007fefeec0000 - 0x000007feff0c1000 	C:\Windows\system32\ole32.dll
0x000007fefd230000 - 0x000007fefd23f000 	C:\Windows\system32\profapi.dll
0x000007fef74c0000 - 0x000007fef74da000 	C:\Program Files\Android\Android Studio\jre\jre\bin\net.dll
0x000007fefc760000 - 0x000007fefc7b4000 	C:\Windows\system32\mswsock.dll
0x000007fefc750000 - 0x000007fefc757000 	C:\Windows\System32\wship6.dll
0x000007fef3750000 - 0x000007fef3761000 	C:\Program Files\Android\Android Studio\jre\jre\bin\nio.dll
0x000007feefee0000 - 0x000007feefefe000 	C:\Users\Public\.gradle\native\25\windows-amd64\native-platform.dll
0x000007fef7dd0000 - 0x000007fef7ddd000 	C:\Program Files\Android\Android Studio\jre\jre\bin\management.dll
0x000007fefc800000 - 0x000007fefc817000 	C:\Windows\system32\CRYPTSP.dll
0x000007fefc4c0000 - 0x000007fefc507000 	C:\Windows\system32\rsaenh.dll
0x000007fefcd10000 - 0x000007fefcd2e000 	C:\Windows\system32\USERENV.dll
0x000007fefd160000 - 0x000007fefd16f000 	C:\Windows\system32\CRYPTBASE.dll
0x000007fefabd0000 - 0x000007fefabf7000 	C:\Windows\system32\IPHLPAPI.DLL
0x000007fefabb0000 - 0x000007fefabbb000 	C:\Windows\system32\WINNSI.DLL
0x000007fefaa40000 - 0x000007fefaa51000 	C:\Windows\system32\dhcpcsvc6.DLL
0x000007fefaa20000 - 0x000007fefaa38000 	C:\Windows\system32\dhcpcsvc.DLL

VM Arguments:
jvm_args: -Xmx1536m -Dfile.encoding=windows-1251 -Duser.country=RU -Duser.language=ru -Duser.variant 
java_command: org.gradle.launcher.daemon.bootstrap.GradleDaemon 4.1
java_class_path (initial): C:\Users\Public\.gradle\wrapper\dists\gradle-4.1-all\bzyivzo6n839fup2jbap0tjew\gradle-4.1\lib\gradle-launcher-4.1.jar
Launcher Type: SUN_STANDARD

Environment Variables:
JAVA_HOME=C:\Program Files\Java\jdk1.7.0\bin
CLASSPATH=.;
PATH=C:\Program Files\Java\jdk-9.0.4\bin;C:\Program Files (x86)\PC Connectivity Solution\;C:\Perl64\site\bin;C:\Perl64\bin;C:\Program Files (x86)\NVIDIA Corporation\PhysX\Common;C:\Program Files (x86)\Caminova\Document Express DjVu Plug-in\;C:\Program Files (x86)\AMD APP\bin\x86_64;C:\Program Files (x86)\AMD APP\bin\x86;C:\Windows\system32;C:\Windows;C:\Windows\System32\Wbem;C:\Program Files (x86)\ATI Technologies\ATI.ACE\Core-Static;C:\Program Files (x86)\Common Files\Symbian\tools;C:\Program Files (x86)\CSL Arm Toolchain\bin;C:\Windows\system32\wbem;C:\Program Files (x86)\IVT Corporation\BlueSoleil\Mobile;C:\Program Files (x86)\Skype\Phone\;C:\Program Files\Java\jdk-9.0.4;C:\Program Files\Common Files\Microsoft Shared\Windows Live
USERNAME=Админ
OS=Windows_NT
PROCESSOR_IDENTIFIER=AMD64 Family 15 Model 67 Stepping 2, AuthenticAMD



---------------  S Y S T E M  ---------------

OS: Windows 7 , 64 bit Build 7600 (6.1.7600.16385)

CPU:total 2 (initial active 2) (2 cores per cpu, 1 threads per core) family 15 model 67 stepping 2, cmov, cx8, fxsr, mmx, sse, sse2, sse3, mmxext, 3dnowpref, tsc

Memory: 4k page, physical 4193592k(714280k free), swap 5388512k(5140k free)

vm_info: OpenJDK 64-Bit Server VM (25.152-b01) for windows-amd64 JRE (1.8.0_152-release-915-b01), built by "builder" with MS VC++ 10.0 (VS2010)

time: Tue May 01 19:26:28 2018
elapsed time: 19 seconds (0d 0h 0m 19s)

