#
# There is insufficient memory for the Java Runtime Environment to continue.
# Native memory allocation (malloc) failed to allocate 1609136 bytes for Chunk::new
# Possible reasons:
#   The system is out of physical RAM or swap space
#   In 32 bit mode, the process size limit was hit
# Possible solutions:
#   Reduce memory load on the system
#   Increase physical memory or swap space
#   Check if swap backing store is full
#   Use 64 bit Java on a 64 bit OS
#   Decrease Java heap size (-Xmx/-Xms)
#   Decrease number of Java threads
#   Decrease Java thread stack sizes (-Xss)
#   Set larger code cache with -XX:ReservedCodeCacheSize=
# This output file may be truncated or incomplete.
#
#  Out of Memory Error (allocation.cpp:390), pid=5844, tid=0x0000000000000fec
#
# JRE version: OpenJDK Runtime Environment (8.0_152-b02) (build 1.8.0_152-release-1024-b02)
# Java VM: OpenJDK 64-Bit Server VM (25.152-b02 mixed mode windows-amd64 compressed oops)
# Failed to write core dump. Minidumps are not enabled by default on client versions of Windows
#

---------------  T H R E A D  ---------------

Current thread (0x0000000055fd3800):  JavaThread "C2 CompilerThread0" daemon [_thread_in_native, id=4076, stack(0x0000000057160000,0x0000000057260000)]

Stack: [0x0000000057160000,0x0000000057260000]
[error occurred during error reporting (printing stack bounds), id 0xc0000005]

Native frames: (J=compiled Java code, j=interpreted, Vv=VM code, C=native code)


Current CompileTask:
C2:  72333 5338   !   4       com.sun.beans.TypeResolver::resolve (274 bytes)


---------------  P R O C E S S  ---------------

Java Threads: ( => current thread )
  0x0000000057d36800 JavaThread "Memory manager" [_thread_blocked, id=5520, stack(0x000000005df80000,0x000000005e080000)]
  0x0000000057d35000 JavaThread "build operations Thread 2" [_thread_blocked, id=5668, stack(0x000000005d780000,0x000000005d880000)]
  0x0000000057d34000 JavaThread "build operations" [_thread_blocked, id=5988, stack(0x000000005d610000,0x000000005d710000)]
  0x0000000057d32800 JavaThread "Cache worker for Artifact transforms cache (C:\Users\Public\.gradle\caches\transforms-1)" [_thread_blocked, id=5728, stack(0x000000005d230000,0x000000005d330000)]
  0x00000000573cd800 JavaThread "Cache worker for file hash cache (C:\Flappybird\.gradle\4.4\fileHashes)" [_thread_blocked, id=3472, stack(0x000000005b760000,0x000000005b860000)]
  0x0000000057d21800 JavaThread "File lock request listener" [_thread_in_native, id=2816, stack(0x000000005b560000,0x000000005b660000)]
  0x0000000057d59800 JavaThread "Cache worker for file hash cache (C:\Users\Public\.gradle\caches\4.4\fileHashes)" [_thread_blocked, id=1536, stack(0x000000005b3f0000,0x000000005b4f0000)]
  0x0000000057beb000 JavaThread "Asynchronous log dispatcher for DefaultDaemonConnection: socket connection from /127.0.0.1:49833 to /127.0.0.1:49834" [_thread_blocked, id=4916, stack(0x0000000059ff0000,0x000000005a0f0000)]
  0x0000000057b9c800 JavaThread "Daemon worker" [_thread_in_native, id=336, stack(0x0000000059c20000,0x0000000059d20000)]
  0x0000000057bb8800 JavaThread "Cancel handler" [_thread_blocked, id=5952, stack(0x0000000059d40000,0x0000000059e40000)]
  0x0000000057ed7800 JavaThread "Handler for socket connection from /127.0.0.1:49833 to /127.0.0.1:49834" [_thread_in_native, id=4700, stack(0x0000000059920000,0x0000000059a20000)]
  0x000000005745e800 JavaThread "Daemon" [_thread_blocked, id=1088, stack(0x0000000059810000,0x0000000059910000)]
  0x0000000057e6b800 JavaThread "Daemon periodic checks" [_thread_blocked, id=4556, stack(0x0000000059650000,0x0000000059750000)]
  0x000000005892a800 JavaThread "Incoming local TCP Connector on port 49833" [_thread_in_native, id=4376, stack(0x0000000059500000,0x0000000059600000)]
  0x0000000057278800 JavaThread "Service Thread" daemon [_thread_blocked, id=5200, stack(0x00000000577d0000,0x00000000578d0000)]
  0x0000000056031000 JavaThread "C1 CompilerThread1" daemon [_thread_blocked, id=5028, stack(0x0000000057030000,0x0000000057130000)]
=>0x0000000055fd3800 JavaThread "C2 CompilerThread0" daemon [_thread_in_native, id=4076, stack(0x0000000057160000,0x0000000057260000)]
  0x0000000055fe3800 JavaThread "Attach Listener" daemon [_thread_blocked, id=2712, stack(0x0000000056d70000,0x0000000056e70000)]
  0x0000000055fe2800 JavaThread "Signal Dispatcher" daemon [_thread_blocked, id=1152, stack(0x0000000056ea0000,0x0000000056fa0000)]
  0x0000000055fc0000 JavaThread "Finalizer" daemon [_thread_blocked, id=4180, stack(0x0000000056940000,0x0000000056a40000)]
  0x0000000055f77000 JavaThread "Reference Handler" daemon [_thread_blocked, id=5004, stack(0x0000000056c20000,0x0000000056d20000)]
  0x00000000003be800 JavaThread "main" [_thread_blocked, id=4632, stack(0x00000000023f0000,0x00000000024f0000)]

Other Threads:
  0x0000000055f6f000 VMThread [stack: 0x0000000056a40000,0x0000000056b40000] [id=1580]
  0x0000000057279000 WatcherThread [stack: 0x0000000057660000,0x0000000057760000] [id=3936]

VM state:not at safepoint (normal execution)

VM Mutex/Monitor currently owned by a thread: None

Heap:
 PSYoungGen      total 153088K, used 107915K [0x00000000e0000000, 0x00000000ebe80000, 0x0000000100000000)
  eden space 141312K, 68% used [0x00000000e0000000,0x00000000e5de9390,0x00000000e8a00000)
  from space 11776K, 99% used [0x00000000e9800000,0x00000000ea379b50,0x00000000ea380000)
  to   space 14336K, 0% used [0x00000000e8a00000,0x00000000e8a00000,0x00000000e9800000)
 ParOldGen       total 56320K, used 21282K [0x00000000a0000000, 0x00000000a3700000, 0x00000000e0000000)
  object space 56320K, 37% used [0x00000000a0000000,0x00000000a14c8a88,0x00000000a3700000)
 Metaspace       used 51212K, capacity 52690K, committed 53032K, reserved 1095680K
  class space    used 7026K, capacity 7400K, committed 7472K, reserved 1048576K

Card table byte_map: [0x0000000011b80000,0x0000000011e90000] byte_map_base: 0x0000000011680000

Marking Bits: (ParMarkBitMap*) 0x0000000062564970
 Begin Bits: [0x0000000012340000, 0x0000000013b40000)
 End Bits:   [0x0000000013b40000, 0x0000000015340000)

Polling page: 0x0000000000340000

CodeCache: size=245760Kb used=17215Kb max_used=17215Kb free=228544Kb
 bounds [0x00000000027c0000, 0x00000000038a0000, 0x00000000117c0000]
 total_blobs=5759 nmethods=5009 adapters=664
 compilation: enabled

Compilation events (10 events):
Event: 71.861 Thread 0x0000000056031000 5366       1       org.gradle.model.internal.registry.DefaultModelRegistry$ModelGoal::isAchieved (2 bytes)
Event: 71.861 Thread 0x0000000056031000 nmethod 5366 0x0000000003893950 code [0x0000000003893aa0, 0x0000000003893bb0]
Event: 72.172 Thread 0x0000000056031000 5367       1       org.gradle.model.internal.registry.DefaultModelRegistry::access$300 (5 bytes)
Event: 72.173 Thread 0x0000000056031000 nmethod 5367 0x0000000003893690 code [0x00000000038937e0, 0x00000000038938d0]
Event: 72.173 Thread 0x0000000056031000 5368       3       org.gradle.model.internal.registry.DefaultModelRegistry$ModelGoal::<init> (5 bytes)
Event: 72.173 Thread 0x0000000056031000 nmethod 5368 0x0000000003893210 code [0x0000000003893380, 0x00000000038935b0]
Event: 72.173 Thread 0x0000000056031000 5369       3       org.gradle.model.internal.registry.DefaultModelRegistry$ModelGoal::<init> (12 bytes)
Event: 72.173 Thread 0x0000000056031000 nmethod 5369 0x0000000003892e10 code [0x0000000003892f80, 0x0000000003893150]
Event: 72.236 Thread 0x0000000056031000 5370       3       org.gradle.model.internal.type.ModelType::getConcreteClass (16 bytes)
Event: 72.237 Thread 0x0000000056031000 nmethod 5370 0x0000000003892950 code [0x0000000003892ac0, 0x0000000003892d28]

GC Heap History (10 events):
Event: 21.621 GC heap before
{Heap before GC invocations=8 (full 1):
 PSYoungGen      total 72192K, used 5712K [0x00000000e0000000, 0x00000000e8e00000, 0x0000000100000000)
  eden space 64512K, 0% used [0x00000000e0000000,0x00000000e0000000,0x00000000e3f00000)
  from space 7680K, 74% used [0x00000000e3f00000,0x00000000e4494398,0x00000000e4680000)
  to   space 8192K, 0% used [0x00000000e8600000,0x00000000e8600000,0x00000000e8e00000)
 ParOldGen       total 44032K, used 7393K [0x00000000a0000000, 0x00000000a2b00000, 0x00000000e0000000)
  object space 44032K, 16% used [0x00000000a0000000,0x00000000a0738690,0x00000000a2b00000)
 Metaspace       used 20831K, capacity 21240K, committed 21296K, reserved 1067008K
  class space    used 2911K, capacity 3074K, committed 3120K, reserved 1048576K
Event: 21.761 GC heap after
Heap after GC invocations=8 (full 1):
 PSYoungGen      total 72192K, used 0K [0x00000000e0000000, 0x00000000e8e00000, 0x0000000100000000)
  eden space 64512K, 0% used [0x00000000e0000000,0x00000000e0000000,0x00000000e3f00000)
  from space 7680K, 0% used [0x00000000e3f00000,0x00000000e3f00000,0x00000000e4680000)
  to   space 8192K, 0% used [0x00000000e8600000,0x00000000e8600000,0x00000000e8e00000)
 ParOldGen       total 36352K, used 10514K [0x00000000a0000000, 0x00000000a2380000, 0x00000000e0000000)
  object space 36352K, 28% used [0x00000000a0000000,0x00000000a0a44808,0x00000000a2380000)
 Metaspace       used 20831K, capacity 21240K, committed 21296K, reserved 1067008K
  class space    used 2911K, capacity 3074K, committed 3120K, reserved 1048576K
}
Event: 28.094 GC heap before
{Heap before GC invocations=9 (full 1):
 PSYoungGen      total 72192K, used 64512K [0x00000000e0000000, 0x00000000e8e00000, 0x0000000100000000)
  eden space 64512K, 100% used [0x00000000e0000000,0x00000000e3f00000,0x00000000e3f00000)
  from space 7680K, 0% used [0x00000000e3f00000,0x00000000e3f00000,0x00000000e4680000)
  to   space 8192K, 0% used [0x00000000e8600000,0x00000000e8600000,0x00000000e8e00000)
 ParOldGen       total 36352K, used 10514K [0x00000000a0000000, 0x00000000a2380000, 0x00000000e0000000)
  object space 36352K, 28% used [0x00000000a0000000,0x00000000a0a44808,0x00000000a2380000)
 Metaspace       used 26623K, capacity 27064K, committed 27184K, reserved 1073152K
  class space    used 3675K, capacity 3833K, committed 3888K, reserved 1048576K
Event: 28.132 GC heap after
Heap after GC invocations=9 (full 1):
 PSYoungGen      total 113152K, used 7263K [0x00000000e0000000, 0x00000000e8d80000, 0x0000000100000000)
  eden space 105472K, 0% used [0x00000000e0000000,0x00000000e0000000,0x00000000e6700000)
  from space 7680K, 94% used [0x00000000e8600000,0x00000000e8d17e60,0x00000000e8d80000)
  to   space 8704K, 0% used [0x00000000e7c80000,0x00000000e7c80000,0x00000000e8500000)
 ParOldGen       total 36352K, used 10522K [0x00000000a0000000, 0x00000000a2380000, 0x00000000e0000000)
  object space 36352K, 28% used [0x00000000a0000000,0x00000000a0a46808,0x00000000a2380000)
 Metaspace       used 26623K, capacity 27064K, committed 27184K, reserved 1073152K
  class space    used 3675K, capacity 3833K, committed 3888K, reserved 1048576K
}
Event: 48.329 GC heap before
{Heap before GC invocations=10 (full 1):
 PSYoungGen      total 113152K, used 96785K [0x00000000e0000000, 0x00000000e8d80000, 0x0000000100000000)
  eden space 105472K, 84% used [0x00000000e0000000,0x00000000e576c800,0x00000000e6700000)
  from space 7680K, 94% used [0x00000000e8600000,0x00000000e8d17e60,0x00000000e8d80000)
  to   space 8704K, 0% used [0x00000000e7c80000,0x00000000e7c80000,0x00000000e8500000)
 ParOldGen       total 36352K, used 10522K [0x00000000a0000000, 0x00000000a2380000, 0x00000000e0000000)
  object space 36352K, 28% used [0x00000000a0000000,0x00000000a0a46808,0x00000000a2380000)
 Metaspace       used 34858K, capacity 35414K, committed 35496K, reserved 1079296K
  class space    used 4797K, capacity 5003K, committed 5040K, reserved 1048576K
Event: 48.452 GC heap after
Heap after GC invocations=10 (full 1):
 PSYoungGen      total 136192K, used 8681K [0x00000000e0000000, 0x00000000ea380000, 0x0000000100000000)
  eden space 127488K, 0% used [0x00000000e0000000,0x00000000e0000000,0x00000000e7c80000)
  from space 8704K, 99% used [0x00000000e7c80000,0x00000000e84fa5d0,0x00000000e8500000)
  to   space 11776K, 0% used [0x00000000e9800000,0x00000000e9800000,0x00000000ea380000)
 ParOldGen       total 36352K, used 14805K [0x00000000a0000000, 0x00000000a2380000, 0x00000000e0000000)
  object space 36352K, 40% used [0x00000000a0000000,0x00000000a0e75590,0x00000000a2380000)
 Metaspace       used 34858K, capacity 35414K, committed 35496K, reserved 1079296K
  class space    used 4797K, capacity 5003K, committed 5040K, reserved 1048576K
}
Event: 48.452 GC heap before
{Heap before GC invocations=11 (full 2):
 PSYoungGen      total 136192K, used 8681K [0x00000000e0000000, 0x00000000ea380000, 0x0000000100000000)
  eden space 127488K, 0% used [0x00000000e0000000,0x00000000e0000000,0x00000000e7c80000)
  from space 8704K, 99% used [0x00000000e7c80000,0x00000000e84fa5d0,0x00000000e8500000)
  to   space 11776K, 0% used [0x00000000e9800000,0x00000000e9800000,0x00000000ea380000)
 ParOldGen       total 36352K, used 14805K [0x00000000a0000000, 0x00000000a2380000, 0x00000000e0000000)
  object space 36352K, 40% used [0x00000000a0000000,0x00000000a0e75590,0x00000000a2380000)
 Metaspace       used 34858K, capacity 35414K, committed 35496K, reserved 1079296K
  class space    used 4797K, capacity 5003K, committed 5040K, reserved 1048576K
Event: 48.736 GC heap after
Heap after GC invocations=11 (full 2):
 PSYoungGen      total 136192K, used 0K [0x00000000e0000000, 0x00000000ea380000, 0x0000000100000000)
  eden space 127488K, 0% used [0x00000000e0000000,0x00000000e0000000,0x00000000e7c80000)
  from space 8704K, 0% used [0x00000000e7c80000,0x00000000e7c80000,0x00000000e8500000)
  to   space 11776K, 0% used [0x00000000e9800000,0x00000000e9800000,0x00000000ea380000)
 ParOldGen       total 56320K, used 19242K [0x00000000a0000000, 0x00000000a3700000, 0x00000000e0000000)
  object space 56320K, 34% used [0x00000000a0000000,0x00000000a12cabf8,0x00000000a3700000)
 Metaspace       used 34858K, capacity 35414K, committed 35496K, reserved 1079296K
  class space    used 4797K, capacity 5003K, committed 5040K, reserved 1048576K
}
Event: 58.097 GC heap before
{Heap before GC invocations=12 (full 2):
 PSYoungGen      total 136192K, used 127488K [0x00000000e0000000, 0x00000000ea380000, 0x0000000100000000)
  eden space 127488K, 100% used [0x00000000e0000000,0x00000000e7c80000,0x00000000e7c80000)
  from space 8704K, 0% used [0x00000000e7c80000,0x00000000e7c80000,0x00000000e8500000)
  to   space 11776K, 0% used [0x00000000e9800000,0x00000000e9800000,0x00000000ea380000)
 ParOldGen       total 56320K, used 19242K [0x00000000a0000000, 0x00000000a3700000, 0x00000000e0000000)
  object space 56320K, 34% used [0x00000000a0000000,0x00000000a12cabf8,0x00000000a3700000)
 Metaspace       used 42859K, capacity 43758K, committed 43816K, reserved 1087488K
  class space    used 5911K, capacity 6174K, committed 6192K, reserved 1048576K
Event: 58.151 GC heap after
Heap after GC invocations=12 (full 2):
 PSYoungGen      total 153088K, used 11750K [0x00000000e0000000, 0x00000000ebe80000, 0x0000000100000000)
  eden space 141312K, 0% used [0x00000000e0000000,0x00000000e0000000,0x00000000e8a00000)
  from space 11776K, 99% used [0x00000000e9800000,0x00000000ea379b50,0x00000000ea380000)
  to   space 14336K, 0% used [0x00000000e8a00000,0x00000000e8a00000,0x00000000e9800000)
 ParOldGen       total 56320K, used 21282K [0x00000000a0000000, 0x00000000a3700000, 0x00000000e0000000)
  object space 56320K, 37% used [0x00000000a0000000,0x00000000a14c8a88,0x00000000a3700000)
 Metaspace       used 42859K, capacity 43758K, committed 43816K, reserved 1087488K
  class space    used 5911K, capacity 6174K, committed 6192K, reserved 1048576K
}

Deoptimization events (10 events):
Event: 66.469 Thread 0x0000000057b9c800 Uncommon trap: reason=unstable_if action=reinterpret pc=0x0000000002f873fc method=org.objectweb.asm.ByteVector.putUTF8(Ljava/lang/String;)Lorg/objectweb/asm/ByteVector; @ 91
Event: 66.755 Thread 0x0000000057b9c800 Uncommon trap: reason=unstable_if action=reinterpret pc=0x0000000002ea9560 method=java.lang.String.lastIndexOf([CII[CIII)I @ 118
Event: 66.807 Thread 0x0000000057b9c800 Uncommon trap: reason=unstable_if action=reinterpret pc=0x0000000002ee2be4 method=org.objectweb.asm.ByteVector.putUTF8(Ljava/lang/String;)Lorg/objectweb/asm/ByteVector; @ 91
Event: 67.544 Thread 0x0000000057b9c800 Uncommon trap: reason=unstable_if action=reinterpret pc=0x0000000003565398 method=java.util.regex.Pattern$GroupTail.match(Ljava/util/regex/Matcher;ILjava/lang/CharSequence;)Z @ 73
Event: 67.544 Thread 0x0000000057b9c800 Uncommon trap: reason=unstable_if action=reinterpret pc=0x000000000356f508 method=com.sun.org.apache.xerces.internal.impl.XMLEntityScanner.scanContent(Lcom/sun/org/apache/xerces/internal/xni/XMLString;)I @ 163
Event: 69.699 Thread 0x0000000057b9c800 Uncommon trap: reason=unstable_if action=reinterpret pc=0x0000000002f85b68 method=org.objectweb.asm.Type.getArgumentsAndReturnSizes(Ljava/lang/String;)I @ 47
Event: 69.699 Thread 0x0000000057b9c800 Uncommon trap: reason=unstable_if action=reinterpret pc=0x000000000322a554 method=org.objectweb.asm.Type.getArgumentsAndReturnSizes(Ljava/lang/String;)I @ 47
Event: 69.823 Thread 0x0000000057b9c800 Uncommon trap: reason=unstable_if action=reinterpret pc=0x00000000037a5878 method=java.util.TreeMap.put(Ljava/lang/Object;Ljava/lang/Object;)Ljava/lang/Object; @ 163
Event: 71.830 Thread 0x0000000057b9c800 Uncommon trap: reason=predicate action=maybe_recompile pc=0x00000000037e6700 method=java.util.TreeMap.getEntry(Ljava/lang/Object;)Ljava/util/TreeMap$Entry; @ 39
Event: 71.831 Thread 0x0000000057b9c800 Uncommon trap: reason=predicate action=maybe_recompile pc=0x0000000003727a44 method=java.util.TreeMap.getEntry(Ljava/lang/Object;)Ljava/util/TreeMap$Entry; @ 39

Classes redefined (0 events):
No events

Internal exceptions (10 events):
Event: 65.990 Thread 0x0000000057b9c800 Exception <a 'java/lang/ClassNotFoundException': org/gradle/api/plugins/BasePluginConventionCustomizer> (0x00000000e2a9b1d8) thrown at [D:\src\AOSP-openjdk-cygwin\jdk8u\hotspot\src\share\vm\classfile\systemDictionary.cpp, line 210]
Event: 69.040 Thread 0x0000000057b9c800 Exception <a 'java/lang/NoSuchMethodError': java.lang.Object.lambda$static$0(Ljava/util/Set;Ljava/util/Set;)Z> (0x00000000e4699528) thrown at [D:\src\AOSP-openjdk-cygwin\jdk8u\hotspot\src\share\vm\interpreter\linkResolver.cpp, line 584]
Event: 69.041 Thread 0x0000000057b9c800 Exception <a 'java/lang/NoSuchMethodError': java.lang.Object.lambda$static$1(Ljava/util/Set;Ljava/util/Set;)Z> (0x00000000e469c0c8) thrown at [D:\src\AOSP-openjdk-cygwin\jdk8u\hotspot\src\share\vm\interpreter\linkResolver.cpp, line 584]
Event: 69.042 Thread 0x0000000057b9c800 Exception <a 'java/lang/NoSuchMethodError': java.lang.Object.lambda$static$2(Ljava/util/Set;Ljava/util/Set;)Z> (0x00000000e469e838) thrown at [D:\src\AOSP-openjdk-cygwin\jdk8u\hotspot\src\share\vm\interpreter\linkResolver.cpp, line 584]
Event: 71.292 Thread 0x0000000057b9c800 Exception <a 'java/lang/ClassNotFoundException': com/android/build/gradle/internal/api/ApkVariantOutputImpl_DecoratedBeanInfo> (0x00000000e582f2e0) thrown at [D:\src\AOSP-openjdk-cygwin\jdk8u\hotspot\src\share\vm\classfile\systemDictionary.cpp, line 210]
Event: 71.293 Thread 0x0000000057b9c800 Exception <a 'java/lang/ClassNotFoundException': com/android/build/gradle/internal/api/ApkVariantOutputImplBeanInfo> (0x00000000e58462a0) thrown at [D:\src\AOSP-openjdk-cygwin\jdk8u\hotspot\src\share\vm\classfile\systemDictionary.cpp, line 210]
Event: 71.293 Thread 0x0000000057b9c800 Exception <a 'java/lang/ClassNotFoundException': com/android/build/gradle/internal/api/BaseVariantOutputImplBeanInfo> (0x00000000e585dfc0) thrown at [D:\src\AOSP-openjdk-cygwin\jdk8u\hotspot\src\share\vm\classfile\systemDictionary.cpp, line 210]
Event: 71.294 Thread 0x0000000057b9c800 Exception <a 'java/lang/ClassNotFoundException': com/android/build/gradle/internal/api/BaseVariantOutputImplCustomizer> (0x00000000e5876188) thrown at [D:\src\AOSP-openjdk-cygwin\jdk8u\hotspot\src\share\vm\classfile\systemDictionary.cpp, line 210]
Event: 71.327 Thread 0x0000000057b9c800 Exception <a 'java/lang/ClassNotFoundException': com/android/build/gradle/internal/api/ApkVariantOutputImplCustomizer> (0x00000000e58aa830) thrown at [D:\src\AOSP-openjdk-cygwin\jdk8u\hotspot\src\share\vm\classfile\systemDictionary.cpp, line 210]
Event: 71.329 Thread 0x0000000057b9c800 Exception <a 'java/lang/ClassNotFoundException': com/android/build/gradle/internal/api/ApkVariantOutputImpl_DecoratedCustomizer> (0x00000000e58d56c8) thrown at [D:\src\AOSP-openjdk-cygwin\jdk8u\hotspot\src\share\vm\classfile\systemDictionary.cpp, line 210

Events (10 events):
Event: 72.234 loading class org/gradle/platform/base/component/internal/DefaultComponentSpec$ComponentInfo
Event: 72.234 loading class org/gradle/platform/base/component/internal/DefaultComponentSpec$ComponentInfo done
Event: 72.235 loading class org/gradle/model/internal/typeregistration/BaseInstanceFactory$ImplementationRegistration
Event: 72.235 loading class org/gradle/model/internal/typeregistration/BaseInstanceFactory$ImplementationRegistration done
Event: 72.236 loading class org/gradle/model/internal/typeregistration/BaseInstanceFactory$InternalViewRegistration
Event: 72.236 loading class org/gradle/model/internal/typeregistration/BaseInstanceFactory$InternalViewRegistration done
Event: 72.239 loading class org/gradle/api/artifacts/component/LibraryBinaryIdentifier
Event: 72.239 loading class org/gradle/api/artifacts/component/LibraryBinaryIdentifier done
Event: 72.239 loading class org/gradle/platform/base/internal/BinaryBuildAbility
Event: 72.239 loading class org/gradle/platform/base/internal/BinaryBuildAbility done


Dynamic libraries:
0x000000013f970000 - 0x000000013f9a1000 	C:\Program Files\Android\Android Studio\jre\bin\java.exe
0x0000000077770000 - 0x000000007791b000 	C:\Windows\SYSTEM32\ntdll.dll
0x00000000771e0000 - 0x00000000772ff000 	C:\Windows\system32\kernel32.dll
0x000007fefdd10000 - 0x000007fefdd7b000 	C:\Windows\system32\KERNELBASE.dll
0x000007fefe000000 - 0x000007fefe0db000 	C:\Windows\system32\ADVAPI32.dll
0x000007feff9e0000 - 0x000007feffa7f000 	C:\Windows\system32\msvcrt.dll
0x000007fefe7c0000 - 0x000007fefe7df000 	C:\Windows\SYSTEM32\sechost.dll
0x000007fefe0e0000 - 0x000007fefe20e000 	C:\Windows\system32\RPCRT4.dll
0x0000000077510000 - 0x000000007760a000 	C:\Windows\system32\USER32.dll
0x000007fefe750000 - 0x000007fefe7b7000 	C:\Windows\system32\GDI32.dll
0x000007fefe990000 - 0x000007fefe99e000 	C:\Windows\system32\LPK.dll
0x000007fefe400000 - 0x000007fefe4ca000 	C:\Windows\system32\USP10.dll
0x000007fefd720000 - 0x000007fefd914000 	C:\Windows\WinSxS\amd64_microsoft.windows.common-controls_6595b64144ccf1df_6.0.7600.16385_none_fa645303170382f6\COMCTL32.dll
0x000007fefe4d0000 - 0x000007fefe541000 	C:\Windows\system32\SHLWAPI.dll
0x000007fefe3c0000 - 0x000007fefe3ee000 	C:\Windows\system32\IMM32.DLL
0x000007fefe880000 - 0x000007fefe989000 	C:\Windows\system32\MSCTF.dll
0x00000000691f0000 - 0x00000000692c2000 	C:\Program Files\Android\Android Studio\jre\jre\bin\msvcr100.dll
0x0000000061da0000 - 0x00000000625df000 	C:\Program Files\Android\Android Studio\jre\jre\bin\server\jvm.dll
0x000007fefb5c0000 - 0x000007fefb5c9000 	C:\Windows\system32\WSOCK32.dll
0x000007fefdfb0000 - 0x000007fefdffd000 	C:\Windows\system32\WS2_32.dll
0x000007fefe3f0000 - 0x000007fefe3f8000 	C:\Windows\system32\NSI.dll
0x000007fefa840000 - 0x000007fefa87b000 	C:\Windows\system32\WINMM.dll
0x000007fefc7e0000 - 0x000007fefc7ec000 	C:\Windows\system32\VERSION.dll
0x0000000077940000 - 0x0000000077947000 	C:\Windows\system32\PSAPI.DLL
0x000007fef8950000 - 0x000007fef895f000 	C:\Program Files\Android\Android Studio\jre\jre\bin\verify.dll
0x000007fef7d30000 - 0x000007fef7d59000 	C:\Program Files\Android\Android Studio\jre\jre\bin\java.dll
0x000007fef8790000 - 0x000007fef87a6000 	C:\Program Files\Android\Android Studio\jre\jre\bin\zip.dll
0x000007fefe9a0000 - 0x000007feff726000 	C:\Windows\system32\SHELL32.dll
0x000007feff730000 - 0x000007feff931000 	C:\Windows\system32\ole32.dll
0x000007fefdbe0000 - 0x000007fefdbef000 	C:\Windows\system32\profapi.dll
0x000007fef8540000 - 0x000007fef855a000 	C:\Program Files\Android\Android Studio\jre\jre\bin\net.dll
0x000007fefd110000 - 0x000007fefd164000 	C:\Windows\system32\mswsock.dll
0x000007fefd100000 - 0x000007fefd107000 	C:\Windows\System32\wship6.dll
0x000007fef7d10000 - 0x000007fef7d21000 	C:\Program Files\Android\Android Studio\jre\jre\bin\nio.dll
0x000007fef8450000 - 0x000007fef846e000 	C:\Users\Public\.gradle\native\25\windows-amd64\native-platform.dll
0x000007fef8920000 - 0x000007fef892d000 	C:\Program Files\Android\Android Studio\jre\jre\bin\management.dll
0x000007fefd1b0000 - 0x000007fefd1c7000 	C:\Windows\system32\CRYPTSP.dll
0x000007fefce70000 - 0x000007fefceb7000 	C:\Windows\system32\rsaenh.dll
0x000007fefd550000 - 0x000007fefd56e000 	C:\Windows\system32\USERENV.dll
0x000007fefdb10000 - 0x000007fefdb1f000 	C:\Windows\system32\CRYPTBASE.dll
0x000007fefb580000 - 0x000007fefb5a7000 	C:\Windows\system32\IPHLPAPI.DLL
0x000007fefb570000 - 0x000007fefb57b000 	C:\Windows\system32\WINNSI.DLL
0x000007fefb3f0000 - 0x000007fefb401000 	C:\Windows\system32\dhcpcsvc6.DLL
0x000007fefb3d0000 - 0x000007fefb3e8000 	C:\Windows\system32\dhcpcsvc.DLL

VM Arguments:
jvm_args: -Xmx1536m -Dfile.encoding=windows-1251 -Duser.country=RU -Duser.language=ru -Duser.variant 
java_command: org.gradle.launcher.daemon.bootstrap.GradleDaemon 4.4
java_class_path (initial): C:\Users\Public\.gradle\wrapper\dists\gradle-4.4-all\9br9xq1tocpiv8o6njlyu5op1\gradle-4.4\lib\gradle-launcher-4.4.jar
Launcher Type: SUN_STANDARD

Environment Variables:
JAVA_HOME=C:\Program Files\Java\jdk1.7.0\bin
CLASSPATH=.;
PATH=C:\Program Files\Java\jdk-9.0.4\bin;C:\Program Files (x86)\PC Connectivity Solution\;C:\Perl64\site\bin;C:\Perl64\bin;C:\Program Files (x86)\NVIDIA Corporation\PhysX\Common;C:\Program Files (x86)\Caminova\Document Express DjVu Plug-in\;C:\Program Files (x86)\AMD APP\bin\x86_64;C:\Program Files (x86)\AMD APP\bin\x86;C:\Windows\system32;C:\Windows;C:\Windows\System32\Wbem;C:\Program Files (x86)\ATI Technologies\ATI.ACE\Core-Static;C:\Program Files (x86)\Common Files\Symbian\tools;C:\Program Files (x86)\CSL Arm Toolchain\bin;C:\Windows\system32\wbem;C:\Program Files (x86)\IVT Corporation\BlueSoleil\Mobile;C:\Program Files (x86)\Skype\Phone\;C:\Program Files\Java\jdk-9.0.4;C:\Program Files\Common Files\Microsoft Shared\Windows Live
USERNAME=Админ
OS=Windows_NT
PROCESSOR_IDENTIFIER=AMD64 Family 15 Model 67 Stepping 2, AuthenticAMD



---------------  S Y S T E M  ---------------

OS: Windows 7 , 64 bit Build 7600 (6.1.7600.16385)

CPU:total 2 (initial active 2) (2 cores per cpu, 1 threads per core) family 15 model 67 stepping 2, cmov, cx8, fxsr, mmx, sse, sse2, sse3, mmxext, 3dnowpref, tsc

Memory: 4k page, physical 4193592k(464216k free), swap 4661368k(25992k free)

vm_info: OpenJDK 64-Bit Server VM (25.152-b02) for windows-amd64 JRE (1.8.0_152-release-1024-b02), built by "builder" with MS VC++ 10.0 (VS2010)

time: Mon May 07 05:46:32 2018
elapsed time: 72 seconds (0d 0h 1m 12s)

