#
# There is insufficient memory for the Java Runtime Environment to continue.
# Native memory allocation (malloc) failed to allocate 164496 bytes for Chunk::new
# Possible reasons:
#   The system is out of physical RAM or swap space
#   In 32 bit mode, the process size limit was hit
# Possible solutions:
#   Reduce memory load on the system
#   Increase physical memory or swap space
#   Check if swap backing store is full
#   Use 64 bit Java on a 64 bit OS
#   Decrease Java heap size (-Xmx/-Xms)
#   Decrease number of Java threads
#   Decrease Java thread stack sizes (-Xss)
#   Set larger code cache with -XX:ReservedCodeCacheSize=
# This output file may be truncated or incomplete.
#
#  Out of Memory Error (allocation.cpp:390), pid=6424, tid=0x0000000000000c94
#
# JRE version: OpenJDK Runtime Environment (8.0_152-b02) (build 1.8.0_152-release-1024-b02)
# Java VM: OpenJDK 64-Bit Server VM (25.152-b02 mixed mode windows-amd64 compressed oops)
# Failed to write core dump. Minidumps are not enabled by default on client versions of Windows
#

---------------  T H R E A D  ---------------

Current thread (0x0000000055ee2000):  JavaThread "C2 CompilerThread0" daemon [_thread_in_native, id=3220, stack(0x0000000057450000,0x0000000057550000)]

Stack: [0x0000000057450000,0x0000000057550000]
[error occurred during error reporting (printing stack bounds), id 0xc0000005]

Native frames: (J=compiled Java code, j=interpreted, Vv=VM code, C=native code)


Current CompileTask:
C2:  32269 2388       4       groovyjarjarantlr.CharScanner::consume (83 bytes)


---------------  P R O C E S S  ---------------

Java Threads: ( => current thread )
  0x0000000057fa3800 JavaThread "Cache worker for Artifact transforms cache (C:\Users\Public\.gradle\caches\transforms-1)" [_thread_blocked, id=6604, stack(0x000000005b600000,0x000000005b700000)]
  0x0000000059425800 JavaThread "Cache worker for file hash cache (C:\Flappybird\.gradle\4.4\fileHashes)" [_thread_blocked, id=6140, stack(0x000000005b920000,0x000000005ba20000)]
  0x0000000057f24000 JavaThread "File lock request listener" [_thread_in_native, id=4524, stack(0x000000005b700000,0x000000005b800000)]
  0x00000000577af800 JavaThread "Cache worker for file hash cache (C:\Users\Public\.gradle\caches\4.4\fileHashes)" [_thread_blocked, id=6128, stack(0x000000005b480000,0x000000005b580000)]
  0x000000005810a800 JavaThread "Stdin handler" [_thread_blocked, id=5124, stack(0x000000005a080000,0x000000005a180000)]
  0x0000000058104000 JavaThread "Asynchronous log dispatcher for DefaultDaemonConnection: socket connection from /127.0.0.1:59024 to /127.0.0.1:59025" [_thread_blocked, id=3604, stack(0x000000005a190000,0x000000005a290000)]
  0x000000005810e800 JavaThread "Daemon worker" [_thread_in_vm, id=1508, stack(0x0000000059f70000,0x000000005a070000)]
  0x0000000057fc8000 JavaThread "Cancel handler" [_thread_blocked, id=3040, stack(0x0000000059da0000,0x0000000059ea0000)]
  0x0000000057784800 JavaThread "Handler for socket connection from /127.0.0.1:59024 to /127.0.0.1:59025" [_thread_in_native, id=5864, stack(0x0000000059aa0000,0x0000000059ba0000)]
  0x000000005778b000 JavaThread "Daemon" [_thread_blocked, id=5192, stack(0x0000000059960000,0x0000000059a60000)]
  0x0000000058957000 JavaThread "Daemon periodic checks" [_thread_blocked, id=3872, stack(0x0000000059720000,0x0000000059820000)]
  0x000000005893b000 JavaThread "Incoming local TCP Connector on port 59024" [_thread_in_native, id=4160, stack(0x0000000059830000,0x0000000059930000)]
  0x0000000055f4f000 JavaThread "Service Thread" daemon [_thread_blocked, id=6668, stack(0x0000000057ad0000,0x0000000057bd0000)]
  0x0000000055eec800 JavaThread "C1 CompilerThread1" daemon [_thread_in_native, id=6356, stack(0x0000000057550000,0x0000000057650000)]
=>0x0000000055ee2000 JavaThread "C2 CompilerThread0" daemon [_thread_in_native, id=3220, stack(0x0000000057450000,0x0000000057550000)]
  0x0000000055ef2000 JavaThread "Attach Listener" daemon [_thread_blocked, id=4984, stack(0x0000000057260000,0x0000000057360000)]
  0x0000000055ef0800 JavaThread "Signal Dispatcher" daemon [_thread_blocked, id=3088, stack(0x0000000057020000,0x0000000057120000)]
  0x0000000055ece000 JavaThread "Finalizer" daemon [_thread_blocked, id=4808, stack(0x0000000056dd0000,0x0000000056ed0000)]
  0x0000000055e85000 JavaThread "Reference Handler" daemon [_thread_blocked, id=4676, stack(0x0000000056c60000,0x0000000056d60000)]
  0x000000000023e800 JavaThread "main" [_thread_blocked, id=4696, stack(0x0000000002260000,0x0000000002360000)]

Other Threads:
  0x0000000055e7d000 VMThread [stack: 0x0000000056a90000,0x0000000056b90000] [id=5592]
  0x0000000057660800 WatcherThread [stack: 0x0000000057c00000,0x0000000057d00000] [id=6048]

VM state:synchronizing (normal execution)

VM Mutex/Monitor currently owned by a thread:  ([mutex/lock_event])
[0x000000000023cec0] Threads_lock - owner thread: 0x0000000055e7d000

Heap:
 PSYoungGen      total 34304K, used 10545K [0x00000000e0000000, 0x00000000e2f00000, 0x0000000100000000)
  eden space 31744K, 25% used [0x00000000e0000000,0x00000000e07cc668,0x00000000e1f00000)
  from space 2560K, 100% used [0x00000000e2000000,0x00000000e2280000,0x00000000e2280000)
  to   space 8192K, 0% used [0x00000000e2700000,0x00000000e2700000,0x00000000e2f00000)
 ParOldGen       total 42496K, used 17019K [0x00000000a0000000, 0x00000000a2980000, 0x00000000e0000000)
  object space 42496K, 40% used [0x00000000a0000000,0x00000000a109ed70,0x00000000a2980000)
 Metaspace       used 28556K, capacity 29072K, committed 29184K, reserved 1075200K
  class space    used 3879K, capacity 4058K, committed 4096K, reserved 1048576K

Card table byte_map: [0x0000000011ae0000,0x0000000011df0000] byte_map_base: 0x00000000115e0000

Marking Bits: (ParMarkBitMap*) 0x000000005ecf4970
 Begin Bits: [0x0000000012250000, 0x0000000013a50000)
 End Bits:   [0x0000000013a50000, 0x0000000015250000)

Polling page: 0x0000000000270000

CodeCache: size=245760Kb used=8118Kb max_used=8130Kb free=237641Kb
 bounds [0x0000000002720000, 0x0000000002f20000, 0x0000000011720000]
 total_blobs=2836 nmethods=2192 adapters=558
 compilation: enabled

Compilation events (10 events):
Event: 31.875 Thread 0x0000000055eec800 2375       3       org.codehaus.groovy.antlr.parser.GroovyLexer::makeToken (55 bytes)
Event: 31.877 Thread 0x0000000055eec800 nmethod 2375 0x0000000002bb9c10 code [0x0000000002bb9dc0, 0x0000000002bba4f8]
Event: 31.877 Thread 0x0000000055eec800 2378   !   3       org.codehaus.groovy.antlr.parser.GroovyLexer::nextToken (2683 bytes)
Event: 31.879 Thread 0x0000000055ee2000 2383       4       groovyjarjarantlr.ANTLRStringBuffer::append (92 bytes)
Event: 31.886 Thread 0x0000000055ee2000 nmethod 2383 0x0000000002bb6890 code [0x0000000002bb69e0, 0x0000000002bb6c58]
Event: 31.891 Thread 0x0000000055ee2000 2386       4       org.codehaus.groovy.antlr.SourceBuffer::write (47 bytes)
Event: 31.904 Thread 0x0000000055ee2000 nmethod 2386 0x0000000002bb7810 code [0x0000000002bb7980, 0x0000000002bb8228]
Event: 31.905 Thread 0x0000000055ee2000 2387   !   4       java.io.StringReader::read (52 bytes)
Event: 31.908 Thread 0x0000000055ee2000 nmethod 2387 0x0000000002bb7110 code [0x0000000002bb7260, 0x0000000002bb7618]
Event: 31.908 Thread 0x0000000055ee2000 2388       4       groovyjarjarantlr.CharScanner::consume (83 bytes)

GC Heap History (10 events):
Event: 19.867 GC heap before
{Heap before GC invocations=6 (full 0):
 PSYoungGen      total 35328K, used 35296K [0x00000000e0000000, 0x00000000e2500000, 0x0000000100000000)
  eden space 32768K, 100% used [0x00000000e0000000,0x00000000e2000000,0x00000000e2000000)
  from space 2560K, 98% used [0x00000000e2000000,0x00000000e2278040,0x00000000e2280000)
  to   space 2560K, 0% used [0x00000000e2280000,0x00000000e2280000,0x00000000e2500000)
 ParOldGen       total 44032K, used 6752K [0x00000000a0000000, 0x00000000a2b00000, 0x00000000e0000000)
  object space 44032K, 15% used [0x00000000a0000000,0x00000000a06980c0,0x00000000a2b00000)
 Metaspace       used 17492K, capacity 17866K, committed 18048K, reserved 1064960K
  class space    used 2524K, capacity 2657K, committed 2688K, reserved 1048576K
Event: 19.899 GC heap after
Heap after GC invocations=6 (full 0):
 PSYoungGen      total 35328K, used 2544K [0x00000000e0000000, 0x00000000e2500000, 0x0000000100000000)
  eden space 32768K, 0% used [0x00000000e0000000,0x00000000e0000000,0x00000000e2000000)
  from space 2560K, 99% used [0x00000000e2280000,0x00000000e24fc050,0x00000000e2500000)
  to   space 2560K, 0% used [0x00000000e2000000,0x00000000e2000000,0x00000000e2280000)
 ParOldGen       total 44032K, used 10828K [0x00000000a0000000, 0x00000000a2b00000, 0x00000000e0000000)
  object space 44032K, 24% used [0x00000000a0000000,0x00000000a0a93110,0x00000000a2b00000)
 Metaspace       used 17492K, capacity 17866K, committed 18048K, reserved 1064960K
  class space    used 2524K, capacity 2657K, committed 2688K, reserved 1048576K
}
Event: 22.812 GC heap before
{Heap before GC invocations=7 (full 0):
 PSYoungGen      total 35328K, used 23548K [0x00000000e0000000, 0x00000000e2500000, 0x0000000100000000)
  eden space 32768K, 64% used [0x00000000e0000000,0x00000000e1483170,0x00000000e2000000)
  from space 2560K, 99% used [0x00000000e2280000,0x00000000e24fc050,0x00000000e2500000)
  to   space 2560K, 0% used [0x00000000e2000000,0x00000000e2000000,0x00000000e2280000)
 ParOldGen       total 44032K, used 10828K [0x00000000a0000000, 0x00000000a2b00000, 0x00000000e0000000)
  object space 44032K, 24% used [0x00000000a0000000,0x00000000a0a93110,0x00000000a2b00000)
 Metaspace       used 20833K, capacity 21200K, committed 21248K, reserved 1067008K
  class space    used 2898K, capacity 3042K, committed 3072K, reserved 1048576K
Event: 22.832 GC heap after
Heap after GC invocations=7 (full 0):
 PSYoungGen      total 34304K, used 2544K [0x00000000e0000000, 0x00000000e2f00000, 0x0000000100000000)
  eden space 31744K, 0% used [0x00000000e0000000,0x00000000e0000000,0x00000000e1f00000)
  from space 2560K, 99% used [0x00000000e2000000,0x00000000e227c060,0x00000000e2280000)
  to   space 8192K, 0% used [0x00000000e2700000,0x00000000e2700000,0x00000000e2f00000)
 ParOldGen       total 44032K, used 14338K [0x00000000a0000000, 0x00000000a2b00000, 0x00000000e0000000)
  object space 44032K, 32% used [0x00000000a0000000,0x00000000a0e00bf0,0x00000000a2b00000)
 Metaspace       used 20833K, capacity 21200K, committed 21248K, reserved 1067008K
  class space    used 2898K, capacity 3042K, committed 3072K, reserved 1048576K
}
Event: 22.832 GC heap before
{Heap before GC invocations=8 (full 1):
 PSYoungGen      total 34304K, used 2544K [0x00000000e0000000, 0x00000000e2f00000, 0x0000000100000000)
  eden space 31744K, 0% used [0x00000000e0000000,0x00000000e0000000,0x00000000e1f00000)
  from space 2560K, 99% used [0x00000000e2000000,0x00000000e227c060,0x00000000e2280000)
  to   space 8192K, 0% used [0x00000000e2700000,0x00000000e2700000,0x00000000e2f00000)
 ParOldGen       total 44032K, used 14338K [0x00000000a0000000, 0x00000000a2b00000, 0x00000000e0000000)
  object space 44032K, 32% used [0x00000000a0000000,0x00000000a0e00bf0,0x00000000a2b00000)
 Metaspace       used 20833K, capacity 21200K, committed 21248K, reserved 1067008K
  class space    used 2898K, capacity 3042K, committed 3072K, reserved 1048576K
Event: 22.982 GC heap after
Heap after GC invocations=8 (full 1):
 PSYoungGen      total 34304K, used 0K [0x00000000e0000000, 0x00000000e2f00000, 0x0000000100000000)
  eden space 31744K, 0% used [0x00000000e0000000,0x00000000e0000000,0x00000000e1f00000)
  from space 2560K, 0% used [0x00000000e2000000,0x00000000e2000000,0x00000000e2280000)
  to   space 8192K, 0% used [0x00000000e2700000,0x00000000e2700000,0x00000000e2f00000)
 ParOldGen       total 42496K, used 14003K [0x00000000a0000000, 0x00000000a2980000, 0x00000000e0000000)
  object space 42496K, 32% used [0x00000000a0000000,0x00000000a0dacf28,0x00000000a2980000)
 Metaspace       used 20833K, capacity 21200K, committed 21248K, reserved 1067008K
  class space    used 2898K, capacity 3042K, committed 3072K, reserved 1048576K
}
Event: 28.030 GC heap before
{Heap before GC invocations=9 (full 1):
 PSYoungGen      total 34304K, used 31744K [0x00000000e0000000, 0x00000000e2f00000, 0x0000000100000000)
  eden space 31744K, 100% used [0x00000000e0000000,0x00000000e1f00000,0x00000000e1f00000)
  from space 2560K, 0% used [0x00000000e2000000,0x00000000e2000000,0x00000000e2280000)
  to   space 8192K, 0% used [0x00000000e2700000,0x00000000e2700000,0x00000000e2f00000)
 ParOldGen       total 42496K, used 14003K [0x00000000a0000000, 0x00000000a2980000, 0x00000000e0000000)
  object space 42496K, 32% used [0x00000000a0000000,0x00000000a0dacf28,0x00000000a2980000)
 Metaspace       used 25824K, capacity 26240K, committed 26368K, reserved 1073152K
  class space    used 3426K, capacity 3569K, committed 3584K, reserved 1048576K
Event: 28.047 GC heap after
Heap after GC invocations=9 (full 1):
 PSYoungGen      total 39936K, used 4782K [0x00000000e0000000, 0x00000000e2f00000, 0x0000000100000000)
  eden space 31744K, 0% used [0x00000000e0000000,0x00000000e0000000,0x00000000e1f00000)
  from space 8192K, 58% used [0x00000000e2700000,0x00000000e2baba30,0x00000000e2f00000)
  to   space 2560K, 0% used [0x00000000e2000000,0x00000000e2000000,0x00000000e2280000)
 ParOldGen       total 42496K, used 14011K [0x00000000a0000000, 0x00000000a2980000, 0x00000000e0000000)
  object space 42496K, 32% used [0x00000000a0000000,0x00000000a0daef28,0x00000000a2980000)
 Metaspace       used 25824K, capacity 26240K, committed 26368K, reserved 1073152K
  class space    used 3426K, capacity 3569K, committed 3584K, reserved 1048576K
}
Event: 30.178 GC heap before
{Heap before GC invocations=10 (full 1):
 PSYoungGen      total 39936K, used 36526K [0x00000000e0000000, 0x00000000e2f00000, 0x0000000100000000)
  eden space 31744K, 100% used [0x00000000e0000000,0x00000000e1f00000,0x00000000e1f00000)
  from space 8192K, 58% used [0x00000000e2700000,0x00000000e2baba30,0x00000000e2f00000)
  to   space 2560K, 0% used [0x00000000e2000000,0x00000000e2000000,0x00000000e2280000)
 ParOldGen       total 42496K, used 14011K [0x00000000a0000000, 0x00000000a2980000, 0x00000000e0000000)
  object space 42496K, 32% used [0x00000000a0000000,0x00000000a0daef28,0x00000000a2980000)
 Metaspace       used 27950K, capacity 28428K, committed 28544K, reserved 1073152K
  class space    used 3798K, capacity 3955K, committed 3968K, reserved 1048576K
Event: 30.197 GC heap after
Heap after GC invocations=10 (full 1):
 PSYoungGen      total 34304K, used 2560K [0x00000000e0000000, 0x00000000e2f00000, 0x0000000100000000)
  eden space 31744K, 0% used [0x00000000e0000000,0x00000000e0000000,0x00000000e1f00000)
  from space 2560K, 100% used [0x00000000e2000000,0x00000000e2280000,0x00000000e2280000)
  to   space 8192K, 0% used [0x00000000e2700000,0x00000000e2700000,0x00000000e2f00000)
 ParOldGen       total 42496K, used 17019K [0x00000000a0000000, 0x00000000a2980000, 0x00000000e0000000)
  object space 42496K, 40% used [0x00000000a0000000,0x00000000a109ed70,0x00000000a2980000)
 Metaspace       used 27950K, capacity 28428K, committed 28544K, reserved 1073152K
  class space    used 3798K, capacity 3955K, committed 3968K, reserved 1048576K
}

Deoptimization events (10 events):
Event: 23.484 Thread 0x000000005810e800 Uncommon trap: reason=class_check action=maybe_recompile pc=0x00000000028d1690 method=java.lang.String.equals(Ljava/lang/Object;)Z @ 8
Event: 23.785 Thread 0x000000005810e800 Uncommon trap: reason=class_check action=maybe_recompile pc=0x00000000028e33f0 method=sun.misc.URLClassPath.getLoader(I)Lsun/misc/URLClassPath$Loader; @ 94
Event: 23.785 Thread 0x000000005810e800 Uncommon trap: reason=class_check action=maybe_recompile pc=0x0000000002a27850 method=sun.misc.URLClassPath.getResource(Ljava/lang/String;Z)Lsun/misc/Resource; @ 62
Event: 27.272 Thread 0x000000005810e800 Uncommon trap: reason=class_check action=maybe_recompile pc=0x00000000028e34f8 method=sun.misc.URLClassPath.getLoader(I)Lsun/misc/URLClassPath$Loader; @ 239
Event: 27.332 Thread 0x000000005810e800 Uncommon trap: reason=class_check action=maybe_recompile pc=0x00000000028e34f8 method=sun.misc.URLClassPath.getLoader(I)Lsun/misc/URLClassPath$Loader; @ 239
Event: 27.483 Thread 0x000000005810e800 Uncommon trap: reason=class_check action=maybe_recompile pc=0x00000000028e34f8 method=sun.misc.URLClassPath.getLoader(I)Lsun/misc/URLClassPath$Loader; @ 239
Event: 28.003 Thread 0x000000005810e800 Uncommon trap: reason=unstable_if action=reinterpret pc=0x0000000002b40b6c method=java.util.HashMap.hash(Ljava/lang/Object;)I @ 1
Event: 28.049 Thread 0x0000000055e85000 Uncommon trap: reason=unstable_if action=reinterpret pc=0x0000000002cb8b88 method=java.lang.ref.Reference.tryHandlePending(Z)Z @ 104
Event: 28.274 Thread 0x000000005810e800 Uncommon trap: reason=unstable_if action=reinterpret pc=0x000000000298860c method=java.io.WinNTFileSystem.resolve(Ljava/lang/String;Ljava/lang/String;)Ljava/lang/String; @ 49
Event: 29.905 Thread 0x000000005810e800 Uncommon trap: reason=unstable_if action=reinterpret pc=0x0000000002f12f34 method=org.objectweb.asm.Type.getDescriptor(Ljava/lang/StringBuilder;Ljava/lang/Class;)V @ 127

Classes redefined (0 events):
No events

Internal exceptions (10 events):
Event: 27.772 Thread 0x000000005810e800 Exception <a 'java/lang/ClassNotFoundException': org/gradle/api/internal/initialization/DefaultScriptHandlerCustomizer> (0x00000000e1b11e20) thrown at [D:\src\AOSP-openjdk-cygwin\jdk8u\hotspot\src\share\vm\classfile\systemDictionary.cpp, line 210]
Event: 28.003 Thread 0x000000005810e800 Implicit null exception at 0x0000000002b40985 to 0x0000000002b40b5d
Event: 29.120 Thread 0x000000005810e800 Exception <a 'java/lang/ClassNotFoundException': org/gradle/api/internal/artifacts/dsl/dependencies/DefaultDependencyHandler_DecoratedBeanInfo> (0x00000000e1394048) thrown at [D:\src\AOSP-openjdk-cygwin\jdk8u\hotspot\src\share\vm\classfile\systemDictionar
Event: 29.123 Thread 0x000000005810e800 Exception <a 'java/lang/ClassNotFoundException': org/gradle/api/internal/artifacts/dsl/dependencies/DefaultDependencyHandlerBeanInfo> (0x00000000e13dc898) thrown at [D:\src\AOSP-openjdk-cygwin\jdk8u\hotspot\src\share\vm\classfile\systemDictionary.cpp, lin
Event: 29.125 Thread 0x000000005810e800 Exception <a 'java/lang/ClassNotFoundException': org/gradle/api/internal/artifacts/dsl/dependencies/DefaultDependencyHandlerCustomizer> (0x00000000e1426040) thrown at [D:\src\AOSP-openjdk-cygwin\jdk8u\hotspot\src\share\vm\classfile\systemDictionary.cpp, l
Event: 29.141 Thread 0x000000005810e800 Exception <a 'java/lang/ClassNotFoundException': org/gradle/api/internal/artifacts/dsl/dependencies/DefaultDependencyHandler_DecoratedCustomizer> (0x00000000e1493320) thrown at [D:\src\AOSP-openjdk-cygwin\jdk8u\hotspot\src\share\vm\classfile\systemDiction
Event: 30.219 Thread 0x000000005810e800 Exception <a 'java/lang/NoSuchMethodError': <clinit>> (0x00000000e0118888) thrown at [D:\src\AOSP-openjdk-cygwin\jdk8u\hotspot\src\share\vm\prims\jni.cpp, line 1613]
Event: 30.223 Thread 0x000000005810e800 Exception <a 'java/lang/NoSuchMethodError': <clinit>> (0x00000000e013e190) thrown at [D:\src\AOSP-openjdk-cygwin\jdk8u\hotspot\src\share\vm\prims\jni.cpp, line 1613]
Event: 30.223 Thread 0x000000005810e800 Exception <a 'java/lang/NoSuchMethodError': <clinit>> (0x00000000e013f648) thrown at [D:\src\AOSP-openjdk-cygwin\jdk8u\hotspot\src\share\vm\prims\jni.cpp, line 1613]
Event: 30.223 Thread 0x000000005810e800 Exception <a 'java/lang/NoSuchMethodError': <clinit>> (0x00000000e01413a8) thrown at [D:\src\AOSP-openjdk-cygwin\jdk8u\hotspot\src\share\vm\prims\jni.cpp, line 1613]

Events (10 events):
Event: 31.867 loading class org/gradle/model/dsl/internal/transform/RuleVisitor
Event: 31.867 loading class org/gradle/model/dsl/internal/transform/RuleVisitor done
Event: 31.868 loading class org/gradle/groovy/scripts/internal/ExpressionReplacingVisitorSupport
Event: 31.868 loading class org/gradle/groovy/scripts/internal/ExpressionReplacingVisitorSupport done
Event: 31.870 loading class org/gradle/groovy/scripts/internal/StatementReplacingVisitorSupport
Event: 31.870 loading class org/gradle/groovy/scripts/internal/StatementReplacingVisitorSupport done
Event: 31.871 loading class org/gradle/model/dsl/internal/transform/RulesVisitor
Event: 31.871 loading class org/gradle/model/dsl/internal/transform/RulesVisitor done
Event: 31.871 loading class org/gradle/groovy/scripts/internal/RestrictiveCodeVisitor
Event: 31.871 loading class org/gradle/groovy/scripts/internal/RestrictiveCodeVisitor done


Dynamic libraries:
0x000000013fd70000 - 0x000000013fda1000 	C:\Program Files\Android\Android Studio\jre\bin\java.exe
0x0000000076dc0000 - 0x0000000076f6b000 	C:\Windows\SYSTEM32\ntdll.dll
0x000007fef1570000 - 0x000007fef15a4000 	C:\Program Files\AVAST Software\Avast\x64\aswhooka.dll
0x00000000766e0000 - 0x00000000767ff000 	C:\Windows\system32\kernel32.dll
0x000007fefd2e0000 - 0x000007fefd34b000 	C:\Windows\system32\KERNELBASE.dll
0x000007fefdb80000 - 0x000007fefdc5b000 	C:\Windows\system32\ADVAPI32.dll
0x000007fefd600000 - 0x000007fefd69f000 	C:\Windows\system32\msvcrt.dll
0x000007fefdaf0000 - 0x000007fefdb0f000 	C:\Windows\SYSTEM32\sechost.dll
0x000007fefd810000 - 0x000007fefd93e000 	C:\Windows\system32\RPCRT4.dll
0x0000000076800000 - 0x00000000768fa000 	C:\Windows\system32\USER32.dll
0x000007fefdb10000 - 0x000007fefdb77000 	C:\Windows\system32\GDI32.dll
0x000007fefdae0000 - 0x000007fefdaee000 	C:\Windows\system32\LPK.dll
0x000007fefdce0000 - 0x000007fefddaa000 	C:\Windows\system32\USP10.dll
0x000007fefcd80000 - 0x000007fefcf74000 	C:\Windows\WinSxS\amd64_microsoft.windows.common-controls_6595b64144ccf1df_6.0.7600.16385_none_fa645303170382f6\COMCTL32.dll
0x000007fefdc60000 - 0x000007fefdcd1000 	C:\Windows\system32\SHLWAPI.dll
0x000007fefeb40000 - 0x000007fefeb6e000 	C:\Windows\system32\IMM32.DLL
0x000007fefedb0000 - 0x000007fefeeb9000 	C:\Windows\system32\MSCTF.dll
0x000000006b4c0000 - 0x000000006b592000 	C:\Program Files\Android\Android Studio\jre\jre\bin\msvcr100.dll
0x000000005e530000 - 0x000000005ed6f000 	C:\Program Files\Android\Android Studio\jre\jre\bin\server\jvm.dll
0x000007fefadd0000 - 0x000007fefadd9000 	C:\Windows\system32\WSOCK32.dll
0x000007fefd740000 - 0x000007fefd78d000 	C:\Windows\system32\WS2_32.dll
0x000007fefeb70000 - 0x000007fefeb78000 	C:\Windows\system32\NSI.dll
0x000007fef9ca0000 - 0x000007fef9cdb000 	C:\Windows\system32\WINMM.dll
0x000007fefbe60000 - 0x000007fefbe6c000 	C:\Windows\system32\VERSION.dll
0x0000000076f80000 - 0x0000000076f87000 	C:\Windows\system32\PSAPI.DLL
0x000007fefbc20000 - 0x000007fefbc2f000 	C:\Program Files\Android\Android Studio\jre\jre\bin\verify.dll
0x000007fef3760000 - 0x000007fef3789000 	C:\Program Files\Android\Android Studio\jre\jre\bin\java.dll
0x000007fef7d50000 - 0x000007fef7d66000 	C:\Program Files\Android\Android Studio\jre\jre\bin\zip.dll
0x000007fefddb0000 - 0x000007fefeb36000 	C:\Windows\system32\SHELL32.dll
0x000007fefeec0000 - 0x000007feff0c1000 	C:\Windows\system32\ole32.dll
0x000007fefd230000 - 0x000007fefd23f000 	C:\Windows\system32\profapi.dll
0x000007fef74c0000 - 0x000007fef74da000 	C:\Program Files\Android\Android Studio\jre\jre\bin\net.dll
0x000007fefc760000 - 0x000007fefc7b4000 	C:\Windows\system32\mswsock.dll
0x000007fefc750000 - 0x000007fefc757000 	C:\Windows\System32\wship6.dll
0x000007fef3740000 - 0x000007fef3751000 	C:\Program Files\Android\Android Studio\jre\jre\bin\nio.dll
0x000007fef0400000 - 0x000007fef041e000 	C:\Users\Public\.gradle\native\25\windows-amd64\native-platform.dll
0x000007fefbcb0000 - 0x000007fefbcbd000 	C:\Program Files\Android\Android Studio\jre\jre\bin\management.dll
0x000007fefc800000 - 0x000007fefc817000 	C:\Windows\system32\CRYPTSP.dll
0x000007fefc4c0000 - 0x000007fefc507000 	C:\Windows\system32\rsaenh.dll
0x000007fefcd10000 - 0x000007fefcd2e000 	C:\Windows\system32\USERENV.dll
0x000007fefd160000 - 0x000007fefd16f000 	C:\Windows\system32\CRYPTBASE.dll
0x000007fefabd0000 - 0x000007fefabf7000 	C:\Windows\system32\IPHLPAPI.DLL
0x000007fefabb0000 - 0x000007fefabbb000 	C:\Windows\system32\WINNSI.DLL
0x000007fefaa40000 - 0x000007fefaa51000 	C:\Windows\system32\dhcpcsvc6.DLL
0x000007fefaa20000 - 0x000007fefaa38000 	C:\Windows\system32\dhcpcsvc.DLL

VM Arguments:
jvm_args: -Xmx1536m -Dfile.encoding=windows-1251 -Duser.country=RU -Duser.language=ru -Duser.variant 
java_command: org.gradle.launcher.daemon.bootstrap.GradleDaemon 4.4
java_class_path (initial): C:\Users\Public\.gradle\wrapper\dists\gradle-4.4-all\9br9xq1tocpiv8o6njlyu5op1\gradle-4.4\lib\gradle-launcher-4.4.jar
Launcher Type: SUN_STANDARD

Environment Variables:
JAVA_HOME=C:\Program Files\Java\jdk1.7.0\bin
CLASSPATH=.;
PATH=C:\Program Files\Java\jdk-9.0.4\bin;C:\Program Files (x86)\PC Connectivity Solution\;C:\Perl64\site\bin;C:\Perl64\bin;C:\Program Files (x86)\NVIDIA Corporation\PhysX\Common;C:\Program Files (x86)\Caminova\Document Express DjVu Plug-in\;C:\Program Files (x86)\AMD APP\bin\x86_64;C:\Program Files (x86)\AMD APP\bin\x86;C:\Windows\system32;C:\Windows;C:\Windows\System32\Wbem;C:\Program Files (x86)\ATI Technologies\ATI.ACE\Core-Static;C:\Program Files (x86)\Common Files\Symbian\tools;C:\Program Files (x86)\CSL Arm Toolchain\bin;C:\Windows\system32\wbem;C:\Program Files (x86)\IVT Corporation\BlueSoleil\Mobile;C:\Program Files (x86)\Skype\Phone\;C:\Program Files\Java\jdk-9.0.4;C:\Program Files\Common Files\Microsoft Shared\Windows Live
USERNAME=Админ
OS=Windows_NT
PROCESSOR_IDENTIFIER=AMD64 Family 15 Model 67 Stepping 2, AuthenticAMD



---------------  S Y S T E M  ---------------

OS: Windows 7 , 64 bit Build 7600 (6.1.7600.16385)

CPU:total 2 (initial active 2) (2 cores per cpu, 1 threads per core) family 15 model 67 stepping 2, cmov, cx8, fxsr, mmx, sse, sse2, sse3, mmxext, 3dnowpref, tsc

Memory: 4k page, physical 4193592k(396124k free), swap 5388512k(4536k free)

vm_info: OpenJDK 64-Bit Server VM (25.152-b02) for windows-amd64 JRE (1.8.0_152-release-1024-b02), built by "builder" with MS VC++ 10.0 (VS2010)

time: Tue May 01 23:50:43 2018
elapsed time: 32 seconds (0d 0h 0m 32s)

